[2025-07-15T13:37:52.109+0000] {taskinstance.py:1956} INFO - Dependencies all met for dep_context=non-requeueable deps ti=<TaskInstance: main_etl_pipeline.load_processed_worldbank_data manual__2025-07-15T13:37:18.251671+00:00 [queued]>
[2025-07-15T13:37:52.204+0000] {taskinstance.py:1956} INFO - Dependencies all met for dep_context=requeueable deps ti=<TaskInstance: main_etl_pipeline.load_processed_worldbank_data manual__2025-07-15T13:37:18.251671+00:00 [queued]>
[2025-07-15T13:37:52.216+0000] {taskinstance.py:2170} INFO - Starting attempt 1 of 1
[2025-07-15T13:37:52.319+0000] {taskinstance.py:2191} INFO - Executing <Task(PythonOperator): load_processed_worldbank_data> on 2025-07-15 13:37:18.251671+00:00
[2025-07-15T13:37:52.363+0000] {standard_task_runner.py:60} INFO - Started process 697 to run task
[2025-07-15T13:37:52.392+0000] {standard_task_runner.py:87} INFO - Running: ['***', 'tasks', 'run', 'main_etl_pipeline', 'load_processed_worldbank_data', 'manual__2025-07-15T13:37:18.251671+00:00', '--job-id', '115', '--raw', '--subdir', 'DAGS_FOLDER/main_pipeline.py', '--cfg-path', '/tmp/tmp_xiawh7s']
[2025-07-15T13:37:52.409+0000] {standard_task_runner.py:88} INFO - Job 115: Subtask load_processed_worldbank_data
[2025-07-15T13:37:52.858+0000] {task_command.py:423} INFO - Running <TaskInstance: main_etl_pipeline.load_processed_worldbank_data manual__2025-07-15T13:37:18.251671+00:00 [running]> on host 19356e8bdcfc
[2025-07-15T13:37:54.160+0000] {taskinstance.py:2480} INFO - Exporting env vars: AIRFLOW_CTX_DAG_OWNER='***' AIRFLOW_CTX_DAG_ID='main_etl_pipeline' AIRFLOW_CTX_TASK_ID='load_processed_worldbank_data' AIRFLOW_CTX_EXECUTION_DATE='2025-07-15T13:37:18.251671+00:00' AIRFLOW_CTX_TRY_NUMBER='1' AIRFLOW_CTX_DAG_RUN_ID='manual__2025-07-15T13:37:18.251671+00:00'
[2025-07-15T13:37:54.386+0000] {logging_mixin.py:188} INFO - DEBUG: Contenido de processed_data recibido para carga en 'processed_worldbank_population': {'country_name': 'Mexico', 'country_iso3code': 'MEX', 'indicator_name': 'Population, total', 'indicator_id': 'SP.POP.TOTL', 'year': 2023, 'population_total': 129739759, 'last_updated_api': '', 'population_category': 'Large Population (>100M)', 'transformation_timestamp': '2025-07-15T13:37:46.954000'}
[2025-07-15T13:37:54.442+0000] {logging_mixin.py:188} INFO - DEBUG: Tipo de processed_data: <class 'dict'>
[2025-07-15T13:37:54.466+0000] {logging_mixin.py:188} INFO - Iniciando carga de datos procesados en MongoDB en la colección: processed_worldbank_population...
[2025-07-15T13:37:56.365+0000] {logging_mixin.py:188} INFO - Limpiando la colección processed_worldbank_population antes de insertar nuevos datos...
[2025-07-15T13:37:58.267+0000] {logging_mixin.py:188} INFO - Colección limpiada exitosamente.
[2025-07-15T13:37:58.431+0000] {logging_mixin.py:188} INFO - Datos cargados exitosamente en MongoDB en population_data.processed_worldbank_population.
[2025-07-15T13:37:58.434+0000] {logging_mixin.py:188} INFO - Registros cargados (procesados): 1 en processed_worldbank_population
[2025-07-15T13:37:58.565+0000] {python.py:201} INFO - Done. Returned value was: None
[2025-07-15T13:37:58.620+0000] {taskinstance.py:1138} INFO - Marking task as SUCCESS. dag_id=main_etl_pipeline, task_id=load_processed_worldbank_data, execution_date=20250715T133718, start_date=20250715T133752, end_date=20250715T133758
[2025-07-15T13:37:58.793+0000] {local_task_job_runner.py:234} INFO - Task exited with return code 0
[2025-07-15T13:37:58.870+0000] {taskinstance.py:3280} INFO - 0 downstream tasks scheduled from follow-on schedule check
