[2025-07-15T13:34:14.637+0000] {processor.py:161} INFO - Started process (PID=236) to work on /opt/airflow/dags/ingestion_covid.py
[2025-07-15T13:34:14.663+0000] {processor.py:830} INFO - Processing file /opt/airflow/dags/ingestion_covid.py for tasks to queue
[2025-07-15T13:34:14.716+0000] {logging_mixin.py:188} INFO - [2025-07-15T13:34:14.714+0000] {dagbag.py:538} INFO - Filling up the DagBag from /opt/airflow/dags/ingestion_covid.py
[2025-07-15T13:34:15.847+0000] {processor.py:842} WARNING - No viable dags retrieved from /opt/airflow/dags/ingestion_covid.py
[2025-07-15T13:34:15.936+0000] {processor.py:183} INFO - Processing /opt/airflow/dags/ingestion_covid.py took 1.431 seconds
[2025-07-15T13:34:47.496+0000] {processor.py:161} INFO - Started process (PID=300) to work on /opt/airflow/dags/ingestion_covid.py
[2025-07-15T13:34:47.502+0000] {processor.py:830} INFO - Processing file /opt/airflow/dags/ingestion_covid.py for tasks to queue
[2025-07-15T13:34:47.506+0000] {logging_mixin.py:188} INFO - [2025-07-15T13:34:47.505+0000] {dagbag.py:538} INFO - Filling up the DagBag from /opt/airflow/dags/ingestion_covid.py
[2025-07-15T13:34:47.907+0000] {processor.py:842} WARNING - No viable dags retrieved from /opt/airflow/dags/ingestion_covid.py
[2025-07-15T13:34:47.953+0000] {processor.py:183} INFO - Processing /opt/airflow/dags/ingestion_covid.py took 0.467 seconds
[2025-07-15T13:35:20.709+0000] {processor.py:161} INFO - Started process (PID=362) to work on /opt/airflow/dags/ingestion_covid.py
[2025-07-15T13:35:20.713+0000] {processor.py:830} INFO - Processing file /opt/airflow/dags/ingestion_covid.py for tasks to queue
[2025-07-15T13:35:20.717+0000] {logging_mixin.py:188} INFO - [2025-07-15T13:35:20.716+0000] {dagbag.py:538} INFO - Filling up the DagBag from /opt/airflow/dags/ingestion_covid.py
[2025-07-15T13:35:21.013+0000] {processor.py:842} WARNING - No viable dags retrieved from /opt/airflow/dags/ingestion_covid.py
[2025-07-15T13:35:21.119+0000] {processor.py:183} INFO - Processing /opt/airflow/dags/ingestion_covid.py took 0.422 seconds
[2025-07-15T13:35:51.463+0000] {processor.py:161} INFO - Started process (PID=419) to work on /opt/airflow/dags/ingestion_covid.py
[2025-07-15T13:35:51.466+0000] {processor.py:830} INFO - Processing file /opt/airflow/dags/ingestion_covid.py for tasks to queue
[2025-07-15T13:35:51.471+0000] {logging_mixin.py:188} INFO - [2025-07-15T13:35:51.470+0000] {dagbag.py:538} INFO - Filling up the DagBag from /opt/airflow/dags/ingestion_covid.py
[2025-07-15T13:35:51.594+0000] {processor.py:842} WARNING - No viable dags retrieved from /opt/airflow/dags/ingestion_covid.py
[2025-07-15T13:35:51.624+0000] {processor.py:183} INFO - Processing /opt/airflow/dags/ingestion_covid.py took 0.174 seconds
[2025-07-15T13:36:21.918+0000] {processor.py:161} INFO - Started process (PID=482) to work on /opt/airflow/dags/ingestion_covid.py
[2025-07-15T13:36:21.921+0000] {processor.py:830} INFO - Processing file /opt/airflow/dags/ingestion_covid.py for tasks to queue
[2025-07-15T13:36:21.923+0000] {logging_mixin.py:188} INFO - [2025-07-15T13:36:21.923+0000] {dagbag.py:538} INFO - Filling up the DagBag from /opt/airflow/dags/ingestion_covid.py
[2025-07-15T13:36:22.258+0000] {processor.py:842} WARNING - No viable dags retrieved from /opt/airflow/dags/ingestion_covid.py
[2025-07-15T13:36:22.382+0000] {processor.py:183} INFO - Processing /opt/airflow/dags/ingestion_covid.py took 0.471 seconds
[2025-07-15T13:36:53.124+0000] {processor.py:161} INFO - Started process (PID=538) to work on /opt/airflow/dags/ingestion_covid.py
[2025-07-15T13:36:53.134+0000] {processor.py:830} INFO - Processing file /opt/airflow/dags/ingestion_covid.py for tasks to queue
[2025-07-15T13:36:53.138+0000] {logging_mixin.py:188} INFO - [2025-07-15T13:36:53.137+0000] {dagbag.py:538} INFO - Filling up the DagBag from /opt/airflow/dags/ingestion_covid.py
[2025-07-15T13:36:53.634+0000] {processor.py:842} WARNING - No viable dags retrieved from /opt/airflow/dags/ingestion_covid.py
[2025-07-15T13:36:53.672+0000] {processor.py:183} INFO - Processing /opt/airflow/dags/ingestion_covid.py took 0.568 seconds
[2025-07-15T13:37:25.736+0000] {processor.py:161} INFO - Started process (PID=611) to work on /opt/airflow/dags/ingestion_covid.py
[2025-07-15T13:37:25.742+0000] {processor.py:830} INFO - Processing file /opt/airflow/dags/ingestion_covid.py for tasks to queue
[2025-07-15T13:37:25.746+0000] {logging_mixin.py:188} INFO - [2025-07-15T13:37:25.745+0000] {dagbag.py:538} INFO - Filling up the DagBag from /opt/airflow/dags/ingestion_covid.py
[2025-07-15T13:37:26.784+0000] {processor.py:842} WARNING - No viable dags retrieved from /opt/airflow/dags/ingestion_covid.py
[2025-07-15T13:37:27.396+0000] {processor.py:183} INFO - Processing /opt/airflow/dags/ingestion_covid.py took 1.691 seconds
[2025-07-15T13:37:58.147+0000] {processor.py:161} INFO - Started process (PID=731) to work on /opt/airflow/dags/ingestion_covid.py
[2025-07-15T13:37:58.151+0000] {processor.py:830} INFO - Processing file /opt/airflow/dags/ingestion_covid.py for tasks to queue
[2025-07-15T13:37:58.154+0000] {logging_mixin.py:188} INFO - [2025-07-15T13:37:58.153+0000] {dagbag.py:538} INFO - Filling up the DagBag from /opt/airflow/dags/ingestion_covid.py
[2025-07-15T13:37:58.367+0000] {processor.py:842} WARNING - No viable dags retrieved from /opt/airflow/dags/ingestion_covid.py
[2025-07-15T13:37:58.401+0000] {processor.py:183} INFO - Processing /opt/airflow/dags/ingestion_covid.py took 0.265 seconds
[2025-07-15T13:38:29.001+0000] {processor.py:161} INFO - Started process (PID=790) to work on /opt/airflow/dags/ingestion_covid.py
[2025-07-15T13:38:29.008+0000] {processor.py:830} INFO - Processing file /opt/airflow/dags/ingestion_covid.py for tasks to queue
[2025-07-15T13:38:29.013+0000] {logging_mixin.py:188} INFO - [2025-07-15T13:38:29.012+0000] {dagbag.py:538} INFO - Filling up the DagBag from /opt/airflow/dags/ingestion_covid.py
[2025-07-15T13:38:30.266+0000] {processor.py:842} WARNING - No viable dags retrieved from /opt/airflow/dags/ingestion_covid.py
[2025-07-15T13:38:30.302+0000] {processor.py:183} INFO - Processing /opt/airflow/dags/ingestion_covid.py took 1.310 seconds
[2025-07-15T13:39:00.665+0000] {processor.py:161} INFO - Started process (PID=852) to work on /opt/airflow/dags/ingestion_covid.py
[2025-07-15T13:39:00.669+0000] {processor.py:830} INFO - Processing file /opt/airflow/dags/ingestion_covid.py for tasks to queue
[2025-07-15T13:39:00.674+0000] {logging_mixin.py:188} INFO - [2025-07-15T13:39:00.672+0000] {dagbag.py:538} INFO - Filling up the DagBag from /opt/airflow/dags/ingestion_covid.py
[2025-07-15T13:39:00.832+0000] {processor.py:842} WARNING - No viable dags retrieved from /opt/airflow/dags/ingestion_covid.py
[2025-07-15T13:39:00.868+0000] {processor.py:183} INFO - Processing /opt/airflow/dags/ingestion_covid.py took 0.213 seconds
[2025-07-15T13:39:31.423+0000] {processor.py:161} INFO - Started process (PID=917) to work on /opt/airflow/dags/ingestion_covid.py
[2025-07-15T13:39:31.428+0000] {processor.py:830} INFO - Processing file /opt/airflow/dags/ingestion_covid.py for tasks to queue
[2025-07-15T13:39:31.436+0000] {logging_mixin.py:188} INFO - [2025-07-15T13:39:31.434+0000] {dagbag.py:538} INFO - Filling up the DagBag from /opt/airflow/dags/ingestion_covid.py
[2025-07-15T13:39:31.779+0000] {processor.py:842} WARNING - No viable dags retrieved from /opt/airflow/dags/ingestion_covid.py
[2025-07-15T13:39:31.812+0000] {processor.py:183} INFO - Processing /opt/airflow/dags/ingestion_covid.py took 0.407 seconds
[2025-07-15T13:40:01.999+0000] {processor.py:161} INFO - Started process (PID=980) to work on /opt/airflow/dags/ingestion_covid.py
[2025-07-15T13:40:02.003+0000] {processor.py:830} INFO - Processing file /opt/airflow/dags/ingestion_covid.py for tasks to queue
[2025-07-15T13:40:02.007+0000] {logging_mixin.py:188} INFO - [2025-07-15T13:40:02.005+0000] {dagbag.py:538} INFO - Filling up the DagBag from /opt/airflow/dags/ingestion_covid.py
[2025-07-15T13:40:02.231+0000] {processor.py:842} WARNING - No viable dags retrieved from /opt/airflow/dags/ingestion_covid.py
[2025-07-15T13:40:02.287+0000] {processor.py:183} INFO - Processing /opt/airflow/dags/ingestion_covid.py took 0.296 seconds
[2025-07-15T13:40:33.988+0000] {processor.py:161} INFO - Started process (PID=1041) to work on /opt/airflow/dags/ingestion_covid.py
[2025-07-15T13:40:34.002+0000] {processor.py:830} INFO - Processing file /opt/airflow/dags/ingestion_covid.py for tasks to queue
[2025-07-15T13:40:34.017+0000] {logging_mixin.py:188} INFO - [2025-07-15T13:40:34.006+0000] {dagbag.py:538} INFO - Filling up the DagBag from /opt/airflow/dags/ingestion_covid.py
[2025-07-15T13:40:34.759+0000] {processor.py:842} WARNING - No viable dags retrieved from /opt/airflow/dags/ingestion_covid.py
[2025-07-15T13:40:34.868+0000] {processor.py:183} INFO - Processing /opt/airflow/dags/ingestion_covid.py took 0.907 seconds
[2025-07-15T13:41:06.986+0000] {processor.py:161} INFO - Started process (PID=1103) to work on /opt/airflow/dags/ingestion_covid.py
[2025-07-15T13:41:07.004+0000] {processor.py:830} INFO - Processing file /opt/airflow/dags/ingestion_covid.py for tasks to queue
[2025-07-15T13:41:07.009+0000] {logging_mixin.py:188} INFO - [2025-07-15T13:41:07.008+0000] {dagbag.py:538} INFO - Filling up the DagBag from /opt/airflow/dags/ingestion_covid.py
[2025-07-15T13:41:08.196+0000] {processor.py:842} WARNING - No viable dags retrieved from /opt/airflow/dags/ingestion_covid.py
[2025-07-15T13:41:08.453+0000] {processor.py:183} INFO - Processing /opt/airflow/dags/ingestion_covid.py took 1.486 seconds
[2025-07-15T13:41:46.631+0000] {processor.py:161} INFO - Started process (PID=1165) to work on /opt/airflow/dags/ingestion_covid.py
[2025-07-15T13:41:46.702+0000] {processor.py:830} INFO - Processing file /opt/airflow/dags/ingestion_covid.py for tasks to queue
[2025-07-15T13:41:46.754+0000] {logging_mixin.py:188} INFO - [2025-07-15T13:41:46.753+0000] {dagbag.py:538} INFO - Filling up the DagBag from /opt/airflow/dags/ingestion_covid.py
[2025-07-15T13:41:49.199+0000] {processor.py:842} WARNING - No viable dags retrieved from /opt/airflow/dags/ingestion_covid.py
[2025-07-15T13:41:49.373+0000] {processor.py:183} INFO - Processing /opt/airflow/dags/ingestion_covid.py took 2.750 seconds
