[2025-07-13T16:39:27.475+0000] {processor.py:161} INFO - Started process (PID=811) to work on /opt/airflow/dags/ingestion_worldbank.py
[2025-07-13T16:39:27.479+0000] {processor.py:830} INFO - Processing file /opt/airflow/dags/ingestion_worldbank.py for tasks to queue
[2025-07-13T16:39:27.482+0000] {logging_mixin.py:188} INFO - [2025-07-13T16:39:27.481+0000] {dagbag.py:538} INFO - Filling up the DagBag from /opt/airflow/dags/ingestion_worldbank.py
[2025-07-13T16:39:27.664+0000] {processor.py:842} WARNING - No viable dags retrieved from /opt/airflow/dags/ingestion_worldbank.py
[2025-07-13T16:39:27.716+0000] {processor.py:183} INFO - Processing /opt/airflow/dags/ingestion_worldbank.py took 0.249 seconds
[2025-07-13T16:40:25.957+0000] {processor.py:161} INFO - Started process (PID=183) to work on /opt/airflow/dags/ingestion_worldbank.py
[2025-07-13T16:40:25.979+0000] {processor.py:830} INFO - Processing file /opt/airflow/dags/ingestion_worldbank.py for tasks to queue
[2025-07-13T16:40:25.993+0000] {logging_mixin.py:188} INFO - [2025-07-13T16:40:25.991+0000] {dagbag.py:538} INFO - Filling up the DagBag from /opt/airflow/dags/ingestion_worldbank.py
[2025-07-13T16:40:26.285+0000] {processor.py:842} WARNING - No viable dags retrieved from /opt/airflow/dags/ingestion_worldbank.py
[2025-07-13T16:40:26.345+0000] {processor.py:183} INFO - Processing /opt/airflow/dags/ingestion_worldbank.py took 0.396 seconds
[2025-07-13T16:40:56.570+0000] {processor.py:161} INFO - Started process (PID=242) to work on /opt/airflow/dags/ingestion_worldbank.py
[2025-07-13T16:40:56.574+0000] {processor.py:830} INFO - Processing file /opt/airflow/dags/ingestion_worldbank.py for tasks to queue
[2025-07-13T16:40:56.577+0000] {logging_mixin.py:188} INFO - [2025-07-13T16:40:56.576+0000] {dagbag.py:538} INFO - Filling up the DagBag from /opt/airflow/dags/ingestion_worldbank.py
[2025-07-13T16:40:56.728+0000] {processor.py:842} WARNING - No viable dags retrieved from /opt/airflow/dags/ingestion_worldbank.py
[2025-07-13T16:40:56.763+0000] {processor.py:183} INFO - Processing /opt/airflow/dags/ingestion_worldbank.py took 0.209 seconds
[2025-07-13T16:41:27.606+0000] {processor.py:161} INFO - Started process (PID=304) to work on /opt/airflow/dags/ingestion_worldbank.py
[2025-07-13T16:41:27.609+0000] {processor.py:830} INFO - Processing file /opt/airflow/dags/ingestion_worldbank.py for tasks to queue
[2025-07-13T16:41:27.613+0000] {logging_mixin.py:188} INFO - [2025-07-13T16:41:27.611+0000] {dagbag.py:538} INFO - Filling up the DagBag from /opt/airflow/dags/ingestion_worldbank.py
[2025-07-13T16:41:27.797+0000] {processor.py:842} WARNING - No viable dags retrieved from /opt/airflow/dags/ingestion_worldbank.py
[2025-07-13T16:41:27.831+0000] {processor.py:183} INFO - Processing /opt/airflow/dags/ingestion_worldbank.py took 0.234 seconds
[2025-07-13T16:41:58.504+0000] {processor.py:161} INFO - Started process (PID=367) to work on /opt/airflow/dags/ingestion_worldbank.py
[2025-07-13T16:41:58.507+0000] {processor.py:830} INFO - Processing file /opt/airflow/dags/ingestion_worldbank.py for tasks to queue
[2025-07-13T16:41:58.510+0000] {logging_mixin.py:188} INFO - [2025-07-13T16:41:58.509+0000] {dagbag.py:538} INFO - Filling up the DagBag from /opt/airflow/dags/ingestion_worldbank.py
[2025-07-13T16:41:58.788+0000] {processor.py:842} WARNING - No viable dags retrieved from /opt/airflow/dags/ingestion_worldbank.py
[2025-07-13T16:41:58.833+0000] {processor.py:183} INFO - Processing /opt/airflow/dags/ingestion_worldbank.py took 0.338 seconds
[2025-07-13T16:42:29.167+0000] {processor.py:161} INFO - Started process (PID=434) to work on /opt/airflow/dags/ingestion_worldbank.py
[2025-07-13T16:42:29.170+0000] {processor.py:830} INFO - Processing file /opt/airflow/dags/ingestion_worldbank.py for tasks to queue
[2025-07-13T16:42:29.173+0000] {logging_mixin.py:188} INFO - [2025-07-13T16:42:29.172+0000] {dagbag.py:538} INFO - Filling up the DagBag from /opt/airflow/dags/ingestion_worldbank.py
[2025-07-13T16:42:29.336+0000] {processor.py:842} WARNING - No viable dags retrieved from /opt/airflow/dags/ingestion_worldbank.py
[2025-07-13T16:42:29.375+0000] {processor.py:183} INFO - Processing /opt/airflow/dags/ingestion_worldbank.py took 0.215 seconds
[2025-07-13T16:43:00.560+0000] {processor.py:161} INFO - Started process (PID=495) to work on /opt/airflow/dags/ingestion_worldbank.py
[2025-07-13T16:43:00.627+0000] {processor.py:830} INFO - Processing file /opt/airflow/dags/ingestion_worldbank.py for tasks to queue
[2025-07-13T16:43:00.652+0000] {logging_mixin.py:188} INFO - [2025-07-13T16:43:00.643+0000] {dagbag.py:538} INFO - Filling up the DagBag from /opt/airflow/dags/ingestion_worldbank.py
[2025-07-13T16:43:01.803+0000] {processor.py:842} WARNING - No viable dags retrieved from /opt/airflow/dags/ingestion_worldbank.py
[2025-07-13T16:43:02.024+0000] {processor.py:183} INFO - Processing /opt/airflow/dags/ingestion_worldbank.py took 1.592 seconds
[2025-07-13T16:43:34.534+0000] {processor.py:161} INFO - Started process (PID=592) to work on /opt/airflow/dags/ingestion_worldbank.py
[2025-07-13T16:43:34.623+0000] {processor.py:830} INFO - Processing file /opt/airflow/dags/ingestion_worldbank.py for tasks to queue
[2025-07-13T16:43:34.709+0000] {logging_mixin.py:188} INFO - [2025-07-13T16:43:34.693+0000] {dagbag.py:538} INFO - Filling up the DagBag from /opt/airflow/dags/ingestion_worldbank.py
[2025-07-13T16:43:37.090+0000] {processor.py:842} WARNING - No viable dags retrieved from /opt/airflow/dags/ingestion_worldbank.py
[2025-07-13T16:43:37.860+0000] {processor.py:183} INFO - Processing /opt/airflow/dags/ingestion_worldbank.py took 3.540 seconds
[2025-07-13T16:44:09.097+0000] {processor.py:161} INFO - Started process (PID=687) to work on /opt/airflow/dags/ingestion_worldbank.py
[2025-07-13T16:44:09.104+0000] {processor.py:830} INFO - Processing file /opt/airflow/dags/ingestion_worldbank.py for tasks to queue
[2025-07-13T16:44:09.119+0000] {logging_mixin.py:188} INFO - [2025-07-13T16:44:09.107+0000] {dagbag.py:538} INFO - Filling up the DagBag from /opt/airflow/dags/ingestion_worldbank.py
[2025-07-13T16:44:09.368+0000] {processor.py:842} WARNING - No viable dags retrieved from /opt/airflow/dags/ingestion_worldbank.py
[2025-07-13T16:44:09.409+0000] {processor.py:183} INFO - Processing /opt/airflow/dags/ingestion_worldbank.py took 0.333 seconds
[2025-07-13T16:44:44.625+0000] {processor.py:161} INFO - Started process (PID=741) to work on /opt/airflow/dags/ingestion_worldbank.py
[2025-07-13T16:44:44.637+0000] {processor.py:830} INFO - Processing file /opt/airflow/dags/ingestion_worldbank.py for tasks to queue
[2025-07-13T16:44:44.653+0000] {logging_mixin.py:188} INFO - [2025-07-13T16:44:44.645+0000] {dagbag.py:538} INFO - Filling up the DagBag from /opt/airflow/dags/ingestion_worldbank.py
[2025-07-13T16:44:45.494+0000] {processor.py:842} WARNING - No viable dags retrieved from /opt/airflow/dags/ingestion_worldbank.py
[2025-07-13T16:44:45.671+0000] {processor.py:183} INFO - Processing /opt/airflow/dags/ingestion_worldbank.py took 1.065 seconds
[2025-07-13T16:45:16.737+0000] {processor.py:161} INFO - Started process (PID=798) to work on /opt/airflow/dags/ingestion_worldbank.py
[2025-07-13T16:45:16.752+0000] {processor.py:830} INFO - Processing file /opt/airflow/dags/ingestion_worldbank.py for tasks to queue
[2025-07-13T16:45:16.766+0000] {logging_mixin.py:188} INFO - [2025-07-13T16:45:16.756+0000] {dagbag.py:538} INFO - Filling up the DagBag from /opt/airflow/dags/ingestion_worldbank.py
[2025-07-13T16:45:18.924+0000] {processor.py:842} WARNING - No viable dags retrieved from /opt/airflow/dags/ingestion_worldbank.py
[2025-07-13T16:45:19.277+0000] {processor.py:183} INFO - Processing /opt/airflow/dags/ingestion_worldbank.py took 2.568 seconds
[2025-07-13T16:45:49.823+0000] {processor.py:161} INFO - Started process (PID=854) to work on /opt/airflow/dags/ingestion_worldbank.py
[2025-07-13T16:45:49.837+0000] {processor.py:830} INFO - Processing file /opt/airflow/dags/ingestion_worldbank.py for tasks to queue
[2025-07-13T16:45:49.844+0000] {logging_mixin.py:188} INFO - [2025-07-13T16:45:49.843+0000] {dagbag.py:538} INFO - Filling up the DagBag from /opt/airflow/dags/ingestion_worldbank.py
[2025-07-13T16:45:50.691+0000] {processor.py:842} WARNING - No viable dags retrieved from /opt/airflow/dags/ingestion_worldbank.py
[2025-07-13T16:45:50.849+0000] {processor.py:183} INFO - Processing /opt/airflow/dags/ingestion_worldbank.py took 1.062 seconds
[2025-07-13T16:46:21.426+0000] {processor.py:161} INFO - Started process (PID=911) to work on /opt/airflow/dags/ingestion_worldbank.py
[2025-07-13T16:46:21.431+0000] {processor.py:830} INFO - Processing file /opt/airflow/dags/ingestion_worldbank.py for tasks to queue
[2025-07-13T16:46:21.437+0000] {logging_mixin.py:188} INFO - [2025-07-13T16:46:21.434+0000] {dagbag.py:538} INFO - Filling up the DagBag from /opt/airflow/dags/ingestion_worldbank.py
[2025-07-13T16:46:22.007+0000] {processor.py:842} WARNING - No viable dags retrieved from /opt/airflow/dags/ingestion_worldbank.py
[2025-07-13T16:46:22.072+0000] {processor.py:183} INFO - Processing /opt/airflow/dags/ingestion_worldbank.py took 0.657 seconds
[2025-07-13T16:46:53.243+0000] {processor.py:161} INFO - Started process (PID=973) to work on /opt/airflow/dags/ingestion_worldbank.py
[2025-07-13T16:46:53.249+0000] {processor.py:830} INFO - Processing file /opt/airflow/dags/ingestion_worldbank.py for tasks to queue
[2025-07-13T16:46:53.254+0000] {logging_mixin.py:188} INFO - [2025-07-13T16:46:53.253+0000] {dagbag.py:538} INFO - Filling up the DagBag from /opt/airflow/dags/ingestion_worldbank.py
[2025-07-13T16:46:53.680+0000] {processor.py:842} WARNING - No viable dags retrieved from /opt/airflow/dags/ingestion_worldbank.py
[2025-07-13T16:46:53.728+0000] {processor.py:183} INFO - Processing /opt/airflow/dags/ingestion_worldbank.py took 0.497 seconds
[2025-07-13T16:47:24.083+0000] {processor.py:161} INFO - Started process (PID=1052) to work on /opt/airflow/dags/ingestion_worldbank.py
[2025-07-13T16:47:24.086+0000] {processor.py:830} INFO - Processing file /opt/airflow/dags/ingestion_worldbank.py for tasks to queue
[2025-07-13T16:47:24.089+0000] {logging_mixin.py:188} INFO - [2025-07-13T16:47:24.088+0000] {dagbag.py:538} INFO - Filling up the DagBag from /opt/airflow/dags/ingestion_worldbank.py
[2025-07-13T16:47:24.309+0000] {processor.py:842} WARNING - No viable dags retrieved from /opt/airflow/dags/ingestion_worldbank.py
[2025-07-13T16:47:24.355+0000] {processor.py:183} INFO - Processing /opt/airflow/dags/ingestion_worldbank.py took 0.282 seconds
[2025-07-13T16:48:40.415+0000] {processor.py:161} INFO - Started process (PID=201) to work on /opt/airflow/dags/ingestion_worldbank.py
[2025-07-13T16:48:40.418+0000] {processor.py:830} INFO - Processing file /opt/airflow/dags/ingestion_worldbank.py for tasks to queue
[2025-07-13T16:48:40.423+0000] {logging_mixin.py:188} INFO - [2025-07-13T16:48:40.421+0000] {dagbag.py:538} INFO - Filling up the DagBag from /opt/airflow/dags/ingestion_worldbank.py
[2025-07-13T16:48:40.756+0000] {processor.py:842} WARNING - No viable dags retrieved from /opt/airflow/dags/ingestion_worldbank.py
[2025-07-13T16:48:40.817+0000] {processor.py:183} INFO - Processing /opt/airflow/dags/ingestion_worldbank.py took 0.416 seconds
[2025-07-13T16:49:11.261+0000] {processor.py:161} INFO - Started process (PID=258) to work on /opt/airflow/dags/ingestion_worldbank.py
[2025-07-13T16:49:11.265+0000] {processor.py:830} INFO - Processing file /opt/airflow/dags/ingestion_worldbank.py for tasks to queue
[2025-07-13T16:49:11.268+0000] {logging_mixin.py:188} INFO - [2025-07-13T16:49:11.267+0000] {dagbag.py:538} INFO - Filling up the DagBag from /opt/airflow/dags/ingestion_worldbank.py
[2025-07-13T16:49:11.576+0000] {processor.py:842} WARNING - No viable dags retrieved from /opt/airflow/dags/ingestion_worldbank.py
[2025-07-13T16:49:11.663+0000] {processor.py:183} INFO - Processing /opt/airflow/dags/ingestion_worldbank.py took 0.419 seconds
[2025-07-13T16:49:43.180+0000] {processor.py:161} INFO - Started process (PID=328) to work on /opt/airflow/dags/ingestion_worldbank.py
[2025-07-13T16:49:43.199+0000] {processor.py:830} INFO - Processing file /opt/airflow/dags/ingestion_worldbank.py for tasks to queue
[2025-07-13T16:49:43.228+0000] {logging_mixin.py:188} INFO - [2025-07-13T16:49:43.222+0000] {dagbag.py:538} INFO - Filling up the DagBag from /opt/airflow/dags/ingestion_worldbank.py
[2025-07-13T16:49:44.228+0000] {processor.py:842} WARNING - No viable dags retrieved from /opt/airflow/dags/ingestion_worldbank.py
[2025-07-13T16:49:44.791+0000] {processor.py:183} INFO - Processing /opt/airflow/dags/ingestion_worldbank.py took 1.670 seconds
[2025-07-13T16:50:16.966+0000] {processor.py:161} INFO - Started process (PID=423) to work on /opt/airflow/dags/ingestion_worldbank.py
[2025-07-13T16:50:16.984+0000] {processor.py:830} INFO - Processing file /opt/airflow/dags/ingestion_worldbank.py for tasks to queue
[2025-07-13T16:50:17.019+0000] {logging_mixin.py:188} INFO - [2025-07-13T16:50:17.017+0000] {dagbag.py:538} INFO - Filling up the DagBag from /opt/airflow/dags/ingestion_worldbank.py
[2025-07-13T16:50:18.450+0000] {processor.py:842} WARNING - No viable dags retrieved from /opt/airflow/dags/ingestion_worldbank.py
[2025-07-13T16:50:18.637+0000] {processor.py:183} INFO - Processing /opt/airflow/dags/ingestion_worldbank.py took 1.712 seconds
[2025-07-13T16:50:52.199+0000] {processor.py:161} INFO - Started process (PID=521) to work on /opt/airflow/dags/ingestion_worldbank.py
[2025-07-13T16:50:52.211+0000] {processor.py:830} INFO - Processing file /opt/airflow/dags/ingestion_worldbank.py for tasks to queue
[2025-07-13T16:50:52.232+0000] {logging_mixin.py:188} INFO - [2025-07-13T16:50:52.230+0000] {dagbag.py:538} INFO - Filling up the DagBag from /opt/airflow/dags/ingestion_worldbank.py
[2025-07-13T16:50:53.519+0000] {processor.py:842} WARNING - No viable dags retrieved from /opt/airflow/dags/ingestion_worldbank.py
[2025-07-13T16:50:53.714+0000] {processor.py:183} INFO - Processing /opt/airflow/dags/ingestion_worldbank.py took 1.563 seconds
[2025-07-13T16:51:24.835+0000] {processor.py:161} INFO - Started process (PID=585) to work on /opt/airflow/dags/ingestion_worldbank.py
[2025-07-13T16:51:24.840+0000] {processor.py:830} INFO - Processing file /opt/airflow/dags/ingestion_worldbank.py for tasks to queue
[2025-07-13T16:51:24.855+0000] {logging_mixin.py:188} INFO - [2025-07-13T16:51:24.853+0000] {dagbag.py:538} INFO - Filling up the DagBag from /opt/airflow/dags/ingestion_worldbank.py
[2025-07-13T16:51:25.395+0000] {processor.py:842} WARNING - No viable dags retrieved from /opt/airflow/dags/ingestion_worldbank.py
[2025-07-13T16:51:25.572+0000] {processor.py:183} INFO - Processing /opt/airflow/dags/ingestion_worldbank.py took 0.766 seconds
[2025-07-13T16:51:56.473+0000] {processor.py:161} INFO - Started process (PID=649) to work on /opt/airflow/dags/ingestion_worldbank.py
[2025-07-13T16:51:56.476+0000] {processor.py:830} INFO - Processing file /opt/airflow/dags/ingestion_worldbank.py for tasks to queue
[2025-07-13T16:51:56.479+0000] {logging_mixin.py:188} INFO - [2025-07-13T16:51:56.478+0000] {dagbag.py:538} INFO - Filling up the DagBag from /opt/airflow/dags/ingestion_worldbank.py
[2025-07-13T16:51:56.675+0000] {processor.py:842} WARNING - No viable dags retrieved from /opt/airflow/dags/ingestion_worldbank.py
[2025-07-13T16:51:56.712+0000] {processor.py:183} INFO - Processing /opt/airflow/dags/ingestion_worldbank.py took 0.251 seconds
[2025-07-13T16:52:28.617+0000] {processor.py:161} INFO - Started process (PID=714) to work on /opt/airflow/dags/ingestion_worldbank.py
[2025-07-13T16:52:28.620+0000] {processor.py:830} INFO - Processing file /opt/airflow/dags/ingestion_worldbank.py for tasks to queue
[2025-07-13T16:52:28.628+0000] {logging_mixin.py:188} INFO - [2025-07-13T16:52:28.626+0000] {dagbag.py:538} INFO - Filling up the DagBag from /opt/airflow/dags/ingestion_worldbank.py
[2025-07-13T16:52:28.950+0000] {processor.py:842} WARNING - No viable dags retrieved from /opt/airflow/dags/ingestion_worldbank.py
[2025-07-13T16:52:29.006+0000] {processor.py:183} INFO - Processing /opt/airflow/dags/ingestion_worldbank.py took 0.425 seconds
[2025-07-13T16:52:59.350+0000] {processor.py:161} INFO - Started process (PID=773) to work on /opt/airflow/dags/ingestion_worldbank.py
[2025-07-13T16:52:59.356+0000] {processor.py:830} INFO - Processing file /opt/airflow/dags/ingestion_worldbank.py for tasks to queue
[2025-07-13T16:52:59.360+0000] {logging_mixin.py:188} INFO - [2025-07-13T16:52:59.359+0000] {dagbag.py:538} INFO - Filling up the DagBag from /opt/airflow/dags/ingestion_worldbank.py
[2025-07-13T16:52:59.806+0000] {processor.py:842} WARNING - No viable dags retrieved from /opt/airflow/dags/ingestion_worldbank.py
[2025-07-13T16:52:59.842+0000] {processor.py:183} INFO - Processing /opt/airflow/dags/ingestion_worldbank.py took 0.510 seconds
[2025-07-13T16:53:32.304+0000] {processor.py:161} INFO - Started process (PID=831) to work on /opt/airflow/dags/ingestion_worldbank.py
[2025-07-13T16:53:32.310+0000] {processor.py:830} INFO - Processing file /opt/airflow/dags/ingestion_worldbank.py for tasks to queue
[2025-07-13T16:53:32.319+0000] {logging_mixin.py:188} INFO - [2025-07-13T16:53:32.318+0000] {dagbag.py:538} INFO - Filling up the DagBag from /opt/airflow/dags/ingestion_worldbank.py
[2025-07-13T16:53:32.768+0000] {processor.py:842} WARNING - No viable dags retrieved from /opt/airflow/dags/ingestion_worldbank.py
[2025-07-13T16:53:32.856+0000] {processor.py:183} INFO - Processing /opt/airflow/dags/ingestion_worldbank.py took 0.570 seconds
[2025-07-13T16:54:03.741+0000] {processor.py:161} INFO - Started process (PID=892) to work on /opt/airflow/dags/ingestion_worldbank.py
[2025-07-13T16:54:03.744+0000] {processor.py:830} INFO - Processing file /opt/airflow/dags/ingestion_worldbank.py for tasks to queue
[2025-07-13T16:54:03.751+0000] {logging_mixin.py:188} INFO - [2025-07-13T16:54:03.750+0000] {dagbag.py:538} INFO - Filling up the DagBag from /opt/airflow/dags/ingestion_worldbank.py
[2025-07-13T16:54:04.336+0000] {processor.py:842} WARNING - No viable dags retrieved from /opt/airflow/dags/ingestion_worldbank.py
[2025-07-13T16:54:04.478+0000] {processor.py:183} INFO - Processing /opt/airflow/dags/ingestion_worldbank.py took 0.751 seconds
[2025-07-13T16:54:35.357+0000] {processor.py:161} INFO - Started process (PID=952) to work on /opt/airflow/dags/ingestion_worldbank.py
[2025-07-13T16:54:35.366+0000] {processor.py:830} INFO - Processing file /opt/airflow/dags/ingestion_worldbank.py for tasks to queue
[2025-07-13T16:54:35.393+0000] {logging_mixin.py:188} INFO - [2025-07-13T16:54:35.391+0000] {dagbag.py:538} INFO - Filling up the DagBag from /opt/airflow/dags/ingestion_worldbank.py
[2025-07-13T16:54:35.957+0000] {processor.py:842} WARNING - No viable dags retrieved from /opt/airflow/dags/ingestion_worldbank.py
[2025-07-13T16:54:36.040+0000] {processor.py:183} INFO - Processing /opt/airflow/dags/ingestion_worldbank.py took 0.702 seconds
[2025-07-13T16:55:06.660+0000] {processor.py:161} INFO - Started process (PID=1009) to work on /opt/airflow/dags/ingestion_worldbank.py
[2025-07-13T16:55:06.666+0000] {processor.py:830} INFO - Processing file /opt/airflow/dags/ingestion_worldbank.py for tasks to queue
[2025-07-13T16:55:06.672+0000] {logging_mixin.py:188} INFO - [2025-07-13T16:55:06.669+0000] {dagbag.py:538} INFO - Filling up the DagBag from /opt/airflow/dags/ingestion_worldbank.py
[2025-07-13T16:55:06.972+0000] {processor.py:842} WARNING - No viable dags retrieved from /opt/airflow/dags/ingestion_worldbank.py
[2025-07-13T16:55:07.088+0000] {processor.py:183} INFO - Processing /opt/airflow/dags/ingestion_worldbank.py took 0.438 seconds
[2025-07-13T16:55:38.326+0000] {processor.py:161} INFO - Started process (PID=1071) to work on /opt/airflow/dags/ingestion_worldbank.py
[2025-07-13T16:55:38.332+0000] {processor.py:830} INFO - Processing file /opt/airflow/dags/ingestion_worldbank.py for tasks to queue
[2025-07-13T16:55:38.337+0000] {logging_mixin.py:188} INFO - [2025-07-13T16:55:38.336+0000] {dagbag.py:538} INFO - Filling up the DagBag from /opt/airflow/dags/ingestion_worldbank.py
[2025-07-13T16:55:38.586+0000] {processor.py:842} WARNING - No viable dags retrieved from /opt/airflow/dags/ingestion_worldbank.py
[2025-07-13T16:55:38.656+0000] {processor.py:183} INFO - Processing /opt/airflow/dags/ingestion_worldbank.py took 0.357 seconds
[2025-07-13T16:56:09.150+0000] {processor.py:161} INFO - Started process (PID=1129) to work on /opt/airflow/dags/ingestion_worldbank.py
[2025-07-13T16:56:09.154+0000] {processor.py:830} INFO - Processing file /opt/airflow/dags/ingestion_worldbank.py for tasks to queue
[2025-07-13T16:56:09.158+0000] {logging_mixin.py:188} INFO - [2025-07-13T16:56:09.157+0000] {dagbag.py:538} INFO - Filling up the DagBag from /opt/airflow/dags/ingestion_worldbank.py
[2025-07-13T16:56:09.360+0000] {processor.py:842} WARNING - No viable dags retrieved from /opt/airflow/dags/ingestion_worldbank.py
[2025-07-13T16:56:09.407+0000] {processor.py:183} INFO - Processing /opt/airflow/dags/ingestion_worldbank.py took 0.270 seconds
[2025-07-13T16:56:45.781+0000] {processor.py:161} INFO - Started process (PID=1190) to work on /opt/airflow/dags/ingestion_worldbank.py
[2025-07-13T16:56:45.834+0000] {processor.py:830} INFO - Processing file /opt/airflow/dags/ingestion_worldbank.py for tasks to queue
[2025-07-13T16:56:45.897+0000] {logging_mixin.py:188} INFO - [2025-07-13T16:56:45.895+0000] {dagbag.py:538} INFO - Filling up the DagBag from /opt/airflow/dags/ingestion_worldbank.py
[2025-07-13T16:56:47.418+0000] {processor.py:842} WARNING - No viable dags retrieved from /opt/airflow/dags/ingestion_worldbank.py
[2025-07-13T16:56:48.017+0000] {processor.py:183} INFO - Processing /opt/airflow/dags/ingestion_worldbank.py took 2.251 seconds
[2025-07-13T16:57:19.799+0000] {processor.py:161} INFO - Started process (PID=1252) to work on /opt/airflow/dags/ingestion_worldbank.py
[2025-07-13T16:57:19.813+0000] {processor.py:830} INFO - Processing file /opt/airflow/dags/ingestion_worldbank.py for tasks to queue
[2025-07-13T16:57:19.859+0000] {logging_mixin.py:188} INFO - [2025-07-13T16:57:19.858+0000] {dagbag.py:538} INFO - Filling up the DagBag from /opt/airflow/dags/ingestion_worldbank.py
[2025-07-13T16:57:20.908+0000] {processor.py:842} WARNING - No viable dags retrieved from /opt/airflow/dags/ingestion_worldbank.py
[2025-07-13T16:57:21.019+0000] {processor.py:183} INFO - Processing /opt/airflow/dags/ingestion_worldbank.py took 1.255 seconds
[2025-07-13T16:57:58.743+0000] {processor.py:161} INFO - Started process (PID=1313) to work on /opt/airflow/dags/ingestion_worldbank.py
[2025-07-13T16:57:58.763+0000] {processor.py:830} INFO - Processing file /opt/airflow/dags/ingestion_worldbank.py for tasks to queue
[2025-07-13T16:57:58.799+0000] {logging_mixin.py:188} INFO - [2025-07-13T16:57:58.798+0000] {dagbag.py:538} INFO - Filling up the DagBag from /opt/airflow/dags/ingestion_worldbank.py
[2025-07-13T16:58:00.014+0000] {processor.py:842} WARNING - No viable dags retrieved from /opt/airflow/dags/ingestion_worldbank.py
[2025-07-13T16:58:00.178+0000] {processor.py:183} INFO - Processing /opt/airflow/dags/ingestion_worldbank.py took 1.484 seconds
[2025-07-13T16:58:32.015+0000] {processor.py:161} INFO - Started process (PID=1376) to work on /opt/airflow/dags/ingestion_worldbank.py
[2025-07-13T16:58:32.029+0000] {processor.py:830} INFO - Processing file /opt/airflow/dags/ingestion_worldbank.py for tasks to queue
[2025-07-13T16:58:32.046+0000] {logging_mixin.py:188} INFO - [2025-07-13T16:58:32.035+0000] {dagbag.py:538} INFO - Filling up the DagBag from /opt/airflow/dags/ingestion_worldbank.py
[2025-07-13T16:58:32.531+0000] {processor.py:842} WARNING - No viable dags retrieved from /opt/airflow/dags/ingestion_worldbank.py
[2025-07-13T16:58:32.603+0000] {processor.py:183} INFO - Processing /opt/airflow/dags/ingestion_worldbank.py took 0.615 seconds
[2025-07-13T16:59:03.260+0000] {processor.py:161} INFO - Started process (PID=1437) to work on /opt/airflow/dags/ingestion_worldbank.py
[2025-07-13T16:59:03.266+0000] {processor.py:830} INFO - Processing file /opt/airflow/dags/ingestion_worldbank.py for tasks to queue
[2025-07-13T16:59:03.278+0000] {logging_mixin.py:188} INFO - [2025-07-13T16:59:03.276+0000] {dagbag.py:538} INFO - Filling up the DagBag from /opt/airflow/dags/ingestion_worldbank.py
[2025-07-13T16:59:04.179+0000] {processor.py:842} WARNING - No viable dags retrieved from /opt/airflow/dags/ingestion_worldbank.py
[2025-07-13T16:59:04.312+0000] {processor.py:183} INFO - Processing /opt/airflow/dags/ingestion_worldbank.py took 1.076 seconds
[2025-07-13T16:59:35.104+0000] {processor.py:161} INFO - Started process (PID=1494) to work on /opt/airflow/dags/ingestion_worldbank.py
[2025-07-13T16:59:35.112+0000] {processor.py:830} INFO - Processing file /opt/airflow/dags/ingestion_worldbank.py for tasks to queue
[2025-07-13T16:59:35.122+0000] {logging_mixin.py:188} INFO - [2025-07-13T16:59:35.121+0000] {dagbag.py:538} INFO - Filling up the DagBag from /opt/airflow/dags/ingestion_worldbank.py
[2025-07-13T16:59:36.103+0000] {processor.py:842} WARNING - No viable dags retrieved from /opt/airflow/dags/ingestion_worldbank.py
[2025-07-13T16:59:36.518+0000] {processor.py:183} INFO - Processing /opt/airflow/dags/ingestion_worldbank.py took 1.445 seconds
[2025-07-13T17:00:07.344+0000] {processor.py:161} INFO - Started process (PID=1554) to work on /opt/airflow/dags/ingestion_worldbank.py
[2025-07-13T17:00:07.359+0000] {processor.py:830} INFO - Processing file /opt/airflow/dags/ingestion_worldbank.py for tasks to queue
[2025-07-13T17:00:07.372+0000] {logging_mixin.py:188} INFO - [2025-07-13T17:00:07.371+0000] {dagbag.py:538} INFO - Filling up the DagBag from /opt/airflow/dags/ingestion_worldbank.py
[2025-07-13T17:00:07.972+0000] {processor.py:842} WARNING - No viable dags retrieved from /opt/airflow/dags/ingestion_worldbank.py
[2025-07-13T17:00:08.200+0000] {processor.py:183} INFO - Processing /opt/airflow/dags/ingestion_worldbank.py took 0.878 seconds
[2025-07-13T17:00:39.693+0000] {processor.py:161} INFO - Started process (PID=1611) to work on /opt/airflow/dags/ingestion_worldbank.py
[2025-07-13T17:00:39.739+0000] {processor.py:830} INFO - Processing file /opt/airflow/dags/ingestion_worldbank.py for tasks to queue
[2025-07-13T17:00:39.789+0000] {logging_mixin.py:188} INFO - [2025-07-13T17:00:39.788+0000] {dagbag.py:538} INFO - Filling up the DagBag from /opt/airflow/dags/ingestion_worldbank.py
[2025-07-13T17:00:40.960+0000] {processor.py:842} WARNING - No viable dags retrieved from /opt/airflow/dags/ingestion_worldbank.py
[2025-07-13T17:00:41.077+0000] {processor.py:183} INFO - Processing /opt/airflow/dags/ingestion_worldbank.py took 1.416 seconds
[2025-07-13T17:01:12.331+0000] {processor.py:161} INFO - Started process (PID=1681) to work on /opt/airflow/dags/ingestion_worldbank.py
[2025-07-13T17:01:12.335+0000] {processor.py:830} INFO - Processing file /opt/airflow/dags/ingestion_worldbank.py for tasks to queue
[2025-07-13T17:01:12.340+0000] {logging_mixin.py:188} INFO - [2025-07-13T17:01:12.337+0000] {dagbag.py:538} INFO - Filling up the DagBag from /opt/airflow/dags/ingestion_worldbank.py
[2025-07-13T17:01:12.606+0000] {processor.py:842} WARNING - No viable dags retrieved from /opt/airflow/dags/ingestion_worldbank.py
[2025-07-13T17:01:12.654+0000] {processor.py:183} INFO - Processing /opt/airflow/dags/ingestion_worldbank.py took 0.343 seconds
[2025-07-13T17:01:44.608+0000] {processor.py:161} INFO - Started process (PID=1743) to work on /opt/airflow/dags/ingestion_worldbank.py
[2025-07-13T17:01:44.639+0000] {processor.py:830} INFO - Processing file /opt/airflow/dags/ingestion_worldbank.py for tasks to queue
[2025-07-13T17:01:44.656+0000] {logging_mixin.py:188} INFO - [2025-07-13T17:01:44.654+0000] {dagbag.py:538} INFO - Filling up the DagBag from /opt/airflow/dags/ingestion_worldbank.py
[2025-07-13T17:01:46.160+0000] {processor.py:842} WARNING - No viable dags retrieved from /opt/airflow/dags/ingestion_worldbank.py
[2025-07-13T17:01:46.259+0000] {processor.py:183} INFO - Processing /opt/airflow/dags/ingestion_worldbank.py took 1.700 seconds
[2025-07-13T17:02:17.382+0000] {processor.py:161} INFO - Started process (PID=1807) to work on /opt/airflow/dags/ingestion_worldbank.py
[2025-07-13T17:02:17.396+0000] {processor.py:830} INFO - Processing file /opt/airflow/dags/ingestion_worldbank.py for tasks to queue
[2025-07-13T17:02:17.401+0000] {logging_mixin.py:188} INFO - [2025-07-13T17:02:17.399+0000] {dagbag.py:538} INFO - Filling up the DagBag from /opt/airflow/dags/ingestion_worldbank.py
[2025-07-13T17:02:17.681+0000] {processor.py:842} WARNING - No viable dags retrieved from /opt/airflow/dags/ingestion_worldbank.py
[2025-07-13T17:02:17.771+0000] {processor.py:183} INFO - Processing /opt/airflow/dags/ingestion_worldbank.py took 0.408 seconds
[2025-07-13T17:02:49.115+0000] {processor.py:161} INFO - Started process (PID=1865) to work on /opt/airflow/dags/ingestion_worldbank.py
[2025-07-13T17:02:49.123+0000] {processor.py:830} INFO - Processing file /opt/airflow/dags/ingestion_worldbank.py for tasks to queue
[2025-07-13T17:02:49.136+0000] {logging_mixin.py:188} INFO - [2025-07-13T17:02:49.133+0000] {dagbag.py:538} INFO - Filling up the DagBag from /opt/airflow/dags/ingestion_worldbank.py
[2025-07-13T17:02:49.670+0000] {processor.py:842} WARNING - No viable dags retrieved from /opt/airflow/dags/ingestion_worldbank.py
[2025-07-13T17:02:49.723+0000] {processor.py:183} INFO - Processing /opt/airflow/dags/ingestion_worldbank.py took 0.632 seconds
[2025-07-13T17:03:20.215+0000] {processor.py:161} INFO - Started process (PID=1926) to work on /opt/airflow/dags/ingestion_worldbank.py
[2025-07-13T17:03:20.218+0000] {processor.py:830} INFO - Processing file /opt/airflow/dags/ingestion_worldbank.py for tasks to queue
[2025-07-13T17:03:20.222+0000] {logging_mixin.py:188} INFO - [2025-07-13T17:03:20.221+0000] {dagbag.py:538} INFO - Filling up the DagBag from /opt/airflow/dags/ingestion_worldbank.py
[2025-07-13T17:03:20.411+0000] {processor.py:842} WARNING - No viable dags retrieved from /opt/airflow/dags/ingestion_worldbank.py
[2025-07-13T17:03:20.448+0000] {processor.py:183} INFO - Processing /opt/airflow/dags/ingestion_worldbank.py took 0.242 seconds
[2025-07-13T17:03:50.617+0000] {processor.py:161} INFO - Started process (PID=1989) to work on /opt/airflow/dags/ingestion_worldbank.py
[2025-07-13T17:03:50.621+0000] {processor.py:830} INFO - Processing file /opt/airflow/dags/ingestion_worldbank.py for tasks to queue
[2025-07-13T17:03:50.625+0000] {logging_mixin.py:188} INFO - [2025-07-13T17:03:50.624+0000] {dagbag.py:538} INFO - Filling up the DagBag from /opt/airflow/dags/ingestion_worldbank.py
[2025-07-13T17:03:50.975+0000] {processor.py:842} WARNING - No viable dags retrieved from /opt/airflow/dags/ingestion_worldbank.py
[2025-07-13T17:03:51.015+0000] {processor.py:183} INFO - Processing /opt/airflow/dags/ingestion_worldbank.py took 0.408 seconds
[2025-07-13T17:04:21.351+0000] {processor.py:161} INFO - Started process (PID=2051) to work on /opt/airflow/dags/ingestion_worldbank.py
[2025-07-13T17:04:21.357+0000] {processor.py:830} INFO - Processing file /opt/airflow/dags/ingestion_worldbank.py for tasks to queue
[2025-07-13T17:04:21.368+0000] {logging_mixin.py:188} INFO - [2025-07-13T17:04:21.367+0000] {dagbag.py:538} INFO - Filling up the DagBag from /opt/airflow/dags/ingestion_worldbank.py
[2025-07-13T17:04:21.651+0000] {processor.py:842} WARNING - No viable dags retrieved from /opt/airflow/dags/ingestion_worldbank.py
[2025-07-13T17:04:21.759+0000] {processor.py:183} INFO - Processing /opt/airflow/dags/ingestion_worldbank.py took 0.439 seconds
[2025-07-13T17:04:52.210+0000] {processor.py:161} INFO - Started process (PID=2113) to work on /opt/airflow/dags/ingestion_worldbank.py
[2025-07-13T17:04:52.216+0000] {processor.py:830} INFO - Processing file /opt/airflow/dags/ingestion_worldbank.py for tasks to queue
[2025-07-13T17:04:52.219+0000] {logging_mixin.py:188} INFO - [2025-07-13T17:04:52.218+0000] {dagbag.py:538} INFO - Filling up the DagBag from /opt/airflow/dags/ingestion_worldbank.py
[2025-07-13T17:04:52.454+0000] {processor.py:842} WARNING - No viable dags retrieved from /opt/airflow/dags/ingestion_worldbank.py
[2025-07-13T17:04:52.486+0000] {processor.py:183} INFO - Processing /opt/airflow/dags/ingestion_worldbank.py took 0.288 seconds
[2025-07-13T17:05:23.369+0000] {processor.py:161} INFO - Started process (PID=2174) to work on /opt/airflow/dags/ingestion_worldbank.py
[2025-07-13T17:05:23.373+0000] {processor.py:830} INFO - Processing file /opt/airflow/dags/ingestion_worldbank.py for tasks to queue
[2025-07-13T17:05:23.376+0000] {logging_mixin.py:188} INFO - [2025-07-13T17:05:23.375+0000] {dagbag.py:538} INFO - Filling up the DagBag from /opt/airflow/dags/ingestion_worldbank.py
[2025-07-13T17:05:23.639+0000] {processor.py:842} WARNING - No viable dags retrieved from /opt/airflow/dags/ingestion_worldbank.py
[2025-07-13T17:05:23.696+0000] {processor.py:183} INFO - Processing /opt/airflow/dags/ingestion_worldbank.py took 0.337 seconds
[2025-07-13T17:05:54.749+0000] {processor.py:161} INFO - Started process (PID=2238) to work on /opt/airflow/dags/ingestion_worldbank.py
[2025-07-13T17:05:54.752+0000] {processor.py:830} INFO - Processing file /opt/airflow/dags/ingestion_worldbank.py for tasks to queue
[2025-07-13T17:05:54.755+0000] {logging_mixin.py:188} INFO - [2025-07-13T17:05:54.754+0000] {dagbag.py:538} INFO - Filling up the DagBag from /opt/airflow/dags/ingestion_worldbank.py
[2025-07-13T17:05:54.984+0000] {processor.py:842} WARNING - No viable dags retrieved from /opt/airflow/dags/ingestion_worldbank.py
[2025-07-13T17:05:55.056+0000] {processor.py:183} INFO - Processing /opt/airflow/dags/ingestion_worldbank.py took 0.313 seconds
[2025-07-13T17:06:25.284+0000] {processor.py:161} INFO - Started process (PID=2299) to work on /opt/airflow/dags/ingestion_worldbank.py
[2025-07-13T17:06:25.289+0000] {processor.py:830} INFO - Processing file /opt/airflow/dags/ingestion_worldbank.py for tasks to queue
[2025-07-13T17:06:25.293+0000] {logging_mixin.py:188} INFO - [2025-07-13T17:06:25.292+0000] {dagbag.py:538} INFO - Filling up the DagBag from /opt/airflow/dags/ingestion_worldbank.py
[2025-07-13T17:06:25.551+0000] {processor.py:842} WARNING - No viable dags retrieved from /opt/airflow/dags/ingestion_worldbank.py
[2025-07-13T17:06:25.598+0000] {processor.py:183} INFO - Processing /opt/airflow/dags/ingestion_worldbank.py took 0.323 seconds
[2025-07-13T17:06:56.173+0000] {processor.py:161} INFO - Started process (PID=2359) to work on /opt/airflow/dags/ingestion_worldbank.py
[2025-07-13T17:06:56.176+0000] {processor.py:830} INFO - Processing file /opt/airflow/dags/ingestion_worldbank.py for tasks to queue
[2025-07-13T17:06:56.184+0000] {logging_mixin.py:188} INFO - [2025-07-13T17:06:56.183+0000] {dagbag.py:538} INFO - Filling up the DagBag from /opt/airflow/dags/ingestion_worldbank.py
[2025-07-13T17:06:56.486+0000] {processor.py:842} WARNING - No viable dags retrieved from /opt/airflow/dags/ingestion_worldbank.py
[2025-07-13T17:06:56.524+0000] {processor.py:183} INFO - Processing /opt/airflow/dags/ingestion_worldbank.py took 0.361 seconds
[2025-07-13T17:07:27.866+0000] {processor.py:161} INFO - Started process (PID=2417) to work on /opt/airflow/dags/ingestion_worldbank.py
[2025-07-13T17:07:27.879+0000] {processor.py:830} INFO - Processing file /opt/airflow/dags/ingestion_worldbank.py for tasks to queue
[2025-07-13T17:07:27.891+0000] {logging_mixin.py:188} INFO - [2025-07-13T17:07:27.890+0000] {dagbag.py:538} INFO - Filling up the DagBag from /opt/airflow/dags/ingestion_worldbank.py
[2025-07-13T17:07:29.041+0000] {processor.py:842} WARNING - No viable dags retrieved from /opt/airflow/dags/ingestion_worldbank.py
[2025-07-13T17:07:29.160+0000] {processor.py:183} INFO - Processing /opt/airflow/dags/ingestion_worldbank.py took 1.318 seconds
[2025-07-13T17:07:59.933+0000] {processor.py:161} INFO - Started process (PID=2479) to work on /opt/airflow/dags/ingestion_worldbank.py
[2025-07-13T17:07:59.937+0000] {processor.py:830} INFO - Processing file /opt/airflow/dags/ingestion_worldbank.py for tasks to queue
[2025-07-13T17:07:59.946+0000] {logging_mixin.py:188} INFO - [2025-07-13T17:07:59.944+0000] {dagbag.py:538} INFO - Filling up the DagBag from /opt/airflow/dags/ingestion_worldbank.py
[2025-07-13T17:08:00.495+0000] {processor.py:842} WARNING - No viable dags retrieved from /opt/airflow/dags/ingestion_worldbank.py
[2025-07-13T17:08:00.532+0000] {processor.py:183} INFO - Processing /opt/airflow/dags/ingestion_worldbank.py took 0.610 seconds
[2025-07-13T17:08:31.750+0000] {processor.py:161} INFO - Started process (PID=2539) to work on /opt/airflow/dags/ingestion_worldbank.py
[2025-07-13T17:08:31.770+0000] {processor.py:830} INFO - Processing file /opt/airflow/dags/ingestion_worldbank.py for tasks to queue
[2025-07-13T17:08:31.795+0000] {logging_mixin.py:188} INFO - [2025-07-13T17:08:31.793+0000] {dagbag.py:538} INFO - Filling up the DagBag from /opt/airflow/dags/ingestion_worldbank.py
[2025-07-13T17:08:33.531+0000] {processor.py:842} WARNING - No viable dags retrieved from /opt/airflow/dags/ingestion_worldbank.py
[2025-07-13T17:08:33.648+0000] {processor.py:183} INFO - Processing /opt/airflow/dags/ingestion_worldbank.py took 1.981 seconds
[2025-07-13T17:09:04.578+0000] {processor.py:161} INFO - Started process (PID=2604) to work on /opt/airflow/dags/ingestion_worldbank.py
[2025-07-13T17:09:04.581+0000] {processor.py:830} INFO - Processing file /opt/airflow/dags/ingestion_worldbank.py for tasks to queue
[2025-07-13T17:09:04.586+0000] {logging_mixin.py:188} INFO - [2025-07-13T17:09:04.585+0000] {dagbag.py:538} INFO - Filling up the DagBag from /opt/airflow/dags/ingestion_worldbank.py
[2025-07-13T17:09:04.788+0000] {processor.py:842} WARNING - No viable dags retrieved from /opt/airflow/dags/ingestion_worldbank.py
[2025-07-13T17:09:04.831+0000] {processor.py:183} INFO - Processing /opt/airflow/dags/ingestion_worldbank.py took 0.266 seconds
[2025-07-13T17:09:35.207+0000] {processor.py:161} INFO - Started process (PID=2663) to work on /opt/airflow/dags/ingestion_worldbank.py
[2025-07-13T17:09:35.292+0000] {processor.py:830} INFO - Processing file /opt/airflow/dags/ingestion_worldbank.py for tasks to queue
[2025-07-13T17:09:35.322+0000] {logging_mixin.py:188} INFO - [2025-07-13T17:09:35.309+0000] {dagbag.py:538} INFO - Filling up the DagBag from /opt/airflow/dags/ingestion_worldbank.py
[2025-07-13T17:09:36.254+0000] {processor.py:842} WARNING - No viable dags retrieved from /opt/airflow/dags/ingestion_worldbank.py
[2025-07-13T17:09:36.375+0000] {processor.py:183} INFO - Processing /opt/airflow/dags/ingestion_worldbank.py took 1.199 seconds
[2025-07-13T17:10:06.782+0000] {processor.py:161} INFO - Started process (PID=2719) to work on /opt/airflow/dags/ingestion_worldbank.py
[2025-07-13T17:10:06.784+0000] {processor.py:830} INFO - Processing file /opt/airflow/dags/ingestion_worldbank.py for tasks to queue
[2025-07-13T17:10:06.787+0000] {logging_mixin.py:188} INFO - [2025-07-13T17:10:06.786+0000] {dagbag.py:538} INFO - Filling up the DagBag from /opt/airflow/dags/ingestion_worldbank.py
[2025-07-13T17:10:06.972+0000] {processor.py:842} WARNING - No viable dags retrieved from /opt/airflow/dags/ingestion_worldbank.py
[2025-07-13T17:10:07.054+0000] {processor.py:183} INFO - Processing /opt/airflow/dags/ingestion_worldbank.py took 0.279 seconds
[2025-07-13T17:10:37.386+0000] {processor.py:161} INFO - Started process (PID=2781) to work on /opt/airflow/dags/ingestion_worldbank.py
[2025-07-13T17:10:37.391+0000] {processor.py:830} INFO - Processing file /opt/airflow/dags/ingestion_worldbank.py for tasks to queue
[2025-07-13T17:10:37.398+0000] {logging_mixin.py:188} INFO - [2025-07-13T17:10:37.396+0000] {dagbag.py:538} INFO - Filling up the DagBag from /opt/airflow/dags/ingestion_worldbank.py
[2025-07-13T17:10:37.716+0000] {processor.py:842} WARNING - No viable dags retrieved from /opt/airflow/dags/ingestion_worldbank.py
[2025-07-13T17:10:37.757+0000] {processor.py:183} INFO - Processing /opt/airflow/dags/ingestion_worldbank.py took 0.384 seconds
[2025-07-13T17:11:08.573+0000] {processor.py:161} INFO - Started process (PID=2844) to work on /opt/airflow/dags/ingestion_worldbank.py
[2025-07-13T17:11:08.579+0000] {processor.py:830} INFO - Processing file /opt/airflow/dags/ingestion_worldbank.py for tasks to queue
[2025-07-13T17:11:08.587+0000] {logging_mixin.py:188} INFO - [2025-07-13T17:11:08.586+0000] {dagbag.py:538} INFO - Filling up the DagBag from /opt/airflow/dags/ingestion_worldbank.py
[2025-07-13T17:11:09.179+0000] {processor.py:842} WARNING - No viable dags retrieved from /opt/airflow/dags/ingestion_worldbank.py
[2025-07-13T17:11:09.290+0000] {processor.py:183} INFO - Processing /opt/airflow/dags/ingestion_worldbank.py took 0.730 seconds
[2025-07-13T17:11:39.862+0000] {processor.py:161} INFO - Started process (PID=2907) to work on /opt/airflow/dags/ingestion_worldbank.py
[2025-07-13T17:11:39.882+0000] {processor.py:830} INFO - Processing file /opt/airflow/dags/ingestion_worldbank.py for tasks to queue
[2025-07-13T17:11:39.912+0000] {logging_mixin.py:188} INFO - [2025-07-13T17:11:39.911+0000] {dagbag.py:538} INFO - Filling up the DagBag from /opt/airflow/dags/ingestion_worldbank.py
[2025-07-13T17:11:40.549+0000] {processor.py:842} WARNING - No viable dags retrieved from /opt/airflow/dags/ingestion_worldbank.py
[2025-07-13T17:11:40.589+0000] {processor.py:183} INFO - Processing /opt/airflow/dags/ingestion_worldbank.py took 0.768 seconds
[2025-07-13T17:12:10.913+0000] {processor.py:161} INFO - Started process (PID=2966) to work on /opt/airflow/dags/ingestion_worldbank.py
[2025-07-13T17:12:10.928+0000] {processor.py:830} INFO - Processing file /opt/airflow/dags/ingestion_worldbank.py for tasks to queue
[2025-07-13T17:12:10.933+0000] {logging_mixin.py:188} INFO - [2025-07-13T17:12:10.932+0000] {dagbag.py:538} INFO - Filling up the DagBag from /opt/airflow/dags/ingestion_worldbank.py
[2025-07-13T17:12:11.335+0000] {processor.py:842} WARNING - No viable dags retrieved from /opt/airflow/dags/ingestion_worldbank.py
[2025-07-13T17:12:11.378+0000] {processor.py:183} INFO - Processing /opt/airflow/dags/ingestion_worldbank.py took 0.488 seconds
[2025-07-13T17:12:41.644+0000] {processor.py:161} INFO - Started process (PID=3025) to work on /opt/airflow/dags/ingestion_worldbank.py
[2025-07-13T17:12:41.647+0000] {processor.py:830} INFO - Processing file /opt/airflow/dags/ingestion_worldbank.py for tasks to queue
[2025-07-13T17:12:41.652+0000] {logging_mixin.py:188} INFO - [2025-07-13T17:12:41.650+0000] {dagbag.py:538} INFO - Filling up the DagBag from /opt/airflow/dags/ingestion_worldbank.py
[2025-07-13T17:12:42.077+0000] {processor.py:842} WARNING - No viable dags retrieved from /opt/airflow/dags/ingestion_worldbank.py
[2025-07-13T17:12:42.145+0000] {processor.py:183} INFO - Processing /opt/airflow/dags/ingestion_worldbank.py took 0.516 seconds
[2025-07-13T17:13:12.859+0000] {processor.py:161} INFO - Started process (PID=3087) to work on /opt/airflow/dags/ingestion_worldbank.py
[2025-07-13T17:13:12.863+0000] {processor.py:830} INFO - Processing file /opt/airflow/dags/ingestion_worldbank.py for tasks to queue
[2025-07-13T17:13:12.867+0000] {logging_mixin.py:188} INFO - [2025-07-13T17:13:12.866+0000] {dagbag.py:538} INFO - Filling up the DagBag from /opt/airflow/dags/ingestion_worldbank.py
[2025-07-13T17:13:13.642+0000] {processor.py:842} WARNING - No viable dags retrieved from /opt/airflow/dags/ingestion_worldbank.py
[2025-07-13T17:13:14.007+0000] {processor.py:183} INFO - Processing /opt/airflow/dags/ingestion_worldbank.py took 1.157 seconds
[2025-07-13T17:13:46.607+0000] {processor.py:161} INFO - Started process (PID=3146) to work on /opt/airflow/dags/ingestion_worldbank.py
[2025-07-13T17:13:46.636+0000] {processor.py:830} INFO - Processing file /opt/airflow/dags/ingestion_worldbank.py for tasks to queue
[2025-07-13T17:13:46.644+0000] {logging_mixin.py:188} INFO - [2025-07-13T17:13:46.643+0000] {dagbag.py:538} INFO - Filling up the DagBag from /opt/airflow/dags/ingestion_worldbank.py
[2025-07-13T17:13:46.974+0000] {processor.py:842} WARNING - No viable dags retrieved from /opt/airflow/dags/ingestion_worldbank.py
[2025-07-13T17:13:47.037+0000] {processor.py:183} INFO - Processing /opt/airflow/dags/ingestion_worldbank.py took 0.482 seconds
[2025-07-13T17:14:18.418+0000] {processor.py:161} INFO - Started process (PID=3207) to work on /opt/airflow/dags/ingestion_worldbank.py
[2025-07-13T17:14:18.437+0000] {processor.py:830} INFO - Processing file /opt/airflow/dags/ingestion_worldbank.py for tasks to queue
[2025-07-13T17:14:18.450+0000] {logging_mixin.py:188} INFO - [2025-07-13T17:14:18.440+0000] {dagbag.py:538} INFO - Filling up the DagBag from /opt/airflow/dags/ingestion_worldbank.py
[2025-07-13T17:14:19.524+0000] {processor.py:842} WARNING - No viable dags retrieved from /opt/airflow/dags/ingestion_worldbank.py
[2025-07-13T17:14:19.709+0000] {processor.py:183} INFO - Processing /opt/airflow/dags/ingestion_worldbank.py took 1.316 seconds
[2025-07-13T17:14:51.066+0000] {processor.py:161} INFO - Started process (PID=3266) to work on /opt/airflow/dags/ingestion_worldbank.py
[2025-07-13T17:14:51.068+0000] {processor.py:830} INFO - Processing file /opt/airflow/dags/ingestion_worldbank.py for tasks to queue
[2025-07-13T17:14:51.072+0000] {logging_mixin.py:188} INFO - [2025-07-13T17:14:51.071+0000] {dagbag.py:538} INFO - Filling up the DagBag from /opt/airflow/dags/ingestion_worldbank.py
[2025-07-13T17:14:51.268+0000] {processor.py:842} WARNING - No viable dags retrieved from /opt/airflow/dags/ingestion_worldbank.py
[2025-07-13T17:14:51.303+0000] {processor.py:183} INFO - Processing /opt/airflow/dags/ingestion_worldbank.py took 0.246 seconds
[2025-07-13T17:15:22.666+0000] {processor.py:161} INFO - Started process (PID=3329) to work on /opt/airflow/dags/ingestion_worldbank.py
[2025-07-13T17:15:22.675+0000] {processor.py:830} INFO - Processing file /opt/airflow/dags/ingestion_worldbank.py for tasks to queue
[2025-07-13T17:15:22.682+0000] {logging_mixin.py:188} INFO - [2025-07-13T17:15:22.680+0000] {dagbag.py:538} INFO - Filling up the DagBag from /opt/airflow/dags/ingestion_worldbank.py
[2025-07-13T17:15:22.921+0000] {processor.py:842} WARNING - No viable dags retrieved from /opt/airflow/dags/ingestion_worldbank.py
[2025-07-13T17:15:22.965+0000] {processor.py:183} INFO - Processing /opt/airflow/dags/ingestion_worldbank.py took 0.318 seconds
[2025-07-13T17:15:53.283+0000] {processor.py:161} INFO - Started process (PID=3391) to work on /opt/airflow/dags/ingestion_worldbank.py
[2025-07-13T17:15:53.288+0000] {processor.py:830} INFO - Processing file /opt/airflow/dags/ingestion_worldbank.py for tasks to queue
[2025-07-13T17:15:53.293+0000] {logging_mixin.py:188} INFO - [2025-07-13T17:15:53.292+0000] {dagbag.py:538} INFO - Filling up the DagBag from /opt/airflow/dags/ingestion_worldbank.py
[2025-07-13T17:15:53.581+0000] {processor.py:842} WARNING - No viable dags retrieved from /opt/airflow/dags/ingestion_worldbank.py
[2025-07-13T17:15:53.653+0000] {processor.py:183} INFO - Processing /opt/airflow/dags/ingestion_worldbank.py took 0.382 seconds
[2025-07-13T17:16:26.601+0000] {processor.py:161} INFO - Started process (PID=3451) to work on /opt/airflow/dags/ingestion_worldbank.py
[2025-07-13T17:16:26.605+0000] {processor.py:830} INFO - Processing file /opt/airflow/dags/ingestion_worldbank.py for tasks to queue
[2025-07-13T17:16:26.609+0000] {logging_mixin.py:188} INFO - [2025-07-13T17:16:26.608+0000] {dagbag.py:538} INFO - Filling up the DagBag from /opt/airflow/dags/ingestion_worldbank.py
[2025-07-13T17:16:26.871+0000] {processor.py:842} WARNING - No viable dags retrieved from /opt/airflow/dags/ingestion_worldbank.py
[2025-07-13T17:16:26.923+0000] {processor.py:183} INFO - Processing /opt/airflow/dags/ingestion_worldbank.py took 0.336 seconds
