[2025-07-13T16:34:27.070+0000] {processor.py:161} INFO - Started process (PID=202) to work on /opt/airflow/dags/transform_worldbank.py
[2025-07-13T16:34:27.080+0000] {processor.py:830} INFO - Processing file /opt/airflow/dags/transform_worldbank.py for tasks to queue
[2025-07-13T16:34:27.087+0000] {logging_mixin.py:188} INFO - [2025-07-13T16:34:27.086+0000] {dagbag.py:538} INFO - Filling up the DagBag from /opt/airflow/dags/transform_worldbank.py
[2025-07-13T16:34:34.535+0000] {processor.py:842} WARNING - No viable dags retrieved from /opt/airflow/dags/transform_worldbank.py
[2025-07-13T16:34:34.670+0000] {processor.py:183} INFO - Processing /opt/airflow/dags/transform_worldbank.py took 7.614 seconds
[2025-07-13T16:35:05.613+0000] {processor.py:161} INFO - Started process (PID=270) to work on /opt/airflow/dags/transform_worldbank.py
[2025-07-13T16:35:05.618+0000] {processor.py:830} INFO - Processing file /opt/airflow/dags/transform_worldbank.py for tasks to queue
[2025-07-13T16:35:05.623+0000] {logging_mixin.py:188} INFO - [2025-07-13T16:35:05.621+0000] {dagbag.py:538} INFO - Filling up the DagBag from /opt/airflow/dags/transform_worldbank.py
[2025-07-13T16:35:06.856+0000] {processor.py:842} WARNING - No viable dags retrieved from /opt/airflow/dags/transform_worldbank.py
[2025-07-13T16:35:06.905+0000] {processor.py:183} INFO - Processing /opt/airflow/dags/transform_worldbank.py took 1.308 seconds
[2025-07-13T16:35:37.385+0000] {processor.py:161} INFO - Started process (PID=331) to work on /opt/airflow/dags/transform_worldbank.py
[2025-07-13T16:35:37.390+0000] {processor.py:830} INFO - Processing file /opt/airflow/dags/transform_worldbank.py for tasks to queue
[2025-07-13T16:35:37.394+0000] {logging_mixin.py:188} INFO - [2025-07-13T16:35:37.392+0000] {dagbag.py:538} INFO - Filling up the DagBag from /opt/airflow/dags/transform_worldbank.py
[2025-07-13T16:35:38.494+0000] {processor.py:842} WARNING - No viable dags retrieved from /opt/airflow/dags/transform_worldbank.py
[2025-07-13T16:35:38.553+0000] {processor.py:183} INFO - Processing /opt/airflow/dags/transform_worldbank.py took 1.183 seconds
[2025-07-13T16:36:09.600+0000] {processor.py:161} INFO - Started process (PID=394) to work on /opt/airflow/dags/transform_worldbank.py
[2025-07-13T16:36:09.611+0000] {processor.py:830} INFO - Processing file /opt/airflow/dags/transform_worldbank.py for tasks to queue
[2025-07-13T16:36:09.618+0000] {logging_mixin.py:188} INFO - [2025-07-13T16:36:09.616+0000] {dagbag.py:538} INFO - Filling up the DagBag from /opt/airflow/dags/transform_worldbank.py
[2025-07-13T16:36:11.039+0000] {processor.py:842} WARNING - No viable dags retrieved from /opt/airflow/dags/transform_worldbank.py
[2025-07-13T16:36:11.090+0000] {processor.py:183} INFO - Processing /opt/airflow/dags/transform_worldbank.py took 1.514 seconds
[2025-07-13T16:36:41.736+0000] {processor.py:161} INFO - Started process (PID=455) to work on /opt/airflow/dags/transform_worldbank.py
[2025-07-13T16:36:41.739+0000] {processor.py:830} INFO - Processing file /opt/airflow/dags/transform_worldbank.py for tasks to queue
[2025-07-13T16:36:41.742+0000] {logging_mixin.py:188} INFO - [2025-07-13T16:36:41.741+0000] {dagbag.py:538} INFO - Filling up the DagBag from /opt/airflow/dags/transform_worldbank.py
[2025-07-13T16:36:42.990+0000] {processor.py:842} WARNING - No viable dags retrieved from /opt/airflow/dags/transform_worldbank.py
[2025-07-13T16:36:43.087+0000] {processor.py:183} INFO - Processing /opt/airflow/dags/transform_worldbank.py took 1.361 seconds
[2025-07-13T16:37:13.458+0000] {processor.py:161} INFO - Started process (PID=517) to work on /opt/airflow/dags/transform_worldbank.py
[2025-07-13T16:37:13.462+0000] {processor.py:830} INFO - Processing file /opt/airflow/dags/transform_worldbank.py for tasks to queue
[2025-07-13T16:37:13.465+0000] {logging_mixin.py:188} INFO - [2025-07-13T16:37:13.464+0000] {dagbag.py:538} INFO - Filling up the DagBag from /opt/airflow/dags/transform_worldbank.py
[2025-07-13T16:37:14.532+0000] {processor.py:842} WARNING - No viable dags retrieved from /opt/airflow/dags/transform_worldbank.py
[2025-07-13T16:37:14.586+0000] {processor.py:183} INFO - Processing /opt/airflow/dags/transform_worldbank.py took 1.138 seconds
[2025-07-13T16:37:44.843+0000] {processor.py:161} INFO - Started process (PID=576) to work on /opt/airflow/dags/transform_worldbank.py
[2025-07-13T16:37:44.848+0000] {processor.py:830} INFO - Processing file /opt/airflow/dags/transform_worldbank.py for tasks to queue
[2025-07-13T16:37:44.853+0000] {logging_mixin.py:188} INFO - [2025-07-13T16:37:44.852+0000] {dagbag.py:538} INFO - Filling up the DagBag from /opt/airflow/dags/transform_worldbank.py
[2025-07-13T16:37:45.893+0000] {processor.py:842} WARNING - No viable dags retrieved from /opt/airflow/dags/transform_worldbank.py
[2025-07-13T16:37:45.937+0000] {processor.py:183} INFO - Processing /opt/airflow/dags/transform_worldbank.py took 1.107 seconds
[2025-07-13T16:38:16.405+0000] {processor.py:161} INFO - Started process (PID=639) to work on /opt/airflow/dags/transform_worldbank.py
[2025-07-13T16:38:16.408+0000] {processor.py:830} INFO - Processing file /opt/airflow/dags/transform_worldbank.py for tasks to queue
[2025-07-13T16:38:16.414+0000] {logging_mixin.py:188} INFO - [2025-07-13T16:38:16.413+0000] {dagbag.py:538} INFO - Filling up the DagBag from /opt/airflow/dags/transform_worldbank.py
[2025-07-13T16:38:17.883+0000] {processor.py:842} WARNING - No viable dags retrieved from /opt/airflow/dags/transform_worldbank.py
[2025-07-13T16:38:17.948+0000] {processor.py:183} INFO - Processing /opt/airflow/dags/transform_worldbank.py took 1.553 seconds
[2025-07-13T16:38:48.346+0000] {processor.py:161} INFO - Started process (PID=706) to work on /opt/airflow/dags/transform_worldbank.py
[2025-07-13T16:38:48.349+0000] {processor.py:830} INFO - Processing file /opt/airflow/dags/transform_worldbank.py for tasks to queue
[2025-07-13T16:38:48.352+0000] {logging_mixin.py:188} INFO - [2025-07-13T16:38:48.351+0000] {dagbag.py:538} INFO - Filling up the DagBag from /opt/airflow/dags/transform_worldbank.py
[2025-07-13T16:38:49.664+0000] {processor.py:842} WARNING - No viable dags retrieved from /opt/airflow/dags/transform_worldbank.py
[2025-07-13T16:38:49.784+0000] {processor.py:183} INFO - Processing /opt/airflow/dags/transform_worldbank.py took 1.446 seconds
[2025-07-13T16:39:20.237+0000] {processor.py:161} INFO - Started process (PID=768) to work on /opt/airflow/dags/transform_worldbank.py
[2025-07-13T16:39:20.241+0000] {processor.py:830} INFO - Processing file /opt/airflow/dags/transform_worldbank.py for tasks to queue
[2025-07-13T16:39:20.249+0000] {logging_mixin.py:188} INFO - [2025-07-13T16:39:20.248+0000] {dagbag.py:538} INFO - Filling up the DagBag from /opt/airflow/dags/transform_worldbank.py
[2025-07-13T16:39:21.331+0000] {processor.py:842} WARNING - No viable dags retrieved from /opt/airflow/dags/transform_worldbank.py
[2025-07-13T16:39:21.362+0000] {processor.py:183} INFO - Processing /opt/airflow/dags/transform_worldbank.py took 1.143 seconds
[2025-07-13T16:40:26.501+0000] {processor.py:161} INFO - Started process (PID=189) to work on /opt/airflow/dags/transform_worldbank.py
[2025-07-13T16:40:26.506+0000] {processor.py:830} INFO - Processing file /opt/airflow/dags/transform_worldbank.py for tasks to queue
[2025-07-13T16:40:26.512+0000] {logging_mixin.py:188} INFO - [2025-07-13T16:40:26.510+0000] {dagbag.py:538} INFO - Filling up the DagBag from /opt/airflow/dags/transform_worldbank.py
[2025-07-13T16:40:28.102+0000] {processor.py:842} WARNING - No viable dags retrieved from /opt/airflow/dags/transform_worldbank.py
[2025-07-13T16:40:28.194+0000] {processor.py:183} INFO - Processing /opt/airflow/dags/transform_worldbank.py took 1.702 seconds
[2025-07-13T16:40:58.761+0000] {processor.py:161} INFO - Started process (PID=256) to work on /opt/airflow/dags/transform_worldbank.py
[2025-07-13T16:40:58.764+0000] {processor.py:830} INFO - Processing file /opt/airflow/dags/transform_worldbank.py for tasks to queue
[2025-07-13T16:40:58.770+0000] {logging_mixin.py:188} INFO - [2025-07-13T16:40:58.767+0000] {dagbag.py:538} INFO - Filling up the DagBag from /opt/airflow/dags/transform_worldbank.py
[2025-07-13T16:41:00.272+0000] {processor.py:842} WARNING - No viable dags retrieved from /opt/airflow/dags/transform_worldbank.py
[2025-07-13T16:41:00.522+0000] {processor.py:183} INFO - Processing /opt/airflow/dags/transform_worldbank.py took 1.779 seconds
[2025-07-13T16:41:30.867+0000] {processor.py:161} INFO - Started process (PID=315) to work on /opt/airflow/dags/transform_worldbank.py
[2025-07-13T16:41:30.869+0000] {processor.py:830} INFO - Processing file /opt/airflow/dags/transform_worldbank.py for tasks to queue
[2025-07-13T16:41:30.872+0000] {logging_mixin.py:188} INFO - [2025-07-13T16:41:30.871+0000] {dagbag.py:538} INFO - Filling up the DagBag from /opt/airflow/dags/transform_worldbank.py
[2025-07-13T16:41:31.589+0000] {processor.py:842} WARNING - No viable dags retrieved from /opt/airflow/dags/transform_worldbank.py
[2025-07-13T16:41:31.623+0000] {processor.py:183} INFO - Processing /opt/airflow/dags/transform_worldbank.py took 0.771 seconds
[2025-07-13T16:42:01.797+0000] {processor.py:161} INFO - Started process (PID=377) to work on /opt/airflow/dags/transform_worldbank.py
[2025-07-13T16:42:01.801+0000] {processor.py:830} INFO - Processing file /opt/airflow/dags/transform_worldbank.py for tasks to queue
[2025-07-13T16:42:01.805+0000] {logging_mixin.py:188} INFO - [2025-07-13T16:42:01.804+0000] {dagbag.py:538} INFO - Filling up the DagBag from /opt/airflow/dags/transform_worldbank.py
[2025-07-13T16:42:02.709+0000] {processor.py:842} WARNING - No viable dags retrieved from /opt/airflow/dags/transform_worldbank.py
[2025-07-13T16:42:02.747+0000] {processor.py:183} INFO - Processing /opt/airflow/dags/transform_worldbank.py took 0.962 seconds
[2025-07-13T16:42:33.401+0000] {processor.py:161} INFO - Started process (PID=439) to work on /opt/airflow/dags/transform_worldbank.py
[2025-07-13T16:42:33.407+0000] {processor.py:830} INFO - Processing file /opt/airflow/dags/transform_worldbank.py for tasks to queue
[2025-07-13T16:42:33.419+0000] {logging_mixin.py:188} INFO - [2025-07-13T16:42:33.410+0000] {dagbag.py:538} INFO - Filling up the DagBag from /opt/airflow/dags/transform_worldbank.py
[2025-07-13T16:42:34.645+0000] {processor.py:842} WARNING - No viable dags retrieved from /opt/airflow/dags/transform_worldbank.py
[2025-07-13T16:42:34.677+0000] {processor.py:183} INFO - Processing /opt/airflow/dags/transform_worldbank.py took 1.295 seconds
[2025-07-13T16:43:08.394+0000] {processor.py:161} INFO - Started process (PID=509) to work on /opt/airflow/dags/transform_worldbank.py
[2025-07-13T16:43:08.534+0000] {processor.py:830} INFO - Processing file /opt/airflow/dags/transform_worldbank.py for tasks to queue
[2025-07-13T16:43:08.594+0000] {logging_mixin.py:188} INFO - [2025-07-13T16:43:08.592+0000] {dagbag.py:538} INFO - Filling up the DagBag from /opt/airflow/dags/transform_worldbank.py
[2025-07-13T16:43:17.051+0000] {processor.py:842} WARNING - No viable dags retrieved from /opt/airflow/dags/transform_worldbank.py
[2025-07-13T16:43:17.256+0000] {processor.py:183} INFO - Processing /opt/airflow/dags/transform_worldbank.py took 9.063 seconds
[2025-07-13T16:43:48.642+0000] {processor.py:161} INFO - Started process (PID=625) to work on /opt/airflow/dags/transform_worldbank.py
[2025-07-13T16:43:48.667+0000] {processor.py:830} INFO - Processing file /opt/airflow/dags/transform_worldbank.py for tasks to queue
[2025-07-13T16:43:48.678+0000] {logging_mixin.py:188} INFO - [2025-07-13T16:43:48.676+0000] {dagbag.py:538} INFO - Filling up the DagBag from /opt/airflow/dags/transform_worldbank.py
[2025-07-13T16:43:56.239+0000] {processor.py:842} WARNING - No viable dags retrieved from /opt/airflow/dags/transform_worldbank.py
[2025-07-13T16:43:56.408+0000] {processor.py:183} INFO - Processing /opt/airflow/dags/transform_worldbank.py took 7.844 seconds
[2025-07-13T16:44:30.393+0000] {processor.py:161} INFO - Started process (PID=720) to work on /opt/airflow/dags/transform_worldbank.py
[2025-07-13T16:44:30.420+0000] {processor.py:830} INFO - Processing file /opt/airflow/dags/transform_worldbank.py for tasks to queue
[2025-07-13T16:44:30.434+0000] {logging_mixin.py:188} INFO - [2025-07-13T16:44:30.433+0000] {dagbag.py:538} INFO - Filling up the DagBag from /opt/airflow/dags/transform_worldbank.py
[2025-07-13T16:44:37.891+0000] {processor.py:842} WARNING - No viable dags retrieved from /opt/airflow/dags/transform_worldbank.py
[2025-07-13T16:44:38.329+0000] {processor.py:183} INFO - Processing /opt/airflow/dags/transform_worldbank.py took 8.025 seconds
[2025-07-13T16:45:09.884+0000] {processor.py:161} INFO - Started process (PID=782) to work on /opt/airflow/dags/transform_worldbank.py
[2025-07-13T16:45:09.898+0000] {processor.py:830} INFO - Processing file /opt/airflow/dags/transform_worldbank.py for tasks to queue
[2025-07-13T16:45:09.904+0000] {logging_mixin.py:188} INFO - [2025-07-13T16:45:09.903+0000] {dagbag.py:538} INFO - Filling up the DagBag from /opt/airflow/dags/transform_worldbank.py
[2025-07-13T16:45:16.117+0000] {processor.py:842} WARNING - No viable dags retrieved from /opt/airflow/dags/transform_worldbank.py
[2025-07-13T16:45:16.294+0000] {processor.py:183} INFO - Processing /opt/airflow/dags/transform_worldbank.py took 6.431 seconds
[2025-07-13T16:45:47.151+0000] {processor.py:161} INFO - Started process (PID=850) to work on /opt/airflow/dags/transform_worldbank.py
[2025-07-13T16:45:47.167+0000] {processor.py:830} INFO - Processing file /opt/airflow/dags/transform_worldbank.py for tasks to queue
[2025-07-13T16:45:47.181+0000] {logging_mixin.py:188} INFO - [2025-07-13T16:45:47.170+0000] {dagbag.py:538} INFO - Filling up the DagBag from /opt/airflow/dags/transform_worldbank.py
[2025-07-13T16:45:51.342+0000] {processor.py:842} WARNING - No viable dags retrieved from /opt/airflow/dags/transform_worldbank.py
[2025-07-13T16:45:51.474+0000] {processor.py:183} INFO - Processing /opt/airflow/dags/transform_worldbank.py took 4.368 seconds
[2025-07-13T16:46:22.273+0000] {processor.py:161} INFO - Started process (PID=916) to work on /opt/airflow/dags/transform_worldbank.py
[2025-07-13T16:46:22.277+0000] {processor.py:830} INFO - Processing file /opt/airflow/dags/transform_worldbank.py for tasks to queue
[2025-07-13T16:46:22.281+0000] {logging_mixin.py:188} INFO - [2025-07-13T16:46:22.280+0000] {dagbag.py:538} INFO - Filling up the DagBag from /opt/airflow/dags/transform_worldbank.py
[2025-07-13T16:46:24.105+0000] {processor.py:842} WARNING - No viable dags retrieved from /opt/airflow/dags/transform_worldbank.py
[2025-07-13T16:46:24.788+0000] {processor.py:183} INFO - Processing /opt/airflow/dags/transform_worldbank.py took 2.530 seconds
[2025-07-13T16:46:55.369+0000] {processor.py:161} INFO - Started process (PID=978) to work on /opt/airflow/dags/transform_worldbank.py
[2025-07-13T16:46:55.372+0000] {processor.py:830} INFO - Processing file /opt/airflow/dags/transform_worldbank.py for tasks to queue
[2025-07-13T16:46:55.376+0000] {logging_mixin.py:188} INFO - [2025-07-13T16:46:55.375+0000] {dagbag.py:538} INFO - Filling up the DagBag from /opt/airflow/dags/transform_worldbank.py
[2025-07-13T16:46:56.770+0000] {processor.py:842} WARNING - No viable dags retrieved from /opt/airflow/dags/transform_worldbank.py
[2025-07-13T16:46:56.808+0000] {processor.py:183} INFO - Processing /opt/airflow/dags/transform_worldbank.py took 1.446 seconds
[2025-07-13T16:47:27.407+0000] {processor.py:161} INFO - Started process (PID=1057) to work on /opt/airflow/dags/transform_worldbank.py
[2025-07-13T16:47:27.410+0000] {processor.py:830} INFO - Processing file /opt/airflow/dags/transform_worldbank.py for tasks to queue
[2025-07-13T16:47:27.415+0000] {logging_mixin.py:188} INFO - [2025-07-13T16:47:27.413+0000] {dagbag.py:538} INFO - Filling up the DagBag from /opt/airflow/dags/transform_worldbank.py
[2025-07-13T16:47:30.380+0000] {processor.py:842} WARNING - No viable dags retrieved from /opt/airflow/dags/transform_worldbank.py
[2025-07-13T16:47:30.435+0000] {processor.py:183} INFO - Processing /opt/airflow/dags/transform_worldbank.py took 3.039 seconds
[2025-07-13T16:48:41.000+0000] {processor.py:161} INFO - Started process (PID=207) to work on /opt/airflow/dags/transform_worldbank.py
[2025-07-13T16:48:41.012+0000] {processor.py:830} INFO - Processing file /opt/airflow/dags/transform_worldbank.py for tasks to queue
[2025-07-13T16:48:41.022+0000] {logging_mixin.py:188} INFO - [2025-07-13T16:48:41.020+0000] {dagbag.py:538} INFO - Filling up the DagBag from /opt/airflow/dags/transform_worldbank.py
[2025-07-13T16:48:42.805+0000] {processor.py:842} WARNING - No viable dags retrieved from /opt/airflow/dags/transform_worldbank.py
[2025-07-13T16:48:42.861+0000] {processor.py:183} INFO - Processing /opt/airflow/dags/transform_worldbank.py took 1.879 seconds
[2025-07-13T16:49:13.920+0000] {processor.py:161} INFO - Started process (PID=269) to work on /opt/airflow/dags/transform_worldbank.py
[2025-07-13T16:49:13.924+0000] {processor.py:830} INFO - Processing file /opt/airflow/dags/transform_worldbank.py for tasks to queue
[2025-07-13T16:49:13.928+0000] {logging_mixin.py:188} INFO - [2025-07-13T16:49:13.927+0000] {dagbag.py:538} INFO - Filling up the DagBag from /opt/airflow/dags/transform_worldbank.py
[2025-07-13T16:49:15.111+0000] {processor.py:842} WARNING - No viable dags retrieved from /opt/airflow/dags/transform_worldbank.py
[2025-07-13T16:49:15.150+0000] {processor.py:183} INFO - Processing /opt/airflow/dags/transform_worldbank.py took 1.243 seconds
[2025-07-13T16:49:46.973+0000] {processor.py:161} INFO - Started process (PID=338) to work on /opt/airflow/dags/transform_worldbank.py
[2025-07-13T16:49:46.990+0000] {processor.py:830} INFO - Processing file /opt/airflow/dags/transform_worldbank.py for tasks to queue
[2025-07-13T16:49:47.032+0000] {logging_mixin.py:188} INFO - [2025-07-13T16:49:47.030+0000] {dagbag.py:538} INFO - Filling up the DagBag from /opt/airflow/dags/transform_worldbank.py
[2025-07-13T16:49:57.984+0000] {processor.py:842} WARNING - No viable dags retrieved from /opt/airflow/dags/transform_worldbank.py
[2025-07-13T16:49:58.472+0000] {processor.py:183} INFO - Processing /opt/airflow/dags/transform_worldbank.py took 11.555 seconds
[2025-07-13T16:50:29.563+0000] {processor.py:161} INFO - Started process (PID=466) to work on /opt/airflow/dags/transform_worldbank.py
[2025-07-13T16:50:29.576+0000] {processor.py:830} INFO - Processing file /opt/airflow/dags/transform_worldbank.py for tasks to queue
[2025-07-13T16:50:29.580+0000] {logging_mixin.py:188} INFO - [2025-07-13T16:50:29.579+0000] {dagbag.py:538} INFO - Filling up the DagBag from /opt/airflow/dags/transform_worldbank.py
[2025-07-13T16:50:35.597+0000] {processor.py:842} WARNING - No viable dags retrieved from /opt/airflow/dags/transform_worldbank.py
[2025-07-13T16:50:35.941+0000] {processor.py:183} INFO - Processing /opt/airflow/dags/transform_worldbank.py took 6.402 seconds
[2025-07-13T16:51:07.953+0000] {processor.py:161} INFO - Started process (PID=535) to work on /opt/airflow/dags/transform_worldbank.py
[2025-07-13T16:51:07.957+0000] {processor.py:830} INFO - Processing file /opt/airflow/dags/transform_worldbank.py for tasks to queue
[2025-07-13T16:51:07.962+0000] {logging_mixin.py:188} INFO - [2025-07-13T16:51:07.960+0000] {dagbag.py:538} INFO - Filling up the DagBag from /opt/airflow/dags/transform_worldbank.py
[2025-07-13T16:51:12.680+0000] {processor.py:842} WARNING - No viable dags retrieved from /opt/airflow/dags/transform_worldbank.py
[2025-07-13T16:51:12.854+0000] {processor.py:183} INFO - Processing /opt/airflow/dags/transform_worldbank.py took 4.936 seconds
[2025-07-13T16:51:44.287+0000] {processor.py:161} INFO - Started process (PID=605) to work on /opt/airflow/dags/transform_worldbank.py
[2025-07-13T16:51:44.302+0000] {processor.py:830} INFO - Processing file /opt/airflow/dags/transform_worldbank.py for tasks to queue
[2025-07-13T16:51:44.311+0000] {logging_mixin.py:188} INFO - [2025-07-13T16:51:44.309+0000] {dagbag.py:538} INFO - Filling up the DagBag from /opt/airflow/dags/transform_worldbank.py
[2025-07-13T16:51:45.764+0000] {processor.py:842} WARNING - No viable dags retrieved from /opt/airflow/dags/transform_worldbank.py
[2025-07-13T16:51:45.843+0000] {processor.py:183} INFO - Processing /opt/airflow/dags/transform_worldbank.py took 1.631 seconds
[2025-07-13T16:52:16.236+0000] {processor.py:161} INFO - Started process (PID=673) to work on /opt/airflow/dags/transform_worldbank.py
[2025-07-13T16:52:16.243+0000] {processor.py:830} INFO - Processing file /opt/airflow/dags/transform_worldbank.py for tasks to queue
[2025-07-13T16:52:16.246+0000] {logging_mixin.py:188} INFO - [2025-07-13T16:52:16.245+0000] {dagbag.py:538} INFO - Filling up the DagBag from /opt/airflow/dags/transform_worldbank.py
[2025-07-13T16:52:18.514+0000] {processor.py:842} WARNING - No viable dags retrieved from /opt/airflow/dags/transform_worldbank.py
[2025-07-13T16:52:18.577+0000] {processor.py:183} INFO - Processing /opt/airflow/dags/transform_worldbank.py took 2.350 seconds
[2025-07-13T16:52:49.270+0000] {processor.py:161} INFO - Started process (PID=735) to work on /opt/airflow/dags/transform_worldbank.py
[2025-07-13T16:52:49.275+0000] {processor.py:830} INFO - Processing file /opt/airflow/dags/transform_worldbank.py for tasks to queue
[2025-07-13T16:52:49.281+0000] {logging_mixin.py:188} INFO - [2025-07-13T16:52:49.278+0000] {dagbag.py:538} INFO - Filling up the DagBag from /opt/airflow/dags/transform_worldbank.py
[2025-07-13T16:52:51.627+0000] {processor.py:842} WARNING - No viable dags retrieved from /opt/airflow/dags/transform_worldbank.py
[2025-07-13T16:52:51.672+0000] {processor.py:183} INFO - Processing /opt/airflow/dags/transform_worldbank.py took 2.434 seconds
[2025-07-13T16:53:22.805+0000] {processor.py:161} INFO - Started process (PID=800) to work on /opt/airflow/dags/transform_worldbank.py
[2025-07-13T16:53:22.813+0000] {processor.py:830} INFO - Processing file /opt/airflow/dags/transform_worldbank.py for tasks to queue
[2025-07-13T16:53:22.828+0000] {logging_mixin.py:188} INFO - [2025-07-13T16:53:22.817+0000] {dagbag.py:538} INFO - Filling up the DagBag from /opt/airflow/dags/transform_worldbank.py
[2025-07-13T16:53:25.908+0000] {processor.py:842} WARNING - No viable dags retrieved from /opt/airflow/dags/transform_worldbank.py
[2025-07-13T16:53:25.959+0000] {processor.py:183} INFO - Processing /opt/airflow/dags/transform_worldbank.py took 3.186 seconds
[2025-07-13T16:53:56.625+0000] {processor.py:161} INFO - Started process (PID=869) to work on /opt/airflow/dags/transform_worldbank.py
[2025-07-13T16:53:56.628+0000] {processor.py:830} INFO - Processing file /opt/airflow/dags/transform_worldbank.py for tasks to queue
[2025-07-13T16:53:56.631+0000] {logging_mixin.py:188} INFO - [2025-07-13T16:53:56.630+0000] {dagbag.py:538} INFO - Filling up the DagBag from /opt/airflow/dags/transform_worldbank.py
[2025-07-13T16:53:58.249+0000] {processor.py:842} WARNING - No viable dags retrieved from /opt/airflow/dags/transform_worldbank.py
[2025-07-13T16:53:58.331+0000] {processor.py:183} INFO - Processing /opt/airflow/dags/transform_worldbank.py took 1.715 seconds
[2025-07-13T16:54:28.736+0000] {processor.py:161} INFO - Started process (PID=931) to work on /opt/airflow/dags/transform_worldbank.py
[2025-07-13T16:54:28.739+0000] {processor.py:830} INFO - Processing file /opt/airflow/dags/transform_worldbank.py for tasks to queue
[2025-07-13T16:54:28.742+0000] {logging_mixin.py:188} INFO - [2025-07-13T16:54:28.741+0000] {dagbag.py:538} INFO - Filling up the DagBag from /opt/airflow/dags/transform_worldbank.py
[2025-07-13T16:54:30.805+0000] {processor.py:842} WARNING - No viable dags retrieved from /opt/airflow/dags/transform_worldbank.py
[2025-07-13T16:54:30.864+0000] {processor.py:183} INFO - Processing /opt/airflow/dags/transform_worldbank.py took 2.136 seconds
[2025-07-13T16:55:01.828+0000] {processor.py:161} INFO - Started process (PID=994) to work on /opt/airflow/dags/transform_worldbank.py
[2025-07-13T16:55:01.831+0000] {processor.py:830} INFO - Processing file /opt/airflow/dags/transform_worldbank.py for tasks to queue
[2025-07-13T16:55:01.835+0000] {logging_mixin.py:188} INFO - [2025-07-13T16:55:01.834+0000] {dagbag.py:538} INFO - Filling up the DagBag from /opt/airflow/dags/transform_worldbank.py
[2025-07-13T16:55:03.135+0000] {processor.py:842} WARNING - No viable dags retrieved from /opt/airflow/dags/transform_worldbank.py
[2025-07-13T16:55:03.179+0000] {processor.py:183} INFO - Processing /opt/airflow/dags/transform_worldbank.py took 1.368 seconds
[2025-07-13T16:55:36.237+0000] {processor.py:161} INFO - Started process (PID=1056) to work on /opt/airflow/dags/transform_worldbank.py
[2025-07-13T16:55:36.254+0000] {processor.py:830} INFO - Processing file /opt/airflow/dags/transform_worldbank.py for tasks to queue
[2025-07-13T16:55:36.269+0000] {logging_mixin.py:188} INFO - [2025-07-13T16:55:36.267+0000] {dagbag.py:538} INFO - Filling up the DagBag from /opt/airflow/dags/transform_worldbank.py
[2025-07-13T16:55:39.608+0000] {processor.py:842} WARNING - No viable dags retrieved from /opt/airflow/dags/transform_worldbank.py
[2025-07-13T16:55:39.793+0000] {processor.py:183} INFO - Processing /opt/airflow/dags/transform_worldbank.py took 3.609 seconds
[2025-07-13T16:56:10.205+0000] {processor.py:161} INFO - Started process (PID=1134) to work on /opt/airflow/dags/transform_worldbank.py
[2025-07-13T16:56:10.207+0000] {processor.py:830} INFO - Processing file /opt/airflow/dags/transform_worldbank.py for tasks to queue
[2025-07-13T16:56:10.210+0000] {logging_mixin.py:188} INFO - [2025-07-13T16:56:10.209+0000] {dagbag.py:538} INFO - Filling up the DagBag from /opt/airflow/dags/transform_worldbank.py
[2025-07-13T16:56:11.527+0000] {processor.py:842} WARNING - No viable dags retrieved from /opt/airflow/dags/transform_worldbank.py
[2025-07-13T16:56:11.612+0000] {processor.py:183} INFO - Processing /opt/airflow/dags/transform_worldbank.py took 1.417 seconds
[2025-07-13T16:56:50.951+0000] {processor.py:161} INFO - Started process (PID=1197) to work on /opt/airflow/dags/transform_worldbank.py
[2025-07-13T16:56:50.986+0000] {processor.py:830} INFO - Processing file /opt/airflow/dags/transform_worldbank.py for tasks to queue
[2025-07-13T16:56:51.005+0000] {logging_mixin.py:188} INFO - [2025-07-13T16:56:51.004+0000] {dagbag.py:538} INFO - Filling up the DagBag from /opt/airflow/dags/transform_worldbank.py
[2025-07-13T16:57:04.267+0000] {processor.py:842} WARNING - No viable dags retrieved from /opt/airflow/dags/transform_worldbank.py
[2025-07-13T16:57:04.395+0000] {processor.py:183} INFO - Processing /opt/airflow/dags/transform_worldbank.py took 13.492 seconds
[2025-07-13T16:57:38.699+0000] {processor.py:161} INFO - Started process (PID=1269) to work on /opt/airflow/dags/transform_worldbank.py
[2025-07-13T16:57:38.775+0000] {processor.py:830} INFO - Processing file /opt/airflow/dags/transform_worldbank.py for tasks to queue
[2025-07-13T16:57:40.799+0000] {logging_mixin.py:188} INFO - [2025-07-13T16:57:40.797+0000] {dagbag.py:538} INFO - Filling up the DagBag from /opt/airflow/dags/transform_worldbank.py
[2025-07-13T16:57:49.577+0000] {processor.py:842} WARNING - No viable dags retrieved from /opt/airflow/dags/transform_worldbank.py
[2025-07-13T16:57:49.783+0000] {processor.py:183} INFO - Processing /opt/airflow/dags/transform_worldbank.py took 11.110 seconds
[2025-07-13T16:58:20.706+0000] {processor.py:161} INFO - Started process (PID=1337) to work on /opt/airflow/dags/transform_worldbank.py
[2025-07-13T16:58:20.720+0000] {processor.py:830} INFO - Processing file /opt/airflow/dags/transform_worldbank.py for tasks to queue
[2025-07-13T16:58:20.735+0000] {logging_mixin.py:188} INFO - [2025-07-13T16:58:20.725+0000] {dagbag.py:538} INFO - Filling up the DagBag from /opt/airflow/dags/transform_worldbank.py
[2025-07-13T16:58:23.465+0000] {processor.py:842} WARNING - No viable dags retrieved from /opt/airflow/dags/transform_worldbank.py
[2025-07-13T16:58:23.573+0000] {processor.py:183} INFO - Processing /opt/airflow/dags/transform_worldbank.py took 2.885 seconds
[2025-07-13T16:58:54.130+0000] {processor.py:161} INFO - Started process (PID=1400) to work on /opt/airflow/dags/transform_worldbank.py
[2025-07-13T16:58:54.134+0000] {processor.py:830} INFO - Processing file /opt/airflow/dags/transform_worldbank.py for tasks to queue
[2025-07-13T16:58:54.139+0000] {logging_mixin.py:188} INFO - [2025-07-13T16:58:54.138+0000] {dagbag.py:538} INFO - Filling up the DagBag from /opt/airflow/dags/transform_worldbank.py
[2025-07-13T16:58:54.912+0000] {processor.py:842} WARNING - No viable dags retrieved from /opt/airflow/dags/transform_worldbank.py
[2025-07-13T16:58:54.944+0000] {processor.py:183} INFO - Processing /opt/airflow/dags/transform_worldbank.py took 0.823 seconds
[2025-07-13T16:59:25.612+0000] {processor.py:161} INFO - Started process (PID=1461) to work on /opt/airflow/dags/transform_worldbank.py
[2025-07-13T16:59:25.626+0000] {processor.py:830} INFO - Processing file /opt/airflow/dags/transform_worldbank.py for tasks to queue
[2025-07-13T16:59:25.630+0000] {logging_mixin.py:188} INFO - [2025-07-13T16:59:25.629+0000] {dagbag.py:538} INFO - Filling up the DagBag from /opt/airflow/dags/transform_worldbank.py
[2025-07-13T16:59:29.452+0000] {processor.py:842} WARNING - No viable dags retrieved from /opt/airflow/dags/transform_worldbank.py
[2025-07-13T16:59:29.542+0000] {processor.py:183} INFO - Processing /opt/airflow/dags/transform_worldbank.py took 3.937 seconds
[2025-07-13T17:00:00.694+0000] {processor.py:161} INFO - Started process (PID=1529) to work on /opt/airflow/dags/transform_worldbank.py
[2025-07-13T17:00:00.708+0000] {processor.py:830} INFO - Processing file /opt/airflow/dags/transform_worldbank.py for tasks to queue
[2025-07-13T17:00:00.715+0000] {logging_mixin.py:188} INFO - [2025-07-13T17:00:00.713+0000] {dagbag.py:538} INFO - Filling up the DagBag from /opt/airflow/dags/transform_worldbank.py
[2025-07-13T17:00:02.657+0000] {processor.py:842} WARNING - No viable dags retrieved from /opt/airflow/dags/transform_worldbank.py
[2025-07-13T17:00:02.733+0000] {processor.py:183} INFO - Processing /opt/airflow/dags/transform_worldbank.py took 2.077 seconds
[2025-07-13T17:00:33.563+0000] {processor.py:161} INFO - Started process (PID=1597) to work on /opt/airflow/dags/transform_worldbank.py
[2025-07-13T17:00:33.578+0000] {processor.py:830} INFO - Processing file /opt/airflow/dags/transform_worldbank.py for tasks to queue
[2025-07-13T17:00:33.596+0000] {logging_mixin.py:188} INFO - [2025-07-13T17:00:33.594+0000] {dagbag.py:538} INFO - Filling up the DagBag from /opt/airflow/dags/transform_worldbank.py
[2025-07-13T17:00:37.993+0000] {processor.py:842} WARNING - No viable dags retrieved from /opt/airflow/dags/transform_worldbank.py
[2025-07-13T17:00:38.306+0000] {processor.py:183} INFO - Processing /opt/airflow/dags/transform_worldbank.py took 4.759 seconds
[2025-07-13T17:01:09.179+0000] {processor.py:161} INFO - Started process (PID=1665) to work on /opt/airflow/dags/transform_worldbank.py
[2025-07-13T17:01:09.183+0000] {processor.py:830} INFO - Processing file /opt/airflow/dags/transform_worldbank.py for tasks to queue
[2025-07-13T17:01:09.186+0000] {logging_mixin.py:188} INFO - [2025-07-13T17:01:09.185+0000] {dagbag.py:538} INFO - Filling up the DagBag from /opt/airflow/dags/transform_worldbank.py
[2025-07-13T17:01:10.823+0000] {processor.py:842} WARNING - No viable dags retrieved from /opt/airflow/dags/transform_worldbank.py
[2025-07-13T17:01:10.894+0000] {processor.py:183} INFO - Processing /opt/airflow/dags/transform_worldbank.py took 1.723 seconds
[2025-07-13T17:01:41.429+0000] {processor.py:161} INFO - Started process (PID=1737) to work on /opt/airflow/dags/transform_worldbank.py
[2025-07-13T17:01:41.432+0000] {processor.py:830} INFO - Processing file /opt/airflow/dags/transform_worldbank.py for tasks to queue
[2025-07-13T17:01:41.436+0000] {logging_mixin.py:188} INFO - [2025-07-13T17:01:41.434+0000] {dagbag.py:538} INFO - Filling up the DagBag from /opt/airflow/dags/transform_worldbank.py
[2025-07-13T17:01:44.754+0000] {processor.py:842} WARNING - No viable dags retrieved from /opt/airflow/dags/transform_worldbank.py
[2025-07-13T17:01:44.916+0000] {processor.py:183} INFO - Processing /opt/airflow/dags/transform_worldbank.py took 3.499 seconds
[2025-07-13T17:02:15.916+0000] {processor.py:161} INFO - Started process (PID=1803) to work on /opt/airflow/dags/transform_worldbank.py
[2025-07-13T17:02:15.919+0000] {processor.py:830} INFO - Processing file /opt/airflow/dags/transform_worldbank.py for tasks to queue
[2025-07-13T17:02:15.923+0000] {logging_mixin.py:188} INFO - [2025-07-13T17:02:15.922+0000] {dagbag.py:538} INFO - Filling up the DagBag from /opt/airflow/dags/transform_worldbank.py
[2025-07-13T17:02:17.965+0000] {processor.py:842} WARNING - No viable dags retrieved from /opt/airflow/dags/transform_worldbank.py
[2025-07-13T17:02:17.998+0000] {processor.py:183} INFO - Processing /opt/airflow/dags/transform_worldbank.py took 2.093 seconds
[2025-07-13T17:02:49.240+0000] {processor.py:161} INFO - Started process (PID=1868) to work on /opt/airflow/dags/transform_worldbank.py
[2025-07-13T17:02:49.249+0000] {processor.py:830} INFO - Processing file /opt/airflow/dags/transform_worldbank.py for tasks to queue
[2025-07-13T17:02:49.260+0000] {logging_mixin.py:188} INFO - [2025-07-13T17:02:49.257+0000] {dagbag.py:538} INFO - Filling up the DagBag from /opt/airflow/dags/transform_worldbank.py
[2025-07-13T17:02:51.349+0000] {processor.py:842} WARNING - No viable dags retrieved from /opt/airflow/dags/transform_worldbank.py
[2025-07-13T17:02:51.426+0000] {processor.py:183} INFO - Processing /opt/airflow/dags/transform_worldbank.py took 2.219 seconds
[2025-07-13T17:03:21.630+0000] {processor.py:161} INFO - Started process (PID=1931) to work on /opt/airflow/dags/transform_worldbank.py
[2025-07-13T17:03:21.634+0000] {processor.py:830} INFO - Processing file /opt/airflow/dags/transform_worldbank.py for tasks to queue
[2025-07-13T17:03:21.637+0000] {logging_mixin.py:188} INFO - [2025-07-13T17:03:21.636+0000] {dagbag.py:538} INFO - Filling up the DagBag from /opt/airflow/dags/transform_worldbank.py
[2025-07-13T17:03:23.030+0000] {processor.py:842} WARNING - No viable dags retrieved from /opt/airflow/dags/transform_worldbank.py
[2025-07-13T17:03:23.065+0000] {processor.py:183} INFO - Processing /opt/airflow/dags/transform_worldbank.py took 1.441 seconds
[2025-07-13T17:03:53.286+0000] {processor.py:161} INFO - Started process (PID=1994) to work on /opt/airflow/dags/transform_worldbank.py
[2025-07-13T17:03:53.289+0000] {processor.py:830} INFO - Processing file /opt/airflow/dags/transform_worldbank.py for tasks to queue
[2025-07-13T17:03:53.293+0000] {logging_mixin.py:188} INFO - [2025-07-13T17:03:53.291+0000] {dagbag.py:538} INFO - Filling up the DagBag from /opt/airflow/dags/transform_worldbank.py
[2025-07-13T17:03:54.333+0000] {processor.py:842} WARNING - No viable dags retrieved from /opt/airflow/dags/transform_worldbank.py
[2025-07-13T17:03:54.375+0000] {processor.py:183} INFO - Processing /opt/airflow/dags/transform_worldbank.py took 1.098 seconds
[2025-07-13T17:04:25.095+0000] {processor.py:161} INFO - Started process (PID=2056) to work on /opt/airflow/dags/transform_worldbank.py
[2025-07-13T17:04:25.098+0000] {processor.py:830} INFO - Processing file /opt/airflow/dags/transform_worldbank.py for tasks to queue
[2025-07-13T17:04:25.101+0000] {logging_mixin.py:188} INFO - [2025-07-13T17:04:25.100+0000] {dagbag.py:538} INFO - Filling up the DagBag from /opt/airflow/dags/transform_worldbank.py
[2025-07-13T17:04:26.274+0000] {processor.py:842} WARNING - No viable dags retrieved from /opt/airflow/dags/transform_worldbank.py
[2025-07-13T17:04:26.316+0000] {processor.py:183} INFO - Processing /opt/airflow/dags/transform_worldbank.py took 1.236 seconds
[2025-07-13T17:04:57.032+0000] {processor.py:161} INFO - Started process (PID=2124) to work on /opt/airflow/dags/transform_worldbank.py
[2025-07-13T17:04:57.052+0000] {processor.py:830} INFO - Processing file /opt/airflow/dags/transform_worldbank.py for tasks to queue
[2025-07-13T17:04:57.056+0000] {logging_mixin.py:188} INFO - [2025-07-13T17:04:57.055+0000] {dagbag.py:538} INFO - Filling up the DagBag from /opt/airflow/dags/transform_worldbank.py
[2025-07-13T17:04:59.662+0000] {processor.py:842} WARNING - No viable dags retrieved from /opt/airflow/dags/transform_worldbank.py
[2025-07-13T17:04:59.694+0000] {processor.py:183} INFO - Processing /opt/airflow/dags/transform_worldbank.py took 2.702 seconds
[2025-07-13T17:05:30.227+0000] {processor.py:161} INFO - Started process (PID=2185) to work on /opt/airflow/dags/transform_worldbank.py
[2025-07-13T17:05:30.230+0000] {processor.py:830} INFO - Processing file /opt/airflow/dags/transform_worldbank.py for tasks to queue
[2025-07-13T17:05:30.234+0000] {logging_mixin.py:188} INFO - [2025-07-13T17:05:30.232+0000] {dagbag.py:538} INFO - Filling up the DagBag from /opt/airflow/dags/transform_worldbank.py
[2025-07-13T17:05:31.106+0000] {processor.py:842} WARNING - No viable dags retrieved from /opt/airflow/dags/transform_worldbank.py
[2025-07-13T17:05:31.144+0000] {processor.py:183} INFO - Processing /opt/airflow/dags/transform_worldbank.py took 0.947 seconds
[2025-07-13T17:06:01.500+0000] {processor.py:161} INFO - Started process (PID=2248) to work on /opt/airflow/dags/transform_worldbank.py
[2025-07-13T17:06:01.503+0000] {processor.py:830} INFO - Processing file /opt/airflow/dags/transform_worldbank.py for tasks to queue
[2025-07-13T17:06:01.506+0000] {logging_mixin.py:188} INFO - [2025-07-13T17:06:01.505+0000] {dagbag.py:538} INFO - Filling up the DagBag from /opt/airflow/dags/transform_worldbank.py
[2025-07-13T17:06:02.325+0000] {processor.py:842} WARNING - No viable dags retrieved from /opt/airflow/dags/transform_worldbank.py
[2025-07-13T17:06:02.357+0000] {processor.py:183} INFO - Processing /opt/airflow/dags/transform_worldbank.py took 0.864 seconds
[2025-07-13T17:06:32.583+0000] {processor.py:161} INFO - Started process (PID=2310) to work on /opt/airflow/dags/transform_worldbank.py
[2025-07-13T17:06:32.586+0000] {processor.py:830} INFO - Processing file /opt/airflow/dags/transform_worldbank.py for tasks to queue
[2025-07-13T17:06:32.588+0000] {logging_mixin.py:188} INFO - [2025-07-13T17:06:32.588+0000] {dagbag.py:538} INFO - Filling up the DagBag from /opt/airflow/dags/transform_worldbank.py
[2025-07-13T17:06:33.390+0000] {processor.py:842} WARNING - No viable dags retrieved from /opt/airflow/dags/transform_worldbank.py
[2025-07-13T17:06:33.864+0000] {processor.py:183} INFO - Processing /opt/airflow/dags/transform_worldbank.py took 1.288 seconds
[2025-07-13T17:07:04.409+0000] {processor.py:161} INFO - Started process (PID=2372) to work on /opt/airflow/dags/transform_worldbank.py
[2025-07-13T17:07:04.413+0000] {processor.py:830} INFO - Processing file /opt/airflow/dags/transform_worldbank.py for tasks to queue
[2025-07-13T17:07:04.417+0000] {logging_mixin.py:188} INFO - [2025-07-13T17:07:04.416+0000] {dagbag.py:538} INFO - Filling up the DagBag from /opt/airflow/dags/transform_worldbank.py
[2025-07-13T17:07:05.431+0000] {processor.py:842} WARNING - No viable dags retrieved from /opt/airflow/dags/transform_worldbank.py
[2025-07-13T17:07:05.464+0000] {processor.py:183} INFO - Processing /opt/airflow/dags/transform_worldbank.py took 1.064 seconds
[2025-07-13T17:07:40.294+0000] {processor.py:161} INFO - Started process (PID=2434) to work on /opt/airflow/dags/transform_worldbank.py
[2025-07-13T17:07:40.320+0000] {processor.py:830} INFO - Processing file /opt/airflow/dags/transform_worldbank.py for tasks to queue
[2025-07-13T17:07:40.353+0000] {logging_mixin.py:188} INFO - [2025-07-13T17:07:40.351+0000] {dagbag.py:538} INFO - Filling up the DagBag from /opt/airflow/dags/transform_worldbank.py
[2025-07-13T17:07:43.176+0000] {processor.py:842} WARNING - No viable dags retrieved from /opt/airflow/dags/transform_worldbank.py
[2025-07-13T17:07:43.214+0000] {processor.py:183} INFO - Processing /opt/airflow/dags/transform_worldbank.py took 2.938 seconds
[2025-07-13T17:08:14.653+0000] {processor.py:161} INFO - Started process (PID=2502) to work on /opt/airflow/dags/transform_worldbank.py
[2025-07-13T17:08:14.669+0000] {processor.py:830} INFO - Processing file /opt/airflow/dags/transform_worldbank.py for tasks to queue
[2025-07-13T17:08:14.680+0000] {logging_mixin.py:188} INFO - [2025-07-13T17:08:14.672+0000] {dagbag.py:538} INFO - Filling up the DagBag from /opt/airflow/dags/transform_worldbank.py
[2025-07-13T17:08:18.234+0000] {processor.py:842} WARNING - No viable dags retrieved from /opt/airflow/dags/transform_worldbank.py
[2025-07-13T17:08:19.211+0000] {processor.py:183} INFO - Processing /opt/airflow/dags/transform_worldbank.py took 4.573 seconds
[2025-07-13T17:08:50.724+0000] {processor.py:161} INFO - Started process (PID=2565) to work on /opt/airflow/dags/transform_worldbank.py
[2025-07-13T17:08:50.737+0000] {processor.py:830} INFO - Processing file /opt/airflow/dags/transform_worldbank.py for tasks to queue
[2025-07-13T17:08:50.741+0000] {logging_mixin.py:188} INFO - [2025-07-13T17:08:50.740+0000] {dagbag.py:538} INFO - Filling up the DagBag from /opt/airflow/dags/transform_worldbank.py
[2025-07-13T17:08:52.135+0000] {processor.py:842} WARNING - No viable dags retrieved from /opt/airflow/dags/transform_worldbank.py
[2025-07-13T17:08:52.315+0000] {processor.py:183} INFO - Processing /opt/airflow/dags/transform_worldbank.py took 1.602 seconds
[2025-07-13T17:09:23.871+0000] {processor.py:161} INFO - Started process (PID=2632) to work on /opt/airflow/dags/transform_worldbank.py
[2025-07-13T17:09:23.879+0000] {processor.py:830} INFO - Processing file /opt/airflow/dags/transform_worldbank.py for tasks to queue
[2025-07-13T17:09:23.890+0000] {logging_mixin.py:188} INFO - [2025-07-13T17:09:23.888+0000] {dagbag.py:538} INFO - Filling up the DagBag from /opt/airflow/dags/transform_worldbank.py
[2025-07-13T17:09:26.077+0000] {processor.py:842} WARNING - No viable dags retrieved from /opt/airflow/dags/transform_worldbank.py
[2025-07-13T17:09:26.114+0000] {processor.py:183} INFO - Processing /opt/airflow/dags/transform_worldbank.py took 2.267 seconds
[2025-07-13T17:09:56.538+0000] {processor.py:161} INFO - Started process (PID=2693) to work on /opt/airflow/dags/transform_worldbank.py
[2025-07-13T17:09:56.541+0000] {processor.py:830} INFO - Processing file /opt/airflow/dags/transform_worldbank.py for tasks to queue
[2025-07-13T17:09:56.546+0000] {logging_mixin.py:188} INFO - [2025-07-13T17:09:56.544+0000] {dagbag.py:538} INFO - Filling up the DagBag from /opt/airflow/dags/transform_worldbank.py
[2025-07-13T17:09:57.758+0000] {processor.py:842} WARNING - No viable dags retrieved from /opt/airflow/dags/transform_worldbank.py
[2025-07-13T17:09:58.183+0000] {processor.py:183} INFO - Processing /opt/airflow/dags/transform_worldbank.py took 1.657 seconds
[2025-07-13T17:10:28.477+0000] {processor.py:161} INFO - Started process (PID=2759) to work on /opt/airflow/dags/transform_worldbank.py
[2025-07-13T17:10:28.480+0000] {processor.py:830} INFO - Processing file /opt/airflow/dags/transform_worldbank.py for tasks to queue
[2025-07-13T17:10:28.482+0000] {logging_mixin.py:188} INFO - [2025-07-13T17:10:28.481+0000] {dagbag.py:538} INFO - Filling up the DagBag from /opt/airflow/dags/transform_worldbank.py
[2025-07-13T17:10:30.891+0000] {processor.py:842} WARNING - No viable dags retrieved from /opt/airflow/dags/transform_worldbank.py
[2025-07-13T17:10:30.923+0000] {processor.py:183} INFO - Processing /opt/airflow/dags/transform_worldbank.py took 2.458 seconds
[2025-07-13T17:11:02.567+0000] {processor.py:161} INFO - Started process (PID=2832) to work on /opt/airflow/dags/transform_worldbank.py
[2025-07-13T17:11:02.595+0000] {processor.py:830} INFO - Processing file /opt/airflow/dags/transform_worldbank.py for tasks to queue
[2025-07-13T17:11:02.613+0000] {logging_mixin.py:188} INFO - [2025-07-13T17:11:02.612+0000] {dagbag.py:538} INFO - Filling up the DagBag from /opt/airflow/dags/transform_worldbank.py
[2025-07-13T17:11:06.374+0000] {processor.py:842} WARNING - No viable dags retrieved from /opt/airflow/dags/transform_worldbank.py
[2025-07-13T17:11:06.637+0000] {processor.py:183} INFO - Processing /opt/airflow/dags/transform_worldbank.py took 4.096 seconds
[2025-07-13T17:11:37.097+0000] {processor.py:161} INFO - Started process (PID=2894) to work on /opt/airflow/dags/transform_worldbank.py
[2025-07-13T17:11:37.102+0000] {processor.py:830} INFO - Processing file /opt/airflow/dags/transform_worldbank.py for tasks to queue
[2025-07-13T17:11:37.107+0000] {logging_mixin.py:188} INFO - [2025-07-13T17:11:37.106+0000] {dagbag.py:538} INFO - Filling up the DagBag from /opt/airflow/dags/transform_worldbank.py
[2025-07-13T17:11:39.224+0000] {processor.py:842} WARNING - No viable dags retrieved from /opt/airflow/dags/transform_worldbank.py
[2025-07-13T17:11:39.305+0000] {processor.py:183} INFO - Processing /opt/airflow/dags/transform_worldbank.py took 2.223 seconds
[2025-07-13T17:12:10.782+0000] {processor.py:161} INFO - Started process (PID=2963) to work on /opt/airflow/dags/transform_worldbank.py
[2025-07-13T17:12:10.798+0000] {processor.py:830} INFO - Processing file /opt/airflow/dags/transform_worldbank.py for tasks to queue
[2025-07-13T17:12:10.802+0000] {logging_mixin.py:188} INFO - [2025-07-13T17:12:10.801+0000] {dagbag.py:538} INFO - Filling up the DagBag from /opt/airflow/dags/transform_worldbank.py
[2025-07-13T17:12:12.855+0000] {processor.py:842} WARNING - No viable dags retrieved from /opt/airflow/dags/transform_worldbank.py
[2025-07-13T17:12:13.011+0000] {processor.py:183} INFO - Processing /opt/airflow/dags/transform_worldbank.py took 2.254 seconds
[2025-07-13T17:12:44.417+0000] {processor.py:161} INFO - Started process (PID=3030) to work on /opt/airflow/dags/transform_worldbank.py
[2025-07-13T17:12:44.421+0000] {processor.py:830} INFO - Processing file /opt/airflow/dags/transform_worldbank.py for tasks to queue
[2025-07-13T17:12:44.426+0000] {logging_mixin.py:188} INFO - [2025-07-13T17:12:44.425+0000] {dagbag.py:538} INFO - Filling up the DagBag from /opt/airflow/dags/transform_worldbank.py
[2025-07-13T17:12:45.443+0000] {processor.py:842} WARNING - No viable dags retrieved from /opt/airflow/dags/transform_worldbank.py
[2025-07-13T17:12:45.484+0000] {processor.py:183} INFO - Processing /opt/airflow/dags/transform_worldbank.py took 1.092 seconds
[2025-07-13T17:13:16.319+0000] {processor.py:161} INFO - Started process (PID=3092) to work on /opt/airflow/dags/transform_worldbank.py
[2025-07-13T17:13:16.324+0000] {processor.py:830} INFO - Processing file /opt/airflow/dags/transform_worldbank.py for tasks to queue
[2025-07-13T17:13:16.330+0000] {logging_mixin.py:188} INFO - [2025-07-13T17:13:16.328+0000] {dagbag.py:538} INFO - Filling up the DagBag from /opt/airflow/dags/transform_worldbank.py
[2025-07-13T17:13:18.112+0000] {processor.py:842} WARNING - No viable dags retrieved from /opt/airflow/dags/transform_worldbank.py
[2025-07-13T17:13:18.156+0000] {processor.py:183} INFO - Processing /opt/airflow/dags/transform_worldbank.py took 1.857 seconds
[2025-07-13T17:13:48.403+0000] {processor.py:161} INFO - Started process (PID=3153) to work on /opt/airflow/dags/transform_worldbank.py
[2025-07-13T17:13:48.412+0000] {processor.py:830} INFO - Processing file /opt/airflow/dags/transform_worldbank.py for tasks to queue
[2025-07-13T17:13:48.424+0000] {logging_mixin.py:188} INFO - [2025-07-13T17:13:48.422+0000] {dagbag.py:538} INFO - Filling up the DagBag from /opt/airflow/dags/transform_worldbank.py
[2025-07-13T17:13:53.376+0000] {processor.py:842} WARNING - No viable dags retrieved from /opt/airflow/dags/transform_worldbank.py
[2025-07-13T17:13:53.460+0000] {processor.py:183} INFO - Processing /opt/airflow/dags/transform_worldbank.py took 5.085 seconds
[2025-07-13T17:14:24.457+0000] {processor.py:161} INFO - Started process (PID=3215) to work on /opt/airflow/dags/transform_worldbank.py
[2025-07-13T17:14:24.464+0000] {processor.py:830} INFO - Processing file /opt/airflow/dags/transform_worldbank.py for tasks to queue
[2025-07-13T17:14:24.472+0000] {logging_mixin.py:188} INFO - [2025-07-13T17:14:24.470+0000] {dagbag.py:538} INFO - Filling up the DagBag from /opt/airflow/dags/transform_worldbank.py
[2025-07-13T17:14:26.422+0000] {processor.py:842} WARNING - No viable dags retrieved from /opt/airflow/dags/transform_worldbank.py
[2025-07-13T17:14:26.467+0000] {processor.py:183} INFO - Processing /opt/airflow/dags/transform_worldbank.py took 2.020 seconds
[2025-07-13T17:14:56.832+0000] {processor.py:161} INFO - Started process (PID=3283) to work on /opt/airflow/dags/transform_worldbank.py
[2025-07-13T17:14:56.834+0000] {processor.py:830} INFO - Processing file /opt/airflow/dags/transform_worldbank.py for tasks to queue
[2025-07-13T17:14:56.837+0000] {logging_mixin.py:188} INFO - [2025-07-13T17:14:56.836+0000] {dagbag.py:538} INFO - Filling up the DagBag from /opt/airflow/dags/transform_worldbank.py
[2025-07-13T17:14:58.199+0000] {processor.py:842} WARNING - No viable dags retrieved from /opt/airflow/dags/transform_worldbank.py
[2025-07-13T17:14:58.648+0000] {processor.py:183} INFO - Processing /opt/airflow/dags/transform_worldbank.py took 1.823 seconds
[2025-07-13T17:15:29.328+0000] {processor.py:161} INFO - Started process (PID=3344) to work on /opt/airflow/dags/transform_worldbank.py
[2025-07-13T17:15:29.333+0000] {processor.py:830} INFO - Processing file /opt/airflow/dags/transform_worldbank.py for tasks to queue
[2025-07-13T17:15:29.341+0000] {logging_mixin.py:188} INFO - [2025-07-13T17:15:29.339+0000] {dagbag.py:538} INFO - Filling up the DagBag from /opt/airflow/dags/transform_worldbank.py
[2025-07-13T17:15:31.223+0000] {processor.py:842} WARNING - No viable dags retrieved from /opt/airflow/dags/transform_worldbank.py
[2025-07-13T17:15:31.531+0000] {processor.py:183} INFO - Processing /opt/airflow/dags/transform_worldbank.py took 2.213 seconds
[2025-07-13T17:16:02.423+0000] {processor.py:161} INFO - Started process (PID=3406) to work on /opt/airflow/dags/transform_worldbank.py
[2025-07-13T17:16:02.431+0000] {processor.py:830} INFO - Processing file /opt/airflow/dags/transform_worldbank.py for tasks to queue
[2025-07-13T17:16:02.435+0000] {logging_mixin.py:188} INFO - [2025-07-13T17:16:02.434+0000] {dagbag.py:538} INFO - Filling up the DagBag from /opt/airflow/dags/transform_worldbank.py
[2025-07-13T17:16:07.423+0000] {processor.py:842} WARNING - No viable dags retrieved from /opt/airflow/dags/transform_worldbank.py
[2025-07-13T17:16:07.484+0000] {processor.py:183} INFO - Processing /opt/airflow/dags/transform_worldbank.py took 5.093 seconds
