[2025-07-16T16:51:06.173+0000] {processor.py:161} INFO - Started process (PID=266) to work on /opt/airflow/dags/ingestion_covid.py
[2025-07-16T16:51:06.187+0000] {processor.py:830} INFO - Processing file /opt/airflow/dags/ingestion_covid.py for tasks to queue
[2025-07-16T16:51:06.193+0000] {logging_mixin.py:188} INFO - [2025-07-16T16:51:06.192+0000] {dagbag.py:538} INFO - Filling up the DagBag from /opt/airflow/dags/ingestion_covid.py
[2025-07-16T16:51:06.595+0000] {processor.py:842} WARNING - No viable dags retrieved from /opt/airflow/dags/ingestion_covid.py
[2025-07-16T16:51:06.678+0000] {processor.py:183} INFO - Processing /opt/airflow/dags/ingestion_covid.py took 0.513 seconds
[2025-07-16T16:51:38.465+0000] {processor.py:161} INFO - Started process (PID=326) to work on /opt/airflow/dags/ingestion_covid.py
[2025-07-16T16:51:38.469+0000] {processor.py:830} INFO - Processing file /opt/airflow/dags/ingestion_covid.py for tasks to queue
[2025-07-16T16:51:38.475+0000] {logging_mixin.py:188} INFO - [2025-07-16T16:51:38.474+0000] {dagbag.py:538} INFO - Filling up the DagBag from /opt/airflow/dags/ingestion_covid.py
[2025-07-16T16:51:38.756+0000] {processor.py:842} WARNING - No viable dags retrieved from /opt/airflow/dags/ingestion_covid.py
[2025-07-16T16:51:38.799+0000] {processor.py:183} INFO - Processing /opt/airflow/dags/ingestion_covid.py took 0.344 seconds
[2025-07-16T16:52:09.452+0000] {processor.py:161} INFO - Started process (PID=387) to work on /opt/airflow/dags/ingestion_covid.py
[2025-07-16T16:52:09.455+0000] {processor.py:830} INFO - Processing file /opt/airflow/dags/ingestion_covid.py for tasks to queue
[2025-07-16T16:52:09.458+0000] {logging_mixin.py:188} INFO - [2025-07-16T16:52:09.457+0000] {dagbag.py:538} INFO - Filling up the DagBag from /opt/airflow/dags/ingestion_covid.py
[2025-07-16T16:52:09.616+0000] {processor.py:842} WARNING - No viable dags retrieved from /opt/airflow/dags/ingestion_covid.py
[2025-07-16T16:52:09.657+0000] {processor.py:183} INFO - Processing /opt/airflow/dags/ingestion_covid.py took 0.212 seconds
[2025-07-16T16:52:41.043+0000] {processor.py:161} INFO - Started process (PID=443) to work on /opt/airflow/dags/ingestion_covid.py
[2025-07-16T16:52:41.046+0000] {processor.py:830} INFO - Processing file /opt/airflow/dags/ingestion_covid.py for tasks to queue
[2025-07-16T16:52:41.049+0000] {logging_mixin.py:188} INFO - [2025-07-16T16:52:41.048+0000] {dagbag.py:538} INFO - Filling up the DagBag from /opt/airflow/dags/ingestion_covid.py
[2025-07-16T16:52:41.329+0000] {processor.py:842} WARNING - No viable dags retrieved from /opt/airflow/dags/ingestion_covid.py
[2025-07-16T16:52:41.401+0000] {processor.py:183} INFO - Processing /opt/airflow/dags/ingestion_covid.py took 0.366 seconds
[2025-07-16T16:53:12.983+0000] {processor.py:161} INFO - Started process (PID=507) to work on /opt/airflow/dags/ingestion_covid.py
[2025-07-16T16:53:12.986+0000] {processor.py:830} INFO - Processing file /opt/airflow/dags/ingestion_covid.py for tasks to queue
[2025-07-16T16:53:12.988+0000] {logging_mixin.py:188} INFO - [2025-07-16T16:53:12.987+0000] {dagbag.py:538} INFO - Filling up the DagBag from /opt/airflow/dags/ingestion_covid.py
[2025-07-16T16:53:13.467+0000] {processor.py:842} WARNING - No viable dags retrieved from /opt/airflow/dags/ingestion_covid.py
[2025-07-16T16:53:13.522+0000] {processor.py:183} INFO - Processing /opt/airflow/dags/ingestion_covid.py took 0.546 seconds
[2025-07-16T16:53:46.791+0000] {processor.py:161} INFO - Started process (PID=579) to work on /opt/airflow/dags/ingestion_covid.py
[2025-07-16T16:53:46.796+0000] {processor.py:830} INFO - Processing file /opt/airflow/dags/ingestion_covid.py for tasks to queue
[2025-07-16T16:53:46.810+0000] {logging_mixin.py:188} INFO - [2025-07-16T16:53:46.808+0000] {dagbag.py:538} INFO - Filling up the DagBag from /opt/airflow/dags/ingestion_covid.py
[2025-07-16T16:53:47.181+0000] {processor.py:842} WARNING - No viable dags retrieved from /opt/airflow/dags/ingestion_covid.py
[2025-07-16T16:53:47.233+0000] {processor.py:183} INFO - Processing /opt/airflow/dags/ingestion_covid.py took 0.458 seconds
[2025-07-16T16:54:22.101+0000] {processor.py:161} INFO - Started process (PID=641) to work on /opt/airflow/dags/ingestion_covid.py
[2025-07-16T16:54:22.106+0000] {processor.py:830} INFO - Processing file /opt/airflow/dags/ingestion_covid.py for tasks to queue
[2025-07-16T16:54:22.113+0000] {logging_mixin.py:188} INFO - [2025-07-16T16:54:22.112+0000] {dagbag.py:538} INFO - Filling up the DagBag from /opt/airflow/dags/ingestion_covid.py
[2025-07-16T16:54:22.555+0000] {processor.py:842} WARNING - No viable dags retrieved from /opt/airflow/dags/ingestion_covid.py
[2025-07-16T16:54:22.681+0000] {processor.py:183} INFO - Processing /opt/airflow/dags/ingestion_covid.py took 0.598 seconds
[2025-07-16T16:54:55.913+0000] {processor.py:161} INFO - Started process (PID=700) to work on /opt/airflow/dags/ingestion_covid.py
[2025-07-16T16:54:55.916+0000] {processor.py:830} INFO - Processing file /opt/airflow/dags/ingestion_covid.py for tasks to queue
[2025-07-16T16:54:55.920+0000] {logging_mixin.py:188} INFO - [2025-07-16T16:54:55.919+0000] {dagbag.py:538} INFO - Filling up the DagBag from /opt/airflow/dags/ingestion_covid.py
[2025-07-16T16:54:56.240+0000] {processor.py:842} WARNING - No viable dags retrieved from /opt/airflow/dags/ingestion_covid.py
[2025-07-16T16:54:56.352+0000] {processor.py:183} INFO - Processing /opt/airflow/dags/ingestion_covid.py took 0.451 seconds
[2025-07-16T16:55:30.145+0000] {processor.py:161} INFO - Started process (PID=767) to work on /opt/airflow/dags/ingestion_covid.py
[2025-07-16T16:55:30.147+0000] {processor.py:830} INFO - Processing file /opt/airflow/dags/ingestion_covid.py for tasks to queue
[2025-07-16T16:55:30.149+0000] {logging_mixin.py:188} INFO - [2025-07-16T16:55:30.149+0000] {dagbag.py:538} INFO - Filling up the DagBag from /opt/airflow/dags/ingestion_covid.py
[2025-07-16T16:55:30.339+0000] {processor.py:842} WARNING - No viable dags retrieved from /opt/airflow/dags/ingestion_covid.py
[2025-07-16T16:55:30.378+0000] {processor.py:183} INFO - Processing /opt/airflow/dags/ingestion_covid.py took 0.240 seconds
[2025-07-16T16:56:07.530+0000] {processor.py:161} INFO - Started process (PID=833) to work on /opt/airflow/dags/ingestion_covid.py
[2025-07-16T16:56:07.534+0000] {processor.py:830} INFO - Processing file /opt/airflow/dags/ingestion_covid.py for tasks to queue
[2025-07-16T16:56:07.539+0000] {logging_mixin.py:188} INFO - [2025-07-16T16:56:07.537+0000] {dagbag.py:538} INFO - Filling up the DagBag from /opt/airflow/dags/ingestion_covid.py
[2025-07-16T16:56:08.105+0000] {processor.py:842} WARNING - No viable dags retrieved from /opt/airflow/dags/ingestion_covid.py
[2025-07-16T16:56:08.147+0000] {processor.py:183} INFO - Processing /opt/airflow/dags/ingestion_covid.py took 0.627 seconds
[2025-07-16T16:56:40.069+0000] {processor.py:161} INFO - Started process (PID=895) to work on /opt/airflow/dags/ingestion_covid.py
[2025-07-16T16:56:40.073+0000] {processor.py:830} INFO - Processing file /opt/airflow/dags/ingestion_covid.py for tasks to queue
[2025-07-16T16:56:40.079+0000] {logging_mixin.py:188} INFO - [2025-07-16T16:56:40.077+0000] {dagbag.py:538} INFO - Filling up the DagBag from /opt/airflow/dags/ingestion_covid.py
[2025-07-16T16:56:40.499+0000] {processor.py:842} WARNING - No viable dags retrieved from /opt/airflow/dags/ingestion_covid.py
[2025-07-16T16:56:40.549+0000] {processor.py:183} INFO - Processing /opt/airflow/dags/ingestion_covid.py took 0.499 seconds
[2025-07-16T16:57:11.075+0000] {processor.py:161} INFO - Started process (PID=959) to work on /opt/airflow/dags/ingestion_covid.py
[2025-07-16T16:57:11.078+0000] {processor.py:830} INFO - Processing file /opt/airflow/dags/ingestion_covid.py for tasks to queue
[2025-07-16T16:57:11.082+0000] {logging_mixin.py:188} INFO - [2025-07-16T16:57:11.081+0000] {dagbag.py:538} INFO - Filling up the DagBag from /opt/airflow/dags/ingestion_covid.py
[2025-07-16T16:57:11.279+0000] {processor.py:842} WARNING - No viable dags retrieved from /opt/airflow/dags/ingestion_covid.py
[2025-07-16T16:57:11.322+0000] {processor.py:183} INFO - Processing /opt/airflow/dags/ingestion_covid.py took 0.258 seconds
[2025-07-16T16:57:41.771+0000] {processor.py:161} INFO - Started process (PID=1015) to work on /opt/airflow/dags/ingestion_covid.py
[2025-07-16T16:57:41.776+0000] {processor.py:830} INFO - Processing file /opt/airflow/dags/ingestion_covid.py for tasks to queue
[2025-07-16T16:57:41.780+0000] {logging_mixin.py:188} INFO - [2025-07-16T16:57:41.779+0000] {dagbag.py:538} INFO - Filling up the DagBag from /opt/airflow/dags/ingestion_covid.py
[2025-07-16T16:57:42.083+0000] {processor.py:842} WARNING - No viable dags retrieved from /opt/airflow/dags/ingestion_covid.py
[2025-07-16T16:57:42.133+0000] {processor.py:183} INFO - Processing /opt/airflow/dags/ingestion_covid.py took 0.373 seconds
[2025-07-16T16:58:12.799+0000] {processor.py:161} INFO - Started process (PID=1077) to work on /opt/airflow/dags/ingestion_covid.py
[2025-07-16T16:58:12.803+0000] {processor.py:830} INFO - Processing file /opt/airflow/dags/ingestion_covid.py for tasks to queue
[2025-07-16T16:58:12.808+0000] {logging_mixin.py:188} INFO - [2025-07-16T16:58:12.807+0000] {dagbag.py:538} INFO - Filling up the DagBag from /opt/airflow/dags/ingestion_covid.py
[2025-07-16T16:58:13.075+0000] {processor.py:842} WARNING - No viable dags retrieved from /opt/airflow/dags/ingestion_covid.py
[2025-07-16T16:58:13.147+0000] {processor.py:183} INFO - Processing /opt/airflow/dags/ingestion_covid.py took 0.362 seconds
[2025-07-16T16:58:44.190+0000] {processor.py:161} INFO - Started process (PID=1134) to work on /opt/airflow/dags/ingestion_covid.py
[2025-07-16T16:58:44.200+0000] {processor.py:830} INFO - Processing file /opt/airflow/dags/ingestion_covid.py for tasks to queue
[2025-07-16T16:58:44.215+0000] {logging_mixin.py:188} INFO - [2025-07-16T16:58:44.214+0000] {dagbag.py:538} INFO - Filling up the DagBag from /opt/airflow/dags/ingestion_covid.py
[2025-07-16T16:58:45.020+0000] {processor.py:842} WARNING - No viable dags retrieved from /opt/airflow/dags/ingestion_covid.py
[2025-07-16T16:58:45.325+0000] {processor.py:183} INFO - Processing /opt/airflow/dags/ingestion_covid.py took 1.153 seconds
[2025-07-16T16:59:16.110+0000] {processor.py:161} INFO - Started process (PID=1194) to work on /opt/airflow/dags/ingestion_covid.py
[2025-07-16T16:59:16.135+0000] {processor.py:830} INFO - Processing file /opt/airflow/dags/ingestion_covid.py for tasks to queue
[2025-07-16T16:59:16.141+0000] {logging_mixin.py:188} INFO - [2025-07-16T16:59:16.139+0000] {dagbag.py:538} INFO - Filling up the DagBag from /opt/airflow/dags/ingestion_covid.py
[2025-07-16T16:59:16.921+0000] {processor.py:842} WARNING - No viable dags retrieved from /opt/airflow/dags/ingestion_covid.py
[2025-07-16T16:59:17.026+0000] {processor.py:183} INFO - Processing /opt/airflow/dags/ingestion_covid.py took 0.938 seconds
[2025-07-16T16:59:47.460+0000] {processor.py:161} INFO - Started process (PID=1258) to work on /opt/airflow/dags/ingestion_covid.py
[2025-07-16T16:59:47.463+0000] {processor.py:830} INFO - Processing file /opt/airflow/dags/ingestion_covid.py for tasks to queue
[2025-07-16T16:59:47.466+0000] {logging_mixin.py:188} INFO - [2025-07-16T16:59:47.465+0000] {dagbag.py:538} INFO - Filling up the DagBag from /opt/airflow/dags/ingestion_covid.py
[2025-07-16T16:59:47.639+0000] {processor.py:842} WARNING - No viable dags retrieved from /opt/airflow/dags/ingestion_covid.py
[2025-07-16T16:59:47.671+0000] {processor.py:183} INFO - Processing /opt/airflow/dags/ingestion_covid.py took 0.221 seconds
[2025-07-16T17:00:18.085+0000] {processor.py:161} INFO - Started process (PID=1321) to work on /opt/airflow/dags/ingestion_covid.py
[2025-07-16T17:00:18.088+0000] {processor.py:830} INFO - Processing file /opt/airflow/dags/ingestion_covid.py for tasks to queue
[2025-07-16T17:00:18.091+0000] {logging_mixin.py:188} INFO - [2025-07-16T17:00:18.090+0000] {dagbag.py:538} INFO - Filling up the DagBag from /opt/airflow/dags/ingestion_covid.py
[2025-07-16T17:00:18.299+0000] {processor.py:842} WARNING - No viable dags retrieved from /opt/airflow/dags/ingestion_covid.py
[2025-07-16T17:00:18.340+0000] {processor.py:183} INFO - Processing /opt/airflow/dags/ingestion_covid.py took 0.263 seconds
[2025-07-16T17:00:48.995+0000] {processor.py:161} INFO - Started process (PID=1388) to work on /opt/airflow/dags/ingestion_covid.py
[2025-07-16T17:00:49.002+0000] {processor.py:830} INFO - Processing file /opt/airflow/dags/ingestion_covid.py for tasks to queue
[2025-07-16T17:00:49.008+0000] {logging_mixin.py:188} INFO - [2025-07-16T17:00:49.006+0000] {dagbag.py:538} INFO - Filling up the DagBag from /opt/airflow/dags/ingestion_covid.py
[2025-07-16T17:00:49.381+0000] {processor.py:842} WARNING - No viable dags retrieved from /opt/airflow/dags/ingestion_covid.py
[2025-07-16T17:00:49.430+0000] {processor.py:183} INFO - Processing /opt/airflow/dags/ingestion_covid.py took 0.453 seconds
[2025-07-16T17:01:20.040+0000] {processor.py:161} INFO - Started process (PID=1450) to work on /opt/airflow/dags/ingestion_covid.py
[2025-07-16T17:01:20.044+0000] {processor.py:830} INFO - Processing file /opt/airflow/dags/ingestion_covid.py for tasks to queue
[2025-07-16T17:01:20.047+0000] {logging_mixin.py:188} INFO - [2025-07-16T17:01:20.046+0000] {dagbag.py:538} INFO - Filling up the DagBag from /opt/airflow/dags/ingestion_covid.py
[2025-07-16T17:01:20.330+0000] {processor.py:842} WARNING - No viable dags retrieved from /opt/airflow/dags/ingestion_covid.py
[2025-07-16T17:01:20.377+0000] {processor.py:183} INFO - Processing /opt/airflow/dags/ingestion_covid.py took 0.351 seconds
[2025-07-16T17:01:50.978+0000] {processor.py:161} INFO - Started process (PID=1512) to work on /opt/airflow/dags/ingestion_covid.py
[2025-07-16T17:01:50.982+0000] {processor.py:830} INFO - Processing file /opt/airflow/dags/ingestion_covid.py for tasks to queue
[2025-07-16T17:01:50.985+0000] {logging_mixin.py:188} INFO - [2025-07-16T17:01:50.985+0000] {dagbag.py:538} INFO - Filling up the DagBag from /opt/airflow/dags/ingestion_covid.py
[2025-07-16T17:01:51.178+0000] {processor.py:842} WARNING - No viable dags retrieved from /opt/airflow/dags/ingestion_covid.py
[2025-07-16T17:01:51.218+0000] {processor.py:183} INFO - Processing /opt/airflow/dags/ingestion_covid.py took 0.251 seconds
[2025-07-16T17:02:21.448+0000] {processor.py:161} INFO - Started process (PID=1574) to work on /opt/airflow/dags/ingestion_covid.py
[2025-07-16T17:02:21.452+0000] {processor.py:830} INFO - Processing file /opt/airflow/dags/ingestion_covid.py for tasks to queue
[2025-07-16T17:02:21.459+0000] {logging_mixin.py:188} INFO - [2025-07-16T17:02:21.457+0000] {dagbag.py:538} INFO - Filling up the DagBag from /opt/airflow/dags/ingestion_covid.py
[2025-07-16T17:02:21.694+0000] {processor.py:842} WARNING - No viable dags retrieved from /opt/airflow/dags/ingestion_covid.py
[2025-07-16T17:02:21.743+0000] {processor.py:183} INFO - Processing /opt/airflow/dags/ingestion_covid.py took 0.309 seconds
[2025-07-16T17:02:52.666+0000] {processor.py:161} INFO - Started process (PID=1636) to work on /opt/airflow/dags/ingestion_covid.py
[2025-07-16T17:02:52.670+0000] {processor.py:830} INFO - Processing file /opt/airflow/dags/ingestion_covid.py for tasks to queue
[2025-07-16T17:02:52.674+0000] {logging_mixin.py:188} INFO - [2025-07-16T17:02:52.672+0000] {dagbag.py:538} INFO - Filling up the DagBag from /opt/airflow/dags/ingestion_covid.py
[2025-07-16T17:02:52.891+0000] {processor.py:842} WARNING - No viable dags retrieved from /opt/airflow/dags/ingestion_covid.py
[2025-07-16T17:02:52.938+0000] {processor.py:183} INFO - Processing /opt/airflow/dags/ingestion_covid.py took 0.285 seconds
[2025-07-16T17:03:23.180+0000] {processor.py:161} INFO - Started process (PID=1694) to work on /opt/airflow/dags/ingestion_covid.py
[2025-07-16T17:03:23.183+0000] {processor.py:830} INFO - Processing file /opt/airflow/dags/ingestion_covid.py for tasks to queue
[2025-07-16T17:03:23.187+0000] {logging_mixin.py:188} INFO - [2025-07-16T17:03:23.186+0000] {dagbag.py:538} INFO - Filling up the DagBag from /opt/airflow/dags/ingestion_covid.py
[2025-07-16T17:03:23.547+0000] {processor.py:842} WARNING - No viable dags retrieved from /opt/airflow/dags/ingestion_covid.py
[2025-07-16T17:03:23.587+0000] {processor.py:183} INFO - Processing /opt/airflow/dags/ingestion_covid.py took 0.416 seconds
[2025-07-16T17:03:55.743+0000] {processor.py:161} INFO - Started process (PID=1754) to work on /opt/airflow/dags/ingestion_covid.py
[2025-07-16T17:03:55.755+0000] {processor.py:830} INFO - Processing file /opt/airflow/dags/ingestion_covid.py for tasks to queue
[2025-07-16T17:03:55.763+0000] {logging_mixin.py:188} INFO - [2025-07-16T17:03:55.762+0000] {dagbag.py:538} INFO - Filling up the DagBag from /opt/airflow/dags/ingestion_covid.py
[2025-07-16T17:03:56.740+0000] {processor.py:842} WARNING - No viable dags retrieved from /opt/airflow/dags/ingestion_covid.py
[2025-07-16T17:03:56.875+0000] {processor.py:183} INFO - Processing /opt/airflow/dags/ingestion_covid.py took 1.152 seconds
[2025-07-16T17:04:27.316+0000] {processor.py:161} INFO - Started process (PID=1818) to work on /opt/airflow/dags/ingestion_covid.py
[2025-07-16T17:04:27.319+0000] {processor.py:830} INFO - Processing file /opt/airflow/dags/ingestion_covid.py for tasks to queue
[2025-07-16T17:04:27.322+0000] {logging_mixin.py:188} INFO - [2025-07-16T17:04:27.321+0000] {dagbag.py:538} INFO - Filling up the DagBag from /opt/airflow/dags/ingestion_covid.py
[2025-07-16T17:04:27.474+0000] {processor.py:842} WARNING - No viable dags retrieved from /opt/airflow/dags/ingestion_covid.py
[2025-07-16T17:04:27.512+0000] {processor.py:183} INFO - Processing /opt/airflow/dags/ingestion_covid.py took 0.202 seconds
[2025-07-16T17:04:57.932+0000] {processor.py:161} INFO - Started process (PID=1881) to work on /opt/airflow/dags/ingestion_covid.py
[2025-07-16T17:04:57.940+0000] {processor.py:830} INFO - Processing file /opt/airflow/dags/ingestion_covid.py for tasks to queue
[2025-07-16T17:04:57.944+0000] {logging_mixin.py:188} INFO - [2025-07-16T17:04:57.943+0000] {dagbag.py:538} INFO - Filling up the DagBag from /opt/airflow/dags/ingestion_covid.py
[2025-07-16T17:04:58.163+0000] {processor.py:842} WARNING - No viable dags retrieved from /opt/airflow/dags/ingestion_covid.py
[2025-07-16T17:04:58.203+0000] {processor.py:183} INFO - Processing /opt/airflow/dags/ingestion_covid.py took 0.278 seconds
[2025-07-16T17:05:29.140+0000] {processor.py:161} INFO - Started process (PID=1945) to work on /opt/airflow/dags/ingestion_covid.py
[2025-07-16T17:05:29.145+0000] {processor.py:830} INFO - Processing file /opt/airflow/dags/ingestion_covid.py for tasks to queue
[2025-07-16T17:05:29.151+0000] {logging_mixin.py:188} INFO - [2025-07-16T17:05:29.149+0000] {dagbag.py:538} INFO - Filling up the DagBag from /opt/airflow/dags/ingestion_covid.py
[2025-07-16T17:05:29.419+0000] {processor.py:842} WARNING - No viable dags retrieved from /opt/airflow/dags/ingestion_covid.py
[2025-07-16T17:05:29.467+0000] {processor.py:183} INFO - Processing /opt/airflow/dags/ingestion_covid.py took 0.339 seconds
[2025-07-16T17:06:00.328+0000] {processor.py:161} INFO - Started process (PID=2010) to work on /opt/airflow/dags/ingestion_covid.py
[2025-07-16T17:06:00.341+0000] {processor.py:830} INFO - Processing file /opt/airflow/dags/ingestion_covid.py for tasks to queue
[2025-07-16T17:06:00.347+0000] {logging_mixin.py:188} INFO - [2025-07-16T17:06:00.345+0000] {dagbag.py:538} INFO - Filling up the DagBag from /opt/airflow/dags/ingestion_covid.py
[2025-07-16T17:06:00.637+0000] {processor.py:842} WARNING - No viable dags retrieved from /opt/airflow/dags/ingestion_covid.py
[2025-07-16T17:06:00.674+0000] {processor.py:183} INFO - Processing /opt/airflow/dags/ingestion_covid.py took 0.364 seconds
[2025-07-16T17:06:31.230+0000] {processor.py:161} INFO - Started process (PID=2071) to work on /opt/airflow/dags/ingestion_covid.py
[2025-07-16T17:06:31.234+0000] {processor.py:830} INFO - Processing file /opt/airflow/dags/ingestion_covid.py for tasks to queue
[2025-07-16T17:06:31.240+0000] {logging_mixin.py:188} INFO - [2025-07-16T17:06:31.239+0000] {dagbag.py:538} INFO - Filling up the DagBag from /opt/airflow/dags/ingestion_covid.py
[2025-07-16T17:06:31.508+0000] {processor.py:842} WARNING - No viable dags retrieved from /opt/airflow/dags/ingestion_covid.py
[2025-07-16T17:06:31.558+0000] {processor.py:183} INFO - Processing /opt/airflow/dags/ingestion_covid.py took 0.342 seconds
[2025-07-16T17:07:01.889+0000] {processor.py:161} INFO - Started process (PID=2134) to work on /opt/airflow/dags/ingestion_covid.py
[2025-07-16T17:07:01.892+0000] {processor.py:830} INFO - Processing file /opt/airflow/dags/ingestion_covid.py for tasks to queue
[2025-07-16T17:07:01.895+0000] {logging_mixin.py:188} INFO - [2025-07-16T17:07:01.894+0000] {dagbag.py:538} INFO - Filling up the DagBag from /opt/airflow/dags/ingestion_covid.py
[2025-07-16T17:07:02.163+0000] {processor.py:842} WARNING - No viable dags retrieved from /opt/airflow/dags/ingestion_covid.py
[2025-07-16T17:07:02.192+0000] {processor.py:183} INFO - Processing /opt/airflow/dags/ingestion_covid.py took 0.311 seconds
[2025-07-16T17:07:33.177+0000] {processor.py:161} INFO - Started process (PID=2202) to work on /opt/airflow/dags/ingestion_covid.py
[2025-07-16T17:07:33.186+0000] {processor.py:830} INFO - Processing file /opt/airflow/dags/ingestion_covid.py for tasks to queue
[2025-07-16T17:07:33.190+0000] {logging_mixin.py:188} INFO - [2025-07-16T17:07:33.189+0000] {dagbag.py:538} INFO - Filling up the DagBag from /opt/airflow/dags/ingestion_covid.py
[2025-07-16T17:07:34.119+0000] {processor.py:842} WARNING - No viable dags retrieved from /opt/airflow/dags/ingestion_covid.py
[2025-07-16T17:07:34.148+0000] {processor.py:183} INFO - Processing /opt/airflow/dags/ingestion_covid.py took 0.984 seconds
[2025-07-16T17:08:04.360+0000] {processor.py:161} INFO - Started process (PID=2264) to work on /opt/airflow/dags/ingestion_covid.py
[2025-07-16T17:08:04.363+0000] {processor.py:830} INFO - Processing file /opt/airflow/dags/ingestion_covid.py for tasks to queue
[2025-07-16T17:08:04.367+0000] {logging_mixin.py:188} INFO - [2025-07-16T17:08:04.366+0000] {dagbag.py:538} INFO - Filling up the DagBag from /opt/airflow/dags/ingestion_covid.py
[2025-07-16T17:08:04.558+0000] {processor.py:842} WARNING - No viable dags retrieved from /opt/airflow/dags/ingestion_covid.py
[2025-07-16T17:08:04.600+0000] {processor.py:183} INFO - Processing /opt/airflow/dags/ingestion_covid.py took 0.249 seconds
[2025-07-16T17:08:35.016+0000] {processor.py:161} INFO - Started process (PID=2325) to work on /opt/airflow/dags/ingestion_covid.py
[2025-07-16T17:08:35.022+0000] {processor.py:830} INFO - Processing file /opt/airflow/dags/ingestion_covid.py for tasks to queue
[2025-07-16T17:08:35.027+0000] {logging_mixin.py:188} INFO - [2025-07-16T17:08:35.025+0000] {dagbag.py:538} INFO - Filling up the DagBag from /opt/airflow/dags/ingestion_covid.py
[2025-07-16T17:08:35.300+0000] {processor.py:842} WARNING - No viable dags retrieved from /opt/airflow/dags/ingestion_covid.py
[2025-07-16T17:08:35.338+0000] {processor.py:183} INFO - Processing /opt/airflow/dags/ingestion_covid.py took 0.334 seconds
[2025-07-16T17:09:05.689+0000] {processor.py:161} INFO - Started process (PID=2389) to work on /opt/airflow/dags/ingestion_covid.py
[2025-07-16T17:09:05.692+0000] {processor.py:830} INFO - Processing file /opt/airflow/dags/ingestion_covid.py for tasks to queue
[2025-07-16T17:09:05.696+0000] {logging_mixin.py:188} INFO - [2025-07-16T17:09:05.695+0000] {dagbag.py:538} INFO - Filling up the DagBag from /opt/airflow/dags/ingestion_covid.py
[2025-07-16T17:09:05.862+0000] {processor.py:842} WARNING - No viable dags retrieved from /opt/airflow/dags/ingestion_covid.py
[2025-07-16T17:09:05.900+0000] {processor.py:183} INFO - Processing /opt/airflow/dags/ingestion_covid.py took 0.222 seconds
[2025-07-16T17:09:36.425+0000] {processor.py:161} INFO - Started process (PID=2451) to work on /opt/airflow/dags/ingestion_covid.py
[2025-07-16T17:09:36.440+0000] {processor.py:830} INFO - Processing file /opt/airflow/dags/ingestion_covid.py for tasks to queue
[2025-07-16T17:09:36.445+0000] {logging_mixin.py:188} INFO - [2025-07-16T17:09:36.443+0000] {dagbag.py:538} INFO - Filling up the DagBag from /opt/airflow/dags/ingestion_covid.py
[2025-07-16T17:09:36.671+0000] {processor.py:842} WARNING - No viable dags retrieved from /opt/airflow/dags/ingestion_covid.py
[2025-07-16T17:09:36.705+0000] {processor.py:183} INFO - Processing /opt/airflow/dags/ingestion_covid.py took 0.294 seconds
[2025-07-16T17:10:07.220+0000] {processor.py:161} INFO - Started process (PID=2514) to work on /opt/airflow/dags/ingestion_covid.py
[2025-07-16T17:10:07.224+0000] {processor.py:830} INFO - Processing file /opt/airflow/dags/ingestion_covid.py for tasks to queue
[2025-07-16T17:10:07.228+0000] {logging_mixin.py:188} INFO - [2025-07-16T17:10:07.226+0000] {dagbag.py:538} INFO - Filling up the DagBag from /opt/airflow/dags/ingestion_covid.py
[2025-07-16T17:10:07.427+0000] {processor.py:842} WARNING - No viable dags retrieved from /opt/airflow/dags/ingestion_covid.py
[2025-07-16T17:10:07.475+0000] {processor.py:183} INFO - Processing /opt/airflow/dags/ingestion_covid.py took 0.265 seconds
[2025-07-16T17:10:37.911+0000] {processor.py:161} INFO - Started process (PID=2576) to work on /opt/airflow/dags/ingestion_covid.py
[2025-07-16T17:10:37.915+0000] {processor.py:830} INFO - Processing file /opt/airflow/dags/ingestion_covid.py for tasks to queue
[2025-07-16T17:10:37.918+0000] {logging_mixin.py:188} INFO - [2025-07-16T17:10:37.917+0000] {dagbag.py:538} INFO - Filling up the DagBag from /opt/airflow/dags/ingestion_covid.py
[2025-07-16T17:10:38.086+0000] {processor.py:842} WARNING - No viable dags retrieved from /opt/airflow/dags/ingestion_covid.py
[2025-07-16T17:10:38.115+0000] {processor.py:183} INFO - Processing /opt/airflow/dags/ingestion_covid.py took 0.214 seconds
[2025-07-16T17:11:08.794+0000] {processor.py:161} INFO - Started process (PID=2636) to work on /opt/airflow/dags/ingestion_covid.py
[2025-07-16T17:11:08.797+0000] {processor.py:830} INFO - Processing file /opt/airflow/dags/ingestion_covid.py for tasks to queue
[2025-07-16T17:11:08.800+0000] {logging_mixin.py:188} INFO - [2025-07-16T17:11:08.800+0000] {dagbag.py:538} INFO - Filling up the DagBag from /opt/airflow/dags/ingestion_covid.py
[2025-07-16T17:11:09.142+0000] {processor.py:842} WARNING - No viable dags retrieved from /opt/airflow/dags/ingestion_covid.py
[2025-07-16T17:11:09.207+0000] {processor.py:183} INFO - Processing /opt/airflow/dags/ingestion_covid.py took 0.419 seconds
[2025-07-16T17:11:40.077+0000] {processor.py:161} INFO - Started process (PID=2694) to work on /opt/airflow/dags/ingestion_covid.py
[2025-07-16T17:11:40.082+0000] {processor.py:830} INFO - Processing file /opt/airflow/dags/ingestion_covid.py for tasks to queue
[2025-07-16T17:11:40.086+0000] {logging_mixin.py:188} INFO - [2025-07-16T17:11:40.085+0000] {dagbag.py:538} INFO - Filling up the DagBag from /opt/airflow/dags/ingestion_covid.py
[2025-07-16T17:11:40.388+0000] {processor.py:842} WARNING - No viable dags retrieved from /opt/airflow/dags/ingestion_covid.py
[2025-07-16T17:11:40.428+0000] {processor.py:183} INFO - Processing /opt/airflow/dags/ingestion_covid.py took 0.361 seconds
[2025-07-16T17:12:10.584+0000] {processor.py:161} INFO - Started process (PID=2757) to work on /opt/airflow/dags/ingestion_covid.py
[2025-07-16T17:12:10.586+0000] {processor.py:830} INFO - Processing file /opt/airflow/dags/ingestion_covid.py for tasks to queue
[2025-07-16T17:12:10.589+0000] {logging_mixin.py:188} INFO - [2025-07-16T17:12:10.588+0000] {dagbag.py:538} INFO - Filling up the DagBag from /opt/airflow/dags/ingestion_covid.py
[2025-07-16T17:12:10.756+0000] {processor.py:842} WARNING - No viable dags retrieved from /opt/airflow/dags/ingestion_covid.py
[2025-07-16T17:12:10.799+0000] {processor.py:183} INFO - Processing /opt/airflow/dags/ingestion_covid.py took 0.221 seconds
[2025-07-16T17:12:42.643+0000] {processor.py:161} INFO - Started process (PID=2818) to work on /opt/airflow/dags/ingestion_covid.py
[2025-07-16T17:12:42.646+0000] {processor.py:830} INFO - Processing file /opt/airflow/dags/ingestion_covid.py for tasks to queue
[2025-07-16T17:12:42.652+0000] {logging_mixin.py:188} INFO - [2025-07-16T17:12:42.648+0000] {dagbag.py:538} INFO - Filling up the DagBag from /opt/airflow/dags/ingestion_covid.py
[2025-07-16T17:12:42.937+0000] {processor.py:842} WARNING - No viable dags retrieved from /opt/airflow/dags/ingestion_covid.py
[2025-07-16T17:12:42.980+0000] {processor.py:183} INFO - Processing /opt/airflow/dags/ingestion_covid.py took 0.349 seconds
[2025-07-16T17:13:14.818+0000] {processor.py:161} INFO - Started process (PID=2880) to work on /opt/airflow/dags/ingestion_covid.py
[2025-07-16T17:13:14.822+0000] {processor.py:830} INFO - Processing file /opt/airflow/dags/ingestion_covid.py for tasks to queue
[2025-07-16T17:13:14.825+0000] {logging_mixin.py:188} INFO - [2025-07-16T17:13:14.824+0000] {dagbag.py:538} INFO - Filling up the DagBag from /opt/airflow/dags/ingestion_covid.py
[2025-07-16T17:13:15.089+0000] {processor.py:842} WARNING - No viable dags retrieved from /opt/airflow/dags/ingestion_covid.py
[2025-07-16T17:13:15.125+0000] {processor.py:183} INFO - Processing /opt/airflow/dags/ingestion_covid.py took 0.318 seconds
[2025-07-16T17:13:45.762+0000] {processor.py:161} INFO - Started process (PID=2937) to work on /opt/airflow/dags/ingestion_covid.py
[2025-07-16T17:13:45.765+0000] {processor.py:830} INFO - Processing file /opt/airflow/dags/ingestion_covid.py for tasks to queue
[2025-07-16T17:13:45.768+0000] {logging_mixin.py:188} INFO - [2025-07-16T17:13:45.767+0000] {dagbag.py:538} INFO - Filling up the DagBag from /opt/airflow/dags/ingestion_covid.py
[2025-07-16T17:13:45.925+0000] {processor.py:842} WARNING - No viable dags retrieved from /opt/airflow/dags/ingestion_covid.py
[2025-07-16T17:13:45.964+0000] {processor.py:183} INFO - Processing /opt/airflow/dags/ingestion_covid.py took 0.210 seconds
[2025-07-16T17:14:17.328+0000] {processor.py:161} INFO - Started process (PID=2999) to work on /opt/airflow/dags/ingestion_covid.py
[2025-07-16T17:14:17.333+0000] {processor.py:830} INFO - Processing file /opt/airflow/dags/ingestion_covid.py for tasks to queue
[2025-07-16T17:14:17.341+0000] {logging_mixin.py:188} INFO - [2025-07-16T17:14:17.339+0000] {dagbag.py:538} INFO - Filling up the DagBag from /opt/airflow/dags/ingestion_covid.py
[2025-07-16T17:14:17.606+0000] {processor.py:842} WARNING - No viable dags retrieved from /opt/airflow/dags/ingestion_covid.py
[2025-07-16T17:14:17.662+0000] {processor.py:183} INFO - Processing /opt/airflow/dags/ingestion_covid.py took 0.352 seconds
[2025-07-16T17:14:47.969+0000] {processor.py:161} INFO - Started process (PID=3056) to work on /opt/airflow/dags/ingestion_covid.py
[2025-07-16T17:14:47.973+0000] {processor.py:830} INFO - Processing file /opt/airflow/dags/ingestion_covid.py for tasks to queue
[2025-07-16T17:14:47.976+0000] {logging_mixin.py:188} INFO - [2025-07-16T17:14:47.975+0000] {dagbag.py:538} INFO - Filling up the DagBag from /opt/airflow/dags/ingestion_covid.py
[2025-07-16T17:14:48.123+0000] {processor.py:842} WARNING - No viable dags retrieved from /opt/airflow/dags/ingestion_covid.py
[2025-07-16T17:14:48.155+0000] {processor.py:183} INFO - Processing /opt/airflow/dags/ingestion_covid.py took 0.192 seconds
[2025-07-16T17:15:18.462+0000] {processor.py:161} INFO - Started process (PID=3118) to work on /opt/airflow/dags/ingestion_covid.py
[2025-07-16T17:15:18.466+0000] {processor.py:830} INFO - Processing file /opt/airflow/dags/ingestion_covid.py for tasks to queue
[2025-07-16T17:15:18.473+0000] {logging_mixin.py:188} INFO - [2025-07-16T17:15:18.471+0000] {dagbag.py:538} INFO - Filling up the DagBag from /opt/airflow/dags/ingestion_covid.py
[2025-07-16T17:15:18.665+0000] {processor.py:842} WARNING - No viable dags retrieved from /opt/airflow/dags/ingestion_covid.py
[2025-07-16T17:15:18.695+0000] {processor.py:183} INFO - Processing /opt/airflow/dags/ingestion_covid.py took 0.244 seconds
[2025-07-16T17:15:48.818+0000] {processor.py:161} INFO - Started process (PID=3182) to work on /opt/airflow/dags/ingestion_covid.py
[2025-07-16T17:15:48.821+0000] {processor.py:830} INFO - Processing file /opt/airflow/dags/ingestion_covid.py for tasks to queue
[2025-07-16T17:15:48.823+0000] {logging_mixin.py:188} INFO - [2025-07-16T17:15:48.822+0000] {dagbag.py:538} INFO - Filling up the DagBag from /opt/airflow/dags/ingestion_covid.py
[2025-07-16T17:15:48.962+0000] {processor.py:842} WARNING - No viable dags retrieved from /opt/airflow/dags/ingestion_covid.py
[2025-07-16T17:15:48.993+0000] {processor.py:183} INFO - Processing /opt/airflow/dags/ingestion_covid.py took 0.181 seconds
[2025-07-16T17:16:19.208+0000] {processor.py:161} INFO - Started process (PID=3242) to work on /opt/airflow/dags/ingestion_covid.py
[2025-07-16T17:16:19.212+0000] {processor.py:830} INFO - Processing file /opt/airflow/dags/ingestion_covid.py for tasks to queue
[2025-07-16T17:16:19.217+0000] {logging_mixin.py:188} INFO - [2025-07-16T17:16:19.215+0000] {dagbag.py:538} INFO - Filling up the DagBag from /opt/airflow/dags/ingestion_covid.py
[2025-07-16T17:16:19.374+0000] {processor.py:842} WARNING - No viable dags retrieved from /opt/airflow/dags/ingestion_covid.py
[2025-07-16T17:16:19.414+0000] {processor.py:183} INFO - Processing /opt/airflow/dags/ingestion_covid.py took 0.214 seconds
[2025-07-16T17:16:50.126+0000] {processor.py:161} INFO - Started process (PID=3305) to work on /opt/airflow/dags/ingestion_covid.py
[2025-07-16T17:16:50.129+0000] {processor.py:830} INFO - Processing file /opt/airflow/dags/ingestion_covid.py for tasks to queue
[2025-07-16T17:16:50.132+0000] {logging_mixin.py:188} INFO - [2025-07-16T17:16:50.131+0000] {dagbag.py:538} INFO - Filling up the DagBag from /opt/airflow/dags/ingestion_covid.py
[2025-07-16T17:16:50.313+0000] {processor.py:842} WARNING - No viable dags retrieved from /opt/airflow/dags/ingestion_covid.py
[2025-07-16T17:16:50.349+0000] {processor.py:183} INFO - Processing /opt/airflow/dags/ingestion_covid.py took 0.232 seconds
[2025-07-16T17:17:20.714+0000] {processor.py:161} INFO - Started process (PID=3368) to work on /opt/airflow/dags/ingestion_covid.py
[2025-07-16T17:17:20.718+0000] {processor.py:830} INFO - Processing file /opt/airflow/dags/ingestion_covid.py for tasks to queue
[2025-07-16T17:17:20.721+0000] {logging_mixin.py:188} INFO - [2025-07-16T17:17:20.720+0000] {dagbag.py:538} INFO - Filling up the DagBag from /opt/airflow/dags/ingestion_covid.py
[2025-07-16T17:17:20.901+0000] {processor.py:842} WARNING - No viable dags retrieved from /opt/airflow/dags/ingestion_covid.py
[2025-07-16T17:17:20.941+0000] {processor.py:183} INFO - Processing /opt/airflow/dags/ingestion_covid.py took 0.234 seconds
[2025-07-16T17:17:52.010+0000] {processor.py:161} INFO - Started process (PID=3436) to work on /opt/airflow/dags/ingestion_covid.py
[2025-07-16T17:17:52.013+0000] {processor.py:830} INFO - Processing file /opt/airflow/dags/ingestion_covid.py for tasks to queue
[2025-07-16T17:17:52.016+0000] {logging_mixin.py:188} INFO - [2025-07-16T17:17:52.015+0000] {dagbag.py:538} INFO - Filling up the DagBag from /opt/airflow/dags/ingestion_covid.py
[2025-07-16T17:17:52.182+0000] {processor.py:842} WARNING - No viable dags retrieved from /opt/airflow/dags/ingestion_covid.py
[2025-07-16T17:17:52.224+0000] {processor.py:183} INFO - Processing /opt/airflow/dags/ingestion_covid.py took 0.226 seconds
[2025-07-16T17:18:23.049+0000] {processor.py:161} INFO - Started process (PID=3499) to work on /opt/airflow/dags/ingestion_covid.py
[2025-07-16T17:18:23.052+0000] {processor.py:830} INFO - Processing file /opt/airflow/dags/ingestion_covid.py for tasks to queue
[2025-07-16T17:18:23.055+0000] {logging_mixin.py:188} INFO - [2025-07-16T17:18:23.054+0000] {dagbag.py:538} INFO - Filling up the DagBag from /opt/airflow/dags/ingestion_covid.py
[2025-07-16T17:18:23.234+0000] {processor.py:842} WARNING - No viable dags retrieved from /opt/airflow/dags/ingestion_covid.py
[2025-07-16T17:18:23.270+0000] {processor.py:183} INFO - Processing /opt/airflow/dags/ingestion_covid.py took 0.228 seconds
[2025-07-16T17:18:53.649+0000] {processor.py:161} INFO - Started process (PID=3561) to work on /opt/airflow/dags/ingestion_covid.py
[2025-07-16T17:18:53.654+0000] {processor.py:830} INFO - Processing file /opt/airflow/dags/ingestion_covid.py for tasks to queue
[2025-07-16T17:18:53.659+0000] {logging_mixin.py:188} INFO - [2025-07-16T17:18:53.657+0000] {dagbag.py:538} INFO - Filling up the DagBag from /opt/airflow/dags/ingestion_covid.py
[2025-07-16T17:18:53.944+0000] {processor.py:842} WARNING - No viable dags retrieved from /opt/airflow/dags/ingestion_covid.py
[2025-07-16T17:18:53.992+0000] {processor.py:183} INFO - Processing /opt/airflow/dags/ingestion_covid.py took 0.357 seconds
[2025-07-16T17:19:24.395+0000] {processor.py:161} INFO - Started process (PID=3624) to work on /opt/airflow/dags/ingestion_covid.py
[2025-07-16T17:19:24.398+0000] {processor.py:830} INFO - Processing file /opt/airflow/dags/ingestion_covid.py for tasks to queue
[2025-07-16T17:19:24.402+0000] {logging_mixin.py:188} INFO - [2025-07-16T17:19:24.401+0000] {dagbag.py:538} INFO - Filling up the DagBag from /opt/airflow/dags/ingestion_covid.py
[2025-07-16T17:19:24.590+0000] {processor.py:842} WARNING - No viable dags retrieved from /opt/airflow/dags/ingestion_covid.py
[2025-07-16T17:19:24.631+0000] {processor.py:183} INFO - Processing /opt/airflow/dags/ingestion_covid.py took 0.244 seconds
[2025-07-16T17:19:55.290+0000] {processor.py:161} INFO - Started process (PID=3687) to work on /opt/airflow/dags/ingestion_covid.py
[2025-07-16T17:19:55.293+0000] {processor.py:830} INFO - Processing file /opt/airflow/dags/ingestion_covid.py for tasks to queue
[2025-07-16T17:19:55.296+0000] {logging_mixin.py:188} INFO - [2025-07-16T17:19:55.295+0000] {dagbag.py:538} INFO - Filling up the DagBag from /opt/airflow/dags/ingestion_covid.py
[2025-07-16T17:19:55.482+0000] {processor.py:842} WARNING - No viable dags retrieved from /opt/airflow/dags/ingestion_covid.py
[2025-07-16T17:19:55.518+0000] {processor.py:183} INFO - Processing /opt/airflow/dags/ingestion_covid.py took 0.238 seconds
[2025-07-16T17:20:25.905+0000] {processor.py:161} INFO - Started process (PID=3748) to work on /opt/airflow/dags/ingestion_covid.py
[2025-07-16T17:20:25.911+0000] {processor.py:830} INFO - Processing file /opt/airflow/dags/ingestion_covid.py for tasks to queue
[2025-07-16T17:20:25.915+0000] {logging_mixin.py:188} INFO - [2025-07-16T17:20:25.914+0000] {dagbag.py:538} INFO - Filling up the DagBag from /opt/airflow/dags/ingestion_covid.py
[2025-07-16T17:20:26.135+0000] {processor.py:842} WARNING - No viable dags retrieved from /opt/airflow/dags/ingestion_covid.py
[2025-07-16T17:20:26.181+0000] {processor.py:183} INFO - Processing /opt/airflow/dags/ingestion_covid.py took 0.288 seconds
[2025-07-16T17:20:56.713+0000] {processor.py:161} INFO - Started process (PID=3810) to work on /opt/airflow/dags/ingestion_covid.py
[2025-07-16T17:20:56.715+0000] {processor.py:830} INFO - Processing file /opt/airflow/dags/ingestion_covid.py for tasks to queue
[2025-07-16T17:20:56.718+0000] {logging_mixin.py:188} INFO - [2025-07-16T17:20:56.717+0000] {dagbag.py:538} INFO - Filling up the DagBag from /opt/airflow/dags/ingestion_covid.py
[2025-07-16T17:20:56.880+0000] {processor.py:842} WARNING - No viable dags retrieved from /opt/airflow/dags/ingestion_covid.py
[2025-07-16T17:20:56.926+0000] {processor.py:183} INFO - Processing /opt/airflow/dags/ingestion_covid.py took 0.225 seconds
[2025-07-16T17:21:27.268+0000] {processor.py:161} INFO - Started process (PID=3872) to work on /opt/airflow/dags/ingestion_covid.py
[2025-07-16T17:21:27.271+0000] {processor.py:830} INFO - Processing file /opt/airflow/dags/ingestion_covid.py for tasks to queue
[2025-07-16T17:21:27.275+0000] {logging_mixin.py:188} INFO - [2025-07-16T17:21:27.273+0000] {dagbag.py:538} INFO - Filling up the DagBag from /opt/airflow/dags/ingestion_covid.py
[2025-07-16T17:21:27.569+0000] {processor.py:842} WARNING - No viable dags retrieved from /opt/airflow/dags/ingestion_covid.py
[2025-07-16T17:21:27.639+0000] {processor.py:183} INFO - Processing /opt/airflow/dags/ingestion_covid.py took 0.382 seconds
[2025-07-16T17:21:58.647+0000] {processor.py:161} INFO - Started process (PID=3934) to work on /opt/airflow/dags/ingestion_covid.py
[2025-07-16T17:21:58.651+0000] {processor.py:830} INFO - Processing file /opt/airflow/dags/ingestion_covid.py for tasks to queue
[2025-07-16T17:21:58.655+0000] {logging_mixin.py:188} INFO - [2025-07-16T17:21:58.654+0000] {dagbag.py:538} INFO - Filling up the DagBag from /opt/airflow/dags/ingestion_covid.py
[2025-07-16T17:21:58.825+0000] {processor.py:842} WARNING - No viable dags retrieved from /opt/airflow/dags/ingestion_covid.py
[2025-07-16T17:21:58.864+0000] {processor.py:183} INFO - Processing /opt/airflow/dags/ingestion_covid.py took 0.230 seconds
[2025-07-16T17:22:29.202+0000] {processor.py:161} INFO - Started process (PID=3996) to work on /opt/airflow/dags/ingestion_covid.py
[2025-07-16T17:22:29.209+0000] {processor.py:830} INFO - Processing file /opt/airflow/dags/ingestion_covid.py for tasks to queue
[2025-07-16T17:22:29.215+0000] {logging_mixin.py:188} INFO - [2025-07-16T17:22:29.213+0000] {dagbag.py:538} INFO - Filling up the DagBag from /opt/airflow/dags/ingestion_covid.py
[2025-07-16T17:22:29.381+0000] {processor.py:842} WARNING - No viable dags retrieved from /opt/airflow/dags/ingestion_covid.py
[2025-07-16T17:22:29.422+0000] {processor.py:183} INFO - Processing /opt/airflow/dags/ingestion_covid.py took 0.240 seconds
[2025-07-16T17:22:59.659+0000] {processor.py:161} INFO - Started process (PID=4058) to work on /opt/airflow/dags/ingestion_covid.py
[2025-07-16T17:22:59.662+0000] {processor.py:830} INFO - Processing file /opt/airflow/dags/ingestion_covid.py for tasks to queue
[2025-07-16T17:22:59.667+0000] {logging_mixin.py:188} INFO - [2025-07-16T17:22:59.666+0000] {dagbag.py:538} INFO - Filling up the DagBag from /opt/airflow/dags/ingestion_covid.py
[2025-07-16T17:22:59.872+0000] {processor.py:842} WARNING - No viable dags retrieved from /opt/airflow/dags/ingestion_covid.py
[2025-07-16T17:22:59.911+0000] {processor.py:183} INFO - Processing /opt/airflow/dags/ingestion_covid.py took 0.264 seconds
[2025-07-16T17:23:30.206+0000] {processor.py:161} INFO - Started process (PID=4120) to work on /opt/airflow/dags/ingestion_covid.py
[2025-07-16T17:23:30.210+0000] {processor.py:830} INFO - Processing file /opt/airflow/dags/ingestion_covid.py for tasks to queue
[2025-07-16T17:23:30.223+0000] {logging_mixin.py:188} INFO - [2025-07-16T17:23:30.217+0000] {dagbag.py:538} INFO - Filling up the DagBag from /opt/airflow/dags/ingestion_covid.py
[2025-07-16T17:23:30.480+0000] {processor.py:842} WARNING - No viable dags retrieved from /opt/airflow/dags/ingestion_covid.py
[2025-07-16T17:23:30.532+0000] {processor.py:183} INFO - Processing /opt/airflow/dags/ingestion_covid.py took 0.354 seconds
[2025-07-16T17:24:01.350+0000] {processor.py:161} INFO - Started process (PID=4183) to work on /opt/airflow/dags/ingestion_covid.py
[2025-07-16T17:24:01.354+0000] {processor.py:830} INFO - Processing file /opt/airflow/dags/ingestion_covid.py for tasks to queue
[2025-07-16T17:24:01.358+0000] {logging_mixin.py:188} INFO - [2025-07-16T17:24:01.357+0000] {dagbag.py:538} INFO - Filling up the DagBag from /opt/airflow/dags/ingestion_covid.py
[2025-07-16T17:24:01.559+0000] {processor.py:842} WARNING - No viable dags retrieved from /opt/airflow/dags/ingestion_covid.py
[2025-07-16T17:24:01.592+0000] {processor.py:183} INFO - Processing /opt/airflow/dags/ingestion_covid.py took 0.254 seconds
[2025-07-16T17:24:32.299+0000] {processor.py:161} INFO - Started process (PID=4246) to work on /opt/airflow/dags/ingestion_covid.py
[2025-07-16T17:24:32.302+0000] {processor.py:830} INFO - Processing file /opt/airflow/dags/ingestion_covid.py for tasks to queue
[2025-07-16T17:24:32.306+0000] {logging_mixin.py:188} INFO - [2025-07-16T17:24:32.305+0000] {dagbag.py:538} INFO - Filling up the DagBag from /opt/airflow/dags/ingestion_covid.py
[2025-07-16T17:24:32.473+0000] {processor.py:842} WARNING - No viable dags retrieved from /opt/airflow/dags/ingestion_covid.py
[2025-07-16T17:24:32.507+0000] {processor.py:183} INFO - Processing /opt/airflow/dags/ingestion_covid.py took 0.217 seconds
[2025-07-16T17:25:13.698+0000] {processor.py:161} INFO - Started process (PID=4315) to work on /opt/airflow/dags/ingestion_covid.py
[2025-07-16T17:25:13.708+0000] {processor.py:830} INFO - Processing file /opt/airflow/dags/ingestion_covid.py for tasks to queue
[2025-07-16T17:25:13.717+0000] {logging_mixin.py:188} INFO - [2025-07-16T17:25:13.716+0000] {dagbag.py:538} INFO - Filling up the DagBag from /opt/airflow/dags/ingestion_covid.py
[2025-07-16T17:25:14.718+0000] {processor.py:842} WARNING - No viable dags retrieved from /opt/airflow/dags/ingestion_covid.py
[2025-07-16T17:25:14.823+0000] {processor.py:183} INFO - Processing /opt/airflow/dags/ingestion_covid.py took 1.143 seconds
[2025-07-16T17:25:45.505+0000] {processor.py:161} INFO - Started process (PID=4380) to work on /opt/airflow/dags/ingestion_covid.py
[2025-07-16T17:25:45.509+0000] {processor.py:830} INFO - Processing file /opt/airflow/dags/ingestion_covid.py for tasks to queue
[2025-07-16T17:25:45.512+0000] {logging_mixin.py:188} INFO - [2025-07-16T17:25:45.511+0000] {dagbag.py:538} INFO - Filling up the DagBag from /opt/airflow/dags/ingestion_covid.py
[2025-07-16T17:25:45.709+0000] {processor.py:842} WARNING - No viable dags retrieved from /opt/airflow/dags/ingestion_covid.py
[2025-07-16T17:25:45.756+0000] {processor.py:183} INFO - Processing /opt/airflow/dags/ingestion_covid.py took 0.258 seconds
[2025-07-16T17:26:16.227+0000] {processor.py:161} INFO - Started process (PID=4443) to work on /opt/airflow/dags/ingestion_covid.py
[2025-07-16T17:26:16.230+0000] {processor.py:830} INFO - Processing file /opt/airflow/dags/ingestion_covid.py for tasks to queue
[2025-07-16T17:26:16.233+0000] {logging_mixin.py:188} INFO - [2025-07-16T17:26:16.233+0000] {dagbag.py:538} INFO - Filling up the DagBag from /opt/airflow/dags/ingestion_covid.py
[2025-07-16T17:26:16.381+0000] {processor.py:842} WARNING - No viable dags retrieved from /opt/airflow/dags/ingestion_covid.py
[2025-07-16T17:26:16.416+0000] {processor.py:183} INFO - Processing /opt/airflow/dags/ingestion_covid.py took 0.196 seconds
[2025-07-16T17:26:47.222+0000] {processor.py:161} INFO - Started process (PID=4497) to work on /opt/airflow/dags/ingestion_covid.py
[2025-07-16T17:26:47.225+0000] {processor.py:830} INFO - Processing file /opt/airflow/dags/ingestion_covid.py for tasks to queue
[2025-07-16T17:26:47.229+0000] {logging_mixin.py:188} INFO - [2025-07-16T17:26:47.228+0000] {dagbag.py:538} INFO - Filling up the DagBag from /opt/airflow/dags/ingestion_covid.py
[2025-07-16T17:26:47.447+0000] {processor.py:842} WARNING - No viable dags retrieved from /opt/airflow/dags/ingestion_covid.py
[2025-07-16T17:26:47.492+0000] {processor.py:183} INFO - Processing /opt/airflow/dags/ingestion_covid.py took 0.279 seconds
[2025-07-16T17:27:18.371+0000] {processor.py:161} INFO - Started process (PID=4560) to work on /opt/airflow/dags/ingestion_covid.py
[2025-07-16T17:27:18.374+0000] {processor.py:830} INFO - Processing file /opt/airflow/dags/ingestion_covid.py for tasks to queue
[2025-07-16T17:27:18.378+0000] {logging_mixin.py:188} INFO - [2025-07-16T17:27:18.377+0000] {dagbag.py:538} INFO - Filling up the DagBag from /opt/airflow/dags/ingestion_covid.py
[2025-07-16T17:27:18.532+0000] {processor.py:842} WARNING - No viable dags retrieved from /opt/airflow/dags/ingestion_covid.py
[2025-07-16T17:27:18.567+0000] {processor.py:183} INFO - Processing /opt/airflow/dags/ingestion_covid.py took 0.203 seconds
[2025-07-16T17:27:48.859+0000] {processor.py:161} INFO - Started process (PID=4618) to work on /opt/airflow/dags/ingestion_covid.py
[2025-07-16T17:27:48.863+0000] {processor.py:830} INFO - Processing file /opt/airflow/dags/ingestion_covid.py for tasks to queue
[2025-07-16T17:27:48.867+0000] {logging_mixin.py:188} INFO - [2025-07-16T17:27:48.866+0000] {dagbag.py:538} INFO - Filling up the DagBag from /opt/airflow/dags/ingestion_covid.py
[2025-07-16T17:27:49.075+0000] {processor.py:842} WARNING - No viable dags retrieved from /opt/airflow/dags/ingestion_covid.py
[2025-07-16T17:27:49.110+0000] {processor.py:183} INFO - Processing /opt/airflow/dags/ingestion_covid.py took 0.258 seconds
[2025-07-16T17:28:19.648+0000] {processor.py:161} INFO - Started process (PID=4680) to work on /opt/airflow/dags/ingestion_covid.py
[2025-07-16T17:28:19.651+0000] {processor.py:830} INFO - Processing file /opt/airflow/dags/ingestion_covid.py for tasks to queue
[2025-07-16T17:28:19.655+0000] {logging_mixin.py:188} INFO - [2025-07-16T17:28:19.654+0000] {dagbag.py:538} INFO - Filling up the DagBag from /opt/airflow/dags/ingestion_covid.py
[2025-07-16T17:28:19.873+0000] {processor.py:842} WARNING - No viable dags retrieved from /opt/airflow/dags/ingestion_covid.py
[2025-07-16T17:28:19.915+0000] {processor.py:183} INFO - Processing /opt/airflow/dags/ingestion_covid.py took 0.276 seconds
[2025-07-16T17:28:50.705+0000] {processor.py:161} INFO - Started process (PID=4736) to work on /opt/airflow/dags/ingestion_covid.py
[2025-07-16T17:28:50.708+0000] {processor.py:830} INFO - Processing file /opt/airflow/dags/ingestion_covid.py for tasks to queue
[2025-07-16T17:28:50.711+0000] {logging_mixin.py:188} INFO - [2025-07-16T17:28:50.710+0000] {dagbag.py:538} INFO - Filling up the DagBag from /opt/airflow/dags/ingestion_covid.py
[2025-07-16T17:28:50.994+0000] {processor.py:842} WARNING - No viable dags retrieved from /opt/airflow/dags/ingestion_covid.py
[2025-07-16T17:28:51.041+0000] {processor.py:183} INFO - Processing /opt/airflow/dags/ingestion_covid.py took 0.344 seconds
[2025-07-16T17:29:21.576+0000] {processor.py:161} INFO - Started process (PID=4804) to work on /opt/airflow/dags/ingestion_covid.py
[2025-07-16T17:29:21.580+0000] {processor.py:830} INFO - Processing file /opt/airflow/dags/ingestion_covid.py for tasks to queue
[2025-07-16T17:29:21.585+0000] {logging_mixin.py:188} INFO - [2025-07-16T17:29:21.583+0000] {dagbag.py:538} INFO - Filling up the DagBag from /opt/airflow/dags/ingestion_covid.py
[2025-07-16T17:29:21.817+0000] {processor.py:842} WARNING - No viable dags retrieved from /opt/airflow/dags/ingestion_covid.py
[2025-07-16T17:29:21.855+0000] {processor.py:183} INFO - Processing /opt/airflow/dags/ingestion_covid.py took 0.289 seconds
[2025-07-16T17:29:52.275+0000] {processor.py:161} INFO - Started process (PID=4860) to work on /opt/airflow/dags/ingestion_covid.py
[2025-07-16T17:29:52.279+0000] {processor.py:830} INFO - Processing file /opt/airflow/dags/ingestion_covid.py for tasks to queue
[2025-07-16T17:29:52.282+0000] {logging_mixin.py:188} INFO - [2025-07-16T17:29:52.281+0000] {dagbag.py:538} INFO - Filling up the DagBag from /opt/airflow/dags/ingestion_covid.py
[2025-07-16T17:29:52.477+0000] {processor.py:842} WARNING - No viable dags retrieved from /opt/airflow/dags/ingestion_covid.py
[2025-07-16T17:29:52.513+0000] {processor.py:183} INFO - Processing /opt/airflow/dags/ingestion_covid.py took 0.251 seconds
[2025-07-16T17:30:23.294+0000] {processor.py:161} INFO - Started process (PID=4922) to work on /opt/airflow/dags/ingestion_covid.py
[2025-07-16T17:30:23.297+0000] {processor.py:830} INFO - Processing file /opt/airflow/dags/ingestion_covid.py for tasks to queue
[2025-07-16T17:30:23.300+0000] {logging_mixin.py:188} INFO - [2025-07-16T17:30:23.299+0000] {dagbag.py:538} INFO - Filling up the DagBag from /opt/airflow/dags/ingestion_covid.py
[2025-07-16T17:30:23.494+0000] {processor.py:842} WARNING - No viable dags retrieved from /opt/airflow/dags/ingestion_covid.py
[2025-07-16T17:30:23.532+0000] {processor.py:183} INFO - Processing /opt/airflow/dags/ingestion_covid.py took 0.247 seconds
[2025-07-16T17:30:53.841+0000] {processor.py:161} INFO - Started process (PID=4984) to work on /opt/airflow/dags/ingestion_covid.py
[2025-07-16T17:30:53.844+0000] {processor.py:830} INFO - Processing file /opt/airflow/dags/ingestion_covid.py for tasks to queue
[2025-07-16T17:30:53.847+0000] {logging_mixin.py:188} INFO - [2025-07-16T17:30:53.846+0000] {dagbag.py:538} INFO - Filling up the DagBag from /opt/airflow/dags/ingestion_covid.py
[2025-07-16T17:30:54.078+0000] {processor.py:842} WARNING - No viable dags retrieved from /opt/airflow/dags/ingestion_covid.py
[2025-07-16T17:30:54.132+0000] {processor.py:183} INFO - Processing /opt/airflow/dags/ingestion_covid.py took 0.301 seconds
[2025-07-16T17:31:24.365+0000] {processor.py:161} INFO - Started process (PID=5046) to work on /opt/airflow/dags/ingestion_covid.py
[2025-07-16T17:31:24.372+0000] {processor.py:830} INFO - Processing file /opt/airflow/dags/ingestion_covid.py for tasks to queue
[2025-07-16T17:31:24.376+0000] {logging_mixin.py:188} INFO - [2025-07-16T17:31:24.374+0000] {dagbag.py:538} INFO - Filling up the DagBag from /opt/airflow/dags/ingestion_covid.py
[2025-07-16T17:31:24.551+0000] {processor.py:842} WARNING - No viable dags retrieved from /opt/airflow/dags/ingestion_covid.py
[2025-07-16T17:31:24.586+0000] {processor.py:183} INFO - Processing /opt/airflow/dags/ingestion_covid.py took 0.234 seconds
[2025-07-16T17:31:55.033+0000] {processor.py:161} INFO - Started process (PID=5110) to work on /opt/airflow/dags/ingestion_covid.py
[2025-07-16T17:31:55.037+0000] {processor.py:830} INFO - Processing file /opt/airflow/dags/ingestion_covid.py for tasks to queue
[2025-07-16T17:31:55.040+0000] {logging_mixin.py:188} INFO - [2025-07-16T17:31:55.039+0000] {dagbag.py:538} INFO - Filling up the DagBag from /opt/airflow/dags/ingestion_covid.py
[2025-07-16T17:31:55.227+0000] {processor.py:842} WARNING - No viable dags retrieved from /opt/airflow/dags/ingestion_covid.py
[2025-07-16T17:31:55.264+0000] {processor.py:183} INFO - Processing /opt/airflow/dags/ingestion_covid.py took 0.241 seconds
[2025-07-16T17:32:26.166+0000] {processor.py:161} INFO - Started process (PID=5173) to work on /opt/airflow/dags/ingestion_covid.py
[2025-07-16T17:32:26.170+0000] {processor.py:830} INFO - Processing file /opt/airflow/dags/ingestion_covid.py for tasks to queue
[2025-07-16T17:32:26.176+0000] {logging_mixin.py:188} INFO - [2025-07-16T17:32:26.174+0000] {dagbag.py:538} INFO - Filling up the DagBag from /opt/airflow/dags/ingestion_covid.py
[2025-07-16T17:32:26.377+0000] {processor.py:842} WARNING - No viable dags retrieved from /opt/airflow/dags/ingestion_covid.py
[2025-07-16T17:32:26.413+0000] {processor.py:183} INFO - Processing /opt/airflow/dags/ingestion_covid.py took 0.275 seconds
[2025-07-16T17:32:57.215+0000] {processor.py:161} INFO - Started process (PID=5235) to work on /opt/airflow/dags/ingestion_covid.py
[2025-07-16T17:32:57.219+0000] {processor.py:830} INFO - Processing file /opt/airflow/dags/ingestion_covid.py for tasks to queue
[2025-07-16T17:32:57.224+0000] {logging_mixin.py:188} INFO - [2025-07-16T17:32:57.223+0000] {dagbag.py:538} INFO - Filling up the DagBag from /opt/airflow/dags/ingestion_covid.py
[2025-07-16T17:32:57.410+0000] {processor.py:842} WARNING - No viable dags retrieved from /opt/airflow/dags/ingestion_covid.py
[2025-07-16T17:32:57.448+0000] {processor.py:183} INFO - Processing /opt/airflow/dags/ingestion_covid.py took 0.247 seconds
[2025-07-16T17:33:27.935+0000] {processor.py:161} INFO - Started process (PID=5299) to work on /opt/airflow/dags/ingestion_covid.py
[2025-07-16T17:33:27.938+0000] {processor.py:830} INFO - Processing file /opt/airflow/dags/ingestion_covid.py for tasks to queue
[2025-07-16T17:33:27.942+0000] {logging_mixin.py:188} INFO - [2025-07-16T17:33:27.941+0000] {dagbag.py:538} INFO - Filling up the DagBag from /opt/airflow/dags/ingestion_covid.py
[2025-07-16T17:33:28.158+0000] {processor.py:842} WARNING - No viable dags retrieved from /opt/airflow/dags/ingestion_covid.py
[2025-07-16T17:33:28.199+0000] {processor.py:183} INFO - Processing /opt/airflow/dags/ingestion_covid.py took 0.277 seconds
[2025-07-16T17:33:58.476+0000] {processor.py:161} INFO - Started process (PID=5362) to work on /opt/airflow/dags/ingestion_covid.py
[2025-07-16T17:33:58.479+0000] {processor.py:830} INFO - Processing file /opt/airflow/dags/ingestion_covid.py for tasks to queue
[2025-07-16T17:33:58.482+0000] {logging_mixin.py:188} INFO - [2025-07-16T17:33:58.481+0000] {dagbag.py:538} INFO - Filling up the DagBag from /opt/airflow/dags/ingestion_covid.py
[2025-07-16T17:33:58.642+0000] {processor.py:842} WARNING - No viable dags retrieved from /opt/airflow/dags/ingestion_covid.py
[2025-07-16T17:33:58.681+0000] {processor.py:183} INFO - Processing /opt/airflow/dags/ingestion_covid.py took 0.216 seconds
[2025-07-16T17:34:31.784+0000] {processor.py:161} INFO - Started process (PID=5425) to work on /opt/airflow/dags/ingestion_covid.py
[2025-07-16T17:34:31.799+0000] {processor.py:830} INFO - Processing file /opt/airflow/dags/ingestion_covid.py for tasks to queue
[2025-07-16T17:34:31.816+0000] {logging_mixin.py:188} INFO - [2025-07-16T17:34:31.814+0000] {dagbag.py:538} INFO - Filling up the DagBag from /opt/airflow/dags/ingestion_covid.py
[2025-07-16T17:34:32.273+0000] {processor.py:842} WARNING - No viable dags retrieved from /opt/airflow/dags/ingestion_covid.py
[2025-07-16T17:34:32.325+0000] {processor.py:183} INFO - Processing /opt/airflow/dags/ingestion_covid.py took 0.574 seconds
[2025-07-16T17:35:02.767+0000] {processor.py:161} INFO - Started process (PID=5487) to work on /opt/airflow/dags/ingestion_covid.py
[2025-07-16T17:35:02.772+0000] {processor.py:830} INFO - Processing file /opt/airflow/dags/ingestion_covid.py for tasks to queue
[2025-07-16T17:35:02.777+0000] {logging_mixin.py:188} INFO - [2025-07-16T17:35:02.776+0000] {dagbag.py:538} INFO - Filling up the DagBag from /opt/airflow/dags/ingestion_covid.py
[2025-07-16T17:35:02.987+0000] {processor.py:842} WARNING - No viable dags retrieved from /opt/airflow/dags/ingestion_covid.py
[2025-07-16T17:35:03.043+0000] {processor.py:183} INFO - Processing /opt/airflow/dags/ingestion_covid.py took 0.287 seconds
[2025-07-16T17:40:06.450+0000] {processor.py:161} INFO - Started process (PID=5569) to work on /opt/airflow/dags/ingestion_covid.py
[2025-07-16T17:40:06.454+0000] {processor.py:830} INFO - Processing file /opt/airflow/dags/ingestion_covid.py for tasks to queue
[2025-07-16T17:40:06.458+0000] {logging_mixin.py:188} INFO - [2025-07-16T17:40:06.457+0000] {dagbag.py:538} INFO - Filling up the DagBag from /opt/airflow/dags/ingestion_covid.py
[2025-07-16T17:40:06.962+0000] {processor.py:842} WARNING - No viable dags retrieved from /opt/airflow/dags/ingestion_covid.py
[2025-07-16T17:40:07.015+0000] {processor.py:183} INFO - Processing /opt/airflow/dags/ingestion_covid.py took 0.573 seconds
[2025-07-16T17:40:50.141+0000] {processor.py:161} INFO - Started process (PID=5637) to work on /opt/airflow/dags/ingestion_covid.py
[2025-07-16T17:40:50.146+0000] {processor.py:830} INFO - Processing file /opt/airflow/dags/ingestion_covid.py for tasks to queue
[2025-07-16T17:40:50.163+0000] {logging_mixin.py:188} INFO - [2025-07-16T17:40:50.162+0000] {dagbag.py:538} INFO - Filling up the DagBag from /opt/airflow/dags/ingestion_covid.py
[2025-07-16T17:40:50.827+0000] {processor.py:842} WARNING - No viable dags retrieved from /opt/airflow/dags/ingestion_covid.py
[2025-07-16T17:40:50.897+0000] {processor.py:183} INFO - Processing /opt/airflow/dags/ingestion_covid.py took 0.767 seconds
[2025-07-16T17:41:22.464+0000] {processor.py:161} INFO - Started process (PID=5699) to work on /opt/airflow/dags/ingestion_covid.py
[2025-07-16T17:41:22.467+0000] {processor.py:830} INFO - Processing file /opt/airflow/dags/ingestion_covid.py for tasks to queue
[2025-07-16T17:41:22.471+0000] {logging_mixin.py:188} INFO - [2025-07-16T17:41:22.470+0000] {dagbag.py:538} INFO - Filling up the DagBag from /opt/airflow/dags/ingestion_covid.py
[2025-07-16T17:41:22.659+0000] {processor.py:842} WARNING - No viable dags retrieved from /opt/airflow/dags/ingestion_covid.py
[2025-07-16T17:41:22.692+0000] {processor.py:183} INFO - Processing /opt/airflow/dags/ingestion_covid.py took 0.237 seconds
[2025-07-16T17:41:55.717+0000] {processor.py:161} INFO - Started process (PID=5761) to work on /opt/airflow/dags/ingestion_covid.py
[2025-07-16T17:41:55.721+0000] {processor.py:830} INFO - Processing file /opt/airflow/dags/ingestion_covid.py for tasks to queue
[2025-07-16T17:41:55.725+0000] {logging_mixin.py:188} INFO - [2025-07-16T17:41:55.724+0000] {dagbag.py:538} INFO - Filling up the DagBag from /opt/airflow/dags/ingestion_covid.py
[2025-07-16T17:41:55.990+0000] {processor.py:842} WARNING - No viable dags retrieved from /opt/airflow/dags/ingestion_covid.py
[2025-07-16T17:41:56.039+0000] {processor.py:183} INFO - Processing /opt/airflow/dags/ingestion_covid.py took 0.332 seconds
[2025-07-16T17:42:29.496+0000] {processor.py:161} INFO - Started process (PID=5830) to work on /opt/airflow/dags/ingestion_covid.py
[2025-07-16T17:42:29.500+0000] {processor.py:830} INFO - Processing file /opt/airflow/dags/ingestion_covid.py for tasks to queue
[2025-07-16T17:42:29.508+0000] {logging_mixin.py:188} INFO - [2025-07-16T17:42:29.502+0000] {dagbag.py:538} INFO - Filling up the DagBag from /opt/airflow/dags/ingestion_covid.py
[2025-07-16T17:42:29.976+0000] {processor.py:842} WARNING - No viable dags retrieved from /opt/airflow/dags/ingestion_covid.py
[2025-07-16T17:42:30.084+0000] {processor.py:183} INFO - Processing /opt/airflow/dags/ingestion_covid.py took 0.622 seconds
[2025-07-16T17:43:04.036+0000] {processor.py:161} INFO - Started process (PID=5887) to work on /opt/airflow/dags/ingestion_covid.py
[2025-07-16T17:43:04.070+0000] {processor.py:830} INFO - Processing file /opt/airflow/dags/ingestion_covid.py for tasks to queue
[2025-07-16T17:43:04.114+0000] {logging_mixin.py:188} INFO - [2025-07-16T17:43:04.113+0000] {dagbag.py:538} INFO - Filling up the DagBag from /opt/airflow/dags/ingestion_covid.py
[2025-07-16T17:43:06.516+0000] {processor.py:842} WARNING - No viable dags retrieved from /opt/airflow/dags/ingestion_covid.py
[2025-07-16T17:43:06.649+0000] {processor.py:183} INFO - Processing /opt/airflow/dags/ingestion_covid.py took 2.631 seconds
[2025-07-16T17:43:37.008+0000] {processor.py:161} INFO - Started process (PID=5946) to work on /opt/airflow/dags/ingestion_covid.py
[2025-07-16T17:43:37.012+0000] {processor.py:830} INFO - Processing file /opt/airflow/dags/ingestion_covid.py for tasks to queue
[2025-07-16T17:43:37.016+0000] {logging_mixin.py:188} INFO - [2025-07-16T17:43:37.015+0000] {dagbag.py:538} INFO - Filling up the DagBag from /opt/airflow/dags/ingestion_covid.py
[2025-07-16T17:43:37.305+0000] {processor.py:842} WARNING - No viable dags retrieved from /opt/airflow/dags/ingestion_covid.py
[2025-07-16T17:43:37.384+0000] {processor.py:183} INFO - Processing /opt/airflow/dags/ingestion_covid.py took 0.387 seconds
[2025-07-16T17:44:09.882+0000] {processor.py:161} INFO - Started process (PID=6008) to work on /opt/airflow/dags/ingestion_covid.py
[2025-07-16T17:44:09.925+0000] {processor.py:830} INFO - Processing file /opt/airflow/dags/ingestion_covid.py for tasks to queue
[2025-07-16T17:44:09.941+0000] {logging_mixin.py:188} INFO - [2025-07-16T17:44:09.940+0000] {dagbag.py:538} INFO - Filling up the DagBag from /opt/airflow/dags/ingestion_covid.py
[2025-07-16T17:44:11.409+0000] {processor.py:842} WARNING - No viable dags retrieved from /opt/airflow/dags/ingestion_covid.py
[2025-07-16T17:44:11.559+0000] {processor.py:183} INFO - Processing /opt/airflow/dags/ingestion_covid.py took 1.694 seconds
[2025-07-16T17:44:50.497+0000] {processor.py:161} INFO - Started process (PID=6076) to work on /opt/airflow/dags/ingestion_covid.py
[2025-07-16T17:44:50.576+0000] {processor.py:830} INFO - Processing file /opt/airflow/dags/ingestion_covid.py for tasks to queue
[2025-07-16T17:44:50.710+0000] {logging_mixin.py:188} INFO - [2025-07-16T17:44:50.708+0000] {dagbag.py:538} INFO - Filling up the DagBag from /opt/airflow/dags/ingestion_covid.py
[2025-07-16T17:44:52.739+0000] {processor.py:842} WARNING - No viable dags retrieved from /opt/airflow/dags/ingestion_covid.py
[2025-07-16T17:44:52.895+0000] {processor.py:183} INFO - Processing /opt/airflow/dags/ingestion_covid.py took 2.420 seconds
[2025-07-16T17:45:32.803+0000] {processor.py:161} INFO - Started process (PID=6146) to work on /opt/airflow/dags/ingestion_covid.py
[2025-07-16T17:45:32.816+0000] {processor.py:830} INFO - Processing file /opt/airflow/dags/ingestion_covid.py for tasks to queue
[2025-07-16T17:45:32.821+0000] {logging_mixin.py:188} INFO - [2025-07-16T17:45:32.820+0000] {dagbag.py:538} INFO - Filling up the DagBag from /opt/airflow/dags/ingestion_covid.py
[2025-07-16T17:45:33.650+0000] {processor.py:842} WARNING - No viable dags retrieved from /opt/airflow/dags/ingestion_covid.py
[2025-07-16T17:45:33.758+0000] {processor.py:183} INFO - Processing /opt/airflow/dags/ingestion_covid.py took 0.971 seconds
[2025-07-16T17:46:04.194+0000] {processor.py:161} INFO - Started process (PID=6209) to work on /opt/airflow/dags/ingestion_covid.py
[2025-07-16T17:46:04.202+0000] {processor.py:830} INFO - Processing file /opt/airflow/dags/ingestion_covid.py for tasks to queue
[2025-07-16T17:46:04.206+0000] {logging_mixin.py:188} INFO - [2025-07-16T17:46:04.205+0000] {dagbag.py:538} INFO - Filling up the DagBag from /opt/airflow/dags/ingestion_covid.py
[2025-07-16T17:46:04.465+0000] {processor.py:842} WARNING - No viable dags retrieved from /opt/airflow/dags/ingestion_covid.py
[2025-07-16T17:46:04.526+0000] {processor.py:183} INFO - Processing /opt/airflow/dags/ingestion_covid.py took 0.341 seconds
[2025-07-16T17:46:34.857+0000] {processor.py:161} INFO - Started process (PID=6270) to work on /opt/airflow/dags/ingestion_covid.py
[2025-07-16T17:46:34.862+0000] {processor.py:830} INFO - Processing file /opt/airflow/dags/ingestion_covid.py for tasks to queue
[2025-07-16T17:46:34.867+0000] {logging_mixin.py:188} INFO - [2025-07-16T17:46:34.865+0000] {dagbag.py:538} INFO - Filling up the DagBag from /opt/airflow/dags/ingestion_covid.py
[2025-07-16T17:46:35.133+0000] {processor.py:842} WARNING - No viable dags retrieved from /opt/airflow/dags/ingestion_covid.py
[2025-07-16T17:46:35.167+0000] {processor.py:183} INFO - Processing /opt/airflow/dags/ingestion_covid.py took 0.327 seconds
[2025-07-16T17:47:06.196+0000] {processor.py:161} INFO - Started process (PID=6331) to work on /opt/airflow/dags/ingestion_covid.py
[2025-07-16T17:47:06.199+0000] {processor.py:830} INFO - Processing file /opt/airflow/dags/ingestion_covid.py for tasks to queue
[2025-07-16T17:47:06.203+0000] {logging_mixin.py:188} INFO - [2025-07-16T17:47:06.202+0000] {dagbag.py:538} INFO - Filling up the DagBag from /opt/airflow/dags/ingestion_covid.py
[2025-07-16T17:47:06.432+0000] {processor.py:842} WARNING - No viable dags retrieved from /opt/airflow/dags/ingestion_covid.py
[2025-07-16T17:47:06.476+0000] {processor.py:183} INFO - Processing /opt/airflow/dags/ingestion_covid.py took 0.287 seconds
[2025-07-16T17:47:36.719+0000] {processor.py:161} INFO - Started process (PID=6394) to work on /opt/airflow/dags/ingestion_covid.py
[2025-07-16T17:47:36.722+0000] {processor.py:830} INFO - Processing file /opt/airflow/dags/ingestion_covid.py for tasks to queue
[2025-07-16T17:47:36.728+0000] {logging_mixin.py:188} INFO - [2025-07-16T17:47:36.725+0000] {dagbag.py:538} INFO - Filling up the DagBag from /opt/airflow/dags/ingestion_covid.py
[2025-07-16T17:47:36.958+0000] {processor.py:842} WARNING - No viable dags retrieved from /opt/airflow/dags/ingestion_covid.py
[2025-07-16T17:47:36.989+0000] {processor.py:183} INFO - Processing /opt/airflow/dags/ingestion_covid.py took 0.281 seconds
[2025-07-16T17:48:07.998+0000] {processor.py:161} INFO - Started process (PID=6459) to work on /opt/airflow/dags/ingestion_covid.py
[2025-07-16T17:48:08.025+0000] {processor.py:830} INFO - Processing file /opt/airflow/dags/ingestion_covid.py for tasks to queue
[2025-07-16T17:48:08.038+0000] {logging_mixin.py:188} INFO - [2025-07-16T17:48:08.037+0000] {dagbag.py:538} INFO - Filling up the DagBag from /opt/airflow/dags/ingestion_covid.py
[2025-07-16T17:48:08.507+0000] {processor.py:842} WARNING - No viable dags retrieved from /opt/airflow/dags/ingestion_covid.py
[2025-07-16T17:48:08.556+0000] {processor.py:183} INFO - Processing /opt/airflow/dags/ingestion_covid.py took 0.579 seconds
[2025-07-16T17:48:39.107+0000] {processor.py:161} INFO - Started process (PID=6526) to work on /opt/airflow/dags/ingestion_covid.py
[2025-07-16T17:48:39.110+0000] {processor.py:830} INFO - Processing file /opt/airflow/dags/ingestion_covid.py for tasks to queue
[2025-07-16T17:48:39.114+0000] {logging_mixin.py:188} INFO - [2025-07-16T17:48:39.113+0000] {dagbag.py:538} INFO - Filling up the DagBag from /opt/airflow/dags/ingestion_covid.py
[2025-07-16T17:48:39.317+0000] {processor.py:842} WARNING - No viable dags retrieved from /opt/airflow/dags/ingestion_covid.py
[2025-07-16T17:48:39.357+0000] {processor.py:183} INFO - Processing /opt/airflow/dags/ingestion_covid.py took 0.260 seconds
