[2025-07-16T16:50:54.802+0000] {processor.py:161} INFO - Started process (PID=229) to work on /opt/airflow/dags/load_mongo.py
[2025-07-16T16:50:54.806+0000] {processor.py:830} INFO - Processing file /opt/airflow/dags/load_mongo.py for tasks to queue
[2025-07-16T16:50:54.810+0000] {logging_mixin.py:188} INFO - [2025-07-16T16:50:54.809+0000] {dagbag.py:538} INFO - Filling up the DagBag from /opt/airflow/dags/load_mongo.py
[2025-07-16T16:50:55.288+0000] {processor.py:842} WARNING - No viable dags retrieved from /opt/airflow/dags/load_mongo.py
[2025-07-16T16:50:55.398+0000] {processor.py:183} INFO - Processing /opt/airflow/dags/load_mongo.py took 0.624 seconds
[2025-07-16T16:51:28.063+0000] {processor.py:161} INFO - Started process (PID=290) to work on /opt/airflow/dags/load_mongo.py
[2025-07-16T16:51:28.068+0000] {processor.py:830} INFO - Processing file /opt/airflow/dags/load_mongo.py for tasks to queue
[2025-07-16T16:51:28.072+0000] {logging_mixin.py:188} INFO - [2025-07-16T16:51:28.071+0000] {dagbag.py:538} INFO - Filling up the DagBag from /opt/airflow/dags/load_mongo.py
[2025-07-16T16:51:28.980+0000] {processor.py:842} WARNING - No viable dags retrieved from /opt/airflow/dags/load_mongo.py
[2025-07-16T16:51:29.111+0000] {processor.py:183} INFO - Processing /opt/airflow/dags/load_mongo.py took 1.086 seconds
[2025-07-16T16:52:00.134+0000] {processor.py:161} INFO - Started process (PID=350) to work on /opt/airflow/dags/load_mongo.py
[2025-07-16T16:52:00.164+0000] {processor.py:830} INFO - Processing file /opt/airflow/dags/load_mongo.py for tasks to queue
[2025-07-16T16:52:00.192+0000] {logging_mixin.py:188} INFO - [2025-07-16T16:52:00.180+0000] {dagbag.py:538} INFO - Filling up the DagBag from /opt/airflow/dags/load_mongo.py
[2025-07-16T16:52:00.871+0000] {processor.py:842} WARNING - No viable dags retrieved from /opt/airflow/dags/load_mongo.py
[2025-07-16T16:52:00.952+0000] {processor.py:183} INFO - Processing /opt/airflow/dags/load_mongo.py took 0.889 seconds
[2025-07-16T16:52:32.420+0000] {processor.py:161} INFO - Started process (PID=418) to work on /opt/airflow/dags/load_mongo.py
[2025-07-16T16:52:32.425+0000] {processor.py:830} INFO - Processing file /opt/airflow/dags/load_mongo.py for tasks to queue
[2025-07-16T16:52:32.434+0000] {logging_mixin.py:188} INFO - [2025-07-16T16:52:32.428+0000] {dagbag.py:538} INFO - Filling up the DagBag from /opt/airflow/dags/load_mongo.py
[2025-07-16T16:52:32.926+0000] {processor.py:842} WARNING - No viable dags retrieved from /opt/airflow/dags/load_mongo.py
[2025-07-16T16:52:32.986+0000] {processor.py:183} INFO - Processing /opt/airflow/dags/load_mongo.py took 0.588 seconds
[2025-07-16T16:53:03.634+0000] {processor.py:161} INFO - Started process (PID=480) to work on /opt/airflow/dags/load_mongo.py
[2025-07-16T16:53:03.637+0000] {processor.py:830} INFO - Processing file /opt/airflow/dags/load_mongo.py for tasks to queue
[2025-07-16T16:53:03.640+0000] {logging_mixin.py:188} INFO - [2025-07-16T16:53:03.639+0000] {dagbag.py:538} INFO - Filling up the DagBag from /opt/airflow/dags/load_mongo.py
[2025-07-16T16:53:04.015+0000] {processor.py:842} WARNING - No viable dags retrieved from /opt/airflow/dags/load_mongo.py
[2025-07-16T16:53:04.072+0000] {processor.py:183} INFO - Processing /opt/airflow/dags/load_mongo.py took 0.448 seconds
[2025-07-16T16:53:34.502+0000] {processor.py:161} INFO - Started process (PID=543) to work on /opt/airflow/dags/load_mongo.py
[2025-07-16T16:53:34.512+0000] {processor.py:830} INFO - Processing file /opt/airflow/dags/load_mongo.py for tasks to queue
[2025-07-16T16:53:34.519+0000] {logging_mixin.py:188} INFO - [2025-07-16T16:53:34.516+0000] {dagbag.py:538} INFO - Filling up the DagBag from /opt/airflow/dags/load_mongo.py
[2025-07-16T16:53:34.760+0000] {processor.py:842} WARNING - No viable dags retrieved from /opt/airflow/dags/load_mongo.py
[2025-07-16T16:53:34.799+0000] {processor.py:183} INFO - Processing /opt/airflow/dags/load_mongo.py took 0.310 seconds
[2025-07-16T16:54:05.411+0000] {processor.py:161} INFO - Started process (PID=605) to work on /opt/airflow/dags/load_mongo.py
[2025-07-16T16:54:05.415+0000] {processor.py:830} INFO - Processing file /opt/airflow/dags/load_mongo.py for tasks to queue
[2025-07-16T16:54:05.421+0000] {logging_mixin.py:188} INFO - [2025-07-16T16:54:05.418+0000] {dagbag.py:538} INFO - Filling up the DagBag from /opt/airflow/dags/load_mongo.py
[2025-07-16T16:54:05.688+0000] {processor.py:842} WARNING - No viable dags retrieved from /opt/airflow/dags/load_mongo.py
[2025-07-16T16:54:05.732+0000] {processor.py:183} INFO - Processing /opt/airflow/dags/load_mongo.py took 0.340 seconds
[2025-07-16T16:54:36.232+0000] {processor.py:161} INFO - Started process (PID=667) to work on /opt/airflow/dags/load_mongo.py
[2025-07-16T16:54:36.236+0000] {processor.py:830} INFO - Processing file /opt/airflow/dags/load_mongo.py for tasks to queue
[2025-07-16T16:54:36.241+0000] {logging_mixin.py:188} INFO - [2025-07-16T16:54:36.239+0000] {dagbag.py:538} INFO - Filling up the DagBag from /opt/airflow/dags/load_mongo.py
[2025-07-16T16:54:36.483+0000] {processor.py:842} WARNING - No viable dags retrieved from /opt/airflow/dags/load_mongo.py
[2025-07-16T16:54:36.542+0000] {processor.py:183} INFO - Processing /opt/airflow/dags/load_mongo.py took 0.324 seconds
[2025-07-16T16:55:06.729+0000] {processor.py:161} INFO - Started process (PID=730) to work on /opt/airflow/dags/load_mongo.py
[2025-07-16T16:55:06.731+0000] {processor.py:830} INFO - Processing file /opt/airflow/dags/load_mongo.py for tasks to queue
[2025-07-16T16:55:06.734+0000] {logging_mixin.py:188} INFO - [2025-07-16T16:55:06.733+0000] {dagbag.py:538} INFO - Filling up the DagBag from /opt/airflow/dags/load_mongo.py
[2025-07-16T16:55:06.874+0000] {processor.py:842} WARNING - No viable dags retrieved from /opt/airflow/dags/load_mongo.py
[2025-07-16T16:55:06.905+0000] {processor.py:183} INFO - Processing /opt/airflow/dags/load_mongo.py took 0.183 seconds
[2025-07-16T16:55:37.114+0000] {processor.py:161} INFO - Started process (PID=786) to work on /opt/airflow/dags/load_mongo.py
[2025-07-16T16:55:37.118+0000] {processor.py:830} INFO - Processing file /opt/airflow/dags/load_mongo.py for tasks to queue
[2025-07-16T16:55:37.121+0000] {logging_mixin.py:188} INFO - [2025-07-16T16:55:37.120+0000] {dagbag.py:538} INFO - Filling up the DagBag from /opt/airflow/dags/load_mongo.py
[2025-07-16T16:55:37.289+0000] {processor.py:842} WARNING - No viable dags retrieved from /opt/airflow/dags/load_mongo.py
[2025-07-16T16:55:37.322+0000] {processor.py:183} INFO - Processing /opt/airflow/dags/load_mongo.py took 0.217 seconds
[2025-07-16T16:56:10.619+0000] {processor.py:161} INFO - Started process (PID=851) to work on /opt/airflow/dags/load_mongo.py
[2025-07-16T16:56:10.624+0000] {processor.py:830} INFO - Processing file /opt/airflow/dags/load_mongo.py for tasks to queue
[2025-07-16T16:56:10.631+0000] {logging_mixin.py:188} INFO - [2025-07-16T16:56:10.630+0000] {dagbag.py:538} INFO - Filling up the DagBag from /opt/airflow/dags/load_mongo.py
[2025-07-16T16:56:11.029+0000] {processor.py:842} WARNING - No viable dags retrieved from /opt/airflow/dags/load_mongo.py
[2025-07-16T16:56:11.108+0000] {processor.py:183} INFO - Processing /opt/airflow/dags/load_mongo.py took 0.502 seconds
[2025-07-16T16:56:41.990+0000] {processor.py:161} INFO - Started process (PID=906) to work on /opt/airflow/dags/load_mongo.py
[2025-07-16T16:56:42.036+0000] {processor.py:830} INFO - Processing file /opt/airflow/dags/load_mongo.py for tasks to queue
[2025-07-16T16:56:42.068+0000] {logging_mixin.py:188} INFO - [2025-07-16T16:56:42.067+0000] {dagbag.py:538} INFO - Filling up the DagBag from /opt/airflow/dags/load_mongo.py
[2025-07-16T16:56:42.573+0000] {processor.py:842} WARNING - No viable dags retrieved from /opt/airflow/dags/load_mongo.py
[2025-07-16T16:56:42.660+0000] {processor.py:183} INFO - Processing /opt/airflow/dags/load_mongo.py took 0.693 seconds
[2025-07-16T16:57:13.579+0000] {processor.py:161} INFO - Started process (PID=966) to work on /opt/airflow/dags/load_mongo.py
[2025-07-16T16:57:13.583+0000] {processor.py:830} INFO - Processing file /opt/airflow/dags/load_mongo.py for tasks to queue
[2025-07-16T16:57:13.588+0000] {logging_mixin.py:188} INFO - [2025-07-16T16:57:13.587+0000] {dagbag.py:538} INFO - Filling up the DagBag from /opt/airflow/dags/load_mongo.py
[2025-07-16T16:57:13.836+0000] {processor.py:842} WARNING - No viable dags retrieved from /opt/airflow/dags/load_mongo.py
[2025-07-16T16:57:13.879+0000] {processor.py:183} INFO - Processing /opt/airflow/dags/load_mongo.py took 0.310 seconds
[2025-07-16T16:57:44.261+0000] {processor.py:161} INFO - Started process (PID=1028) to work on /opt/airflow/dags/load_mongo.py
[2025-07-16T16:57:44.264+0000] {processor.py:830} INFO - Processing file /opt/airflow/dags/load_mongo.py for tasks to queue
[2025-07-16T16:57:44.267+0000] {logging_mixin.py:188} INFO - [2025-07-16T16:57:44.266+0000] {dagbag.py:538} INFO - Filling up the DagBag from /opt/airflow/dags/load_mongo.py
[2025-07-16T16:57:44.451+0000] {processor.py:842} WARNING - No viable dags retrieved from /opt/airflow/dags/load_mongo.py
[2025-07-16T16:57:44.487+0000] {processor.py:183} INFO - Processing /opt/airflow/dags/load_mongo.py took 0.238 seconds
[2025-07-16T16:58:14.784+0000] {processor.py:161} INFO - Started process (PID=1090) to work on /opt/airflow/dags/load_mongo.py
[2025-07-16T16:58:14.788+0000] {processor.py:830} INFO - Processing file /opt/airflow/dags/load_mongo.py for tasks to queue
[2025-07-16T16:58:14.791+0000] {logging_mixin.py:188} INFO - [2025-07-16T16:58:14.790+0000] {dagbag.py:538} INFO - Filling up the DagBag from /opt/airflow/dags/load_mongo.py
[2025-07-16T16:58:14.970+0000] {processor.py:842} WARNING - No viable dags retrieved from /opt/airflow/dags/load_mongo.py
[2025-07-16T16:58:15.023+0000] {processor.py:183} INFO - Processing /opt/airflow/dags/load_mongo.py took 0.247 seconds
[2025-07-16T16:58:47.342+0000] {processor.py:161} INFO - Started process (PID=1145) to work on /opt/airflow/dags/load_mongo.py
[2025-07-16T16:58:47.361+0000] {processor.py:830} INFO - Processing file /opt/airflow/dags/load_mongo.py for tasks to queue
[2025-07-16T16:58:47.397+0000] {logging_mixin.py:188} INFO - [2025-07-16T16:58:47.396+0000] {dagbag.py:538} INFO - Filling up the DagBag from /opt/airflow/dags/load_mongo.py
[2025-07-16T16:58:47.914+0000] {processor.py:842} WARNING - No viable dags retrieved from /opt/airflow/dags/load_mongo.py
[2025-07-16T16:58:47.972+0000] {processor.py:183} INFO - Processing /opt/airflow/dags/load_mongo.py took 0.640 seconds
[2025-07-16T16:59:18.387+0000] {processor.py:161} INFO - Started process (PID=1204) to work on /opt/airflow/dags/load_mongo.py
[2025-07-16T16:59:18.390+0000] {processor.py:830} INFO - Processing file /opt/airflow/dags/load_mongo.py for tasks to queue
[2025-07-16T16:59:18.394+0000] {logging_mixin.py:188} INFO - [2025-07-16T16:59:18.393+0000] {dagbag.py:538} INFO - Filling up the DagBag from /opt/airflow/dags/load_mongo.py
[2025-07-16T16:59:18.654+0000] {processor.py:842} WARNING - No viable dags retrieved from /opt/airflow/dags/load_mongo.py
[2025-07-16T16:59:18.702+0000] {processor.py:183} INFO - Processing /opt/airflow/dags/load_mongo.py took 0.331 seconds
[2025-07-16T16:59:49.198+0000] {processor.py:161} INFO - Started process (PID=1268) to work on /opt/airflow/dags/load_mongo.py
[2025-07-16T16:59:49.201+0000] {processor.py:830} INFO - Processing file /opt/airflow/dags/load_mongo.py for tasks to queue
[2025-07-16T16:59:49.204+0000] {logging_mixin.py:188} INFO - [2025-07-16T16:59:49.204+0000] {dagbag.py:538} INFO - Filling up the DagBag from /opt/airflow/dags/load_mongo.py
[2025-07-16T16:59:49.371+0000] {processor.py:842} WARNING - No viable dags retrieved from /opt/airflow/dags/load_mongo.py
[2025-07-16T16:59:49.406+0000] {processor.py:183} INFO - Processing /opt/airflow/dags/load_mongo.py took 0.217 seconds
[2025-07-16T17:00:19.588+0000] {processor.py:161} INFO - Started process (PID=1331) to work on /opt/airflow/dags/load_mongo.py
[2025-07-16T17:00:19.593+0000] {processor.py:830} INFO - Processing file /opt/airflow/dags/load_mongo.py for tasks to queue
[2025-07-16T17:00:19.597+0000] {logging_mixin.py:188} INFO - [2025-07-16T17:00:19.596+0000] {dagbag.py:538} INFO - Filling up the DagBag from /opt/airflow/dags/load_mongo.py
[2025-07-16T17:00:19.777+0000] {processor.py:842} WARNING - No viable dags retrieved from /opt/airflow/dags/load_mongo.py
[2025-07-16T17:00:19.816+0000] {processor.py:183} INFO - Processing /opt/airflow/dags/load_mongo.py took 0.239 seconds
[2025-07-16T17:00:50.579+0000] {processor.py:161} INFO - Started process (PID=1395) to work on /opt/airflow/dags/load_mongo.py
[2025-07-16T17:00:50.583+0000] {processor.py:830} INFO - Processing file /opt/airflow/dags/load_mongo.py for tasks to queue
[2025-07-16T17:00:50.586+0000] {logging_mixin.py:188} INFO - [2025-07-16T17:00:50.585+0000] {dagbag.py:538} INFO - Filling up the DagBag from /opt/airflow/dags/load_mongo.py
[2025-07-16T17:00:50.758+0000] {processor.py:842} WARNING - No viable dags retrieved from /opt/airflow/dags/load_mongo.py
[2025-07-16T17:00:50.789+0000] {processor.py:183} INFO - Processing /opt/airflow/dags/load_mongo.py took 0.218 seconds
[2025-07-16T17:01:21.535+0000] {processor.py:161} INFO - Started process (PID=1457) to work on /opt/airflow/dags/load_mongo.py
[2025-07-16T17:01:21.539+0000] {processor.py:830} INFO - Processing file /opt/airflow/dags/load_mongo.py for tasks to queue
[2025-07-16T17:01:21.541+0000] {logging_mixin.py:188} INFO - [2025-07-16T17:01:21.541+0000] {dagbag.py:538} INFO - Filling up the DagBag from /opt/airflow/dags/load_mongo.py
[2025-07-16T17:01:21.705+0000] {processor.py:842} WARNING - No viable dags retrieved from /opt/airflow/dags/load_mongo.py
[2025-07-16T17:01:21.735+0000] {processor.py:183} INFO - Processing /opt/airflow/dags/load_mongo.py took 0.208 seconds
[2025-07-16T17:01:52.325+0000] {processor.py:161} INFO - Started process (PID=1519) to work on /opt/airflow/dags/load_mongo.py
[2025-07-16T17:01:52.339+0000] {processor.py:830} INFO - Processing file /opt/airflow/dags/load_mongo.py for tasks to queue
[2025-07-16T17:01:52.344+0000] {logging_mixin.py:188} INFO - [2025-07-16T17:01:52.343+0000] {dagbag.py:538} INFO - Filling up the DagBag from /opt/airflow/dags/load_mongo.py
[2025-07-16T17:01:52.535+0000] {processor.py:842} WARNING - No viable dags retrieved from /opt/airflow/dags/load_mongo.py
[2025-07-16T17:01:52.573+0000] {processor.py:183} INFO - Processing /opt/airflow/dags/load_mongo.py took 0.262 seconds
[2025-07-16T17:02:23.045+0000] {processor.py:161} INFO - Started process (PID=1581) to work on /opt/airflow/dags/load_mongo.py
[2025-07-16T17:02:23.049+0000] {processor.py:830} INFO - Processing file /opt/airflow/dags/load_mongo.py for tasks to queue
[2025-07-16T17:02:23.056+0000] {logging_mixin.py:188} INFO - [2025-07-16T17:02:23.054+0000] {dagbag.py:538} INFO - Filling up the DagBag from /opt/airflow/dags/load_mongo.py
[2025-07-16T17:02:23.324+0000] {processor.py:842} WARNING - No viable dags retrieved from /opt/airflow/dags/load_mongo.py
[2025-07-16T17:02:23.361+0000] {processor.py:183} INFO - Processing /opt/airflow/dags/load_mongo.py took 0.331 seconds
[2025-07-16T17:02:53.721+0000] {processor.py:161} INFO - Started process (PID=1641) to work on /opt/airflow/dags/load_mongo.py
[2025-07-16T17:02:53.723+0000] {processor.py:830} INFO - Processing file /opt/airflow/dags/load_mongo.py for tasks to queue
[2025-07-16T17:02:53.726+0000] {logging_mixin.py:188} INFO - [2025-07-16T17:02:53.725+0000] {dagbag.py:538} INFO - Filling up the DagBag from /opt/airflow/dags/load_mongo.py
[2025-07-16T17:02:53.912+0000] {processor.py:842} WARNING - No viable dags retrieved from /opt/airflow/dags/load_mongo.py
[2025-07-16T17:02:53.948+0000] {processor.py:183} INFO - Processing /opt/airflow/dags/load_mongo.py took 0.234 seconds
[2025-07-16T17:03:24.272+0000] {processor.py:161} INFO - Started process (PID=1699) to work on /opt/airflow/dags/load_mongo.py
[2025-07-16T17:03:24.276+0000] {processor.py:830} INFO - Processing file /opt/airflow/dags/load_mongo.py for tasks to queue
[2025-07-16T17:03:24.281+0000] {logging_mixin.py:188} INFO - [2025-07-16T17:03:24.280+0000] {dagbag.py:538} INFO - Filling up the DagBag from /opt/airflow/dags/load_mongo.py
[2025-07-16T17:03:24.562+0000] {processor.py:842} WARNING - No viable dags retrieved from /opt/airflow/dags/load_mongo.py
[2025-07-16T17:03:24.616+0000] {processor.py:183} INFO - Processing /opt/airflow/dags/load_mongo.py took 0.355 seconds
[2025-07-16T17:03:57.131+0000] {processor.py:161} INFO - Started process (PID=1761) to work on /opt/airflow/dags/load_mongo.py
[2025-07-16T17:03:57.134+0000] {processor.py:830} INFO - Processing file /opt/airflow/dags/load_mongo.py for tasks to queue
[2025-07-16T17:03:57.148+0000] {logging_mixin.py:188} INFO - [2025-07-16T17:03:57.146+0000] {dagbag.py:538} INFO - Filling up the DagBag from /opt/airflow/dags/load_mongo.py
[2025-07-16T17:03:57.727+0000] {processor.py:842} WARNING - No viable dags retrieved from /opt/airflow/dags/load_mongo.py
[2025-07-16T17:03:57.816+0000] {processor.py:183} INFO - Processing /opt/airflow/dags/load_mongo.py took 0.718 seconds
[2025-07-16T17:04:28.437+0000] {processor.py:161} INFO - Started process (PID=1823) to work on /opt/airflow/dags/load_mongo.py
[2025-07-16T17:04:28.442+0000] {processor.py:830} INFO - Processing file /opt/airflow/dags/load_mongo.py for tasks to queue
[2025-07-16T17:04:28.446+0000] {logging_mixin.py:188} INFO - [2025-07-16T17:04:28.444+0000] {dagbag.py:538} INFO - Filling up the DagBag from /opt/airflow/dags/load_mongo.py
[2025-07-16T17:04:28.778+0000] {processor.py:842} WARNING - No viable dags retrieved from /opt/airflow/dags/load_mongo.py
[2025-07-16T17:04:28.829+0000] {processor.py:183} INFO - Processing /opt/airflow/dags/load_mongo.py took 0.410 seconds
[2025-07-16T17:04:59.035+0000] {processor.py:161} INFO - Started process (PID=1886) to work on /opt/airflow/dags/load_mongo.py
[2025-07-16T17:04:59.038+0000] {processor.py:830} INFO - Processing file /opt/airflow/dags/load_mongo.py for tasks to queue
[2025-07-16T17:04:59.041+0000] {logging_mixin.py:188} INFO - [2025-07-16T17:04:59.040+0000] {dagbag.py:538} INFO - Filling up the DagBag from /opt/airflow/dags/load_mongo.py
[2025-07-16T17:04:59.199+0000] {processor.py:842} WARNING - No viable dags retrieved from /opt/airflow/dags/load_mongo.py
[2025-07-16T17:04:59.233+0000] {processor.py:183} INFO - Processing /opt/airflow/dags/load_mongo.py took 0.205 seconds
[2025-07-16T17:05:29.398+0000] {processor.py:161} INFO - Started process (PID=1948) to work on /opt/airflow/dags/load_mongo.py
[2025-07-16T17:05:29.403+0000] {processor.py:830} INFO - Processing file /opt/airflow/dags/load_mongo.py for tasks to queue
[2025-07-16T17:05:29.407+0000] {logging_mixin.py:188} INFO - [2025-07-16T17:05:29.406+0000] {dagbag.py:538} INFO - Filling up the DagBag from /opt/airflow/dags/load_mongo.py
[2025-07-16T17:05:29.672+0000] {processor.py:842} WARNING - No viable dags retrieved from /opt/airflow/dags/load_mongo.py
[2025-07-16T17:05:29.703+0000] {processor.py:183} INFO - Processing /opt/airflow/dags/load_mongo.py took 0.313 seconds
[2025-07-16T17:06:00.283+0000] {processor.py:161} INFO - Started process (PID=2007) to work on /opt/airflow/dags/load_mongo.py
[2025-07-16T17:06:00.288+0000] {processor.py:830} INFO - Processing file /opt/airflow/dags/load_mongo.py for tasks to queue
[2025-07-16T17:06:00.293+0000] {logging_mixin.py:188} INFO - [2025-07-16T17:06:00.292+0000] {dagbag.py:538} INFO - Filling up the DagBag from /opt/airflow/dags/load_mongo.py
[2025-07-16T17:06:00.601+0000] {processor.py:842} WARNING - No viable dags retrieved from /opt/airflow/dags/load_mongo.py
[2025-07-16T17:06:00.650+0000] {processor.py:183} INFO - Processing /opt/airflow/dags/load_mongo.py took 0.377 seconds
[2025-07-16T17:06:31.192+0000] {processor.py:161} INFO - Started process (PID=2068) to work on /opt/airflow/dags/load_mongo.py
[2025-07-16T17:06:31.197+0000] {processor.py:830} INFO - Processing file /opt/airflow/dags/load_mongo.py for tasks to queue
[2025-07-16T17:06:31.202+0000] {logging_mixin.py:188} INFO - [2025-07-16T17:06:31.200+0000] {dagbag.py:538} INFO - Filling up the DagBag from /opt/airflow/dags/load_mongo.py
[2025-07-16T17:06:31.482+0000] {processor.py:842} WARNING - No viable dags retrieved from /opt/airflow/dags/load_mongo.py
[2025-07-16T17:06:31.537+0000] {processor.py:183} INFO - Processing /opt/airflow/dags/load_mongo.py took 0.355 seconds
[2025-07-16T17:07:01.744+0000] {processor.py:161} INFO - Started process (PID=2131) to work on /opt/airflow/dags/load_mongo.py
[2025-07-16T17:07:01.748+0000] {processor.py:830} INFO - Processing file /opt/airflow/dags/load_mongo.py for tasks to queue
[2025-07-16T17:07:01.752+0000] {logging_mixin.py:188} INFO - [2025-07-16T17:07:01.751+0000] {dagbag.py:538} INFO - Filling up the DagBag from /opt/airflow/dags/load_mongo.py
[2025-07-16T17:07:01.974+0000] {processor.py:842} WARNING - No viable dags retrieved from /opt/airflow/dags/load_mongo.py
[2025-07-16T17:07:02.033+0000] {processor.py:183} INFO - Processing /opt/airflow/dags/load_mongo.py took 0.306 seconds
[2025-07-16T17:07:33.062+0000] {processor.py:161} INFO - Started process (PID=2199) to work on /opt/airflow/dags/load_mongo.py
[2025-07-16T17:07:33.075+0000] {processor.py:830} INFO - Processing file /opt/airflow/dags/load_mongo.py for tasks to queue
[2025-07-16T17:07:33.096+0000] {logging_mixin.py:188} INFO - [2025-07-16T17:07:33.083+0000] {dagbag.py:538} INFO - Filling up the DagBag from /opt/airflow/dags/load_mongo.py
[2025-07-16T17:07:33.880+0000] {processor.py:842} WARNING - No viable dags retrieved from /opt/airflow/dags/load_mongo.py
[2025-07-16T17:07:34.020+0000] {processor.py:183} INFO - Processing /opt/airflow/dags/load_mongo.py took 0.982 seconds
[2025-07-16T17:08:04.331+0000] {processor.py:161} INFO - Started process (PID=2261) to work on /opt/airflow/dags/load_mongo.py
[2025-07-16T17:08:04.334+0000] {processor.py:830} INFO - Processing file /opt/airflow/dags/load_mongo.py for tasks to queue
[2025-07-16T17:08:04.337+0000] {logging_mixin.py:188} INFO - [2025-07-16T17:08:04.336+0000] {dagbag.py:538} INFO - Filling up the DagBag from /opt/airflow/dags/load_mongo.py
[2025-07-16T17:08:04.546+0000] {processor.py:842} WARNING - No viable dags retrieved from /opt/airflow/dags/load_mongo.py
[2025-07-16T17:08:04.587+0000] {processor.py:183} INFO - Processing /opt/airflow/dags/load_mongo.py took 0.268 seconds
[2025-07-16T17:08:34.984+0000] {processor.py:161} INFO - Started process (PID=2322) to work on /opt/airflow/dags/load_mongo.py
[2025-07-16T17:08:34.988+0000] {processor.py:830} INFO - Processing file /opt/airflow/dags/load_mongo.py for tasks to queue
[2025-07-16T17:08:34.993+0000] {logging_mixin.py:188} INFO - [2025-07-16T17:08:34.991+0000] {dagbag.py:538} INFO - Filling up the DagBag from /opt/airflow/dags/load_mongo.py
[2025-07-16T17:08:35.295+0000] {processor.py:842} WARNING - No viable dags retrieved from /opt/airflow/dags/load_mongo.py
[2025-07-16T17:08:35.330+0000] {processor.py:183} INFO - Processing /opt/airflow/dags/load_mongo.py took 0.361 seconds
[2025-07-16T17:09:05.666+0000] {processor.py:161} INFO - Started process (PID=2386) to work on /opt/airflow/dags/load_mongo.py
[2025-07-16T17:09:05.669+0000] {processor.py:830} INFO - Processing file /opt/airflow/dags/load_mongo.py for tasks to queue
[2025-07-16T17:09:05.672+0000] {logging_mixin.py:188} INFO - [2025-07-16T17:09:05.671+0000] {dagbag.py:538} INFO - Filling up the DagBag from /opt/airflow/dags/load_mongo.py
[2025-07-16T17:09:05.845+0000] {processor.py:842} WARNING - No viable dags retrieved from /opt/airflow/dags/load_mongo.py
[2025-07-16T17:09:05.883+0000] {processor.py:183} INFO - Processing /opt/airflow/dags/load_mongo.py took 0.225 seconds
[2025-07-16T17:09:36.392+0000] {processor.py:161} INFO - Started process (PID=2448) to work on /opt/airflow/dags/load_mongo.py
[2025-07-16T17:09:36.395+0000] {processor.py:830} INFO - Processing file /opt/airflow/dags/load_mongo.py for tasks to queue
[2025-07-16T17:09:36.400+0000] {logging_mixin.py:188} INFO - [2025-07-16T17:09:36.398+0000] {dagbag.py:538} INFO - Filling up the DagBag from /opt/airflow/dags/load_mongo.py
[2025-07-16T17:09:36.633+0000] {processor.py:842} WARNING - No viable dags retrieved from /opt/airflow/dags/load_mongo.py
[2025-07-16T17:09:36.674+0000] {processor.py:183} INFO - Processing /opt/airflow/dags/load_mongo.py took 0.292 seconds
[2025-07-16T17:10:07.181+0000] {processor.py:161} INFO - Started process (PID=2511) to work on /opt/airflow/dags/load_mongo.py
[2025-07-16T17:10:07.186+0000] {processor.py:830} INFO - Processing file /opt/airflow/dags/load_mongo.py for tasks to queue
[2025-07-16T17:10:07.191+0000] {logging_mixin.py:188} INFO - [2025-07-16T17:10:07.190+0000] {dagbag.py:538} INFO - Filling up the DagBag from /opt/airflow/dags/load_mongo.py
[2025-07-16T17:10:07.411+0000] {processor.py:842} WARNING - No viable dags retrieved from /opt/airflow/dags/load_mongo.py
[2025-07-16T17:10:07.464+0000] {processor.py:183} INFO - Processing /opt/airflow/dags/load_mongo.py took 0.294 seconds
[2025-07-16T17:10:37.603+0000] {processor.py:161} INFO - Started process (PID=2571) to work on /opt/airflow/dags/load_mongo.py
[2025-07-16T17:10:37.606+0000] {processor.py:830} INFO - Processing file /opt/airflow/dags/load_mongo.py for tasks to queue
[2025-07-16T17:10:37.610+0000] {logging_mixin.py:188} INFO - [2025-07-16T17:10:37.609+0000] {dagbag.py:538} INFO - Filling up the DagBag from /opt/airflow/dags/load_mongo.py
[2025-07-16T17:10:37.875+0000] {processor.py:842} WARNING - No viable dags retrieved from /opt/airflow/dags/load_mongo.py
[2025-07-16T17:10:37.916+0000] {processor.py:183} INFO - Processing /opt/airflow/dags/load_mongo.py took 0.321 seconds
[2025-07-16T17:11:08.392+0000] {processor.py:161} INFO - Started process (PID=2631) to work on /opt/airflow/dags/load_mongo.py
[2025-07-16T17:11:08.396+0000] {processor.py:830} INFO - Processing file /opt/airflow/dags/load_mongo.py for tasks to queue
[2025-07-16T17:11:08.400+0000] {logging_mixin.py:188} INFO - [2025-07-16T17:11:08.399+0000] {dagbag.py:538} INFO - Filling up the DagBag from /opt/airflow/dags/load_mongo.py
[2025-07-16T17:11:08.624+0000] {processor.py:842} WARNING - No viable dags retrieved from /opt/airflow/dags/load_mongo.py
[2025-07-16T17:11:08.662+0000] {processor.py:183} INFO - Processing /opt/airflow/dags/load_mongo.py took 0.279 seconds
[2025-07-16T17:11:39.005+0000] {processor.py:161} INFO - Started process (PID=2689) to work on /opt/airflow/dags/load_mongo.py
[2025-07-16T17:11:39.008+0000] {processor.py:830} INFO - Processing file /opt/airflow/dags/load_mongo.py for tasks to queue
[2025-07-16T17:11:39.011+0000] {logging_mixin.py:188} INFO - [2025-07-16T17:11:39.009+0000] {dagbag.py:538} INFO - Filling up the DagBag from /opt/airflow/dags/load_mongo.py
[2025-07-16T17:11:39.147+0000] {processor.py:842} WARNING - No viable dags retrieved from /opt/airflow/dags/load_mongo.py
[2025-07-16T17:11:39.184+0000] {processor.py:183} INFO - Processing /opt/airflow/dags/load_mongo.py took 0.186 seconds
[2025-07-16T17:12:09.683+0000] {processor.py:161} INFO - Started process (PID=2745) to work on /opt/airflow/dags/load_mongo.py
[2025-07-16T17:12:09.687+0000] {processor.py:830} INFO - Processing file /opt/airflow/dags/load_mongo.py for tasks to queue
[2025-07-16T17:12:09.689+0000] {logging_mixin.py:188} INFO - [2025-07-16T17:12:09.688+0000] {dagbag.py:538} INFO - Filling up the DagBag from /opt/airflow/dags/load_mongo.py
[2025-07-16T17:12:09.870+0000] {processor.py:842} WARNING - No viable dags retrieved from /opt/airflow/dags/load_mongo.py
[2025-07-16T17:12:09.909+0000] {processor.py:183} INFO - Processing /opt/airflow/dags/load_mongo.py took 0.238 seconds
[2025-07-16T17:12:40.655+0000] {processor.py:161} INFO - Started process (PID=2796) to work on /opt/airflow/dags/load_mongo.py
[2025-07-16T17:12:40.659+0000] {processor.py:830} INFO - Processing file /opt/airflow/dags/load_mongo.py for tasks to queue
[2025-07-16T17:12:40.666+0000] {logging_mixin.py:188} INFO - [2025-07-16T17:12:40.665+0000] {dagbag.py:538} INFO - Filling up the DagBag from /opt/airflow/dags/load_mongo.py
[2025-07-16T17:12:40.935+0000] {processor.py:842} WARNING - No viable dags retrieved from /opt/airflow/dags/load_mongo.py
[2025-07-16T17:12:40.982+0000] {processor.py:183} INFO - Processing /opt/airflow/dags/load_mongo.py took 0.336 seconds
[2025-07-16T17:13:12.079+0000] {processor.py:161} INFO - Started process (PID=2854) to work on /opt/airflow/dags/load_mongo.py
[2025-07-16T17:13:12.089+0000] {processor.py:830} INFO - Processing file /opt/airflow/dags/load_mongo.py for tasks to queue
[2025-07-16T17:13:12.094+0000] {logging_mixin.py:188} INFO - [2025-07-16T17:13:12.092+0000] {dagbag.py:538} INFO - Filling up the DagBag from /opt/airflow/dags/load_mongo.py
[2025-07-16T17:13:12.298+0000] {processor.py:842} WARNING - No viable dags retrieved from /opt/airflow/dags/load_mongo.py
[2025-07-16T17:13:12.338+0000] {processor.py:183} INFO - Processing /opt/airflow/dags/load_mongo.py took 0.271 seconds
[2025-07-16T17:13:42.553+0000] {processor.py:161} INFO - Started process (PID=2917) to work on /opt/airflow/dags/load_mongo.py
[2025-07-16T17:13:42.557+0000] {processor.py:830} INFO - Processing file /opt/airflow/dags/load_mongo.py for tasks to queue
[2025-07-16T17:13:42.562+0000] {logging_mixin.py:188} INFO - [2025-07-16T17:13:42.561+0000] {dagbag.py:538} INFO - Filling up the DagBag from /opt/airflow/dags/load_mongo.py
[2025-07-16T17:13:42.854+0000] {processor.py:842} WARNING - No viable dags retrieved from /opt/airflow/dags/load_mongo.py
[2025-07-16T17:13:42.908+0000] {processor.py:183} INFO - Processing /opt/airflow/dags/load_mongo.py took 0.364 seconds
[2025-07-16T17:14:13.314+0000] {processor.py:161} INFO - Started process (PID=2980) to work on /opt/airflow/dags/load_mongo.py
[2025-07-16T17:14:13.317+0000] {processor.py:830} INFO - Processing file /opt/airflow/dags/load_mongo.py for tasks to queue
[2025-07-16T17:14:13.319+0000] {logging_mixin.py:188} INFO - [2025-07-16T17:14:13.319+0000] {dagbag.py:538} INFO - Filling up the DagBag from /opt/airflow/dags/load_mongo.py
[2025-07-16T17:14:13.483+0000] {processor.py:842} WARNING - No viable dags retrieved from /opt/airflow/dags/load_mongo.py
[2025-07-16T17:14:13.529+0000] {processor.py:183} INFO - Processing /opt/airflow/dags/load_mongo.py took 0.221 seconds
[2025-07-16T17:14:43.987+0000] {processor.py:161} INFO - Started process (PID=3041) to work on /opt/airflow/dags/load_mongo.py
[2025-07-16T17:14:43.989+0000] {processor.py:830} INFO - Processing file /opt/airflow/dags/load_mongo.py for tasks to queue
[2025-07-16T17:14:43.993+0000] {logging_mixin.py:188} INFO - [2025-07-16T17:14:43.992+0000] {dagbag.py:538} INFO - Filling up the DagBag from /opt/airflow/dags/load_mongo.py
[2025-07-16T17:14:44.241+0000] {processor.py:842} WARNING - No viable dags retrieved from /opt/airflow/dags/load_mongo.py
[2025-07-16T17:14:44.281+0000] {processor.py:183} INFO - Processing /opt/airflow/dags/load_mongo.py took 0.305 seconds
[2025-07-16T17:15:14.578+0000] {processor.py:161} INFO - Started process (PID=3103) to work on /opt/airflow/dags/load_mongo.py
[2025-07-16T17:15:14.582+0000] {processor.py:830} INFO - Processing file /opt/airflow/dags/load_mongo.py for tasks to queue
[2025-07-16T17:15:14.587+0000] {logging_mixin.py:188} INFO - [2025-07-16T17:15:14.585+0000] {dagbag.py:538} INFO - Filling up the DagBag from /opt/airflow/dags/load_mongo.py
[2025-07-16T17:15:14.794+0000] {processor.py:842} WARNING - No viable dags retrieved from /opt/airflow/dags/load_mongo.py
[2025-07-16T17:15:14.844+0000] {processor.py:183} INFO - Processing /opt/airflow/dags/load_mongo.py took 0.278 seconds
[2025-07-16T17:15:45.029+0000] {processor.py:161} INFO - Started process (PID=3167) to work on /opt/airflow/dags/load_mongo.py
[2025-07-16T17:15:45.034+0000] {processor.py:830} INFO - Processing file /opt/airflow/dags/load_mongo.py for tasks to queue
[2025-07-16T17:15:45.037+0000] {logging_mixin.py:188} INFO - [2025-07-16T17:15:45.036+0000] {dagbag.py:538} INFO - Filling up the DagBag from /opt/airflow/dags/load_mongo.py
[2025-07-16T17:15:45.247+0000] {processor.py:842} WARNING - No viable dags retrieved from /opt/airflow/dags/load_mongo.py
[2025-07-16T17:15:45.285+0000] {processor.py:183} INFO - Processing /opt/airflow/dags/load_mongo.py took 0.267 seconds
[2025-07-16T17:16:15.715+0000] {processor.py:161} INFO - Started process (PID=3229) to work on /opt/airflow/dags/load_mongo.py
[2025-07-16T17:16:15.720+0000] {processor.py:830} INFO - Processing file /opt/airflow/dags/load_mongo.py for tasks to queue
[2025-07-16T17:16:15.724+0000] {logging_mixin.py:188} INFO - [2025-07-16T17:16:15.723+0000] {dagbag.py:538} INFO - Filling up the DagBag from /opt/airflow/dags/load_mongo.py
[2025-07-16T17:16:15.908+0000] {processor.py:842} WARNING - No viable dags retrieved from /opt/airflow/dags/load_mongo.py
[2025-07-16T17:16:15.952+0000] {processor.py:183} INFO - Processing /opt/airflow/dags/load_mongo.py took 0.252 seconds
[2025-07-16T17:16:46.627+0000] {processor.py:161} INFO - Started process (PID=3292) to work on /opt/airflow/dags/load_mongo.py
[2025-07-16T17:16:46.633+0000] {processor.py:830} INFO - Processing file /opt/airflow/dags/load_mongo.py for tasks to queue
[2025-07-16T17:16:46.637+0000] {logging_mixin.py:188} INFO - [2025-07-16T17:16:46.636+0000] {dagbag.py:538} INFO - Filling up the DagBag from /opt/airflow/dags/load_mongo.py
[2025-07-16T17:16:46.806+0000] {processor.py:842} WARNING - No viable dags retrieved from /opt/airflow/dags/load_mongo.py
[2025-07-16T17:16:46.844+0000] {processor.py:183} INFO - Processing /opt/airflow/dags/load_mongo.py took 0.227 seconds
[2025-07-16T17:17:17.150+0000] {processor.py:161} INFO - Started process (PID=3355) to work on /opt/airflow/dags/load_mongo.py
[2025-07-16T17:17:17.157+0000] {processor.py:830} INFO - Processing file /opt/airflow/dags/load_mongo.py for tasks to queue
[2025-07-16T17:17:17.162+0000] {logging_mixin.py:188} INFO - [2025-07-16T17:17:17.160+0000] {dagbag.py:538} INFO - Filling up the DagBag from /opt/airflow/dags/load_mongo.py
[2025-07-16T17:17:17.355+0000] {processor.py:842} WARNING - No viable dags retrieved from /opt/airflow/dags/load_mongo.py
[2025-07-16T17:17:17.431+0000] {processor.py:183} INFO - Processing /opt/airflow/dags/load_mongo.py took 0.315 seconds
[2025-07-16T17:17:48.450+0000] {processor.py:161} INFO - Started process (PID=3417) to work on /opt/airflow/dags/load_mongo.py
[2025-07-16T17:17:48.455+0000] {processor.py:830} INFO - Processing file /opt/airflow/dags/load_mongo.py for tasks to queue
[2025-07-16T17:17:48.459+0000] {logging_mixin.py:188} INFO - [2025-07-16T17:17:48.458+0000] {dagbag.py:538} INFO - Filling up the DagBag from /opt/airflow/dags/load_mongo.py
[2025-07-16T17:17:48.683+0000] {processor.py:842} WARNING - No viable dags retrieved from /opt/airflow/dags/load_mongo.py
[2025-07-16T17:17:48.727+0000] {processor.py:183} INFO - Processing /opt/airflow/dags/load_mongo.py took 0.289 seconds
[2025-07-16T17:18:19.526+0000] {processor.py:161} INFO - Started process (PID=3479) to work on /opt/airflow/dags/load_mongo.py
[2025-07-16T17:18:19.530+0000] {processor.py:830} INFO - Processing file /opt/airflow/dags/load_mongo.py for tasks to queue
[2025-07-16T17:18:19.535+0000] {logging_mixin.py:188} INFO - [2025-07-16T17:18:19.533+0000] {dagbag.py:538} INFO - Filling up the DagBag from /opt/airflow/dags/load_mongo.py
[2025-07-16T17:18:19.706+0000] {processor.py:842} WARNING - No viable dags retrieved from /opt/airflow/dags/load_mongo.py
[2025-07-16T17:18:19.743+0000] {processor.py:183} INFO - Processing /opt/airflow/dags/load_mongo.py took 0.229 seconds
[2025-07-16T17:18:50.396+0000] {processor.py:161} INFO - Started process (PID=3542) to work on /opt/airflow/dags/load_mongo.py
[2025-07-16T17:18:50.400+0000] {processor.py:830} INFO - Processing file /opt/airflow/dags/load_mongo.py for tasks to queue
[2025-07-16T17:18:50.405+0000] {logging_mixin.py:188} INFO - [2025-07-16T17:18:50.403+0000] {dagbag.py:538} INFO - Filling up the DagBag from /opt/airflow/dags/load_mongo.py
[2025-07-16T17:18:50.617+0000] {processor.py:842} WARNING - No viable dags retrieved from /opt/airflow/dags/load_mongo.py
[2025-07-16T17:18:50.658+0000] {processor.py:183} INFO - Processing /opt/airflow/dags/load_mongo.py took 0.276 seconds
[2025-07-16T17:19:20.935+0000] {processor.py:161} INFO - Started process (PID=3605) to work on /opt/airflow/dags/load_mongo.py
[2025-07-16T17:19:20.938+0000] {processor.py:830} INFO - Processing file /opt/airflow/dags/load_mongo.py for tasks to queue
[2025-07-16T17:19:20.941+0000] {logging_mixin.py:188} INFO - [2025-07-16T17:19:20.940+0000] {dagbag.py:538} INFO - Filling up the DagBag from /opt/airflow/dags/load_mongo.py
[2025-07-16T17:19:21.128+0000] {processor.py:842} WARNING - No viable dags retrieved from /opt/airflow/dags/load_mongo.py
[2025-07-16T17:19:21.166+0000] {processor.py:183} INFO - Processing /opt/airflow/dags/load_mongo.py took 0.246 seconds
[2025-07-16T17:19:52.016+0000] {processor.py:161} INFO - Started process (PID=3668) to work on /opt/airflow/dags/load_mongo.py
[2025-07-16T17:19:52.020+0000] {processor.py:830} INFO - Processing file /opt/airflow/dags/load_mongo.py for tasks to queue
[2025-07-16T17:19:52.024+0000] {logging_mixin.py:188} INFO - [2025-07-16T17:19:52.022+0000] {dagbag.py:538} INFO - Filling up the DagBag from /opt/airflow/dags/load_mongo.py
[2025-07-16T17:19:52.241+0000] {processor.py:842} WARNING - No viable dags retrieved from /opt/airflow/dags/load_mongo.py
[2025-07-16T17:19:52.283+0000] {processor.py:183} INFO - Processing /opt/airflow/dags/load_mongo.py took 0.276 seconds
[2025-07-16T17:20:22.657+0000] {processor.py:161} INFO - Started process (PID=3730) to work on /opt/airflow/dags/load_mongo.py
[2025-07-16T17:20:22.660+0000] {processor.py:830} INFO - Processing file /opt/airflow/dags/load_mongo.py for tasks to queue
[2025-07-16T17:20:22.664+0000] {logging_mixin.py:188} INFO - [2025-07-16T17:20:22.662+0000] {dagbag.py:538} INFO - Filling up the DagBag from /opt/airflow/dags/load_mongo.py
[2025-07-16T17:20:22.845+0000] {processor.py:842} WARNING - No viable dags retrieved from /opt/airflow/dags/load_mongo.py
[2025-07-16T17:20:22.883+0000] {processor.py:183} INFO - Processing /opt/airflow/dags/load_mongo.py took 0.242 seconds
[2025-07-16T17:20:53.081+0000] {processor.py:161} INFO - Started process (PID=3791) to work on /opt/airflow/dags/load_mongo.py
[2025-07-16T17:20:53.084+0000] {processor.py:830} INFO - Processing file /opt/airflow/dags/load_mongo.py for tasks to queue
[2025-07-16T17:20:53.088+0000] {logging_mixin.py:188} INFO - [2025-07-16T17:20:53.087+0000] {dagbag.py:538} INFO - Filling up the DagBag from /opt/airflow/dags/load_mongo.py
[2025-07-16T17:20:53.275+0000] {processor.py:842} WARNING - No viable dags retrieved from /opt/airflow/dags/load_mongo.py
[2025-07-16T17:20:53.315+0000] {processor.py:183} INFO - Processing /opt/airflow/dags/load_mongo.py took 0.246 seconds
[2025-07-16T17:21:23.483+0000] {processor.py:161} INFO - Started process (PID=3853) to work on /opt/airflow/dags/load_mongo.py
[2025-07-16T17:21:23.486+0000] {processor.py:830} INFO - Processing file /opt/airflow/dags/load_mongo.py for tasks to queue
[2025-07-16T17:21:23.489+0000] {logging_mixin.py:188} INFO - [2025-07-16T17:21:23.488+0000] {dagbag.py:538} INFO - Filling up the DagBag from /opt/airflow/dags/load_mongo.py
[2025-07-16T17:21:23.626+0000] {processor.py:842} WARNING - No viable dags retrieved from /opt/airflow/dags/load_mongo.py
[2025-07-16T17:21:23.658+0000] {processor.py:183} INFO - Processing /opt/airflow/dags/load_mongo.py took 0.184 seconds
[2025-07-16T17:21:53.990+0000] {processor.py:161} INFO - Started process (PID=3915) to work on /opt/airflow/dags/load_mongo.py
[2025-07-16T17:21:53.993+0000] {processor.py:830} INFO - Processing file /opt/airflow/dags/load_mongo.py for tasks to queue
[2025-07-16T17:21:53.997+0000] {logging_mixin.py:188} INFO - [2025-07-16T17:21:53.996+0000] {dagbag.py:538} INFO - Filling up the DagBag from /opt/airflow/dags/load_mongo.py
[2025-07-16T17:21:54.255+0000] {processor.py:842} WARNING - No viable dags retrieved from /opt/airflow/dags/load_mongo.py
[2025-07-16T17:21:54.306+0000] {processor.py:183} INFO - Processing /opt/airflow/dags/load_mongo.py took 0.327 seconds
[2025-07-16T17:22:24.642+0000] {processor.py:161} INFO - Started process (PID=3977) to work on /opt/airflow/dags/load_mongo.py
[2025-07-16T17:22:24.645+0000] {processor.py:830} INFO - Processing file /opt/airflow/dags/load_mongo.py for tasks to queue
[2025-07-16T17:22:24.649+0000] {logging_mixin.py:188} INFO - [2025-07-16T17:22:24.648+0000] {dagbag.py:538} INFO - Filling up the DagBag from /opt/airflow/dags/load_mongo.py
[2025-07-16T17:22:24.841+0000] {processor.py:842} WARNING - No viable dags retrieved from /opt/airflow/dags/load_mongo.py
[2025-07-16T17:22:24.884+0000] {processor.py:183} INFO - Processing /opt/airflow/dags/load_mongo.py took 0.249 seconds
[2025-07-16T17:22:55.358+0000] {processor.py:161} INFO - Started process (PID=4039) to work on /opt/airflow/dags/load_mongo.py
[2025-07-16T17:22:55.362+0000] {processor.py:830} INFO - Processing file /opt/airflow/dags/load_mongo.py for tasks to queue
[2025-07-16T17:22:55.365+0000] {logging_mixin.py:188} INFO - [2025-07-16T17:22:55.364+0000] {dagbag.py:538} INFO - Filling up the DagBag from /opt/airflow/dags/load_mongo.py
[2025-07-16T17:22:55.601+0000] {processor.py:842} WARNING - No viable dags retrieved from /opt/airflow/dags/load_mongo.py
[2025-07-16T17:22:55.637+0000] {processor.py:183} INFO - Processing /opt/airflow/dags/load_mongo.py took 0.286 seconds
[2025-07-16T17:23:26.093+0000] {processor.py:161} INFO - Started process (PID=4101) to work on /opt/airflow/dags/load_mongo.py
[2025-07-16T17:23:26.099+0000] {processor.py:830} INFO - Processing file /opt/airflow/dags/load_mongo.py for tasks to queue
[2025-07-16T17:23:26.113+0000] {logging_mixin.py:188} INFO - [2025-07-16T17:23:26.111+0000] {dagbag.py:538} INFO - Filling up the DagBag from /opt/airflow/dags/load_mongo.py
[2025-07-16T17:23:26.627+0000] {processor.py:842} WARNING - No viable dags retrieved from /opt/airflow/dags/load_mongo.py
[2025-07-16T17:23:26.720+0000] {processor.py:183} INFO - Processing /opt/airflow/dags/load_mongo.py took 0.647 seconds
[2025-07-16T17:23:57.762+0000] {processor.py:161} INFO - Started process (PID=4170) to work on /opt/airflow/dags/load_mongo.py
[2025-07-16T17:23:57.765+0000] {processor.py:830} INFO - Processing file /opt/airflow/dags/load_mongo.py for tasks to queue
[2025-07-16T17:23:57.769+0000] {logging_mixin.py:188} INFO - [2025-07-16T17:23:57.768+0000] {dagbag.py:538} INFO - Filling up the DagBag from /opt/airflow/dags/load_mongo.py
[2025-07-16T17:23:57.973+0000] {processor.py:842} WARNING - No viable dags retrieved from /opt/airflow/dags/load_mongo.py
[2025-07-16T17:23:58.012+0000] {processor.py:183} INFO - Processing /opt/airflow/dags/load_mongo.py took 0.258 seconds
[2025-07-16T17:24:29.533+0000] {processor.py:161} INFO - Started process (PID=4231) to work on /opt/airflow/dags/load_mongo.py
[2025-07-16T17:24:29.537+0000] {processor.py:830} INFO - Processing file /opt/airflow/dags/load_mongo.py for tasks to queue
[2025-07-16T17:24:29.546+0000] {logging_mixin.py:188} INFO - [2025-07-16T17:24:29.540+0000] {dagbag.py:538} INFO - Filling up the DagBag from /opt/airflow/dags/load_mongo.py
[2025-07-16T17:24:29.939+0000] {processor.py:842} WARNING - No viable dags retrieved from /opt/airflow/dags/load_mongo.py
[2025-07-16T17:24:30.022+0000] {processor.py:183} INFO - Processing /opt/airflow/dags/load_mongo.py took 0.503 seconds
[2025-07-16T17:25:10.764+0000] {processor.py:161} INFO - Started process (PID=4300) to work on /opt/airflow/dags/load_mongo.py
[2025-07-16T17:25:10.772+0000] {processor.py:830} INFO - Processing file /opt/airflow/dags/load_mongo.py for tasks to queue
[2025-07-16T17:25:10.780+0000] {logging_mixin.py:188} INFO - [2025-07-16T17:25:10.778+0000] {dagbag.py:538} INFO - Filling up the DagBag from /opt/airflow/dags/load_mongo.py
[2025-07-16T17:25:11.801+0000] {processor.py:842} WARNING - No viable dags retrieved from /opt/airflow/dags/load_mongo.py
[2025-07-16T17:25:11.915+0000] {processor.py:183} INFO - Processing /opt/airflow/dags/load_mongo.py took 1.177 seconds
[2025-07-16T17:25:42.582+0000] {processor.py:161} INFO - Started process (PID=4357) to work on /opt/airflow/dags/load_mongo.py
[2025-07-16T17:25:42.596+0000] {processor.py:830} INFO - Processing file /opt/airflow/dags/load_mongo.py for tasks to queue
[2025-07-16T17:25:42.609+0000] {logging_mixin.py:188} INFO - [2025-07-16T17:25:42.607+0000] {dagbag.py:538} INFO - Filling up the DagBag from /opt/airflow/dags/load_mongo.py
[2025-07-16T17:25:43.106+0000] {processor.py:842} WARNING - No viable dags retrieved from /opt/airflow/dags/load_mongo.py
[2025-07-16T17:25:43.165+0000] {processor.py:183} INFO - Processing /opt/airflow/dags/load_mongo.py took 0.596 seconds
[2025-07-16T17:26:13.822+0000] {processor.py:161} INFO - Started process (PID=4420) to work on /opt/airflow/dags/load_mongo.py
[2025-07-16T17:26:13.825+0000] {processor.py:830} INFO - Processing file /opt/airflow/dags/load_mongo.py for tasks to queue
[2025-07-16T17:26:13.827+0000] {logging_mixin.py:188} INFO - [2025-07-16T17:26:13.827+0000] {dagbag.py:538} INFO - Filling up the DagBag from /opt/airflow/dags/load_mongo.py
[2025-07-16T17:26:14.048+0000] {processor.py:842} WARNING - No viable dags retrieved from /opt/airflow/dags/load_mongo.py
[2025-07-16T17:26:14.093+0000] {processor.py:183} INFO - Processing /opt/airflow/dags/load_mongo.py took 0.277 seconds
[2025-07-16T17:26:44.617+0000] {processor.py:161} INFO - Started process (PID=4476) to work on /opt/airflow/dags/load_mongo.py
[2025-07-16T17:26:44.622+0000] {processor.py:830} INFO - Processing file /opt/airflow/dags/load_mongo.py for tasks to queue
[2025-07-16T17:26:44.626+0000] {logging_mixin.py:188} INFO - [2025-07-16T17:26:44.625+0000] {dagbag.py:538} INFO - Filling up the DagBag from /opt/airflow/dags/load_mongo.py
[2025-07-16T17:26:45.018+0000] {processor.py:842} WARNING - No viable dags retrieved from /opt/airflow/dags/load_mongo.py
[2025-07-16T17:26:45.066+0000] {processor.py:183} INFO - Processing /opt/airflow/dags/load_mongo.py took 0.467 seconds
[2025-07-16T17:27:15.335+0000] {processor.py:161} INFO - Started process (PID=4535) to work on /opt/airflow/dags/load_mongo.py
[2025-07-16T17:27:15.338+0000] {processor.py:830} INFO - Processing file /opt/airflow/dags/load_mongo.py for tasks to queue
[2025-07-16T17:27:15.342+0000] {logging_mixin.py:188} INFO - [2025-07-16T17:27:15.341+0000] {dagbag.py:538} INFO - Filling up the DagBag from /opt/airflow/dags/load_mongo.py
[2025-07-16T17:27:15.538+0000] {processor.py:842} WARNING - No viable dags retrieved from /opt/airflow/dags/load_mongo.py
[2025-07-16T17:27:15.567+0000] {processor.py:183} INFO - Processing /opt/airflow/dags/load_mongo.py took 0.241 seconds
[2025-07-16T17:27:45.954+0000] {processor.py:161} INFO - Started process (PID=4597) to work on /opt/airflow/dags/load_mongo.py
[2025-07-16T17:27:45.958+0000] {processor.py:830} INFO - Processing file /opt/airflow/dags/load_mongo.py for tasks to queue
[2025-07-16T17:27:45.963+0000] {logging_mixin.py:188} INFO - [2025-07-16T17:27:45.960+0000] {dagbag.py:538} INFO - Filling up the DagBag from /opt/airflow/dags/load_mongo.py
[2025-07-16T17:27:46.196+0000] {processor.py:842} WARNING - No viable dags retrieved from /opt/airflow/dags/load_mongo.py
[2025-07-16T17:27:46.236+0000] {processor.py:183} INFO - Processing /opt/airflow/dags/load_mongo.py took 0.298 seconds
[2025-07-16T17:28:16.595+0000] {processor.py:161} INFO - Started process (PID=4655) to work on /opt/airflow/dags/load_mongo.py
[2025-07-16T17:28:16.600+0000] {processor.py:830} INFO - Processing file /opt/airflow/dags/load_mongo.py for tasks to queue
[2025-07-16T17:28:16.611+0000] {logging_mixin.py:188} INFO - [2025-07-16T17:28:16.609+0000] {dagbag.py:538} INFO - Filling up the DagBag from /opt/airflow/dags/load_mongo.py
[2025-07-16T17:28:16.932+0000] {processor.py:842} WARNING - No viable dags retrieved from /opt/airflow/dags/load_mongo.py
[2025-07-16T17:28:16.997+0000] {processor.py:183} INFO - Processing /opt/airflow/dags/load_mongo.py took 0.423 seconds
[2025-07-16T17:28:47.676+0000] {processor.py:161} INFO - Started process (PID=4717) to work on /opt/airflow/dags/load_mongo.py
[2025-07-16T17:28:47.679+0000] {processor.py:830} INFO - Processing file /opt/airflow/dags/load_mongo.py for tasks to queue
[2025-07-16T17:28:47.683+0000] {logging_mixin.py:188} INFO - [2025-07-16T17:28:47.682+0000] {dagbag.py:538} INFO - Filling up the DagBag from /opt/airflow/dags/load_mongo.py
[2025-07-16T17:28:47.944+0000] {processor.py:842} WARNING - No viable dags retrieved from /opt/airflow/dags/load_mongo.py
[2025-07-16T17:28:47.988+0000] {processor.py:183} INFO - Processing /opt/airflow/dags/load_mongo.py took 0.323 seconds
[2025-07-16T17:29:18.648+0000] {processor.py:161} INFO - Started process (PID=4779) to work on /opt/airflow/dags/load_mongo.py
[2025-07-16T17:29:18.651+0000] {processor.py:830} INFO - Processing file /opt/airflow/dags/load_mongo.py for tasks to queue
[2025-07-16T17:29:18.655+0000] {logging_mixin.py:188} INFO - [2025-07-16T17:29:18.654+0000] {dagbag.py:538} INFO - Filling up the DagBag from /opt/airflow/dags/load_mongo.py
[2025-07-16T17:29:18.839+0000] {processor.py:842} WARNING - No viable dags retrieved from /opt/airflow/dags/load_mongo.py
[2025-07-16T17:29:18.868+0000] {processor.py:183} INFO - Processing /opt/airflow/dags/load_mongo.py took 0.228 seconds
[2025-07-16T17:29:49.770+0000] {processor.py:161} INFO - Started process (PID=4841) to work on /opt/airflow/dags/load_mongo.py
[2025-07-16T17:29:49.773+0000] {processor.py:830} INFO - Processing file /opt/airflow/dags/load_mongo.py for tasks to queue
[2025-07-16T17:29:49.777+0000] {logging_mixin.py:188} INFO - [2025-07-16T17:29:49.776+0000] {dagbag.py:538} INFO - Filling up the DagBag from /opt/airflow/dags/load_mongo.py
[2025-07-16T17:29:49.962+0000] {processor.py:842} WARNING - No viable dags retrieved from /opt/airflow/dags/load_mongo.py
[2025-07-16T17:29:49.992+0000] {processor.py:183} INFO - Processing /opt/airflow/dags/load_mongo.py took 0.231 seconds
[2025-07-16T17:30:21.091+0000] {processor.py:161} INFO - Started process (PID=4903) to work on /opt/airflow/dags/load_mongo.py
[2025-07-16T17:30:21.095+0000] {processor.py:830} INFO - Processing file /opt/airflow/dags/load_mongo.py for tasks to queue
[2025-07-16T17:30:21.098+0000] {logging_mixin.py:188} INFO - [2025-07-16T17:30:21.097+0000] {dagbag.py:538} INFO - Filling up the DagBag from /opt/airflow/dags/load_mongo.py
[2025-07-16T17:30:21.297+0000] {processor.py:842} WARNING - No viable dags retrieved from /opt/airflow/dags/load_mongo.py
[2025-07-16T17:30:21.339+0000] {processor.py:183} INFO - Processing /opt/airflow/dags/load_mongo.py took 0.264 seconds
[2025-07-16T17:30:52.340+0000] {processor.py:161} INFO - Started process (PID=4965) to work on /opt/airflow/dags/load_mongo.py
[2025-07-16T17:30:52.346+0000] {processor.py:830} INFO - Processing file /opt/airflow/dags/load_mongo.py for tasks to queue
[2025-07-16T17:30:52.350+0000] {logging_mixin.py:188} INFO - [2025-07-16T17:30:52.348+0000] {dagbag.py:538} INFO - Filling up the DagBag from /opt/airflow/dags/load_mongo.py
[2025-07-16T17:30:52.569+0000] {processor.py:842} WARNING - No viable dags retrieved from /opt/airflow/dags/load_mongo.py
[2025-07-16T17:30:52.605+0000] {processor.py:183} INFO - Processing /opt/airflow/dags/load_mongo.py took 0.276 seconds
[2025-07-16T17:31:23.082+0000] {processor.py:161} INFO - Started process (PID=5033) to work on /opt/airflow/dags/load_mongo.py
[2025-07-16T17:31:23.086+0000] {processor.py:830} INFO - Processing file /opt/airflow/dags/load_mongo.py for tasks to queue
[2025-07-16T17:31:23.091+0000] {logging_mixin.py:188} INFO - [2025-07-16T17:31:23.089+0000] {dagbag.py:538} INFO - Filling up the DagBag from /opt/airflow/dags/load_mongo.py
[2025-07-16T17:31:23.352+0000] {processor.py:842} WARNING - No viable dags retrieved from /opt/airflow/dags/load_mongo.py
[2025-07-16T17:31:23.401+0000] {processor.py:183} INFO - Processing /opt/airflow/dags/load_mongo.py took 0.330 seconds
[2025-07-16T17:31:53.856+0000] {processor.py:161} INFO - Started process (PID=5097) to work on /opt/airflow/dags/load_mongo.py
[2025-07-16T17:31:53.860+0000] {processor.py:830} INFO - Processing file /opt/airflow/dags/load_mongo.py for tasks to queue
[2025-07-16T17:31:53.863+0000] {logging_mixin.py:188} INFO - [2025-07-16T17:31:53.862+0000] {dagbag.py:538} INFO - Filling up the DagBag from /opt/airflow/dags/load_mongo.py
[2025-07-16T17:31:54.051+0000] {processor.py:842} WARNING - No viable dags retrieved from /opt/airflow/dags/load_mongo.py
[2025-07-16T17:31:54.089+0000] {processor.py:183} INFO - Processing /opt/airflow/dags/load_mongo.py took 0.242 seconds
[2025-07-16T17:32:24.900+0000] {processor.py:161} INFO - Started process (PID=5160) to work on /opt/airflow/dags/load_mongo.py
[2025-07-16T17:32:24.904+0000] {processor.py:830} INFO - Processing file /opt/airflow/dags/load_mongo.py for tasks to queue
[2025-07-16T17:32:24.908+0000] {logging_mixin.py:188} INFO - [2025-07-16T17:32:24.907+0000] {dagbag.py:538} INFO - Filling up the DagBag from /opt/airflow/dags/load_mongo.py
[2025-07-16T17:32:25.106+0000] {processor.py:842} WARNING - No viable dags retrieved from /opt/airflow/dags/load_mongo.py
[2025-07-16T17:32:25.151+0000] {processor.py:183} INFO - Processing /opt/airflow/dags/load_mongo.py took 0.265 seconds
[2025-07-16T17:32:55.916+0000] {processor.py:161} INFO - Started process (PID=5222) to work on /opt/airflow/dags/load_mongo.py
[2025-07-16T17:32:55.919+0000] {processor.py:830} INFO - Processing file /opt/airflow/dags/load_mongo.py for tasks to queue
[2025-07-16T17:32:55.922+0000] {logging_mixin.py:188} INFO - [2025-07-16T17:32:55.921+0000] {dagbag.py:538} INFO - Filling up the DagBag from /opt/airflow/dags/load_mongo.py
[2025-07-16T17:32:56.118+0000] {processor.py:842} WARNING - No viable dags retrieved from /opt/airflow/dags/load_mongo.py
[2025-07-16T17:32:56.156+0000] {processor.py:183} INFO - Processing /opt/airflow/dags/load_mongo.py took 0.249 seconds
[2025-07-16T17:33:26.438+0000] {processor.py:161} INFO - Started process (PID=5286) to work on /opt/airflow/dags/load_mongo.py
[2025-07-16T17:33:26.442+0000] {processor.py:830} INFO - Processing file /opt/airflow/dags/load_mongo.py for tasks to queue
[2025-07-16T17:33:26.446+0000] {logging_mixin.py:188} INFO - [2025-07-16T17:33:26.444+0000] {dagbag.py:538} INFO - Filling up the DagBag from /opt/airflow/dags/load_mongo.py
[2025-07-16T17:33:26.647+0000] {processor.py:842} WARNING - No viable dags retrieved from /opt/airflow/dags/load_mongo.py
[2025-07-16T17:33:26.688+0000] {processor.py:183} INFO - Processing /opt/airflow/dags/load_mongo.py took 0.264 seconds
[2025-07-16T17:33:57.012+0000] {processor.py:161} INFO - Started process (PID=5349) to work on /opt/airflow/dags/load_mongo.py
[2025-07-16T17:33:57.015+0000] {processor.py:830} INFO - Processing file /opt/airflow/dags/load_mongo.py for tasks to queue
[2025-07-16T17:33:57.020+0000] {logging_mixin.py:188} INFO - [2025-07-16T17:33:57.019+0000] {dagbag.py:538} INFO - Filling up the DagBag from /opt/airflow/dags/load_mongo.py
[2025-07-16T17:33:57.212+0000] {processor.py:842} WARNING - No viable dags retrieved from /opt/airflow/dags/load_mongo.py
[2025-07-16T17:33:57.250+0000] {processor.py:183} INFO - Processing /opt/airflow/dags/load_mongo.py took 0.252 seconds
[2025-07-16T17:34:28.777+0000] {processor.py:161} INFO - Started process (PID=5412) to work on /opt/airflow/dags/load_mongo.py
[2025-07-16T17:34:28.808+0000] {processor.py:830} INFO - Processing file /opt/airflow/dags/load_mongo.py for tasks to queue
[2025-07-16T17:34:28.821+0000] {logging_mixin.py:188} INFO - [2025-07-16T17:34:28.820+0000] {dagbag.py:538} INFO - Filling up the DagBag from /opt/airflow/dags/load_mongo.py
[2025-07-16T17:34:30.476+0000] {processor.py:842} WARNING - No viable dags retrieved from /opt/airflow/dags/load_mongo.py
[2025-07-16T17:34:30.624+0000] {processor.py:183} INFO - Processing /opt/airflow/dags/load_mongo.py took 1.866 seconds
[2025-07-16T17:35:01.275+0000] {processor.py:161} INFO - Started process (PID=5477) to work on /opt/airflow/dags/load_mongo.py
[2025-07-16T17:35:01.278+0000] {processor.py:830} INFO - Processing file /opt/airflow/dags/load_mongo.py for tasks to queue
[2025-07-16T17:35:01.281+0000] {logging_mixin.py:188} INFO - [2025-07-16T17:35:01.280+0000] {dagbag.py:538} INFO - Filling up the DagBag from /opt/airflow/dags/load_mongo.py
[2025-07-16T17:35:01.545+0000] {processor.py:842} WARNING - No viable dags retrieved from /opt/airflow/dags/load_mongo.py
[2025-07-16T17:35:01.602+0000] {processor.py:183} INFO - Processing /opt/airflow/dags/load_mongo.py took 0.336 seconds
[2025-07-16T17:40:00.023+0000] {processor.py:161} INFO - Started process (PID=5539) to work on /opt/airflow/dags/load_mongo.py
[2025-07-16T17:40:00.046+0000] {processor.py:830} INFO - Processing file /opt/airflow/dags/load_mongo.py for tasks to queue
[2025-07-16T17:40:00.062+0000] {logging_mixin.py:188} INFO - [2025-07-16T17:40:00.061+0000] {dagbag.py:538} INFO - Filling up the DagBag from /opt/airflow/dags/load_mongo.py
[2025-07-16T17:40:00.940+0000] {processor.py:842} WARNING - No viable dags retrieved from /opt/airflow/dags/load_mongo.py
[2025-07-16T17:40:01.060+0000] {processor.py:183} INFO - Processing /opt/airflow/dags/load_mongo.py took 1.069 seconds
[2025-07-16T17:40:42.146+0000] {processor.py:161} INFO - Started process (PID=5606) to work on /opt/airflow/dags/load_mongo.py
[2025-07-16T17:40:42.170+0000] {processor.py:830} INFO - Processing file /opt/airflow/dags/load_mongo.py for tasks to queue
[2025-07-16T17:40:42.192+0000] {logging_mixin.py:188} INFO - [2025-07-16T17:40:42.190+0000] {dagbag.py:538} INFO - Filling up the DagBag from /opt/airflow/dags/load_mongo.py
[2025-07-16T17:40:43.489+0000] {processor.py:842} WARNING - No viable dags retrieved from /opt/airflow/dags/load_mongo.py
[2025-07-16T17:40:43.612+0000] {processor.py:183} INFO - Processing /opt/airflow/dags/load_mongo.py took 1.488 seconds
[2025-07-16T17:41:13.962+0000] {processor.py:161} INFO - Started process (PID=5668) to work on /opt/airflow/dags/load_mongo.py
[2025-07-16T17:41:13.965+0000] {processor.py:830} INFO - Processing file /opt/airflow/dags/load_mongo.py for tasks to queue
[2025-07-16T17:41:13.970+0000] {logging_mixin.py:188} INFO - [2025-07-16T17:41:13.968+0000] {dagbag.py:538} INFO - Filling up the DagBag from /opt/airflow/dags/load_mongo.py
[2025-07-16T17:41:14.151+0000] {processor.py:842} WARNING - No viable dags retrieved from /opt/airflow/dags/load_mongo.py
[2025-07-16T17:41:14.183+0000] {processor.py:183} INFO - Processing /opt/airflow/dags/load_mongo.py took 0.230 seconds
[2025-07-16T17:41:44.491+0000] {processor.py:161} INFO - Started process (PID=5722) to work on /opt/airflow/dags/load_mongo.py
[2025-07-16T17:41:44.494+0000] {processor.py:830} INFO - Processing file /opt/airflow/dags/load_mongo.py for tasks to queue
[2025-07-16T17:41:44.497+0000] {logging_mixin.py:188} INFO - [2025-07-16T17:41:44.496+0000] {dagbag.py:538} INFO - Filling up the DagBag from /opt/airflow/dags/load_mongo.py
[2025-07-16T17:41:44.700+0000] {processor.py:842} WARNING - No viable dags retrieved from /opt/airflow/dags/load_mongo.py
[2025-07-16T17:41:44.743+0000] {processor.py:183} INFO - Processing /opt/airflow/dags/load_mongo.py took 0.260 seconds
[2025-07-16T17:42:15.609+0000] {processor.py:161} INFO - Started process (PID=5781) to work on /opt/airflow/dags/load_mongo.py
[2025-07-16T17:42:15.613+0000] {processor.py:830} INFO - Processing file /opt/airflow/dags/load_mongo.py for tasks to queue
[2025-07-16T17:42:15.617+0000] {logging_mixin.py:188} INFO - [2025-07-16T17:42:15.616+0000] {dagbag.py:538} INFO - Filling up the DagBag from /opt/airflow/dags/load_mongo.py
[2025-07-16T17:42:15.826+0000] {processor.py:842} WARNING - No viable dags retrieved from /opt/airflow/dags/load_mongo.py
[2025-07-16T17:42:15.871+0000] {processor.py:183} INFO - Processing /opt/airflow/dags/load_mongo.py took 0.272 seconds
[2025-07-16T17:42:48.055+0000] {processor.py:161} INFO - Started process (PID=5843) to work on /opt/airflow/dags/load_mongo.py
[2025-07-16T17:42:48.067+0000] {processor.py:830} INFO - Processing file /opt/airflow/dags/load_mongo.py for tasks to queue
[2025-07-16T17:42:48.071+0000] {logging_mixin.py:188} INFO - [2025-07-16T17:42:48.070+0000] {dagbag.py:538} INFO - Filling up the DagBag from /opt/airflow/dags/load_mongo.py
[2025-07-16T17:42:48.492+0000] {processor.py:842} WARNING - No viable dags retrieved from /opt/airflow/dags/load_mongo.py
[2025-07-16T17:42:48.567+0000] {processor.py:183} INFO - Processing /opt/airflow/dags/load_mongo.py took 0.520 seconds
[2025-07-16T17:43:19.229+0000] {processor.py:161} INFO - Started process (PID=5906) to work on /opt/airflow/dags/load_mongo.py
[2025-07-16T17:43:19.234+0000] {processor.py:830} INFO - Processing file /opt/airflow/dags/load_mongo.py for tasks to queue
[2025-07-16T17:43:19.238+0000] {logging_mixin.py:188} INFO - [2025-07-16T17:43:19.237+0000] {dagbag.py:538} INFO - Filling up the DagBag from /opt/airflow/dags/load_mongo.py
[2025-07-16T17:43:19.514+0000] {processor.py:842} WARNING - No viable dags retrieved from /opt/airflow/dags/load_mongo.py
[2025-07-16T17:43:19.656+0000] {processor.py:183} INFO - Processing /opt/airflow/dags/load_mongo.py took 0.447 seconds
[2025-07-16T17:43:50.116+0000] {processor.py:161} INFO - Started process (PID=5969) to work on /opt/airflow/dags/load_mongo.py
[2025-07-16T17:43:50.123+0000] {processor.py:830} INFO - Processing file /opt/airflow/dags/load_mongo.py for tasks to queue
[2025-07-16T17:43:50.127+0000] {logging_mixin.py:188} INFO - [2025-07-16T17:43:50.126+0000] {dagbag.py:538} INFO - Filling up the DagBag from /opt/airflow/dags/load_mongo.py
[2025-07-16T17:43:50.312+0000] {processor.py:842} WARNING - No viable dags retrieved from /opt/airflow/dags/load_mongo.py
[2025-07-16T17:43:50.353+0000] {processor.py:183} INFO - Processing /opt/airflow/dags/load_mongo.py took 0.249 seconds
[2025-07-16T17:44:22.362+0000] {processor.py:161} INFO - Started process (PID=6028) to work on /opt/airflow/dags/load_mongo.py
[2025-07-16T17:44:22.408+0000] {processor.py:830} INFO - Processing file /opt/airflow/dags/load_mongo.py for tasks to queue
[2025-07-16T17:44:22.428+0000] {logging_mixin.py:188} INFO - [2025-07-16T17:44:22.427+0000] {dagbag.py:538} INFO - Filling up the DagBag from /opt/airflow/dags/load_mongo.py
[2025-07-16T17:44:24.358+0000] {processor.py:842} WARNING - No viable dags retrieved from /opt/airflow/dags/load_mongo.py
[2025-07-16T17:44:24.481+0000] {processor.py:183} INFO - Processing /opt/airflow/dags/load_mongo.py took 2.138 seconds
[2025-07-16T17:45:02.081+0000] {processor.py:161} INFO - Started process (PID=6088) to work on /opt/airflow/dags/load_mongo.py
[2025-07-16T17:45:02.104+0000] {processor.py:830} INFO - Processing file /opt/airflow/dags/load_mongo.py for tasks to queue
[2025-07-16T17:45:02.116+0000] {logging_mixin.py:188} INFO - [2025-07-16T17:45:02.115+0000] {dagbag.py:538} INFO - Filling up the DagBag from /opt/airflow/dags/load_mongo.py
[2025-07-16T17:45:03.128+0000] {processor.py:842} WARNING - No viable dags retrieved from /opt/airflow/dags/load_mongo.py
[2025-07-16T17:45:03.237+0000] {processor.py:183} INFO - Processing /opt/airflow/dags/load_mongo.py took 1.178 seconds
[2025-07-16T17:45:34.049+0000] {processor.py:161} INFO - Started process (PID=6154) to work on /opt/airflow/dags/load_mongo.py
[2025-07-16T17:45:34.053+0000] {processor.py:830} INFO - Processing file /opt/airflow/dags/load_mongo.py for tasks to queue
[2025-07-16T17:45:34.068+0000] {logging_mixin.py:188} INFO - [2025-07-16T17:45:34.067+0000] {dagbag.py:538} INFO - Filling up the DagBag from /opt/airflow/dags/load_mongo.py
[2025-07-16T17:45:34.790+0000] {processor.py:842} WARNING - No viable dags retrieved from /opt/airflow/dags/load_mongo.py
[2025-07-16T17:45:34.912+0000] {processor.py:183} INFO - Processing /opt/airflow/dags/load_mongo.py took 0.892 seconds
[2025-07-16T17:46:05.605+0000] {processor.py:161} INFO - Started process (PID=6219) to work on /opt/airflow/dags/load_mongo.py
[2025-07-16T17:46:05.607+0000] {processor.py:830} INFO - Processing file /opt/airflow/dags/load_mongo.py for tasks to queue
[2025-07-16T17:46:05.610+0000] {logging_mixin.py:188} INFO - [2025-07-16T17:46:05.609+0000] {dagbag.py:538} INFO - Filling up the DagBag from /opt/airflow/dags/load_mongo.py
[2025-07-16T17:46:05.887+0000] {processor.py:842} WARNING - No viable dags retrieved from /opt/airflow/dags/load_mongo.py
[2025-07-16T17:46:05.958+0000] {processor.py:183} INFO - Processing /opt/airflow/dags/load_mongo.py took 0.360 seconds
[2025-07-16T17:46:36.351+0000] {processor.py:161} INFO - Started process (PID=6280) to work on /opt/airflow/dags/load_mongo.py
[2025-07-16T17:46:36.355+0000] {processor.py:830} INFO - Processing file /opt/airflow/dags/load_mongo.py for tasks to queue
[2025-07-16T17:46:36.359+0000] {logging_mixin.py:188} INFO - [2025-07-16T17:46:36.357+0000] {dagbag.py:538} INFO - Filling up the DagBag from /opt/airflow/dags/load_mongo.py
[2025-07-16T17:46:36.559+0000] {processor.py:842} WARNING - No viable dags retrieved from /opt/airflow/dags/load_mongo.py
[2025-07-16T17:46:36.612+0000] {processor.py:183} INFO - Processing /opt/airflow/dags/load_mongo.py took 0.271 seconds
[2025-07-16T17:47:07.068+0000] {processor.py:161} INFO - Started process (PID=6341) to work on /opt/airflow/dags/load_mongo.py
[2025-07-16T17:47:07.076+0000] {processor.py:830} INFO - Processing file /opt/airflow/dags/load_mongo.py for tasks to queue
[2025-07-16T17:47:07.083+0000] {logging_mixin.py:188} INFO - [2025-07-16T17:47:07.081+0000] {dagbag.py:538} INFO - Filling up the DagBag from /opt/airflow/dags/load_mongo.py
[2025-07-16T17:47:07.400+0000] {processor.py:842} WARNING - No viable dags retrieved from /opt/airflow/dags/load_mongo.py
[2025-07-16T17:47:07.448+0000] {processor.py:183} INFO - Processing /opt/airflow/dags/load_mongo.py took 0.392 seconds
[2025-07-16T17:47:38.219+0000] {processor.py:161} INFO - Started process (PID=6410) to work on /opt/airflow/dags/load_mongo.py
[2025-07-16T17:47:38.223+0000] {processor.py:830} INFO - Processing file /opt/airflow/dags/load_mongo.py for tasks to queue
[2025-07-16T17:47:38.227+0000] {logging_mixin.py:188} INFO - [2025-07-16T17:47:38.226+0000] {dagbag.py:538} INFO - Filling up the DagBag from /opt/airflow/dags/load_mongo.py
[2025-07-16T17:47:38.413+0000] {processor.py:842} WARNING - No viable dags retrieved from /opt/airflow/dags/load_mongo.py
[2025-07-16T17:47:38.495+0000] {processor.py:183} INFO - Processing /opt/airflow/dags/load_mongo.py took 0.286 seconds
[2025-07-16T17:48:08.722+0000] {processor.py:161} INFO - Started process (PID=6472) to work on /opt/airflow/dags/load_mongo.py
[2025-07-16T17:48:08.726+0000] {processor.py:830} INFO - Processing file /opt/airflow/dags/load_mongo.py for tasks to queue
[2025-07-16T17:48:08.739+0000] {logging_mixin.py:188} INFO - [2025-07-16T17:48:08.738+0000] {dagbag.py:538} INFO - Filling up the DagBag from /opt/airflow/dags/load_mongo.py
[2025-07-16T17:48:09.221+0000] {processor.py:842} WARNING - No viable dags retrieved from /opt/airflow/dags/load_mongo.py
[2025-07-16T17:48:09.274+0000] {processor.py:183} INFO - Processing /opt/airflow/dags/load_mongo.py took 0.561 seconds
[2025-07-16T17:48:39.479+0000] {processor.py:161} INFO - Started process (PID=6533) to work on /opt/airflow/dags/load_mongo.py
[2025-07-16T17:48:39.481+0000] {processor.py:830} INFO - Processing file /opt/airflow/dags/load_mongo.py for tasks to queue
[2025-07-16T17:48:39.484+0000] {logging_mixin.py:188} INFO - [2025-07-16T17:48:39.483+0000] {dagbag.py:538} INFO - Filling up the DagBag from /opt/airflow/dags/load_mongo.py
[2025-07-16T17:48:39.632+0000] {processor.py:842} WARNING - No viable dags retrieved from /opt/airflow/dags/load_mongo.py
[2025-07-16T17:48:39.666+0000] {processor.py:183} INFO - Processing /opt/airflow/dags/load_mongo.py took 0.195 seconds
