[2025-07-16T16:51:03.789+0000] {processor.py:161} INFO - Started process (PID=255) to work on /opt/airflow/dags/transform_coinmarketcap.py
[2025-07-16T16:51:03.800+0000] {processor.py:830} INFO - Processing file /opt/airflow/dags/transform_coinmarketcap.py for tasks to queue
[2025-07-16T16:51:03.804+0000] {logging_mixin.py:188} INFO - [2025-07-16T16:51:03.803+0000] {dagbag.py:538} INFO - Filling up the DagBag from /opt/airflow/dags/transform_coinmarketcap.py
[2025-07-16T16:51:05.586+0000] {processor.py:842} WARNING - No viable dags retrieved from /opt/airflow/dags/transform_coinmarketcap.py
[2025-07-16T16:51:05.676+0000] {processor.py:183} INFO - Processing /opt/airflow/dags/transform_coinmarketcap.py took 1.894 seconds
[2025-07-16T16:51:36.149+0000] {processor.py:161} INFO - Started process (PID=314) to work on /opt/airflow/dags/transform_coinmarketcap.py
[2025-07-16T16:51:36.153+0000] {processor.py:830} INFO - Processing file /opt/airflow/dags/transform_coinmarketcap.py for tasks to queue
[2025-07-16T16:51:36.158+0000] {logging_mixin.py:188} INFO - [2025-07-16T16:51:36.156+0000] {dagbag.py:538} INFO - Filling up the DagBag from /opt/airflow/dags/transform_coinmarketcap.py
[2025-07-16T16:51:37.721+0000] {processor.py:842} WARNING - No viable dags retrieved from /opt/airflow/dags/transform_coinmarketcap.py
[2025-07-16T16:51:37.789+0000] {processor.py:183} INFO - Processing /opt/airflow/dags/transform_coinmarketcap.py took 1.650 seconds
[2025-07-16T16:52:08.012+0000] {processor.py:161} INFO - Started process (PID=372) to work on /opt/airflow/dags/transform_coinmarketcap.py
[2025-07-16T16:52:08.016+0000] {processor.py:830} INFO - Processing file /opt/airflow/dags/transform_coinmarketcap.py for tasks to queue
[2025-07-16T16:52:08.019+0000] {logging_mixin.py:188} INFO - [2025-07-16T16:52:08.018+0000] {dagbag.py:538} INFO - Filling up the DagBag from /opt/airflow/dags/transform_coinmarketcap.py
[2025-07-16T16:52:08.841+0000] {processor.py:842} WARNING - No viable dags retrieved from /opt/airflow/dags/transform_coinmarketcap.py
[2025-07-16T16:52:08.885+0000] {processor.py:183} INFO - Processing /opt/airflow/dags/transform_coinmarketcap.py took 0.882 seconds
[2025-07-16T16:52:39.061+0000] {processor.py:161} INFO - Started process (PID=431) to work on /opt/airflow/dags/transform_coinmarketcap.py
[2025-07-16T16:52:39.064+0000] {processor.py:830} INFO - Processing file /opt/airflow/dags/transform_coinmarketcap.py for tasks to queue
[2025-07-16T16:52:39.068+0000] {logging_mixin.py:188} INFO - [2025-07-16T16:52:39.066+0000] {dagbag.py:538} INFO - Filling up the DagBag from /opt/airflow/dags/transform_coinmarketcap.py
[2025-07-16T16:52:40.818+0000] {processor.py:842} WARNING - No viable dags retrieved from /opt/airflow/dags/transform_coinmarketcap.py
[2025-07-16T16:52:40.877+0000] {processor.py:183} INFO - Processing /opt/airflow/dags/transform_coinmarketcap.py took 1.826 seconds
[2025-07-16T16:53:11.546+0000] {processor.py:161} INFO - Started process (PID=493) to work on /opt/airflow/dags/transform_coinmarketcap.py
[2025-07-16T16:53:11.548+0000] {processor.py:830} INFO - Processing file /opt/airflow/dags/transform_coinmarketcap.py for tasks to queue
[2025-07-16T16:53:11.551+0000] {logging_mixin.py:188} INFO - [2025-07-16T16:53:11.550+0000] {dagbag.py:538} INFO - Filling up the DagBag from /opt/airflow/dags/transform_coinmarketcap.py
[2025-07-16T16:53:12.475+0000] {processor.py:842} WARNING - No viable dags retrieved from /opt/airflow/dags/transform_coinmarketcap.py
[2025-07-16T16:53:12.563+0000] {processor.py:183} INFO - Processing /opt/airflow/dags/transform_coinmarketcap.py took 1.024 seconds
[2025-07-16T16:53:43.684+0000] {processor.py:161} INFO - Started process (PID=557) to work on /opt/airflow/dags/transform_coinmarketcap.py
[2025-07-16T16:53:43.689+0000] {processor.py:830} INFO - Processing file /opt/airflow/dags/transform_coinmarketcap.py for tasks to queue
[2025-07-16T16:53:43.702+0000] {logging_mixin.py:188} INFO - [2025-07-16T16:53:43.696+0000] {dagbag.py:538} INFO - Filling up the DagBag from /opt/airflow/dags/transform_coinmarketcap.py
[2025-07-16T16:53:46.075+0000] {processor.py:842} WARNING - No viable dags retrieved from /opt/airflow/dags/transform_coinmarketcap.py
[2025-07-16T16:53:46.249+0000] {processor.py:183} INFO - Processing /opt/airflow/dags/transform_coinmarketcap.py took 2.601 seconds
[2025-07-16T16:54:16.931+0000] {processor.py:161} INFO - Started process (PID=625) to work on /opt/airflow/dags/transform_coinmarketcap.py
[2025-07-16T16:54:16.935+0000] {processor.py:830} INFO - Processing file /opt/airflow/dags/transform_coinmarketcap.py for tasks to queue
[2025-07-16T16:54:16.954+0000] {logging_mixin.py:188} INFO - [2025-07-16T16:54:16.953+0000] {dagbag.py:538} INFO - Filling up the DagBag from /opt/airflow/dags/transform_coinmarketcap.py
[2025-07-16T16:54:21.003+0000] {processor.py:842} WARNING - No viable dags retrieved from /opt/airflow/dags/transform_coinmarketcap.py
[2025-07-16T16:54:21.306+0000] {processor.py:183} INFO - Processing /opt/airflow/dags/transform_coinmarketcap.py took 4.391 seconds
[2025-07-16T16:54:52.343+0000] {processor.py:161} INFO - Started process (PID=687) to work on /opt/airflow/dags/transform_coinmarketcap.py
[2025-07-16T16:54:52.363+0000] {processor.py:830} INFO - Processing file /opt/airflow/dags/transform_coinmarketcap.py for tasks to queue
[2025-07-16T16:54:52.372+0000] {logging_mixin.py:188} INFO - [2025-07-16T16:54:52.366+0000] {dagbag.py:538} INFO - Filling up the DagBag from /opt/airflow/dags/transform_coinmarketcap.py
[2025-07-16T16:54:55.616+0000] {processor.py:842} WARNING - No viable dags retrieved from /opt/airflow/dags/transform_coinmarketcap.py
[2025-07-16T16:54:55.682+0000] {processor.py:183} INFO - Processing /opt/airflow/dags/transform_coinmarketcap.py took 3.369 seconds
[2025-07-16T16:55:27.727+0000] {processor.py:161} INFO - Started process (PID=751) to work on /opt/airflow/dags/transform_coinmarketcap.py
[2025-07-16T16:55:27.753+0000] {processor.py:830} INFO - Processing file /opt/airflow/dags/transform_coinmarketcap.py for tasks to queue
[2025-07-16T16:55:27.770+0000] {logging_mixin.py:188} INFO - [2025-07-16T16:55:27.769+0000] {dagbag.py:538} INFO - Filling up the DagBag from /opt/airflow/dags/transform_coinmarketcap.py
[2025-07-16T16:55:29.948+0000] {processor.py:842} WARNING - No viable dags retrieved from /opt/airflow/dags/transform_coinmarketcap.py
[2025-07-16T16:55:29.991+0000] {processor.py:183} INFO - Processing /opt/airflow/dags/transform_coinmarketcap.py took 2.320 seconds
[2025-07-16T16:56:00.508+0000] {processor.py:161} INFO - Started process (PID=816) to work on /opt/airflow/dags/transform_coinmarketcap.py
[2025-07-16T16:56:00.512+0000] {processor.py:830} INFO - Processing file /opt/airflow/dags/transform_coinmarketcap.py for tasks to queue
[2025-07-16T16:56:00.519+0000] {logging_mixin.py:188} INFO - [2025-07-16T16:56:00.515+0000] {dagbag.py:538} INFO - Filling up the DagBag from /opt/airflow/dags/transform_coinmarketcap.py
[2025-07-16T16:56:04.748+0000] {processor.py:842} WARNING - No viable dags retrieved from /opt/airflow/dags/transform_coinmarketcap.py
[2025-07-16T16:56:04.939+0000] {processor.py:183} INFO - Processing /opt/airflow/dags/transform_coinmarketcap.py took 4.446 seconds
[2025-07-16T16:56:35.428+0000] {processor.py:161} INFO - Started process (PID=874) to work on /opt/airflow/dags/transform_coinmarketcap.py
[2025-07-16T16:56:35.441+0000] {processor.py:830} INFO - Processing file /opt/airflow/dags/transform_coinmarketcap.py for tasks to queue
[2025-07-16T16:56:35.446+0000] {logging_mixin.py:188} INFO - [2025-07-16T16:56:35.445+0000] {dagbag.py:538} INFO - Filling up the DagBag from /opt/airflow/dags/transform_coinmarketcap.py
[2025-07-16T16:56:37.739+0000] {processor.py:842} WARNING - No viable dags retrieved from /opt/airflow/dags/transform_coinmarketcap.py
[2025-07-16T16:56:37.960+0000] {processor.py:183} INFO - Processing /opt/airflow/dags/transform_coinmarketcap.py took 2.546 seconds
[2025-07-16T16:57:08.425+0000] {processor.py:161} INFO - Started process (PID=937) to work on /opt/airflow/dags/transform_coinmarketcap.py
[2025-07-16T16:57:08.428+0000] {processor.py:830} INFO - Processing file /opt/airflow/dags/transform_coinmarketcap.py for tasks to queue
[2025-07-16T16:57:08.431+0000] {logging_mixin.py:188} INFO - [2025-07-16T16:57:08.430+0000] {dagbag.py:538} INFO - Filling up the DagBag from /opt/airflow/dags/transform_coinmarketcap.py
[2025-07-16T16:57:09.313+0000] {processor.py:842} WARNING - No viable dags retrieved from /opt/airflow/dags/transform_coinmarketcap.py
[2025-07-16T16:57:09.359+0000] {processor.py:183} INFO - Processing /opt/airflow/dags/transform_coinmarketcap.py took 0.940 seconds
[2025-07-16T16:57:39.808+0000] {processor.py:161} INFO - Started process (PID=1000) to work on /opt/airflow/dags/transform_coinmarketcap.py
[2025-07-16T16:57:39.811+0000] {processor.py:830} INFO - Processing file /opt/airflow/dags/transform_coinmarketcap.py for tasks to queue
[2025-07-16T16:57:39.814+0000] {logging_mixin.py:188} INFO - [2025-07-16T16:57:39.814+0000] {dagbag.py:538} INFO - Filling up the DagBag from /opt/airflow/dags/transform_coinmarketcap.py
[2025-07-16T16:57:41.450+0000] {processor.py:842} WARNING - No viable dags retrieved from /opt/airflow/dags/transform_coinmarketcap.py
[2025-07-16T16:57:41.514+0000] {processor.py:183} INFO - Processing /opt/airflow/dags/transform_coinmarketcap.py took 1.718 seconds
[2025-07-16T16:58:12.286+0000] {processor.py:161} INFO - Started process (PID=1068) to work on /opt/airflow/dags/transform_coinmarketcap.py
[2025-07-16T16:58:12.290+0000] {processor.py:830} INFO - Processing file /opt/airflow/dags/transform_coinmarketcap.py for tasks to queue
[2025-07-16T16:58:12.300+0000] {logging_mixin.py:188} INFO - [2025-07-16T16:58:12.298+0000] {dagbag.py:538} INFO - Filling up the DagBag from /opt/airflow/dags/transform_coinmarketcap.py
[2025-07-16T16:58:13.677+0000] {processor.py:842} WARNING - No viable dags retrieved from /opt/airflow/dags/transform_coinmarketcap.py
[2025-07-16T16:58:13.732+0000] {processor.py:183} INFO - Processing /opt/airflow/dags/transform_coinmarketcap.py took 1.464 seconds
[2025-07-16T16:58:45.979+0000] {processor.py:161} INFO - Started process (PID=1141) to work on /opt/airflow/dags/transform_coinmarketcap.py
[2025-07-16T16:58:45.992+0000] {processor.py:830} INFO - Processing file /opt/airflow/dags/transform_coinmarketcap.py for tasks to queue
[2025-07-16T16:58:46.012+0000] {logging_mixin.py:188} INFO - [2025-07-16T16:58:46.011+0000] {dagbag.py:538} INFO - Filling up the DagBag from /opt/airflow/dags/transform_coinmarketcap.py
[2025-07-16T16:58:49.032+0000] {processor.py:842} WARNING - No viable dags retrieved from /opt/airflow/dags/transform_coinmarketcap.py
[2025-07-16T16:58:49.110+0000] {processor.py:183} INFO - Processing /opt/airflow/dags/transform_coinmarketcap.py took 3.150 seconds
[2025-07-16T16:59:19.429+0000] {processor.py:161} INFO - Started process (PID=1209) to work on /opt/airflow/dags/transform_coinmarketcap.py
[2025-07-16T16:59:19.432+0000] {processor.py:830} INFO - Processing file /opt/airflow/dags/transform_coinmarketcap.py for tasks to queue
[2025-07-16T16:59:19.435+0000] {logging_mixin.py:188} INFO - [2025-07-16T16:59:19.434+0000] {dagbag.py:538} INFO - Filling up the DagBag from /opt/airflow/dags/transform_coinmarketcap.py
[2025-07-16T16:59:20.541+0000] {processor.py:842} WARNING - No viable dags retrieved from /opt/airflow/dags/transform_coinmarketcap.py
[2025-07-16T16:59:20.588+0000] {processor.py:183} INFO - Processing /opt/airflow/dags/transform_coinmarketcap.py took 1.169 seconds
[2025-07-16T16:59:51.289+0000] {processor.py:161} INFO - Started process (PID=1273) to work on /opt/airflow/dags/transform_coinmarketcap.py
[2025-07-16T16:59:51.292+0000] {processor.py:830} INFO - Processing file /opt/airflow/dags/transform_coinmarketcap.py for tasks to queue
[2025-07-16T16:59:51.296+0000] {logging_mixin.py:188} INFO - [2025-07-16T16:59:51.295+0000] {dagbag.py:538} INFO - Filling up the DagBag from /opt/airflow/dags/transform_coinmarketcap.py
[2025-07-16T16:59:52.018+0000] {processor.py:842} WARNING - No viable dags retrieved from /opt/airflow/dags/transform_coinmarketcap.py
[2025-07-16T16:59:52.049+0000] {processor.py:183} INFO - Processing /opt/airflow/dags/transform_coinmarketcap.py took 0.768 seconds
[2025-07-16T17:00:23.009+0000] {processor.py:161} INFO - Started process (PID=1339) to work on /opt/airflow/dags/transform_coinmarketcap.py
[2025-07-16T17:00:23.012+0000] {processor.py:830} INFO - Processing file /opt/airflow/dags/transform_coinmarketcap.py for tasks to queue
[2025-07-16T17:00:23.016+0000] {logging_mixin.py:188} INFO - [2025-07-16T17:00:23.014+0000] {dagbag.py:538} INFO - Filling up the DagBag from /opt/airflow/dags/transform_coinmarketcap.py
[2025-07-16T17:00:23.786+0000] {processor.py:842} WARNING - No viable dags retrieved from /opt/airflow/dags/transform_coinmarketcap.py
[2025-07-16T17:00:24.171+0000] {processor.py:183} INFO - Processing /opt/airflow/dags/transform_coinmarketcap.py took 1.178 seconds
[2025-07-16T17:00:54.547+0000] {processor.py:161} INFO - Started process (PID=1405) to work on /opt/airflow/dags/transform_coinmarketcap.py
[2025-07-16T17:00:54.550+0000] {processor.py:830} INFO - Processing file /opt/airflow/dags/transform_coinmarketcap.py for tasks to queue
[2025-07-16T17:00:54.553+0000] {logging_mixin.py:188} INFO - [2025-07-16T17:00:54.552+0000] {dagbag.py:538} INFO - Filling up the DagBag from /opt/airflow/dags/transform_coinmarketcap.py
[2025-07-16T17:00:55.446+0000] {processor.py:842} WARNING - No viable dags retrieved from /opt/airflow/dags/transform_coinmarketcap.py
[2025-07-16T17:00:55.494+0000] {processor.py:183} INFO - Processing /opt/airflow/dags/transform_coinmarketcap.py took 0.953 seconds
[2025-07-16T17:01:26.022+0000] {processor.py:161} INFO - Started process (PID=1467) to work on /opt/airflow/dags/transform_coinmarketcap.py
[2025-07-16T17:01:26.025+0000] {processor.py:830} INFO - Processing file /opt/airflow/dags/transform_coinmarketcap.py for tasks to queue
[2025-07-16T17:01:26.028+0000] {logging_mixin.py:188} INFO - [2025-07-16T17:01:26.027+0000] {dagbag.py:538} INFO - Filling up the DagBag from /opt/airflow/dags/transform_coinmarketcap.py
[2025-07-16T17:01:26.755+0000] {processor.py:842} WARNING - No viable dags retrieved from /opt/airflow/dags/transform_coinmarketcap.py
[2025-07-16T17:01:26.788+0000] {processor.py:183} INFO - Processing /opt/airflow/dags/transform_coinmarketcap.py took 0.775 seconds
[2025-07-16T17:01:57.867+0000] {processor.py:161} INFO - Started process (PID=1534) to work on /opt/airflow/dags/transform_coinmarketcap.py
[2025-07-16T17:01:57.870+0000] {processor.py:830} INFO - Processing file /opt/airflow/dags/transform_coinmarketcap.py for tasks to queue
[2025-07-16T17:01:57.872+0000] {logging_mixin.py:188} INFO - [2025-07-16T17:01:57.872+0000] {dagbag.py:538} INFO - Filling up the DagBag from /opt/airflow/dags/transform_coinmarketcap.py
[2025-07-16T17:01:58.836+0000] {processor.py:842} WARNING - No viable dags retrieved from /opt/airflow/dags/transform_coinmarketcap.py
[2025-07-16T17:01:58.887+0000] {processor.py:183} INFO - Processing /opt/airflow/dags/transform_coinmarketcap.py took 1.027 seconds
[2025-07-16T17:02:29.267+0000] {processor.py:161} INFO - Started process (PID=1597) to work on /opt/airflow/dags/transform_coinmarketcap.py
[2025-07-16T17:02:29.269+0000] {processor.py:830} INFO - Processing file /opt/airflow/dags/transform_coinmarketcap.py for tasks to queue
[2025-07-16T17:02:29.272+0000] {logging_mixin.py:188} INFO - [2025-07-16T17:02:29.271+0000] {dagbag.py:538} INFO - Filling up the DagBag from /opt/airflow/dags/transform_coinmarketcap.py
[2025-07-16T17:02:30.043+0000] {processor.py:842} WARNING - No viable dags retrieved from /opt/airflow/dags/transform_coinmarketcap.py
[2025-07-16T17:02:30.077+0000] {processor.py:183} INFO - Processing /opt/airflow/dags/transform_coinmarketcap.py took 0.817 seconds
[2025-07-16T17:03:00.493+0000] {processor.py:161} INFO - Started process (PID=1659) to work on /opt/airflow/dags/transform_coinmarketcap.py
[2025-07-16T17:03:00.498+0000] {processor.py:830} INFO - Processing file /opt/airflow/dags/transform_coinmarketcap.py for tasks to queue
[2025-07-16T17:03:00.502+0000] {logging_mixin.py:188} INFO - [2025-07-16T17:03:00.501+0000] {dagbag.py:538} INFO - Filling up the DagBag from /opt/airflow/dags/transform_coinmarketcap.py
[2025-07-16T17:03:01.745+0000] {processor.py:842} WARNING - No viable dags retrieved from /opt/airflow/dags/transform_coinmarketcap.py
[2025-07-16T17:03:01.815+0000] {processor.py:183} INFO - Processing /opt/airflow/dags/transform_coinmarketcap.py took 1.334 seconds
[2025-07-16T17:03:32.064+0000] {processor.py:161} INFO - Started process (PID=1721) to work on /opt/airflow/dags/transform_coinmarketcap.py
[2025-07-16T17:03:32.068+0000] {processor.py:830} INFO - Processing file /opt/airflow/dags/transform_coinmarketcap.py for tasks to queue
[2025-07-16T17:03:32.071+0000] {logging_mixin.py:188} INFO - [2025-07-16T17:03:32.070+0000] {dagbag.py:538} INFO - Filling up the DagBag from /opt/airflow/dags/transform_coinmarketcap.py
[2025-07-16T17:03:32.868+0000] {processor.py:842} WARNING - No viable dags retrieved from /opt/airflow/dags/transform_coinmarketcap.py
[2025-07-16T17:03:32.901+0000] {processor.py:183} INFO - Processing /opt/airflow/dags/transform_coinmarketcap.py took 0.845 seconds
[2025-07-16T17:04:03.079+0000] {processor.py:161} INFO - Started process (PID=1783) to work on /opt/airflow/dags/transform_coinmarketcap.py
[2025-07-16T17:04:03.083+0000] {processor.py:830} INFO - Processing file /opt/airflow/dags/transform_coinmarketcap.py for tasks to queue
[2025-07-16T17:04:03.087+0000] {logging_mixin.py:188} INFO - [2025-07-16T17:04:03.086+0000] {dagbag.py:538} INFO - Filling up the DagBag from /opt/airflow/dags/transform_coinmarketcap.py
[2025-07-16T17:04:04.802+0000] {processor.py:842} WARNING - No viable dags retrieved from /opt/airflow/dags/transform_coinmarketcap.py
[2025-07-16T17:04:04.899+0000] {processor.py:183} INFO - Processing /opt/airflow/dags/transform_coinmarketcap.py took 1.829 seconds
[2025-07-16T17:04:36.269+0000] {processor.py:161} INFO - Started process (PID=1845) to work on /opt/airflow/dags/transform_coinmarketcap.py
[2025-07-16T17:04:36.275+0000] {processor.py:830} INFO - Processing file /opt/airflow/dags/transform_coinmarketcap.py for tasks to queue
[2025-07-16T17:04:36.283+0000] {logging_mixin.py:188} INFO - [2025-07-16T17:04:36.282+0000] {dagbag.py:538} INFO - Filling up the DagBag from /opt/airflow/dags/transform_coinmarketcap.py
[2025-07-16T17:04:38.568+0000] {processor.py:842} WARNING - No viable dags retrieved from /opt/airflow/dags/transform_coinmarketcap.py
[2025-07-16T17:04:38.636+0000] {processor.py:183} INFO - Processing /opt/airflow/dags/transform_coinmarketcap.py took 2.385 seconds
[2025-07-16T17:05:09.099+0000] {processor.py:161} INFO - Started process (PID=1912) to work on /opt/airflow/dags/transform_coinmarketcap.py
[2025-07-16T17:05:09.102+0000] {processor.py:830} INFO - Processing file /opt/airflow/dags/transform_coinmarketcap.py for tasks to queue
[2025-07-16T17:05:09.107+0000] {logging_mixin.py:188} INFO - [2025-07-16T17:05:09.106+0000] {dagbag.py:538} INFO - Filling up the DagBag from /opt/airflow/dags/transform_coinmarketcap.py
[2025-07-16T17:05:11.439+0000] {processor.py:842} WARNING - No viable dags retrieved from /opt/airflow/dags/transform_coinmarketcap.py
[2025-07-16T17:05:11.552+0000] {processor.py:183} INFO - Processing /opt/airflow/dags/transform_coinmarketcap.py took 2.469 seconds
[2025-07-16T17:05:42.619+0000] {processor.py:161} INFO - Started process (PID=1981) to work on /opt/airflow/dags/transform_coinmarketcap.py
[2025-07-16T17:05:42.632+0000] {processor.py:830} INFO - Processing file /opt/airflow/dags/transform_coinmarketcap.py for tasks to queue
[2025-07-16T17:05:42.648+0000] {logging_mixin.py:188} INFO - [2025-07-16T17:05:42.647+0000] {dagbag.py:538} INFO - Filling up the DagBag from /opt/airflow/dags/transform_coinmarketcap.py
[2025-07-16T17:05:43.686+0000] {processor.py:842} WARNING - No viable dags retrieved from /opt/airflow/dags/transform_coinmarketcap.py
[2025-07-16T17:05:44.079+0000] {processor.py:183} INFO - Processing /opt/airflow/dags/transform_coinmarketcap.py took 1.478 seconds
[2025-07-16T17:06:14.631+0000] {processor.py:161} INFO - Started process (PID=2042) to work on /opt/airflow/dags/transform_coinmarketcap.py
[2025-07-16T17:06:14.635+0000] {processor.py:830} INFO - Processing file /opt/airflow/dags/transform_coinmarketcap.py for tasks to queue
[2025-07-16T17:06:14.640+0000] {logging_mixin.py:188} INFO - [2025-07-16T17:06:14.638+0000] {dagbag.py:538} INFO - Filling up the DagBag from /opt/airflow/dags/transform_coinmarketcap.py
[2025-07-16T17:06:16.302+0000] {processor.py:842} WARNING - No viable dags retrieved from /opt/airflow/dags/transform_coinmarketcap.py
[2025-07-16T17:06:16.401+0000] {processor.py:183} INFO - Processing /opt/airflow/dags/transform_coinmarketcap.py took 1.782 seconds
[2025-07-16T17:06:47.028+0000] {processor.py:161} INFO - Started process (PID=2105) to work on /opt/airflow/dags/transform_coinmarketcap.py
[2025-07-16T17:06:47.034+0000] {processor.py:830} INFO - Processing file /opt/airflow/dags/transform_coinmarketcap.py for tasks to queue
[2025-07-16T17:06:47.039+0000] {logging_mixin.py:188} INFO - [2025-07-16T17:06:47.037+0000] {dagbag.py:538} INFO - Filling up the DagBag from /opt/airflow/dags/transform_coinmarketcap.py
[2025-07-16T17:06:48.018+0000] {processor.py:842} WARNING - No viable dags retrieved from /opt/airflow/dags/transform_coinmarketcap.py
[2025-07-16T17:06:48.078+0000] {processor.py:183} INFO - Processing /opt/airflow/dags/transform_coinmarketcap.py took 1.060 seconds
[2025-07-16T17:07:18.711+0000] {processor.py:161} INFO - Started process (PID=2167) to work on /opt/airflow/dags/transform_coinmarketcap.py
[2025-07-16T17:07:18.715+0000] {processor.py:830} INFO - Processing file /opt/airflow/dags/transform_coinmarketcap.py for tasks to queue
[2025-07-16T17:07:18.719+0000] {logging_mixin.py:188} INFO - [2025-07-16T17:07:18.718+0000] {dagbag.py:538} INFO - Filling up the DagBag from /opt/airflow/dags/transform_coinmarketcap.py
[2025-07-16T17:07:19.822+0000] {processor.py:842} WARNING - No viable dags retrieved from /opt/airflow/dags/transform_coinmarketcap.py
[2025-07-16T17:07:19.896+0000] {processor.py:183} INFO - Processing /opt/airflow/dags/transform_coinmarketcap.py took 1.198 seconds
[2025-07-16T17:07:50.874+0000] {processor.py:161} INFO - Started process (PID=2230) to work on /opt/airflow/dags/transform_coinmarketcap.py
[2025-07-16T17:07:50.877+0000] {processor.py:830} INFO - Processing file /opt/airflow/dags/transform_coinmarketcap.py for tasks to queue
[2025-07-16T17:07:50.880+0000] {logging_mixin.py:188} INFO - [2025-07-16T17:07:50.879+0000] {dagbag.py:538} INFO - Filling up the DagBag from /opt/airflow/dags/transform_coinmarketcap.py
[2025-07-16T17:07:52.970+0000] {processor.py:842} WARNING - No viable dags retrieved from /opt/airflow/dags/transform_coinmarketcap.py
[2025-07-16T17:07:52.999+0000] {processor.py:183} INFO - Processing /opt/airflow/dags/transform_coinmarketcap.py took 2.137 seconds
[2025-07-16T17:08:23.667+0000] {processor.py:161} INFO - Started process (PID=2297) to work on /opt/airflow/dags/transform_coinmarketcap.py
[2025-07-16T17:08:23.671+0000] {processor.py:830} INFO - Processing file /opt/airflow/dags/transform_coinmarketcap.py for tasks to queue
[2025-07-16T17:08:23.675+0000] {logging_mixin.py:188} INFO - [2025-07-16T17:08:23.674+0000] {dagbag.py:538} INFO - Filling up the DagBag from /opt/airflow/dags/transform_coinmarketcap.py
[2025-07-16T17:08:25.054+0000] {processor.py:842} WARNING - No viable dags retrieved from /opt/airflow/dags/transform_coinmarketcap.py
[2025-07-16T17:08:25.084+0000] {processor.py:183} INFO - Processing /opt/airflow/dags/transform_coinmarketcap.py took 1.430 seconds
[2025-07-16T17:08:55.742+0000] {processor.py:161} INFO - Started process (PID=2360) to work on /opt/airflow/dags/transform_coinmarketcap.py
[2025-07-16T17:08:55.746+0000] {processor.py:830} INFO - Processing file /opt/airflow/dags/transform_coinmarketcap.py for tasks to queue
[2025-07-16T17:08:55.750+0000] {logging_mixin.py:188} INFO - [2025-07-16T17:08:55.749+0000] {dagbag.py:538} INFO - Filling up the DagBag from /opt/airflow/dags/transform_coinmarketcap.py
[2025-07-16T17:08:56.824+0000] {processor.py:842} WARNING - No viable dags retrieved from /opt/airflow/dags/transform_coinmarketcap.py
[2025-07-16T17:08:56.854+0000] {processor.py:183} INFO - Processing /opt/airflow/dags/transform_coinmarketcap.py took 1.126 seconds
[2025-07-16T17:09:27.458+0000] {processor.py:161} INFO - Started process (PID=2423) to work on /opt/airflow/dags/transform_coinmarketcap.py
[2025-07-16T17:09:27.460+0000] {processor.py:830} INFO - Processing file /opt/airflow/dags/transform_coinmarketcap.py for tasks to queue
[2025-07-16T17:09:27.464+0000] {logging_mixin.py:188} INFO - [2025-07-16T17:09:27.463+0000] {dagbag.py:538} INFO - Filling up the DagBag from /opt/airflow/dags/transform_coinmarketcap.py
[2025-07-16T17:09:28.652+0000] {processor.py:842} WARNING - No viable dags retrieved from /opt/airflow/dags/transform_coinmarketcap.py
[2025-07-16T17:09:28.682+0000] {processor.py:183} INFO - Processing /opt/airflow/dags/transform_coinmarketcap.py took 1.232 seconds
[2025-07-16T17:09:59.438+0000] {processor.py:161} INFO - Started process (PID=2485) to work on /opt/airflow/dags/transform_coinmarketcap.py
[2025-07-16T17:09:59.442+0000] {processor.py:830} INFO - Processing file /opt/airflow/dags/transform_coinmarketcap.py for tasks to queue
[2025-07-16T17:09:59.446+0000] {logging_mixin.py:188} INFO - [2025-07-16T17:09:59.444+0000] {dagbag.py:538} INFO - Filling up the DagBag from /opt/airflow/dags/transform_coinmarketcap.py
[2025-07-16T17:10:01.759+0000] {processor.py:842} WARNING - No viable dags retrieved from /opt/airflow/dags/transform_coinmarketcap.py
[2025-07-16T17:10:01.794+0000] {processor.py:183} INFO - Processing /opt/airflow/dags/transform_coinmarketcap.py took 2.366 seconds
[2025-07-16T17:10:32.112+0000] {processor.py:161} INFO - Started process (PID=2548) to work on /opt/airflow/dags/transform_coinmarketcap.py
[2025-07-16T17:10:32.115+0000] {processor.py:830} INFO - Processing file /opt/airflow/dags/transform_coinmarketcap.py for tasks to queue
[2025-07-16T17:10:32.118+0000] {logging_mixin.py:188} INFO - [2025-07-16T17:10:32.117+0000] {dagbag.py:538} INFO - Filling up the DagBag from /opt/airflow/dags/transform_coinmarketcap.py
[2025-07-16T17:10:32.863+0000] {processor.py:842} WARNING - No viable dags retrieved from /opt/airflow/dags/transform_coinmarketcap.py
[2025-07-16T17:10:33.229+0000] {processor.py:183} INFO - Processing /opt/airflow/dags/transform_coinmarketcap.py took 1.126 seconds
[2025-07-16T17:11:03.974+0000] {processor.py:161} INFO - Started process (PID=2609) to work on /opt/airflow/dags/transform_coinmarketcap.py
[2025-07-16T17:11:03.981+0000] {processor.py:830} INFO - Processing file /opt/airflow/dags/transform_coinmarketcap.py for tasks to queue
[2025-07-16T17:11:03.985+0000] {logging_mixin.py:188} INFO - [2025-07-16T17:11:03.984+0000] {dagbag.py:538} INFO - Filling up the DagBag from /opt/airflow/dags/transform_coinmarketcap.py
[2025-07-16T17:11:05.550+0000] {processor.py:842} WARNING - No viable dags retrieved from /opt/airflow/dags/transform_coinmarketcap.py
[2025-07-16T17:11:05.592+0000] {processor.py:183} INFO - Processing /opt/airflow/dags/transform_coinmarketcap.py took 1.635 seconds
[2025-07-16T17:11:35.944+0000] {processor.py:161} INFO - Started process (PID=2669) to work on /opt/airflow/dags/transform_coinmarketcap.py
[2025-07-16T17:11:35.947+0000] {processor.py:830} INFO - Processing file /opt/airflow/dags/transform_coinmarketcap.py for tasks to queue
[2025-07-16T17:11:35.951+0000] {logging_mixin.py:188} INFO - [2025-07-16T17:11:35.949+0000] {dagbag.py:538} INFO - Filling up the DagBag from /opt/airflow/dags/transform_coinmarketcap.py
[2025-07-16T17:11:37.329+0000] {processor.py:842} WARNING - No viable dags retrieved from /opt/airflow/dags/transform_coinmarketcap.py
[2025-07-16T17:11:37.364+0000] {processor.py:183} INFO - Processing /opt/airflow/dags/transform_coinmarketcap.py took 1.428 seconds
[2025-07-16T17:12:08.920+0000] {processor.py:161} INFO - Started process (PID=2739) to work on /opt/airflow/dags/transform_coinmarketcap.py
[2025-07-16T17:12:08.923+0000] {processor.py:830} INFO - Processing file /opt/airflow/dags/transform_coinmarketcap.py for tasks to queue
[2025-07-16T17:12:08.927+0000] {logging_mixin.py:188} INFO - [2025-07-16T17:12:08.926+0000] {dagbag.py:538} INFO - Filling up the DagBag from /opt/airflow/dags/transform_coinmarketcap.py
[2025-07-16T17:12:10.406+0000] {processor.py:842} WARNING - No viable dags retrieved from /opt/airflow/dags/transform_coinmarketcap.py
[2025-07-16T17:12:10.437+0000] {processor.py:183} INFO - Processing /opt/airflow/dags/transform_coinmarketcap.py took 1.524 seconds
[2025-07-16T17:12:41.846+0000] {processor.py:161} INFO - Started process (PID=2812) to work on /opt/airflow/dags/transform_coinmarketcap.py
[2025-07-16T17:12:41.850+0000] {processor.py:830} INFO - Processing file /opt/airflow/dags/transform_coinmarketcap.py for tasks to queue
[2025-07-16T17:12:41.853+0000] {logging_mixin.py:188} INFO - [2025-07-16T17:12:41.852+0000] {dagbag.py:538} INFO - Filling up the DagBag from /opt/airflow/dags/transform_coinmarketcap.py
[2025-07-16T17:12:43.348+0000] {processor.py:842} WARNING - No viable dags retrieved from /opt/airflow/dags/transform_coinmarketcap.py
[2025-07-16T17:12:43.376+0000] {processor.py:183} INFO - Processing /opt/airflow/dags/transform_coinmarketcap.py took 1.538 seconds
[2025-07-16T17:13:13.992+0000] {processor.py:161} INFO - Started process (PID=2874) to work on /opt/airflow/dags/transform_coinmarketcap.py
[2025-07-16T17:13:13.997+0000] {processor.py:830} INFO - Processing file /opt/airflow/dags/transform_coinmarketcap.py for tasks to queue
[2025-07-16T17:13:14.007+0000] {logging_mixin.py:188} INFO - [2025-07-16T17:13:14.005+0000] {dagbag.py:538} INFO - Filling up the DagBag from /opt/airflow/dags/transform_coinmarketcap.py
[2025-07-16T17:13:15.923+0000] {processor.py:842} WARNING - No viable dags retrieved from /opt/airflow/dags/transform_coinmarketcap.py
[2025-07-16T17:13:15.962+0000] {processor.py:183} INFO - Processing /opt/airflow/dags/transform_coinmarketcap.py took 1.982 seconds
[2025-07-16T17:13:46.747+0000] {processor.py:161} INFO - Started process (PID=2947) to work on /opt/airflow/dags/transform_coinmarketcap.py
[2025-07-16T17:13:46.751+0000] {processor.py:830} INFO - Processing file /opt/airflow/dags/transform_coinmarketcap.py for tasks to queue
[2025-07-16T17:13:46.756+0000] {logging_mixin.py:188} INFO - [2025-07-16T17:13:46.755+0000] {dagbag.py:538} INFO - Filling up the DagBag from /opt/airflow/dags/transform_coinmarketcap.py
[2025-07-16T17:13:47.966+0000] {processor.py:842} WARNING - No viable dags retrieved from /opt/airflow/dags/transform_coinmarketcap.py
[2025-07-16T17:13:48.005+0000] {processor.py:183} INFO - Processing /opt/airflow/dags/transform_coinmarketcap.py took 1.265 seconds
[2025-07-16T17:14:18.845+0000] {processor.py:161} INFO - Started process (PID=3010) to work on /opt/airflow/dags/transform_coinmarketcap.py
[2025-07-16T17:14:18.848+0000] {processor.py:830} INFO - Processing file /opt/airflow/dags/transform_coinmarketcap.py for tasks to queue
[2025-07-16T17:14:18.850+0000] {logging_mixin.py:188} INFO - [2025-07-16T17:14:18.850+0000] {dagbag.py:538} INFO - Filling up the DagBag from /opt/airflow/dags/transform_coinmarketcap.py
[2025-07-16T17:14:19.956+0000] {processor.py:842} WARNING - No viable dags retrieved from /opt/airflow/dags/transform_coinmarketcap.py
[2025-07-16T17:14:19.992+0000] {processor.py:183} INFO - Processing /opt/airflow/dags/transform_coinmarketcap.py took 1.154 seconds
[2025-07-16T17:14:50.449+0000] {processor.py:161} INFO - Started process (PID=3077) to work on /opt/airflow/dags/transform_coinmarketcap.py
[2025-07-16T17:14:50.452+0000] {processor.py:830} INFO - Processing file /opt/airflow/dags/transform_coinmarketcap.py for tasks to queue
[2025-07-16T17:14:50.455+0000] {logging_mixin.py:188} INFO - [2025-07-16T17:14:50.455+0000] {dagbag.py:538} INFO - Filling up the DagBag from /opt/airflow/dags/transform_coinmarketcap.py
[2025-07-16T17:14:51.535+0000] {processor.py:842} WARNING - No viable dags retrieved from /opt/airflow/dags/transform_coinmarketcap.py
[2025-07-16T17:14:51.571+0000] {processor.py:183} INFO - Processing /opt/airflow/dags/transform_coinmarketcap.py took 1.137 seconds
[2025-07-16T17:15:22.011+0000] {processor.py:161} INFO - Started process (PID=3139) to work on /opt/airflow/dags/transform_coinmarketcap.py
[2025-07-16T17:15:22.015+0000] {processor.py:830} INFO - Processing file /opt/airflow/dags/transform_coinmarketcap.py for tasks to queue
[2025-07-16T17:15:22.019+0000] {logging_mixin.py:188} INFO - [2025-07-16T17:15:22.018+0000] {dagbag.py:538} INFO - Filling up the DagBag from /opt/airflow/dags/transform_coinmarketcap.py
[2025-07-16T17:15:23.198+0000] {processor.py:842} WARNING - No viable dags retrieved from /opt/airflow/dags/transform_coinmarketcap.py
[2025-07-16T17:15:23.233+0000] {processor.py:183} INFO - Processing /opt/airflow/dags/transform_coinmarketcap.py took 1.230 seconds
[2025-07-16T17:15:53.626+0000] {processor.py:161} INFO - Started process (PID=3204) to work on /opt/airflow/dags/transform_coinmarketcap.py
[2025-07-16T17:15:53.629+0000] {processor.py:830} INFO - Processing file /opt/airflow/dags/transform_coinmarketcap.py for tasks to queue
[2025-07-16T17:15:53.633+0000] {logging_mixin.py:188} INFO - [2025-07-16T17:15:53.632+0000] {dagbag.py:538} INFO - Filling up the DagBag from /opt/airflow/dags/transform_coinmarketcap.py
[2025-07-16T17:15:54.878+0000] {processor.py:842} WARNING - No viable dags retrieved from /opt/airflow/dags/transform_coinmarketcap.py
[2025-07-16T17:15:54.908+0000] {processor.py:183} INFO - Processing /opt/airflow/dags/transform_coinmarketcap.py took 1.292 seconds
[2025-07-16T17:16:25.121+0000] {processor.py:161} INFO - Started process (PID=3265) to work on /opt/airflow/dags/transform_coinmarketcap.py
[2025-07-16T17:16:25.124+0000] {processor.py:830} INFO - Processing file /opt/airflow/dags/transform_coinmarketcap.py for tasks to queue
[2025-07-16T17:16:25.127+0000] {logging_mixin.py:188} INFO - [2025-07-16T17:16:25.126+0000] {dagbag.py:538} INFO - Filling up the DagBag from /opt/airflow/dags/transform_coinmarketcap.py
[2025-07-16T17:16:26.802+0000] {processor.py:842} WARNING - No viable dags retrieved from /opt/airflow/dags/transform_coinmarketcap.py
[2025-07-16T17:16:26.836+0000] {processor.py:183} INFO - Processing /opt/airflow/dags/transform_coinmarketcap.py took 1.723 seconds
[2025-07-16T17:16:58.278+0000] {processor.py:161} INFO - Started process (PID=3329) to work on /opt/airflow/dags/transform_coinmarketcap.py
[2025-07-16T17:16:58.282+0000] {processor.py:830} INFO - Processing file /opt/airflow/dags/transform_coinmarketcap.py for tasks to queue
[2025-07-16T17:16:58.287+0000] {logging_mixin.py:188} INFO - [2025-07-16T17:16:58.285+0000] {dagbag.py:538} INFO - Filling up the DagBag from /opt/airflow/dags/transform_coinmarketcap.py
[2025-07-16T17:17:00.083+0000] {processor.py:842} WARNING - No viable dags retrieved from /opt/airflow/dags/transform_coinmarketcap.py
[2025-07-16T17:17:00.117+0000] {processor.py:183} INFO - Processing /opt/airflow/dags/transform_coinmarketcap.py took 1.857 seconds
[2025-07-16T17:17:30.320+0000] {processor.py:161} INFO - Started process (PID=3390) to work on /opt/airflow/dags/transform_coinmarketcap.py
[2025-07-16T17:17:30.323+0000] {processor.py:830} INFO - Processing file /opt/airflow/dags/transform_coinmarketcap.py for tasks to queue
[2025-07-16T17:17:30.327+0000] {logging_mixin.py:188} INFO - [2025-07-16T17:17:30.325+0000] {dagbag.py:538} INFO - Filling up the DagBag from /opt/airflow/dags/transform_coinmarketcap.py
[2025-07-16T17:17:31.704+0000] {processor.py:842} WARNING - No viable dags retrieved from /opt/airflow/dags/transform_coinmarketcap.py
[2025-07-16T17:17:31.737+0000] {processor.py:183} INFO - Processing /opt/airflow/dags/transform_coinmarketcap.py took 1.429 seconds
[2025-07-16T17:18:02.330+0000] {processor.py:161} INFO - Started process (PID=3458) to work on /opt/airflow/dags/transform_coinmarketcap.py
[2025-07-16T17:18:02.333+0000] {processor.py:830} INFO - Processing file /opt/airflow/dags/transform_coinmarketcap.py for tasks to queue
[2025-07-16T17:18:02.336+0000] {logging_mixin.py:188} INFO - [2025-07-16T17:18:02.335+0000] {dagbag.py:538} INFO - Filling up the DagBag from /opt/airflow/dags/transform_coinmarketcap.py
[2025-07-16T17:18:03.742+0000] {processor.py:842} WARNING - No viable dags retrieved from /opt/airflow/dags/transform_coinmarketcap.py
[2025-07-16T17:18:03.797+0000] {processor.py:183} INFO - Processing /opt/airflow/dags/transform_coinmarketcap.py took 1.478 seconds
[2025-07-16T17:18:33.998+0000] {processor.py:161} INFO - Started process (PID=3521) to work on /opt/airflow/dags/transform_coinmarketcap.py
[2025-07-16T17:18:34.001+0000] {processor.py:830} INFO - Processing file /opt/airflow/dags/transform_coinmarketcap.py for tasks to queue
[2025-07-16T17:18:34.009+0000] {logging_mixin.py:188} INFO - [2025-07-16T17:18:34.008+0000] {dagbag.py:538} INFO - Filling up the DagBag from /opt/airflow/dags/transform_coinmarketcap.py
[2025-07-16T17:18:35.384+0000] {processor.py:842} WARNING - No viable dags retrieved from /opt/airflow/dags/transform_coinmarketcap.py
[2025-07-16T17:18:35.437+0000] {processor.py:183} INFO - Processing /opt/airflow/dags/transform_coinmarketcap.py took 1.447 seconds
[2025-07-16T17:19:06.137+0000] {processor.py:161} INFO - Started process (PID=3585) to work on /opt/airflow/dags/transform_coinmarketcap.py
[2025-07-16T17:19:06.146+0000] {processor.py:830} INFO - Processing file /opt/airflow/dags/transform_coinmarketcap.py for tasks to queue
[2025-07-16T17:19:06.149+0000] {logging_mixin.py:188} INFO - [2025-07-16T17:19:06.148+0000] {dagbag.py:538} INFO - Filling up the DagBag from /opt/airflow/dags/transform_coinmarketcap.py
[2025-07-16T17:19:07.683+0000] {processor.py:842} WARNING - No viable dags retrieved from /opt/airflow/dags/transform_coinmarketcap.py
[2025-07-16T17:19:07.714+0000] {processor.py:183} INFO - Processing /opt/airflow/dags/transform_coinmarketcap.py took 1.589 seconds
[2025-07-16T17:19:38.250+0000] {processor.py:161} INFO - Started process (PID=3648) to work on /opt/airflow/dags/transform_coinmarketcap.py
[2025-07-16T17:19:38.253+0000] {processor.py:830} INFO - Processing file /opt/airflow/dags/transform_coinmarketcap.py for tasks to queue
[2025-07-16T17:19:38.256+0000] {logging_mixin.py:188} INFO - [2025-07-16T17:19:38.255+0000] {dagbag.py:538} INFO - Filling up the DagBag from /opt/airflow/dags/transform_coinmarketcap.py
[2025-07-16T17:19:39.392+0000] {processor.py:842} WARNING - No viable dags retrieved from /opt/airflow/dags/transform_coinmarketcap.py
[2025-07-16T17:19:39.423+0000] {processor.py:183} INFO - Processing /opt/airflow/dags/transform_coinmarketcap.py took 1.180 seconds
[2025-07-16T17:20:09.687+0000] {processor.py:161} INFO - Started process (PID=3710) to work on /opt/airflow/dags/transform_coinmarketcap.py
[2025-07-16T17:20:09.690+0000] {processor.py:830} INFO - Processing file /opt/airflow/dags/transform_coinmarketcap.py for tasks to queue
[2025-07-16T17:20:09.692+0000] {logging_mixin.py:188} INFO - [2025-07-16T17:20:09.692+0000] {dagbag.py:538} INFO - Filling up the DagBag from /opt/airflow/dags/transform_coinmarketcap.py
[2025-07-16T17:20:10.982+0000] {processor.py:842} WARNING - No viable dags retrieved from /opt/airflow/dags/transform_coinmarketcap.py
[2025-07-16T17:20:11.014+0000] {processor.py:183} INFO - Processing /opt/airflow/dags/transform_coinmarketcap.py took 1.339 seconds
[2025-07-16T17:20:41.315+0000] {processor.py:161} INFO - Started process (PID=3771) to work on /opt/airflow/dags/transform_coinmarketcap.py
[2025-07-16T17:20:41.318+0000] {processor.py:830} INFO - Processing file /opt/airflow/dags/transform_coinmarketcap.py for tasks to queue
[2025-07-16T17:20:41.322+0000] {logging_mixin.py:188} INFO - [2025-07-16T17:20:41.320+0000] {dagbag.py:538} INFO - Filling up the DagBag from /opt/airflow/dags/transform_coinmarketcap.py
[2025-07-16T17:20:42.519+0000] {processor.py:842} WARNING - No viable dags retrieved from /opt/airflow/dags/transform_coinmarketcap.py
[2025-07-16T17:20:42.549+0000] {processor.py:183} INFO - Processing /opt/airflow/dags/transform_coinmarketcap.py took 1.243 seconds
[2025-07-16T17:21:13.292+0000] {processor.py:161} INFO - Started process (PID=3833) to work on /opt/airflow/dags/transform_coinmarketcap.py
[2025-07-16T17:21:13.297+0000] {processor.py:830} INFO - Processing file /opt/airflow/dags/transform_coinmarketcap.py for tasks to queue
[2025-07-16T17:21:13.301+0000] {logging_mixin.py:188} INFO - [2025-07-16T17:21:13.300+0000] {dagbag.py:538} INFO - Filling up the DagBag from /opt/airflow/dags/transform_coinmarketcap.py
[2025-07-16T17:21:14.640+0000] {processor.py:842} WARNING - No viable dags retrieved from /opt/airflow/dags/transform_coinmarketcap.py
[2025-07-16T17:21:14.700+0000] {processor.py:183} INFO - Processing /opt/airflow/dags/transform_coinmarketcap.py took 1.417 seconds
[2025-07-16T17:21:44.986+0000] {processor.py:161} INFO - Started process (PID=3901) to work on /opt/airflow/dags/transform_coinmarketcap.py
[2025-07-16T17:21:44.990+0000] {processor.py:830} INFO - Processing file /opt/airflow/dags/transform_coinmarketcap.py for tasks to queue
[2025-07-16T17:21:44.993+0000] {logging_mixin.py:188} INFO - [2025-07-16T17:21:44.992+0000] {dagbag.py:538} INFO - Filling up the DagBag from /opt/airflow/dags/transform_coinmarketcap.py
[2025-07-16T17:21:46.368+0000] {processor.py:842} WARNING - No viable dags retrieved from /opt/airflow/dags/transform_coinmarketcap.py
[2025-07-16T17:21:46.408+0000] {processor.py:183} INFO - Processing /opt/airflow/dags/transform_coinmarketcap.py took 1.428 seconds
[2025-07-16T17:22:16.702+0000] {processor.py:161} INFO - Started process (PID=3963) to work on /opt/airflow/dags/transform_coinmarketcap.py
[2025-07-16T17:22:16.705+0000] {processor.py:830} INFO - Processing file /opt/airflow/dags/transform_coinmarketcap.py for tasks to queue
[2025-07-16T17:22:16.708+0000] {logging_mixin.py:188} INFO - [2025-07-16T17:22:16.707+0000] {dagbag.py:538} INFO - Filling up the DagBag from /opt/airflow/dags/transform_coinmarketcap.py
[2025-07-16T17:22:18.192+0000] {processor.py:842} WARNING - No viable dags retrieved from /opt/airflow/dags/transform_coinmarketcap.py
[2025-07-16T17:22:18.222+0000] {processor.py:183} INFO - Processing /opt/airflow/dags/transform_coinmarketcap.py took 1.529 seconds
[2025-07-16T17:22:48.626+0000] {processor.py:161} INFO - Started process (PID=4025) to work on /opt/airflow/dags/transform_coinmarketcap.py
[2025-07-16T17:22:48.629+0000] {processor.py:830} INFO - Processing file /opt/airflow/dags/transform_coinmarketcap.py for tasks to queue
[2025-07-16T17:22:48.633+0000] {logging_mixin.py:188} INFO - [2025-07-16T17:22:48.632+0000] {dagbag.py:538} INFO - Filling up the DagBag from /opt/airflow/dags/transform_coinmarketcap.py
[2025-07-16T17:22:49.955+0000] {processor.py:842} WARNING - No viable dags retrieved from /opt/airflow/dags/transform_coinmarketcap.py
[2025-07-16T17:22:49.985+0000] {processor.py:183} INFO - Processing /opt/airflow/dags/transform_coinmarketcap.py took 1.368 seconds
[2025-07-16T17:23:23.182+0000] {processor.py:161} INFO - Started process (PID=4087) to work on /opt/airflow/dags/transform_coinmarketcap.py
[2025-07-16T17:23:23.186+0000] {processor.py:830} INFO - Processing file /opt/airflow/dags/transform_coinmarketcap.py for tasks to queue
[2025-07-16T17:23:23.190+0000] {logging_mixin.py:188} INFO - [2025-07-16T17:23:23.189+0000] {dagbag.py:538} INFO - Filling up the DagBag from /opt/airflow/dags/transform_coinmarketcap.py
[2025-07-16T17:23:24.988+0000] {processor.py:842} WARNING - No viable dags retrieved from /opt/airflow/dags/transform_coinmarketcap.py
[2025-07-16T17:23:25.038+0000] {processor.py:183} INFO - Processing /opt/airflow/dags/transform_coinmarketcap.py took 1.869 seconds
[2025-07-16T17:23:55.503+0000] {processor.py:161} INFO - Started process (PID=4150) to work on /opt/airflow/dags/transform_coinmarketcap.py
[2025-07-16T17:23:55.507+0000] {processor.py:830} INFO - Processing file /opt/airflow/dags/transform_coinmarketcap.py for tasks to queue
[2025-07-16T17:23:55.511+0000] {logging_mixin.py:188} INFO - [2025-07-16T17:23:55.510+0000] {dagbag.py:538} INFO - Filling up the DagBag from /opt/airflow/dags/transform_coinmarketcap.py
[2025-07-16T17:23:56.640+0000] {processor.py:842} WARNING - No viable dags retrieved from /opt/airflow/dags/transform_coinmarketcap.py
[2025-07-16T17:23:56.679+0000] {processor.py:183} INFO - Processing /opt/airflow/dags/transform_coinmarketcap.py took 1.187 seconds
[2025-07-16T17:24:27.826+0000] {processor.py:161} INFO - Started process (PID=4219) to work on /opt/airflow/dags/transform_coinmarketcap.py
[2025-07-16T17:24:27.828+0000] {processor.py:830} INFO - Processing file /opt/airflow/dags/transform_coinmarketcap.py for tasks to queue
[2025-07-16T17:24:27.832+0000] {logging_mixin.py:188} INFO - [2025-07-16T17:24:27.831+0000] {dagbag.py:538} INFO - Filling up the DagBag from /opt/airflow/dags/transform_coinmarketcap.py
[2025-07-16T17:24:29.243+0000] {processor.py:842} WARNING - No viable dags retrieved from /opt/airflow/dags/transform_coinmarketcap.py
[2025-07-16T17:24:29.315+0000] {processor.py:183} INFO - Processing /opt/airflow/dags/transform_coinmarketcap.py took 1.499 seconds
[2025-07-16T17:25:04.481+0000] {processor.py:161} INFO - Started process (PID=4282) to work on /opt/airflow/dags/transform_coinmarketcap.py
[2025-07-16T17:25:04.484+0000] {processor.py:830} INFO - Processing file /opt/airflow/dags/transform_coinmarketcap.py for tasks to queue
[2025-07-16T17:25:04.512+0000] {logging_mixin.py:188} INFO - [2025-07-16T17:25:04.511+0000] {dagbag.py:538} INFO - Filling up the DagBag from /opt/airflow/dags/transform_coinmarketcap.py
[2025-07-16T17:25:09.958+0000] {processor.py:842} WARNING - No viable dags retrieved from /opt/airflow/dags/transform_coinmarketcap.py
[2025-07-16T17:25:10.184+0000] {processor.py:183} INFO - Processing /opt/airflow/dags/transform_coinmarketcap.py took 5.710 seconds
[2025-07-16T17:25:40.823+0000] {processor.py:161} INFO - Started process (PID=4353) to work on /opt/airflow/dags/transform_coinmarketcap.py
[2025-07-16T17:25:40.830+0000] {processor.py:830} INFO - Processing file /opt/airflow/dags/transform_coinmarketcap.py for tasks to queue
[2025-07-16T17:25:40.838+0000] {logging_mixin.py:188} INFO - [2025-07-16T17:25:40.836+0000] {dagbag.py:538} INFO - Filling up the DagBag from /opt/airflow/dags/transform_coinmarketcap.py
[2025-07-16T17:25:42.445+0000] {processor.py:842} WARNING - No viable dags retrieved from /opt/airflow/dags/transform_coinmarketcap.py
[2025-07-16T17:25:42.536+0000] {processor.py:183} INFO - Processing /opt/airflow/dags/transform_coinmarketcap.py took 1.719 seconds
[2025-07-16T17:26:13.161+0000] {processor.py:161} INFO - Started process (PID=4416) to work on /opt/airflow/dags/transform_coinmarketcap.py
[2025-07-16T17:26:13.165+0000] {processor.py:830} INFO - Processing file /opt/airflow/dags/transform_coinmarketcap.py for tasks to queue
[2025-07-16T17:26:13.169+0000] {logging_mixin.py:188} INFO - [2025-07-16T17:26:13.168+0000] {dagbag.py:538} INFO - Filling up the DagBag from /opt/airflow/dags/transform_coinmarketcap.py
[2025-07-16T17:26:14.551+0000] {processor.py:842} WARNING - No viable dags retrieved from /opt/airflow/dags/transform_coinmarketcap.py
[2025-07-16T17:26:14.575+0000] {processor.py:183} INFO - Processing /opt/airflow/dags/transform_coinmarketcap.py took 1.428 seconds
[2025-07-16T17:26:45.365+0000] {processor.py:161} INFO - Started process (PID=4481) to work on /opt/airflow/dags/transform_coinmarketcap.py
[2025-07-16T17:26:45.373+0000] {processor.py:830} INFO - Processing file /opt/airflow/dags/transform_coinmarketcap.py for tasks to queue
[2025-07-16T17:26:45.382+0000] {logging_mixin.py:188} INFO - [2025-07-16T17:26:45.381+0000] {dagbag.py:538} INFO - Filling up the DagBag from /opt/airflow/dags/transform_coinmarketcap.py
[2025-07-16T17:26:47.030+0000] {processor.py:842} WARNING - No viable dags retrieved from /opt/airflow/dags/transform_coinmarketcap.py
[2025-07-16T17:26:47.069+0000] {processor.py:183} INFO - Processing /opt/airflow/dags/transform_coinmarketcap.py took 1.725 seconds
[2025-07-16T17:27:17.972+0000] {processor.py:161} INFO - Started process (PID=4551) to work on /opt/airflow/dags/transform_coinmarketcap.py
[2025-07-16T17:27:17.976+0000] {processor.py:830} INFO - Processing file /opt/airflow/dags/transform_coinmarketcap.py for tasks to queue
[2025-07-16T17:27:17.981+0000] {logging_mixin.py:188} INFO - [2025-07-16T17:27:17.980+0000] {dagbag.py:538} INFO - Filling up the DagBag from /opt/airflow/dags/transform_coinmarketcap.py
[2025-07-16T17:27:19.247+0000] {processor.py:842} WARNING - No viable dags retrieved from /opt/airflow/dags/transform_coinmarketcap.py
[2025-07-16T17:27:19.279+0000] {processor.py:183} INFO - Processing /opt/airflow/dags/transform_coinmarketcap.py took 1.318 seconds
[2025-07-16T17:27:50.040+0000] {processor.py:161} INFO - Started process (PID=4623) to work on /opt/airflow/dags/transform_coinmarketcap.py
[2025-07-16T17:27:50.044+0000] {processor.py:830} INFO - Processing file /opt/airflow/dags/transform_coinmarketcap.py for tasks to queue
[2025-07-16T17:27:50.050+0000] {logging_mixin.py:188} INFO - [2025-07-16T17:27:50.048+0000] {dagbag.py:538} INFO - Filling up the DagBag from /opt/airflow/dags/transform_coinmarketcap.py
[2025-07-16T17:27:51.551+0000] {processor.py:842} WARNING - No viable dags retrieved from /opt/airflow/dags/transform_coinmarketcap.py
[2025-07-16T17:27:51.604+0000] {processor.py:183} INFO - Processing /opt/airflow/dags/transform_coinmarketcap.py took 1.582 seconds
[2025-07-16T17:28:22.028+0000] {processor.py:161} INFO - Started process (PID=4693) to work on /opt/airflow/dags/transform_coinmarketcap.py
[2025-07-16T17:28:22.032+0000] {processor.py:830} INFO - Processing file /opt/airflow/dags/transform_coinmarketcap.py for tasks to queue
[2025-07-16T17:28:22.036+0000] {logging_mixin.py:188} INFO - [2025-07-16T17:28:22.035+0000] {dagbag.py:538} INFO - Filling up the DagBag from /opt/airflow/dags/transform_coinmarketcap.py
[2025-07-16T17:28:23.587+0000] {processor.py:842} WARNING - No viable dags retrieved from /opt/airflow/dags/transform_coinmarketcap.py
[2025-07-16T17:28:23.640+0000] {processor.py:183} INFO - Processing /opt/airflow/dags/transform_coinmarketcap.py took 1.623 seconds
[2025-07-16T17:28:54.384+0000] {processor.py:161} INFO - Started process (PID=4755) to work on /opt/airflow/dags/transform_coinmarketcap.py
[2025-07-16T17:28:54.387+0000] {processor.py:830} INFO - Processing file /opt/airflow/dags/transform_coinmarketcap.py for tasks to queue
[2025-07-16T17:28:54.390+0000] {logging_mixin.py:188} INFO - [2025-07-16T17:28:54.389+0000] {dagbag.py:538} INFO - Filling up the DagBag from /opt/airflow/dags/transform_coinmarketcap.py
[2025-07-16T17:28:55.674+0000] {processor.py:842} WARNING - No viable dags retrieved from /opt/airflow/dags/transform_coinmarketcap.py
[2025-07-16T17:28:55.716+0000] {processor.py:183} INFO - Processing /opt/airflow/dags/transform_coinmarketcap.py took 1.342 seconds
[2025-07-16T17:29:26.601+0000] {processor.py:161} INFO - Started process (PID=4817) to work on /opt/airflow/dags/transform_coinmarketcap.py
[2025-07-16T17:29:26.608+0000] {processor.py:830} INFO - Processing file /opt/airflow/dags/transform_coinmarketcap.py for tasks to queue
[2025-07-16T17:29:26.613+0000] {logging_mixin.py:188} INFO - [2025-07-16T17:29:26.611+0000] {dagbag.py:538} INFO - Filling up the DagBag from /opt/airflow/dags/transform_coinmarketcap.py
[2025-07-16T17:29:28.102+0000] {processor.py:842} WARNING - No viable dags retrieved from /opt/airflow/dags/transform_coinmarketcap.py
[2025-07-16T17:29:28.139+0000] {processor.py:183} INFO - Processing /opt/airflow/dags/transform_coinmarketcap.py took 1.556 seconds
[2025-07-16T17:29:58.946+0000] {processor.py:161} INFO - Started process (PID=4879) to work on /opt/airflow/dags/transform_coinmarketcap.py
[2025-07-16T17:29:58.951+0000] {processor.py:830} INFO - Processing file /opt/airflow/dags/transform_coinmarketcap.py for tasks to queue
[2025-07-16T17:29:58.954+0000] {logging_mixin.py:188} INFO - [2025-07-16T17:29:58.953+0000] {dagbag.py:538} INFO - Filling up the DagBag from /opt/airflow/dags/transform_coinmarketcap.py
[2025-07-16T17:30:00.208+0000] {processor.py:842} WARNING - No viable dags retrieved from /opt/airflow/dags/transform_coinmarketcap.py
[2025-07-16T17:30:00.289+0000] {processor.py:183} INFO - Processing /opt/airflow/dags/transform_coinmarketcap.py took 1.352 seconds
[2025-07-16T17:30:30.550+0000] {processor.py:161} INFO - Started process (PID=4941) to work on /opt/airflow/dags/transform_coinmarketcap.py
[2025-07-16T17:30:30.555+0000] {processor.py:830} INFO - Processing file /opt/airflow/dags/transform_coinmarketcap.py for tasks to queue
[2025-07-16T17:30:30.559+0000] {logging_mixin.py:188} INFO - [2025-07-16T17:30:30.558+0000] {dagbag.py:538} INFO - Filling up the DagBag from /opt/airflow/dags/transform_coinmarketcap.py
[2025-07-16T17:30:33.123+0000] {processor.py:842} WARNING - No viable dags retrieved from /opt/airflow/dags/transform_coinmarketcap.py
[2025-07-16T17:30:33.166+0000] {processor.py:183} INFO - Processing /opt/airflow/dags/transform_coinmarketcap.py took 2.627 seconds
[2025-07-16T17:31:03.460+0000] {processor.py:161} INFO - Started process (PID=5009) to work on /opt/airflow/dags/transform_coinmarketcap.py
[2025-07-16T17:31:03.463+0000] {processor.py:830} INFO - Processing file /opt/airflow/dags/transform_coinmarketcap.py for tasks to queue
[2025-07-16T17:31:03.465+0000] {logging_mixin.py:188} INFO - [2025-07-16T17:31:03.464+0000] {dagbag.py:538} INFO - Filling up the DagBag from /opt/airflow/dags/transform_coinmarketcap.py
[2025-07-16T17:31:04.505+0000] {processor.py:842} WARNING - No viable dags retrieved from /opt/airflow/dags/transform_coinmarketcap.py
[2025-07-16T17:31:04.538+0000] {processor.py:183} INFO - Processing /opt/airflow/dags/transform_coinmarketcap.py took 1.084 seconds
[2025-07-16T17:31:35.323+0000] {processor.py:161} INFO - Started process (PID=5072) to work on /opt/airflow/dags/transform_coinmarketcap.py
[2025-07-16T17:31:35.326+0000] {processor.py:830} INFO - Processing file /opt/airflow/dags/transform_coinmarketcap.py for tasks to queue
[2025-07-16T17:31:35.329+0000] {logging_mixin.py:188} INFO - [2025-07-16T17:31:35.328+0000] {dagbag.py:538} INFO - Filling up the DagBag from /opt/airflow/dags/transform_coinmarketcap.py
[2025-07-16T17:31:37.067+0000] {processor.py:842} WARNING - No viable dags retrieved from /opt/airflow/dags/transform_coinmarketcap.py
[2025-07-16T17:31:37.116+0000] {processor.py:183} INFO - Processing /opt/airflow/dags/transform_coinmarketcap.py took 1.804 seconds
[2025-07-16T17:32:07.910+0000] {processor.py:161} INFO - Started process (PID=5135) to work on /opt/airflow/dags/transform_coinmarketcap.py
[2025-07-16T17:32:07.913+0000] {processor.py:830} INFO - Processing file /opt/airflow/dags/transform_coinmarketcap.py for tasks to queue
[2025-07-16T17:32:07.918+0000] {logging_mixin.py:188} INFO - [2025-07-16T17:32:07.916+0000] {dagbag.py:538} INFO - Filling up the DagBag from /opt/airflow/dags/transform_coinmarketcap.py
[2025-07-16T17:32:09.176+0000] {processor.py:842} WARNING - No viable dags retrieved from /opt/airflow/dags/transform_coinmarketcap.py
[2025-07-16T17:32:09.218+0000] {processor.py:183} INFO - Processing /opt/airflow/dags/transform_coinmarketcap.py took 1.318 seconds
[2025-07-16T17:32:39.408+0000] {processor.py:161} INFO - Started process (PID=5198) to work on /opt/airflow/dags/transform_coinmarketcap.py
[2025-07-16T17:32:39.411+0000] {processor.py:830} INFO - Processing file /opt/airflow/dags/transform_coinmarketcap.py for tasks to queue
[2025-07-16T17:32:39.413+0000] {logging_mixin.py:188} INFO - [2025-07-16T17:32:39.413+0000] {dagbag.py:538} INFO - Filling up the DagBag from /opt/airflow/dags/transform_coinmarketcap.py
[2025-07-16T17:32:40.454+0000] {processor.py:842} WARNING - No viable dags retrieved from /opt/airflow/dags/transform_coinmarketcap.py
[2025-07-16T17:32:40.487+0000] {processor.py:183} INFO - Processing /opt/airflow/dags/transform_coinmarketcap.py took 1.085 seconds
[2025-07-16T17:33:11.005+0000] {processor.py:161} INFO - Started process (PID=5261) to work on /opt/airflow/dags/transform_coinmarketcap.py
[2025-07-16T17:33:11.011+0000] {processor.py:830} INFO - Processing file /opt/airflow/dags/transform_coinmarketcap.py for tasks to queue
[2025-07-16T17:33:11.015+0000] {logging_mixin.py:188} INFO - [2025-07-16T17:33:11.014+0000] {dagbag.py:538} INFO - Filling up the DagBag from /opt/airflow/dags/transform_coinmarketcap.py
[2025-07-16T17:33:12.274+0000] {processor.py:842} WARNING - No viable dags retrieved from /opt/airflow/dags/transform_coinmarketcap.py
[2025-07-16T17:33:12.320+0000] {processor.py:183} INFO - Processing /opt/airflow/dags/transform_coinmarketcap.py took 1.328 seconds
[2025-07-16T17:33:42.969+0000] {processor.py:161} INFO - Started process (PID=5324) to work on /opt/airflow/dags/transform_coinmarketcap.py
[2025-07-16T17:33:42.972+0000] {processor.py:830} INFO - Processing file /opt/airflow/dags/transform_coinmarketcap.py for tasks to queue
[2025-07-16T17:33:42.976+0000] {logging_mixin.py:188} INFO - [2025-07-16T17:33:42.975+0000] {dagbag.py:538} INFO - Filling up the DagBag from /opt/airflow/dags/transform_coinmarketcap.py
[2025-07-16T17:33:44.341+0000] {processor.py:842} WARNING - No viable dags retrieved from /opt/airflow/dags/transform_coinmarketcap.py
[2025-07-16T17:33:44.410+0000] {processor.py:183} INFO - Processing /opt/airflow/dags/transform_coinmarketcap.py took 1.452 seconds
[2025-07-16T17:34:15.187+0000] {processor.py:161} INFO - Started process (PID=5393) to work on /opt/airflow/dags/transform_coinmarketcap.py
[2025-07-16T17:34:15.191+0000] {processor.py:830} INFO - Processing file /opt/airflow/dags/transform_coinmarketcap.py for tasks to queue
[2025-07-16T17:34:15.194+0000] {logging_mixin.py:188} INFO - [2025-07-16T17:34:15.193+0000] {dagbag.py:538} INFO - Filling up the DagBag from /opt/airflow/dags/transform_coinmarketcap.py
[2025-07-16T17:34:16.455+0000] {processor.py:842} WARNING - No viable dags retrieved from /opt/airflow/dags/transform_coinmarketcap.py
[2025-07-16T17:34:16.494+0000] {processor.py:183} INFO - Processing /opt/airflow/dags/transform_coinmarketcap.py took 1.318 seconds
[2025-07-16T17:34:46.731+0000] {processor.py:161} INFO - Started process (PID=5456) to work on /opt/airflow/dags/transform_coinmarketcap.py
[2025-07-16T17:34:46.734+0000] {processor.py:830} INFO - Processing file /opt/airflow/dags/transform_coinmarketcap.py for tasks to queue
[2025-07-16T17:34:46.738+0000] {logging_mixin.py:188} INFO - [2025-07-16T17:34:46.736+0000] {dagbag.py:538} INFO - Filling up the DagBag from /opt/airflow/dags/transform_coinmarketcap.py
[2025-07-16T17:34:48.158+0000] {processor.py:842} WARNING - No viable dags retrieved from /opt/airflow/dags/transform_coinmarketcap.py
[2025-07-16T17:34:48.220+0000] {processor.py:183} INFO - Processing /opt/airflow/dags/transform_coinmarketcap.py took 1.499 seconds
[2025-07-16T17:35:18.498+0000] {processor.py:161} INFO - Started process (PID=5518) to work on /opt/airflow/dags/transform_coinmarketcap.py
[2025-07-16T17:35:18.511+0000] {processor.py:830} INFO - Processing file /opt/airflow/dags/transform_coinmarketcap.py for tasks to queue
[2025-07-16T17:35:18.519+0000] {logging_mixin.py:188} INFO - [2025-07-16T17:35:18.518+0000] {dagbag.py:538} INFO - Filling up the DagBag from /opt/airflow/dags/transform_coinmarketcap.py
[2025-07-16T17:39:59.044+0000] {processor.py:842} WARNING - No viable dags retrieved from /opt/airflow/dags/transform_coinmarketcap.py
[2025-07-16T17:39:59.148+0000] {processor.py:183} INFO - Processing /opt/airflow/dags/transform_coinmarketcap.py took 14.250 seconds
[2025-07-16T17:40:33.987+0000] {processor.py:161} INFO - Started process (PID=5588) to work on /opt/airflow/dags/transform_coinmarketcap.py
[2025-07-16T17:40:34.022+0000] {processor.py:830} INFO - Processing file /opt/airflow/dags/transform_coinmarketcap.py for tasks to queue
[2025-07-16T17:40:34.036+0000] {logging_mixin.py:188} INFO - [2025-07-16T17:40:34.035+0000] {dagbag.py:538} INFO - Filling up the DagBag from /opt/airflow/dags/transform_coinmarketcap.py
[2025-07-16T17:40:41.090+0000] {processor.py:842} WARNING - No viable dags retrieved from /opt/airflow/dags/transform_coinmarketcap.py
[2025-07-16T17:40:41.279+0000] {processor.py:183} INFO - Processing /opt/airflow/dags/transform_coinmarketcap.py took 7.327 seconds
[2025-07-16T17:41:11.617+0000] {processor.py:161} INFO - Started process (PID=5656) to work on /opt/airflow/dags/transform_coinmarketcap.py
[2025-07-16T17:41:11.621+0000] {processor.py:830} INFO - Processing file /opt/airflow/dags/transform_coinmarketcap.py for tasks to queue
[2025-07-16T17:41:11.624+0000] {logging_mixin.py:188} INFO - [2025-07-16T17:41:11.623+0000] {dagbag.py:538} INFO - Filling up the DagBag from /opt/airflow/dags/transform_coinmarketcap.py
[2025-07-16T17:41:12.869+0000] {processor.py:842} WARNING - No viable dags retrieved from /opt/airflow/dags/transform_coinmarketcap.py
[2025-07-16T17:41:12.906+0000] {processor.py:183} INFO - Processing /opt/airflow/dags/transform_coinmarketcap.py took 1.298 seconds
[2025-07-16T17:41:43.415+0000] {processor.py:161} INFO - Started process (PID=5718) to work on /opt/airflow/dags/transform_coinmarketcap.py
[2025-07-16T17:41:43.418+0000] {processor.py:830} INFO - Processing file /opt/airflow/dags/transform_coinmarketcap.py for tasks to queue
[2025-07-16T17:41:43.421+0000] {logging_mixin.py:188} INFO - [2025-07-16T17:41:43.420+0000] {dagbag.py:538} INFO - Filling up the DagBag from /opt/airflow/dags/transform_coinmarketcap.py
[2025-07-16T17:41:44.622+0000] {processor.py:842} WARNING - No viable dags retrieved from /opt/airflow/dags/transform_coinmarketcap.py
[2025-07-16T17:41:44.662+0000] {processor.py:183} INFO - Processing /opt/airflow/dags/transform_coinmarketcap.py took 1.255 seconds
[2025-07-16T17:42:15.645+0000] {processor.py:161} INFO - Started process (PID=5784) to work on /opt/airflow/dags/transform_coinmarketcap.py
[2025-07-16T17:42:15.648+0000] {processor.py:830} INFO - Processing file /opt/airflow/dags/transform_coinmarketcap.py for tasks to queue
[2025-07-16T17:42:15.652+0000] {logging_mixin.py:188} INFO - [2025-07-16T17:42:15.650+0000] {dagbag.py:538} INFO - Filling up the DagBag from /opt/airflow/dags/transform_coinmarketcap.py
[2025-07-16T17:42:16.946+0000] {processor.py:842} WARNING - No viable dags retrieved from /opt/airflow/dags/transform_coinmarketcap.py
[2025-07-16T17:42:16.986+0000] {processor.py:183} INFO - Processing /opt/airflow/dags/transform_coinmarketcap.py took 1.352 seconds
[2025-07-16T17:42:48.314+0000] {processor.py:161} INFO - Started process (PID=5846) to work on /opt/airflow/dags/transform_coinmarketcap.py
[2025-07-16T17:42:48.317+0000] {processor.py:830} INFO - Processing file /opt/airflow/dags/transform_coinmarketcap.py for tasks to queue
[2025-07-16T17:42:48.320+0000] {logging_mixin.py:188} INFO - [2025-07-16T17:42:48.319+0000] {dagbag.py:538} INFO - Filling up the DagBag from /opt/airflow/dags/transform_coinmarketcap.py
[2025-07-16T17:42:50.151+0000] {processor.py:842} WARNING - No viable dags retrieved from /opt/airflow/dags/transform_coinmarketcap.py
[2025-07-16T17:42:50.188+0000] {processor.py:183} INFO - Processing /opt/airflow/dags/transform_coinmarketcap.py took 1.888 seconds
[2025-07-16T17:43:20.844+0000] {processor.py:161} INFO - Started process (PID=5916) to work on /opt/airflow/dags/transform_coinmarketcap.py
[2025-07-16T17:43:20.846+0000] {processor.py:830} INFO - Processing file /opt/airflow/dags/transform_coinmarketcap.py for tasks to queue
[2025-07-16T17:43:20.849+0000] {logging_mixin.py:188} INFO - [2025-07-16T17:43:20.848+0000] {dagbag.py:538} INFO - Filling up the DagBag from /opt/airflow/dags/transform_coinmarketcap.py
[2025-07-16T17:43:22.246+0000] {processor.py:842} WARNING - No viable dags retrieved from /opt/airflow/dags/transform_coinmarketcap.py
[2025-07-16T17:43:22.280+0000] {processor.py:183} INFO - Processing /opt/airflow/dags/transform_coinmarketcap.py took 1.444 seconds
[2025-07-16T17:43:52.611+0000] {processor.py:161} INFO - Started process (PID=5985) to work on /opt/airflow/dags/transform_coinmarketcap.py
[2025-07-16T17:43:52.614+0000] {processor.py:830} INFO - Processing file /opt/airflow/dags/transform_coinmarketcap.py for tasks to queue
[2025-07-16T17:43:52.618+0000] {logging_mixin.py:188} INFO - [2025-07-16T17:43:52.617+0000] {dagbag.py:538} INFO - Filling up the DagBag from /opt/airflow/dags/transform_coinmarketcap.py
[2025-07-16T17:43:54.786+0000] {processor.py:842} WARNING - No viable dags retrieved from /opt/airflow/dags/transform_coinmarketcap.py
[2025-07-16T17:43:54.833+0000] {processor.py:183} INFO - Processing /opt/airflow/dags/transform_coinmarketcap.py took 2.229 seconds
[2025-07-16T17:44:29.994+0000] {processor.py:161} INFO - Started process (PID=6046) to work on /opt/airflow/dags/transform_coinmarketcap.py
[2025-07-16T17:44:30.021+0000] {processor.py:830} INFO - Processing file /opt/airflow/dags/transform_coinmarketcap.py for tasks to queue
[2025-07-16T17:44:30.029+0000] {logging_mixin.py:188} INFO - [2025-07-16T17:44:30.028+0000] {dagbag.py:538} INFO - Filling up the DagBag from /opt/airflow/dags/transform_coinmarketcap.py
[2025-07-16T17:44:34.486+0000] {processor.py:842} WARNING - No viable dags retrieved from /opt/airflow/dags/transform_coinmarketcap.py
[2025-07-16T17:44:34.623+0000] {processor.py:183} INFO - Processing /opt/airflow/dags/transform_coinmarketcap.py took 4.651 seconds
[2025-07-16T17:45:10.204+0000] {processor.py:161} INFO - Started process (PID=6114) to work on /opt/airflow/dags/transform_coinmarketcap.py
[2025-07-16T17:45:10.213+0000] {processor.py:830} INFO - Processing file /opt/airflow/dags/transform_coinmarketcap.py for tasks to queue
[2025-07-16T17:45:10.223+0000] {logging_mixin.py:188} INFO - [2025-07-16T17:45:10.222+0000] {dagbag.py:538} INFO - Filling up the DagBag from /opt/airflow/dags/transform_coinmarketcap.py
[2025-07-16T17:45:16.650+0000] {processor.py:842} WARNING - No viable dags retrieved from /opt/airflow/dags/transform_coinmarketcap.py
[2025-07-16T17:45:16.844+0000] {processor.py:183} INFO - Processing /opt/airflow/dags/transform_coinmarketcap.py took 6.658 seconds
[2025-07-16T17:45:47.353+0000] {processor.py:161} INFO - Started process (PID=6186) to work on /opt/airflow/dags/transform_coinmarketcap.py
[2025-07-16T17:45:47.357+0000] {processor.py:830} INFO - Processing file /opt/airflow/dags/transform_coinmarketcap.py for tasks to queue
[2025-07-16T17:45:47.361+0000] {logging_mixin.py:188} INFO - [2025-07-16T17:45:47.359+0000] {dagbag.py:538} INFO - Filling up the DagBag from /opt/airflow/dags/transform_coinmarketcap.py
[2025-07-16T17:45:48.514+0000] {processor.py:842} WARNING - No viable dags retrieved from /opt/airflow/dags/transform_coinmarketcap.py
[2025-07-16T17:45:48.546+0000] {processor.py:183} INFO - Processing /opt/airflow/dags/transform_coinmarketcap.py took 1.210 seconds
[2025-07-16T17:46:18.982+0000] {processor.py:161} INFO - Started process (PID=6247) to work on /opt/airflow/dags/transform_coinmarketcap.py
[2025-07-16T17:46:18.990+0000] {processor.py:830} INFO - Processing file /opt/airflow/dags/transform_coinmarketcap.py for tasks to queue
[2025-07-16T17:46:18.994+0000] {logging_mixin.py:188} INFO - [2025-07-16T17:46:18.993+0000] {dagbag.py:538} INFO - Filling up the DagBag from /opt/airflow/dags/transform_coinmarketcap.py
[2025-07-16T17:46:20.157+0000] {processor.py:842} WARNING - No viable dags retrieved from /opt/airflow/dags/transform_coinmarketcap.py
[2025-07-16T17:46:20.187+0000] {processor.py:183} INFO - Processing /opt/airflow/dags/transform_coinmarketcap.py took 1.225 seconds
[2025-07-16T17:46:50.845+0000] {processor.py:161} INFO - Started process (PID=6309) to work on /opt/airflow/dags/transform_coinmarketcap.py
[2025-07-16T17:46:50.850+0000] {processor.py:830} INFO - Processing file /opt/airflow/dags/transform_coinmarketcap.py for tasks to queue
[2025-07-16T17:46:50.854+0000] {logging_mixin.py:188} INFO - [2025-07-16T17:46:50.853+0000] {dagbag.py:538} INFO - Filling up the DagBag from /opt/airflow/dags/transform_coinmarketcap.py
[2025-07-16T17:46:52.717+0000] {processor.py:842} WARNING - No viable dags retrieved from /opt/airflow/dags/transform_coinmarketcap.py
[2025-07-16T17:46:52.772+0000] {processor.py:183} INFO - Processing /opt/airflow/dags/transform_coinmarketcap.py took 1.943 seconds
[2025-07-16T17:47:23.047+0000] {processor.py:161} INFO - Started process (PID=6376) to work on /opt/airflow/dags/transform_coinmarketcap.py
[2025-07-16T17:47:23.050+0000] {processor.py:830} INFO - Processing file /opt/airflow/dags/transform_coinmarketcap.py for tasks to queue
[2025-07-16T17:47:23.054+0000] {logging_mixin.py:188} INFO - [2025-07-16T17:47:23.053+0000] {dagbag.py:538} INFO - Filling up the DagBag from /opt/airflow/dags/transform_coinmarketcap.py
[2025-07-16T17:47:24.129+0000] {processor.py:842} WARNING - No viable dags retrieved from /opt/airflow/dags/transform_coinmarketcap.py
[2025-07-16T17:47:24.158+0000] {processor.py:183} INFO - Processing /opt/airflow/dags/transform_coinmarketcap.py took 1.121 seconds
[2025-07-16T17:47:54.690+0000] {processor.py:161} INFO - Started process (PID=6438) to work on /opt/airflow/dags/transform_coinmarketcap.py
[2025-07-16T17:47:54.693+0000] {processor.py:830} INFO - Processing file /opt/airflow/dags/transform_coinmarketcap.py for tasks to queue
[2025-07-16T17:47:54.696+0000] {logging_mixin.py:188} INFO - [2025-07-16T17:47:54.696+0000] {dagbag.py:538} INFO - Filling up the DagBag from /opt/airflow/dags/transform_coinmarketcap.py
[2025-07-16T17:47:55.779+0000] {processor.py:842} WARNING - No viable dags retrieved from /opt/airflow/dags/transform_coinmarketcap.py
[2025-07-16T17:47:55.812+0000] {processor.py:183} INFO - Processing /opt/airflow/dags/transform_coinmarketcap.py took 1.134 seconds
[2025-07-16T17:48:26.358+0000] {processor.py:161} INFO - Started process (PID=6500) to work on /opt/airflow/dags/transform_coinmarketcap.py
[2025-07-16T17:48:26.361+0000] {processor.py:830} INFO - Processing file /opt/airflow/dags/transform_coinmarketcap.py for tasks to queue
[2025-07-16T17:48:26.365+0000] {logging_mixin.py:188} INFO - [2025-07-16T17:48:26.363+0000] {dagbag.py:538} INFO - Filling up the DagBag from /opt/airflow/dags/transform_coinmarketcap.py
[2025-07-16T17:48:27.440+0000] {processor.py:842} WARNING - No viable dags retrieved from /opt/airflow/dags/transform_coinmarketcap.py
[2025-07-16T17:48:27.473+0000] {processor.py:183} INFO - Processing /opt/airflow/dags/transform_coinmarketcap.py took 1.126 seconds
