[2025-07-16T16:51:06.978+0000] {processor.py:161} INFO - Started process (PID=273) to work on /opt/airflow/dags/transform_covid.py
[2025-07-16T16:51:06.982+0000] {processor.py:830} INFO - Processing file /opt/airflow/dags/transform_covid.py for tasks to queue
[2025-07-16T16:51:06.987+0000] {logging_mixin.py:188} INFO - [2025-07-16T16:51:06.985+0000] {dagbag.py:538} INFO - Filling up the DagBag from /opt/airflow/dags/transform_covid.py
[2025-07-16T16:51:08.733+0000] {processor.py:842} WARNING - No viable dags retrieved from /opt/airflow/dags/transform_covid.py
[2025-07-16T16:51:08.831+0000] {processor.py:183} INFO - Processing /opt/airflow/dags/transform_covid.py took 1.864 seconds
[2025-07-16T16:51:41.175+0000] {processor.py:161} INFO - Started process (PID=339) to work on /opt/airflow/dags/transform_covid.py
[2025-07-16T16:51:41.193+0000] {processor.py:830} INFO - Processing file /opt/airflow/dags/transform_covid.py for tasks to queue
[2025-07-16T16:51:41.200+0000] {logging_mixin.py:188} INFO - [2025-07-16T16:51:41.199+0000] {dagbag.py:538} INFO - Filling up the DagBag from /opt/airflow/dags/transform_covid.py
[2025-07-16T16:51:43.554+0000] {processor.py:842} WARNING - No viable dags retrieved from /opt/airflow/dags/transform_covid.py
[2025-07-16T16:51:43.618+0000] {processor.py:183} INFO - Processing /opt/airflow/dags/transform_covid.py took 2.458 seconds
[2025-07-16T16:52:14.029+0000] {processor.py:161} INFO - Started process (PID=400) to work on /opt/airflow/dags/transform_covid.py
[2025-07-16T16:52:14.032+0000] {processor.py:830} INFO - Processing file /opt/airflow/dags/transform_covid.py for tasks to queue
[2025-07-16T16:52:14.035+0000] {logging_mixin.py:188} INFO - [2025-07-16T16:52:14.035+0000] {dagbag.py:538} INFO - Filling up the DagBag from /opt/airflow/dags/transform_covid.py
[2025-07-16T16:52:16.803+0000] {processor.py:842} WARNING - No viable dags retrieved from /opt/airflow/dags/transform_covid.py
[2025-07-16T16:52:16.878+0000] {processor.py:183} INFO - Processing /opt/airflow/dags/transform_covid.py took 2.856 seconds
[2025-07-16T16:52:47.348+0000] {processor.py:161} INFO - Started process (PID=462) to work on /opt/airflow/dags/transform_covid.py
[2025-07-16T16:52:47.353+0000] {processor.py:830} INFO - Processing file /opt/airflow/dags/transform_covid.py for tasks to queue
[2025-07-16T16:52:47.358+0000] {logging_mixin.py:188} INFO - [2025-07-16T16:52:47.357+0000] {dagbag.py:538} INFO - Filling up the DagBag from /opt/airflow/dags/transform_covid.py
[2025-07-16T16:52:48.037+0000] {processor.py:842} WARNING - No viable dags retrieved from /opt/airflow/dags/transform_covid.py
[2025-07-16T16:52:48.068+0000] {processor.py:183} INFO - Processing /opt/airflow/dags/transform_covid.py took 0.729 seconds
[2025-07-16T16:53:18.945+0000] {processor.py:161} INFO - Started process (PID=524) to work on /opt/airflow/dags/transform_covid.py
[2025-07-16T16:53:18.950+0000] {processor.py:830} INFO - Processing file /opt/airflow/dags/transform_covid.py for tasks to queue
[2025-07-16T16:53:18.954+0000] {logging_mixin.py:188} INFO - [2025-07-16T16:53:18.953+0000] {dagbag.py:538} INFO - Filling up the DagBag from /opt/airflow/dags/transform_covid.py
[2025-07-16T16:53:19.771+0000] {processor.py:842} WARNING - No viable dags retrieved from /opt/airflow/dags/transform_covid.py
[2025-07-16T16:53:19.801+0000] {processor.py:183} INFO - Processing /opt/airflow/dags/transform_covid.py took 0.869 seconds
[2025-07-16T16:53:50.585+0000] {processor.py:161} INFO - Started process (PID=587) to work on /opt/airflow/dags/transform_covid.py
[2025-07-16T16:53:50.589+0000] {processor.py:830} INFO - Processing file /opt/airflow/dags/transform_covid.py for tasks to queue
[2025-07-16T16:53:50.594+0000] {logging_mixin.py:188} INFO - [2025-07-16T16:53:50.592+0000] {dagbag.py:538} INFO - Filling up the DagBag from /opt/airflow/dags/transform_covid.py
[2025-07-16T16:53:51.616+0000] {processor.py:842} WARNING - No viable dags retrieved from /opt/airflow/dags/transform_covid.py
[2025-07-16T16:53:51.651+0000] {processor.py:183} INFO - Processing /opt/airflow/dags/transform_covid.py took 1.077 seconds
[2025-07-16T16:54:22.889+0000] {processor.py:161} INFO - Started process (PID=647) to work on /opt/airflow/dags/transform_covid.py
[2025-07-16T16:54:22.896+0000] {processor.py:830} INFO - Processing file /opt/airflow/dags/transform_covid.py for tasks to queue
[2025-07-16T16:54:22.899+0000] {logging_mixin.py:188} INFO - [2025-07-16T16:54:22.898+0000] {dagbag.py:538} INFO - Filling up the DagBag from /opt/airflow/dags/transform_covid.py
[2025-07-16T16:54:26.024+0000] {processor.py:842} WARNING - No viable dags retrieved from /opt/airflow/dags/transform_covid.py
[2025-07-16T16:54:26.163+0000] {processor.py:183} INFO - Processing /opt/airflow/dags/transform_covid.py took 3.284 seconds
[2025-07-16T16:54:56.979+0000] {processor.py:161} INFO - Started process (PID=716) to work on /opt/airflow/dags/transform_covid.py
[2025-07-16T16:54:56.981+0000] {processor.py:830} INFO - Processing file /opt/airflow/dags/transform_covid.py for tasks to queue
[2025-07-16T16:54:56.985+0000] {logging_mixin.py:188} INFO - [2025-07-16T16:54:56.984+0000] {dagbag.py:538} INFO - Filling up the DagBag from /opt/airflow/dags/transform_covid.py
[2025-07-16T16:54:58.205+0000] {processor.py:842} WARNING - No viable dags retrieved from /opt/airflow/dags/transform_covid.py
[2025-07-16T16:54:58.237+0000] {processor.py:183} INFO - Processing /opt/airflow/dags/transform_covid.py took 1.270 seconds
[2025-07-16T16:55:30.536+0000] {processor.py:161} INFO - Started process (PID=777) to work on /opt/airflow/dags/transform_covid.py
[2025-07-16T16:55:30.541+0000] {processor.py:830} INFO - Processing file /opt/airflow/dags/transform_covid.py for tasks to queue
[2025-07-16T16:55:30.545+0000] {logging_mixin.py:188} INFO - [2025-07-16T16:55:30.544+0000] {dagbag.py:538} INFO - Filling up the DagBag from /opt/airflow/dags/transform_covid.py
[2025-07-16T16:55:32.145+0000] {processor.py:842} WARNING - No viable dags retrieved from /opt/airflow/dags/transform_covid.py
[2025-07-16T16:55:32.195+0000] {processor.py:183} INFO - Processing /opt/airflow/dags/transform_covid.py took 1.679 seconds
[2025-07-16T16:56:08.403+0000] {processor.py:161} INFO - Started process (PID=839) to work on /opt/airflow/dags/transform_covid.py
[2025-07-16T16:56:08.412+0000] {processor.py:830} INFO - Processing file /opt/airflow/dags/transform_covid.py for tasks to queue
[2025-07-16T16:56:08.452+0000] {logging_mixin.py:188} INFO - [2025-07-16T16:56:08.424+0000] {dagbag.py:538} INFO - Filling up the DagBag from /opt/airflow/dags/transform_covid.py
[2025-07-16T16:56:10.272+0000] {processor.py:842} WARNING - No viable dags retrieved from /opt/airflow/dags/transform_covid.py
[2025-07-16T16:56:10.345+0000] {processor.py:183} INFO - Processing /opt/airflow/dags/transform_covid.py took 1.960 seconds
[2025-07-16T16:56:40.879+0000] {processor.py:161} INFO - Started process (PID=902) to work on /opt/airflow/dags/transform_covid.py
[2025-07-16T16:56:40.888+0000] {processor.py:830} INFO - Processing file /opt/airflow/dags/transform_covid.py for tasks to queue
[2025-07-16T16:56:40.892+0000] {logging_mixin.py:188} INFO - [2025-07-16T16:56:40.891+0000] {dagbag.py:538} INFO - Filling up the DagBag from /opt/airflow/dags/transform_covid.py
[2025-07-16T16:56:43.572+0000] {processor.py:842} WARNING - No viable dags retrieved from /opt/airflow/dags/transform_covid.py
[2025-07-16T16:56:43.658+0000] {processor.py:183} INFO - Processing /opt/airflow/dags/transform_covid.py took 2.790 seconds
[2025-07-16T16:57:14.033+0000] {processor.py:161} INFO - Started process (PID=971) to work on /opt/airflow/dags/transform_covid.py
[2025-07-16T16:57:14.036+0000] {processor.py:830} INFO - Processing file /opt/airflow/dags/transform_covid.py for tasks to queue
[2025-07-16T16:57:14.041+0000] {logging_mixin.py:188} INFO - [2025-07-16T16:57:14.039+0000] {dagbag.py:538} INFO - Filling up the DagBag from /opt/airflow/dags/transform_covid.py
[2025-07-16T16:57:15.176+0000] {processor.py:842} WARNING - No viable dags retrieved from /opt/airflow/dags/transform_covid.py
[2025-07-16T16:57:15.257+0000] {processor.py:183} INFO - Processing /opt/airflow/dags/transform_covid.py took 1.231 seconds
[2025-07-16T16:57:45.669+0000] {processor.py:161} INFO - Started process (PID=1033) to work on /opt/airflow/dags/transform_covid.py
[2025-07-16T16:57:45.672+0000] {processor.py:830} INFO - Processing file /opt/airflow/dags/transform_covid.py for tasks to queue
[2025-07-16T16:57:45.676+0000] {logging_mixin.py:188} INFO - [2025-07-16T16:57:45.675+0000] {dagbag.py:538} INFO - Filling up the DagBag from /opt/airflow/dags/transform_covid.py
[2025-07-16T16:57:46.749+0000] {processor.py:842} WARNING - No viable dags retrieved from /opt/airflow/dags/transform_covid.py
[2025-07-16T16:57:46.799+0000] {processor.py:183} INFO - Processing /opt/airflow/dags/transform_covid.py took 1.136 seconds
[2025-07-16T16:58:17.314+0000] {processor.py:161} INFO - Started process (PID=1098) to work on /opt/airflow/dags/transform_covid.py
[2025-07-16T16:58:17.320+0000] {processor.py:830} INFO - Processing file /opt/airflow/dags/transform_covid.py for tasks to queue
[2025-07-16T16:58:17.327+0000] {logging_mixin.py:188} INFO - [2025-07-16T16:58:17.325+0000] {dagbag.py:538} INFO - Filling up the DagBag from /opt/airflow/dags/transform_covid.py
[2025-07-16T16:58:18.427+0000] {processor.py:842} WARNING - No viable dags retrieved from /opt/airflow/dags/transform_covid.py
[2025-07-16T16:58:18.512+0000] {processor.py:183} INFO - Processing /opt/airflow/dags/transform_covid.py took 1.211 seconds
[2025-07-16T16:58:51.090+0000] {processor.py:161} INFO - Started process (PID=1161) to work on /opt/airflow/dags/transform_covid.py
[2025-07-16T16:58:51.097+0000] {processor.py:830} INFO - Processing file /opt/airflow/dags/transform_covid.py for tasks to queue
[2025-07-16T16:58:51.101+0000] {logging_mixin.py:188} INFO - [2025-07-16T16:58:51.100+0000] {dagbag.py:538} INFO - Filling up the DagBag from /opt/airflow/dags/transform_covid.py
[2025-07-16T16:58:53.221+0000] {processor.py:842} WARNING - No viable dags retrieved from /opt/airflow/dags/transform_covid.py
[2025-07-16T16:58:53.352+0000] {processor.py:183} INFO - Processing /opt/airflow/dags/transform_covid.py took 2.271 seconds
[2025-07-16T16:59:23.873+0000] {processor.py:161} INFO - Started process (PID=1233) to work on /opt/airflow/dags/transform_covid.py
[2025-07-16T16:59:23.876+0000] {processor.py:830} INFO - Processing file /opt/airflow/dags/transform_covid.py for tasks to queue
[2025-07-16T16:59:23.879+0000] {logging_mixin.py:188} INFO - [2025-07-16T16:59:23.878+0000] {dagbag.py:538} INFO - Filling up the DagBag from /opt/airflow/dags/transform_covid.py
[2025-07-16T16:59:25.397+0000] {processor.py:842} WARNING - No viable dags retrieved from /opt/airflow/dags/transform_covid.py
[2025-07-16T16:59:25.494+0000] {processor.py:183} INFO - Processing /opt/airflow/dags/transform_covid.py took 1.627 seconds
[2025-07-16T16:59:56.337+0000] {processor.py:161} INFO - Started process (PID=1296) to work on /opt/airflow/dags/transform_covid.py
[2025-07-16T16:59:56.341+0000] {processor.py:830} INFO - Processing file /opt/airflow/dags/transform_covid.py for tasks to queue
[2025-07-16T16:59:56.353+0000] {logging_mixin.py:188} INFO - [2025-07-16T16:59:56.352+0000] {dagbag.py:538} INFO - Filling up the DagBag from /opt/airflow/dags/transform_covid.py
[2025-07-16T16:59:57.688+0000] {processor.py:842} WARNING - No viable dags retrieved from /opt/airflow/dags/transform_covid.py
[2025-07-16T16:59:57.752+0000] {processor.py:183} INFO - Processing /opt/airflow/dags/transform_covid.py took 1.425 seconds
[2025-07-16T17:00:27.982+0000] {processor.py:161} INFO - Started process (PID=1359) to work on /opt/airflow/dags/transform_covid.py
[2025-07-16T17:00:27.985+0000] {processor.py:830} INFO - Processing file /opt/airflow/dags/transform_covid.py for tasks to queue
[2025-07-16T17:00:27.988+0000] {logging_mixin.py:188} INFO - [2025-07-16T17:00:27.988+0000] {dagbag.py:538} INFO - Filling up the DagBag from /opt/airflow/dags/transform_covid.py
[2025-07-16T17:00:29.129+0000] {processor.py:842} WARNING - No viable dags retrieved from /opt/airflow/dags/transform_covid.py
[2025-07-16T17:00:29.163+0000] {processor.py:183} INFO - Processing /opt/airflow/dags/transform_covid.py took 1.192 seconds
[2025-07-16T17:00:59.872+0000] {processor.py:161} INFO - Started process (PID=1423) to work on /opt/airflow/dags/transform_covid.py
[2025-07-16T17:00:59.875+0000] {processor.py:830} INFO - Processing file /opt/airflow/dags/transform_covid.py for tasks to queue
[2025-07-16T17:00:59.879+0000] {logging_mixin.py:188} INFO - [2025-07-16T17:00:59.878+0000] {dagbag.py:538} INFO - Filling up the DagBag from /opt/airflow/dags/transform_covid.py
[2025-07-16T17:01:00.640+0000] {processor.py:842} WARNING - No viable dags retrieved from /opt/airflow/dags/transform_covid.py
[2025-07-16T17:01:00.672+0000] {processor.py:183} INFO - Processing /opt/airflow/dags/transform_covid.py took 0.807 seconds
[2025-07-16T17:01:31.069+0000] {processor.py:161} INFO - Started process (PID=1485) to work on /opt/airflow/dags/transform_covid.py
[2025-07-16T17:01:31.073+0000] {processor.py:830} INFO - Processing file /opt/airflow/dags/transform_covid.py for tasks to queue
[2025-07-16T17:01:31.076+0000] {logging_mixin.py:188} INFO - [2025-07-16T17:01:31.075+0000] {dagbag.py:538} INFO - Filling up the DagBag from /opt/airflow/dags/transform_covid.py
[2025-07-16T17:01:31.880+0000] {processor.py:842} WARNING - No viable dags retrieved from /opt/airflow/dags/transform_covid.py
[2025-07-16T17:01:31.911+0000] {processor.py:183} INFO - Processing /opt/airflow/dags/transform_covid.py took 0.853 seconds
[2025-07-16T17:02:02.314+0000] {processor.py:161} INFO - Started process (PID=1546) to work on /opt/airflow/dags/transform_covid.py
[2025-07-16T17:02:02.318+0000] {processor.py:830} INFO - Processing file /opt/airflow/dags/transform_covid.py for tasks to queue
[2025-07-16T17:02:02.325+0000] {logging_mixin.py:188} INFO - [2025-07-16T17:02:02.323+0000] {dagbag.py:538} INFO - Filling up the DagBag from /opt/airflow/dags/transform_covid.py
[2025-07-16T17:02:03.184+0000] {processor.py:842} WARNING - No viable dags retrieved from /opt/airflow/dags/transform_covid.py
[2025-07-16T17:02:03.216+0000] {processor.py:183} INFO - Processing /opt/airflow/dags/transform_covid.py took 0.927 seconds
[2025-07-16T17:02:33.848+0000] {processor.py:161} INFO - Started process (PID=1609) to work on /opt/airflow/dags/transform_covid.py
[2025-07-16T17:02:33.855+0000] {processor.py:830} INFO - Processing file /opt/airflow/dags/transform_covid.py for tasks to queue
[2025-07-16T17:02:33.859+0000] {logging_mixin.py:188} INFO - [2025-07-16T17:02:33.858+0000] {dagbag.py:538} INFO - Filling up the DagBag from /opt/airflow/dags/transform_covid.py
[2025-07-16T17:02:34.970+0000] {processor.py:842} WARNING - No viable dags retrieved from /opt/airflow/dags/transform_covid.py
[2025-07-16T17:02:35.357+0000] {processor.py:183} INFO - Processing /opt/airflow/dags/transform_covid.py took 1.525 seconds
[2025-07-16T17:03:06.265+0000] {processor.py:161} INFO - Started process (PID=1671) to work on /opt/airflow/dags/transform_covid.py
[2025-07-16T17:03:06.268+0000] {processor.py:830} INFO - Processing file /opt/airflow/dags/transform_covid.py for tasks to queue
[2025-07-16T17:03:06.272+0000] {logging_mixin.py:188} INFO - [2025-07-16T17:03:06.271+0000] {dagbag.py:538} INFO - Filling up the DagBag from /opt/airflow/dags/transform_covid.py
[2025-07-16T17:03:07.004+0000] {processor.py:842} WARNING - No viable dags retrieved from /opt/airflow/dags/transform_covid.py
[2025-07-16T17:03:07.036+0000] {processor.py:183} INFO - Processing /opt/airflow/dags/transform_covid.py took 0.777 seconds
[2025-07-16T17:03:38.171+0000] {processor.py:161} INFO - Started process (PID=1733) to work on /opt/airflow/dags/transform_covid.py
[2025-07-16T17:03:38.174+0000] {processor.py:830} INFO - Processing file /opt/airflow/dags/transform_covid.py for tasks to queue
[2025-07-16T17:03:38.176+0000] {logging_mixin.py:188} INFO - [2025-07-16T17:03:38.176+0000] {dagbag.py:538} INFO - Filling up the DagBag from /opt/airflow/dags/transform_covid.py
[2025-07-16T17:03:38.987+0000] {processor.py:842} WARNING - No viable dags retrieved from /opt/airflow/dags/transform_covid.py
[2025-07-16T17:03:39.036+0000] {processor.py:183} INFO - Processing /opt/airflow/dags/transform_covid.py took 0.870 seconds
[2025-07-16T17:04:09.515+0000] {processor.py:161} INFO - Started process (PID=1801) to work on /opt/airflow/dags/transform_covid.py
[2025-07-16T17:04:09.520+0000] {processor.py:830} INFO - Processing file /opt/airflow/dags/transform_covid.py for tasks to queue
[2025-07-16T17:04:09.524+0000] {logging_mixin.py:188} INFO - [2025-07-16T17:04:09.523+0000] {dagbag.py:538} INFO - Filling up the DagBag from /opt/airflow/dags/transform_covid.py
[2025-07-16T17:04:11.812+0000] {processor.py:842} WARNING - No viable dags retrieved from /opt/airflow/dags/transform_covid.py
[2025-07-16T17:04:11.887+0000] {processor.py:183} INFO - Processing /opt/airflow/dags/transform_covid.py took 2.386 seconds
[2025-07-16T17:04:43.007+0000] {processor.py:161} INFO - Started process (PID=1863) to work on /opt/airflow/dags/transform_covid.py
[2025-07-16T17:04:43.011+0000] {processor.py:830} INFO - Processing file /opt/airflow/dags/transform_covid.py for tasks to queue
[2025-07-16T17:04:43.015+0000] {logging_mixin.py:188} INFO - [2025-07-16T17:04:43.013+0000] {dagbag.py:538} INFO - Filling up the DagBag from /opt/airflow/dags/transform_covid.py
[2025-07-16T17:04:44.154+0000] {processor.py:842} WARNING - No viable dags retrieved from /opt/airflow/dags/transform_covid.py
[2025-07-16T17:04:44.188+0000] {processor.py:183} INFO - Processing /opt/airflow/dags/transform_covid.py took 1.193 seconds
[2025-07-16T17:05:14.835+0000] {processor.py:161} INFO - Started process (PID=1927) to work on /opt/airflow/dags/transform_covid.py
[2025-07-16T17:05:14.838+0000] {processor.py:830} INFO - Processing file /opt/airflow/dags/transform_covid.py for tasks to queue
[2025-07-16T17:05:14.841+0000] {logging_mixin.py:188} INFO - [2025-07-16T17:05:14.840+0000] {dagbag.py:538} INFO - Filling up the DagBag from /opt/airflow/dags/transform_covid.py
[2025-07-16T17:05:16.016+0000] {processor.py:842} WARNING - No viable dags retrieved from /opt/airflow/dags/transform_covid.py
[2025-07-16T17:05:16.061+0000] {processor.py:183} INFO - Processing /opt/airflow/dags/transform_covid.py took 1.233 seconds
[2025-07-16T17:05:46.352+0000] {processor.py:161} INFO - Started process (PID=1990) to work on /opt/airflow/dags/transform_covid.py
[2025-07-16T17:05:46.359+0000] {processor.py:830} INFO - Processing file /opt/airflow/dags/transform_covid.py for tasks to queue
[2025-07-16T17:05:46.365+0000] {logging_mixin.py:188} INFO - [2025-07-16T17:05:46.364+0000] {dagbag.py:538} INFO - Filling up the DagBag from /opt/airflow/dags/transform_covid.py
[2025-07-16T17:05:47.552+0000] {processor.py:842} WARNING - No viable dags retrieved from /opt/airflow/dags/transform_covid.py
[2025-07-16T17:05:47.587+0000] {processor.py:183} INFO - Processing /opt/airflow/dags/transform_covid.py took 1.249 seconds
[2025-07-16T17:06:18.694+0000] {processor.py:161} INFO - Started process (PID=2051) to work on /opt/airflow/dags/transform_covid.py
[2025-07-16T17:06:18.697+0000] {processor.py:830} INFO - Processing file /opt/airflow/dags/transform_covid.py for tasks to queue
[2025-07-16T17:06:18.701+0000] {logging_mixin.py:188} INFO - [2025-07-16T17:06:18.700+0000] {dagbag.py:538} INFO - Filling up the DagBag from /opt/airflow/dags/transform_covid.py
[2025-07-16T17:06:20.459+0000] {processor.py:842} WARNING - No viable dags retrieved from /opt/airflow/dags/transform_covid.py
[2025-07-16T17:06:20.509+0000] {processor.py:183} INFO - Processing /opt/airflow/dags/transform_covid.py took 1.822 seconds
[2025-07-16T17:06:51.333+0000] {processor.py:161} INFO - Started process (PID=2114) to work on /opt/airflow/dags/transform_covid.py
[2025-07-16T17:06:51.335+0000] {processor.py:830} INFO - Processing file /opt/airflow/dags/transform_covid.py for tasks to queue
[2025-07-16T17:06:51.339+0000] {logging_mixin.py:188} INFO - [2025-07-16T17:06:51.338+0000] {dagbag.py:538} INFO - Filling up the DagBag from /opt/airflow/dags/transform_covid.py
[2025-07-16T17:06:52.060+0000] {processor.py:842} WARNING - No viable dags retrieved from /opt/airflow/dags/transform_covid.py
[2025-07-16T17:06:52.090+0000] {processor.py:183} INFO - Processing /opt/airflow/dags/transform_covid.py took 0.763 seconds
[2025-07-16T17:07:24.670+0000] {processor.py:161} INFO - Started process (PID=2182) to work on /opt/airflow/dags/transform_covid.py
[2025-07-16T17:07:24.675+0000] {processor.py:830} INFO - Processing file /opt/airflow/dags/transform_covid.py for tasks to queue
[2025-07-16T17:07:24.682+0000] {logging_mixin.py:188} INFO - [2025-07-16T17:07:24.681+0000] {dagbag.py:538} INFO - Filling up the DagBag from /opt/airflow/dags/transform_covid.py
[2025-07-16T17:07:26.748+0000] {processor.py:842} WARNING - No viable dags retrieved from /opt/airflow/dags/transform_covid.py
[2025-07-16T17:07:27.261+0000] {processor.py:183} INFO - Processing /opt/airflow/dags/transform_covid.py took 2.598 seconds
[2025-07-16T17:07:57.955+0000] {processor.py:161} INFO - Started process (PID=2244) to work on /opt/airflow/dags/transform_covid.py
[2025-07-16T17:07:57.958+0000] {processor.py:830} INFO - Processing file /opt/airflow/dags/transform_covid.py for tasks to queue
[2025-07-16T17:07:57.961+0000] {logging_mixin.py:188} INFO - [2025-07-16T17:07:57.960+0000] {dagbag.py:538} INFO - Filling up the DagBag from /opt/airflow/dags/transform_covid.py
[2025-07-16T17:07:59.592+0000] {processor.py:842} WARNING - No viable dags retrieved from /opt/airflow/dags/transform_covid.py
[2025-07-16T17:07:59.622+0000] {processor.py:183} INFO - Processing /opt/airflow/dags/transform_covid.py took 1.676 seconds
[2025-07-16T17:08:29.871+0000] {processor.py:161} INFO - Started process (PID=2305) to work on /opt/airflow/dags/transform_covid.py
[2025-07-16T17:08:29.873+0000] {processor.py:830} INFO - Processing file /opt/airflow/dags/transform_covid.py for tasks to queue
[2025-07-16T17:08:29.876+0000] {logging_mixin.py:188} INFO - [2025-07-16T17:08:29.875+0000] {dagbag.py:538} INFO - Filling up the DagBag from /opt/airflow/dags/transform_covid.py
[2025-07-16T17:08:31.193+0000] {processor.py:842} WARNING - No viable dags retrieved from /opt/airflow/dags/transform_covid.py
[2025-07-16T17:08:31.221+0000] {processor.py:183} INFO - Processing /opt/airflow/dags/transform_covid.py took 1.359 seconds
[2025-07-16T17:09:01.688+0000] {processor.py:161} INFO - Started process (PID=2368) to work on /opt/airflow/dags/transform_covid.py
[2025-07-16T17:09:01.691+0000] {processor.py:830} INFO - Processing file /opt/airflow/dags/transform_covid.py for tasks to queue
[2025-07-16T17:09:01.694+0000] {logging_mixin.py:188} INFO - [2025-07-16T17:09:01.694+0000] {dagbag.py:538} INFO - Filling up the DagBag from /opt/airflow/dags/transform_covid.py
[2025-07-16T17:09:02.453+0000] {processor.py:842} WARNING - No viable dags retrieved from /opt/airflow/dags/transform_covid.py
[2025-07-16T17:09:02.503+0000] {processor.py:183} INFO - Processing /opt/airflow/dags/transform_covid.py took 0.823 seconds
[2025-07-16T17:09:32.992+0000] {processor.py:161} INFO - Started process (PID=2431) to work on /opt/airflow/dags/transform_covid.py
[2025-07-16T17:09:32.996+0000] {processor.py:830} INFO - Processing file /opt/airflow/dags/transform_covid.py for tasks to queue
[2025-07-16T17:09:33.000+0000] {logging_mixin.py:188} INFO - [2025-07-16T17:09:32.999+0000] {dagbag.py:538} INFO - Filling up the DagBag from /opt/airflow/dags/transform_covid.py
[2025-07-16T17:09:34.125+0000] {processor.py:842} WARNING - No viable dags retrieved from /opt/airflow/dags/transform_covid.py
[2025-07-16T17:09:34.159+0000] {processor.py:183} INFO - Processing /opt/airflow/dags/transform_covid.py took 1.178 seconds
[2025-07-16T17:10:05.022+0000] {processor.py:161} INFO - Started process (PID=2503) to work on /opt/airflow/dags/transform_covid.py
[2025-07-16T17:10:05.025+0000] {processor.py:830} INFO - Processing file /opt/airflow/dags/transform_covid.py for tasks to queue
[2025-07-16T17:10:05.029+0000] {logging_mixin.py:188} INFO - [2025-07-16T17:10:05.028+0000] {dagbag.py:538} INFO - Filling up the DagBag from /opt/airflow/dags/transform_covid.py
[2025-07-16T17:10:06.273+0000] {processor.py:842} WARNING - No viable dags retrieved from /opt/airflow/dags/transform_covid.py
[2025-07-16T17:10:06.303+0000] {processor.py:183} INFO - Processing /opt/airflow/dags/transform_covid.py took 1.297 seconds
[2025-07-16T17:10:36.572+0000] {processor.py:161} INFO - Started process (PID=2567) to work on /opt/airflow/dags/transform_covid.py
[2025-07-16T17:10:36.575+0000] {processor.py:830} INFO - Processing file /opt/airflow/dags/transform_covid.py for tasks to queue
[2025-07-16T17:10:36.580+0000] {logging_mixin.py:188} INFO - [2025-07-16T17:10:36.579+0000] {dagbag.py:538} INFO - Filling up the DagBag from /opt/airflow/dags/transform_covid.py
[2025-07-16T17:10:37.724+0000] {processor.py:842} WARNING - No viable dags retrieved from /opt/airflow/dags/transform_covid.py
[2025-07-16T17:10:37.762+0000] {processor.py:183} INFO - Processing /opt/airflow/dags/transform_covid.py took 1.201 seconds
[2025-07-16T17:11:07.997+0000] {processor.py:161} INFO - Started process (PID=2627) to work on /opt/airflow/dags/transform_covid.py
[2025-07-16T17:11:08.000+0000] {processor.py:830} INFO - Processing file /opt/airflow/dags/transform_covid.py for tasks to queue
[2025-07-16T17:11:08.006+0000] {logging_mixin.py:188} INFO - [2025-07-16T17:11:08.004+0000] {dagbag.py:538} INFO - Filling up the DagBag from /opt/airflow/dags/transform_covid.py
[2025-07-16T17:11:09.398+0000] {processor.py:842} WARNING - No viable dags retrieved from /opt/airflow/dags/transform_covid.py
[2025-07-16T17:11:09.427+0000] {processor.py:183} INFO - Processing /opt/airflow/dags/transform_covid.py took 1.440 seconds
[2025-07-16T17:11:40.123+0000] {processor.py:161} INFO - Started process (PID=2697) to work on /opt/airflow/dags/transform_covid.py
[2025-07-16T17:11:40.128+0000] {processor.py:830} INFO - Processing file /opt/airflow/dags/transform_covid.py for tasks to queue
[2025-07-16T17:11:40.135+0000] {logging_mixin.py:188} INFO - [2025-07-16T17:11:40.133+0000] {dagbag.py:538} INFO - Filling up the DagBag from /opt/airflow/dags/transform_covid.py
[2025-07-16T17:11:41.520+0000] {processor.py:842} WARNING - No viable dags retrieved from /opt/airflow/dags/transform_covid.py
[2025-07-16T17:11:41.587+0000] {processor.py:183} INFO - Processing /opt/airflow/dags/transform_covid.py took 1.477 seconds
[2025-07-16T17:12:12.029+0000] {processor.py:161} INFO - Started process (PID=2762) to work on /opt/airflow/dags/transform_covid.py
[2025-07-16T17:12:12.032+0000] {processor.py:830} INFO - Processing file /opt/airflow/dags/transform_covid.py for tasks to queue
[2025-07-16T17:12:12.034+0000] {logging_mixin.py:188} INFO - [2025-07-16T17:12:12.034+0000] {dagbag.py:538} INFO - Filling up the DagBag from /opt/airflow/dags/transform_covid.py
[2025-07-16T17:12:13.383+0000] {processor.py:842} WARNING - No viable dags retrieved from /opt/airflow/dags/transform_covid.py
[2025-07-16T17:12:13.422+0000] {processor.py:183} INFO - Processing /opt/airflow/dags/transform_covid.py took 1.401 seconds
[2025-07-16T17:12:43.837+0000] {processor.py:161} INFO - Started process (PID=2830) to work on /opt/airflow/dags/transform_covid.py
[2025-07-16T17:12:43.840+0000] {processor.py:830} INFO - Processing file /opt/airflow/dags/transform_covid.py for tasks to queue
[2025-07-16T17:12:43.843+0000] {logging_mixin.py:188} INFO - [2025-07-16T17:12:43.842+0000] {dagbag.py:538} INFO - Filling up the DagBag from /opt/airflow/dags/transform_covid.py
[2025-07-16T17:12:44.974+0000] {processor.py:842} WARNING - No viable dags retrieved from /opt/airflow/dags/transform_covid.py
[2025-07-16T17:12:45.019+0000] {processor.py:183} INFO - Processing /opt/airflow/dags/transform_covid.py took 1.189 seconds
[2025-07-16T17:13:15.727+0000] {processor.py:161} INFO - Started process (PID=2890) to work on /opt/airflow/dags/transform_covid.py
[2025-07-16T17:13:15.731+0000] {processor.py:830} INFO - Processing file /opt/airflow/dags/transform_covid.py for tasks to queue
[2025-07-16T17:13:15.735+0000] {logging_mixin.py:188} INFO - [2025-07-16T17:13:15.734+0000] {dagbag.py:538} INFO - Filling up the DagBag from /opt/airflow/dags/transform_covid.py
[2025-07-16T17:13:17.498+0000] {processor.py:842} WARNING - No viable dags retrieved from /opt/airflow/dags/transform_covid.py
[2025-07-16T17:13:17.525+0000] {processor.py:183} INFO - Processing /opt/airflow/dags/transform_covid.py took 1.810 seconds
[2025-07-16T17:13:47.857+0000] {processor.py:161} INFO - Started process (PID=2953) to work on /opt/airflow/dags/transform_covid.py
[2025-07-16T17:13:47.864+0000] {processor.py:830} INFO - Processing file /opt/airflow/dags/transform_covid.py for tasks to queue
[2025-07-16T17:13:47.867+0000] {logging_mixin.py:188} INFO - [2025-07-16T17:13:47.867+0000] {dagbag.py:538} INFO - Filling up the DagBag from /opt/airflow/dags/transform_covid.py
[2025-07-16T17:13:49.226+0000] {processor.py:842} WARNING - No viable dags retrieved from /opt/airflow/dags/transform_covid.py
[2025-07-16T17:13:49.325+0000] {processor.py:183} INFO - Processing /opt/airflow/dags/transform_covid.py took 1.486 seconds
[2025-07-16T17:14:19.918+0000] {processor.py:161} INFO - Started process (PID=3022) to work on /opt/airflow/dags/transform_covid.py
[2025-07-16T17:14:19.921+0000] {processor.py:830} INFO - Processing file /opt/airflow/dags/transform_covid.py for tasks to queue
[2025-07-16T17:14:19.923+0000] {logging_mixin.py:188} INFO - [2025-07-16T17:14:19.922+0000] {dagbag.py:538} INFO - Filling up the DagBag from /opt/airflow/dags/transform_covid.py
[2025-07-16T17:14:20.955+0000] {processor.py:842} WARNING - No viable dags retrieved from /opt/airflow/dags/transform_covid.py
[2025-07-16T17:14:20.982+0000] {processor.py:183} INFO - Processing /opt/airflow/dags/transform_covid.py took 1.071 seconds
[2025-07-16T17:14:51.530+0000] {processor.py:161} INFO - Started process (PID=3083) to work on /opt/airflow/dags/transform_covid.py
[2025-07-16T17:14:51.533+0000] {processor.py:830} INFO - Processing file /opt/airflow/dags/transform_covid.py for tasks to queue
[2025-07-16T17:14:51.535+0000] {logging_mixin.py:188} INFO - [2025-07-16T17:14:51.535+0000] {dagbag.py:538} INFO - Filling up the DagBag from /opt/airflow/dags/transform_covid.py
[2025-07-16T17:14:52.706+0000] {processor.py:842} WARNING - No viable dags retrieved from /opt/airflow/dags/transform_covid.py
[2025-07-16T17:14:52.734+0000] {processor.py:183} INFO - Processing /opt/airflow/dags/transform_covid.py took 1.212 seconds
[2025-07-16T17:15:23.089+0000] {processor.py:161} INFO - Started process (PID=3145) to work on /opt/airflow/dags/transform_covid.py
[2025-07-16T17:15:23.092+0000] {processor.py:830} INFO - Processing file /opt/airflow/dags/transform_covid.py for tasks to queue
[2025-07-16T17:15:23.095+0000] {logging_mixin.py:188} INFO - [2025-07-16T17:15:23.094+0000] {dagbag.py:538} INFO - Filling up the DagBag from /opt/airflow/dags/transform_covid.py
[2025-07-16T17:15:24.128+0000] {processor.py:842} WARNING - No viable dags retrieved from /opt/airflow/dags/transform_covid.py
[2025-07-16T17:15:24.155+0000] {processor.py:183} INFO - Processing /opt/airflow/dags/transform_covid.py took 1.074 seconds
[2025-07-16T17:15:54.600+0000] {processor.py:161} INFO - Started process (PID=3210) to work on /opt/airflow/dags/transform_covid.py
[2025-07-16T17:15:54.603+0000] {processor.py:830} INFO - Processing file /opt/airflow/dags/transform_covid.py for tasks to queue
[2025-07-16T17:15:54.607+0000] {logging_mixin.py:188} INFO - [2025-07-16T17:15:54.606+0000] {dagbag.py:538} INFO - Filling up the DagBag from /opt/airflow/dags/transform_covid.py
[2025-07-16T17:15:55.737+0000] {processor.py:842} WARNING - No viable dags retrieved from /opt/airflow/dags/transform_covid.py
[2025-07-16T17:15:55.779+0000] {processor.py:183} INFO - Processing /opt/airflow/dags/transform_covid.py took 1.186 seconds
[2025-07-16T17:16:26.608+0000] {processor.py:161} INFO - Started process (PID=3271) to work on /opt/airflow/dags/transform_covid.py
[2025-07-16T17:16:26.611+0000] {processor.py:830} INFO - Processing file /opt/airflow/dags/transform_covid.py for tasks to queue
[2025-07-16T17:16:26.614+0000] {logging_mixin.py:188} INFO - [2025-07-16T17:16:26.613+0000] {dagbag.py:538} INFO - Filling up the DagBag from /opt/airflow/dags/transform_covid.py
[2025-07-16T17:16:27.916+0000] {processor.py:842} WARNING - No viable dags retrieved from /opt/airflow/dags/transform_covid.py
[2025-07-16T17:16:27.952+0000] {processor.py:183} INFO - Processing /opt/airflow/dags/transform_covid.py took 1.352 seconds
[2025-07-16T17:16:59.492+0000] {processor.py:161} INFO - Started process (PID=3335) to work on /opt/airflow/dags/transform_covid.py
[2025-07-16T17:16:59.496+0000] {processor.py:830} INFO - Processing file /opt/airflow/dags/transform_covid.py for tasks to queue
[2025-07-16T17:16:59.500+0000] {logging_mixin.py:188} INFO - [2025-07-16T17:16:59.499+0000] {dagbag.py:538} INFO - Filling up the DagBag from /opt/airflow/dags/transform_covid.py
[2025-07-16T17:17:00.877+0000] {processor.py:842} WARNING - No viable dags retrieved from /opt/airflow/dags/transform_covid.py
[2025-07-16T17:17:00.935+0000] {processor.py:183} INFO - Processing /opt/airflow/dags/transform_covid.py took 1.453 seconds
[2025-07-16T17:17:31.843+0000] {processor.py:161} INFO - Started process (PID=3405) to work on /opt/airflow/dags/transform_covid.py
[2025-07-16T17:17:31.846+0000] {processor.py:830} INFO - Processing file /opt/airflow/dags/transform_covid.py for tasks to queue
[2025-07-16T17:17:31.848+0000] {logging_mixin.py:188} INFO - [2025-07-16T17:17:31.847+0000] {dagbag.py:538} INFO - Filling up the DagBag from /opt/airflow/dags/transform_covid.py
[2025-07-16T17:17:32.885+0000] {processor.py:842} WARNING - No viable dags retrieved from /opt/airflow/dags/transform_covid.py
[2025-07-16T17:17:32.911+0000] {processor.py:183} INFO - Processing /opt/airflow/dags/transform_covid.py took 1.075 seconds
[2025-07-16T17:18:03.882+0000] {processor.py:161} INFO - Started process (PID=3467) to work on /opt/airflow/dags/transform_covid.py
[2025-07-16T17:18:03.887+0000] {processor.py:830} INFO - Processing file /opt/airflow/dags/transform_covid.py for tasks to queue
[2025-07-16T17:18:03.890+0000] {logging_mixin.py:188} INFO - [2025-07-16T17:18:03.889+0000] {dagbag.py:538} INFO - Filling up the DagBag from /opt/airflow/dags/transform_covid.py
[2025-07-16T17:18:05.035+0000] {processor.py:842} WARNING - No viable dags retrieved from /opt/airflow/dags/transform_covid.py
[2025-07-16T17:18:05.062+0000] {processor.py:183} INFO - Processing /opt/airflow/dags/transform_covid.py took 1.191 seconds
[2025-07-16T17:18:35.557+0000] {processor.py:161} INFO - Started process (PID=3530) to work on /opt/airflow/dags/transform_covid.py
[2025-07-16T17:18:35.559+0000] {processor.py:830} INFO - Processing file /opt/airflow/dags/transform_covid.py for tasks to queue
[2025-07-16T17:18:35.562+0000] {logging_mixin.py:188} INFO - [2025-07-16T17:18:35.561+0000] {dagbag.py:538} INFO - Filling up the DagBag from /opt/airflow/dags/transform_covid.py
[2025-07-16T17:18:36.790+0000] {processor.py:842} WARNING - No viable dags retrieved from /opt/airflow/dags/transform_covid.py
[2025-07-16T17:18:36.840+0000] {processor.py:183} INFO - Processing /opt/airflow/dags/transform_covid.py took 1.289 seconds
[2025-07-16T17:19:07.431+0000] {processor.py:161} INFO - Started process (PID=3591) to work on /opt/airflow/dags/transform_covid.py
[2025-07-16T17:19:07.435+0000] {processor.py:830} INFO - Processing file /opt/airflow/dags/transform_covid.py for tasks to queue
[2025-07-16T17:19:07.438+0000] {logging_mixin.py:188} INFO - [2025-07-16T17:19:07.437+0000] {dagbag.py:538} INFO - Filling up the DagBag from /opt/airflow/dags/transform_covid.py
[2025-07-16T17:19:08.731+0000] {processor.py:842} WARNING - No viable dags retrieved from /opt/airflow/dags/transform_covid.py
[2025-07-16T17:19:08.764+0000] {processor.py:183} INFO - Processing /opt/airflow/dags/transform_covid.py took 1.342 seconds
[2025-07-16T17:19:39.577+0000] {processor.py:161} INFO - Started process (PID=3656) to work on /opt/airflow/dags/transform_covid.py
[2025-07-16T17:19:39.580+0000] {processor.py:830} INFO - Processing file /opt/airflow/dags/transform_covid.py for tasks to queue
[2025-07-16T17:19:39.582+0000] {logging_mixin.py:188} INFO - [2025-07-16T17:19:39.582+0000] {dagbag.py:538} INFO - Filling up the DagBag from /opt/airflow/dags/transform_covid.py
[2025-07-16T17:19:40.621+0000] {processor.py:842} WARNING - No viable dags retrieved from /opt/airflow/dags/transform_covid.py
[2025-07-16T17:19:40.651+0000] {processor.py:183} INFO - Processing /opt/airflow/dags/transform_covid.py took 1.080 seconds
[2025-07-16T17:20:11.174+0000] {processor.py:161} INFO - Started process (PID=3718) to work on /opt/airflow/dags/transform_covid.py
[2025-07-16T17:20:11.177+0000] {processor.py:830} INFO - Processing file /opt/airflow/dags/transform_covid.py for tasks to queue
[2025-07-16T17:20:11.180+0000] {logging_mixin.py:188} INFO - [2025-07-16T17:20:11.179+0000] {dagbag.py:538} INFO - Filling up the DagBag from /opt/airflow/dags/transform_covid.py
[2025-07-16T17:20:12.454+0000] {processor.py:842} WARNING - No viable dags retrieved from /opt/airflow/dags/transform_covid.py
[2025-07-16T17:20:12.496+0000] {processor.py:183} INFO - Processing /opt/airflow/dags/transform_covid.py took 1.329 seconds
[2025-07-16T17:20:42.694+0000] {processor.py:161} INFO - Started process (PID=3779) to work on /opt/airflow/dags/transform_covid.py
[2025-07-16T17:20:42.697+0000] {processor.py:830} INFO - Processing file /opt/airflow/dags/transform_covid.py for tasks to queue
[2025-07-16T17:20:42.700+0000] {logging_mixin.py:188} INFO - [2025-07-16T17:20:42.699+0000] {dagbag.py:538} INFO - Filling up the DagBag from /opt/airflow/dags/transform_covid.py
[2025-07-16T17:20:43.954+0000] {processor.py:842} WARNING - No viable dags retrieved from /opt/airflow/dags/transform_covid.py
[2025-07-16T17:20:44.011+0000] {processor.py:183} INFO - Processing /opt/airflow/dags/transform_covid.py took 1.322 seconds
[2025-07-16T17:21:14.684+0000] {processor.py:161} INFO - Started process (PID=3845) to work on /opt/airflow/dags/transform_covid.py
[2025-07-16T17:21:14.688+0000] {processor.py:830} INFO - Processing file /opt/airflow/dags/transform_covid.py for tasks to queue
[2025-07-16T17:21:14.692+0000] {logging_mixin.py:188} INFO - [2025-07-16T17:21:14.691+0000] {dagbag.py:538} INFO - Filling up the DagBag from /opt/airflow/dags/transform_covid.py
[2025-07-16T17:21:16.049+0000] {processor.py:842} WARNING - No viable dags retrieved from /opt/airflow/dags/transform_covid.py
[2025-07-16T17:21:16.082+0000] {processor.py:183} INFO - Processing /opt/airflow/dags/transform_covid.py took 1.409 seconds
[2025-07-16T17:21:46.714+0000] {processor.py:161} INFO - Started process (PID=3909) to work on /opt/airflow/dags/transform_covid.py
[2025-07-16T17:21:46.716+0000] {processor.py:830} INFO - Processing file /opt/airflow/dags/transform_covid.py for tasks to queue
[2025-07-16T17:21:46.719+0000] {logging_mixin.py:188} INFO - [2025-07-16T17:21:46.718+0000] {dagbag.py:538} INFO - Filling up the DagBag from /opt/airflow/dags/transform_covid.py
[2025-07-16T17:21:47.846+0000] {processor.py:842} WARNING - No viable dags retrieved from /opt/airflow/dags/transform_covid.py
[2025-07-16T17:21:47.875+0000] {processor.py:183} INFO - Processing /opt/airflow/dags/transform_covid.py took 1.168 seconds
[2025-07-16T17:22:18.399+0000] {processor.py:161} INFO - Started process (PID=3971) to work on /opt/airflow/dags/transform_covid.py
[2025-07-16T17:22:18.402+0000] {processor.py:830} INFO - Processing file /opt/airflow/dags/transform_covid.py for tasks to queue
[2025-07-16T17:22:18.405+0000] {logging_mixin.py:188} INFO - [2025-07-16T17:22:18.404+0000] {dagbag.py:538} INFO - Filling up the DagBag from /opt/airflow/dags/transform_covid.py
[2025-07-16T17:22:19.719+0000] {processor.py:842} WARNING - No viable dags retrieved from /opt/airflow/dags/transform_covid.py
[2025-07-16T17:22:19.748+0000] {processor.py:183} INFO - Processing /opt/airflow/dags/transform_covid.py took 1.358 seconds
[2025-07-16T17:22:50.147+0000] {processor.py:161} INFO - Started process (PID=4033) to work on /opt/airflow/dags/transform_covid.py
[2025-07-16T17:22:50.149+0000] {processor.py:830} INFO - Processing file /opt/airflow/dags/transform_covid.py for tasks to queue
[2025-07-16T17:22:50.152+0000] {logging_mixin.py:188} INFO - [2025-07-16T17:22:50.151+0000] {dagbag.py:538} INFO - Filling up the DagBag from /opt/airflow/dags/transform_covid.py
[2025-07-16T17:22:51.147+0000] {processor.py:842} WARNING - No viable dags retrieved from /opt/airflow/dags/transform_covid.py
[2025-07-16T17:22:51.174+0000] {processor.py:183} INFO - Processing /opt/airflow/dags/transform_covid.py took 1.040 seconds
[2025-07-16T17:23:23.774+0000] {processor.py:161} INFO - Started process (PID=4093) to work on /opt/airflow/dags/transform_covid.py
[2025-07-16T17:23:23.778+0000] {processor.py:830} INFO - Processing file /opt/airflow/dags/transform_covid.py for tasks to queue
[2025-07-16T17:23:23.783+0000] {logging_mixin.py:188} INFO - [2025-07-16T17:23:23.782+0000] {dagbag.py:538} INFO - Filling up the DagBag from /opt/airflow/dags/transform_covid.py
[2025-07-16T17:23:25.579+0000] {processor.py:842} WARNING - No viable dags retrieved from /opt/airflow/dags/transform_covid.py
[2025-07-16T17:23:25.676+0000] {processor.py:183} INFO - Processing /opt/airflow/dags/transform_covid.py took 1.913 seconds
[2025-07-16T17:23:56.585+0000] {processor.py:161} INFO - Started process (PID=4162) to work on /opt/airflow/dags/transform_covid.py
[2025-07-16T17:23:56.588+0000] {processor.py:830} INFO - Processing file /opt/airflow/dags/transform_covid.py for tasks to queue
[2025-07-16T17:23:56.591+0000] {logging_mixin.py:188} INFO - [2025-07-16T17:23:56.590+0000] {dagbag.py:538} INFO - Filling up the DagBag from /opt/airflow/dags/transform_covid.py
[2025-07-16T17:23:57.655+0000] {processor.py:842} WARNING - No viable dags retrieved from /opt/airflow/dags/transform_covid.py
[2025-07-16T17:23:57.691+0000] {processor.py:183} INFO - Processing /opt/airflow/dags/transform_covid.py took 1.113 seconds
[2025-07-16T17:24:28.095+0000] {processor.py:161} INFO - Started process (PID=4225) to work on /opt/airflow/dags/transform_covid.py
[2025-07-16T17:24:28.099+0000] {processor.py:830} INFO - Processing file /opt/airflow/dags/transform_covid.py for tasks to queue
[2025-07-16T17:24:28.103+0000] {logging_mixin.py:188} INFO - [2025-07-16T17:24:28.101+0000] {dagbag.py:538} INFO - Filling up the DagBag from /opt/airflow/dags/transform_covid.py
[2025-07-16T17:24:29.575+0000] {processor.py:842} WARNING - No viable dags retrieved from /opt/airflow/dags/transform_covid.py
[2025-07-16T17:24:29.617+0000] {processor.py:183} INFO - Processing /opt/airflow/dags/transform_covid.py took 1.531 seconds
[2025-07-16T17:25:05.842+0000] {processor.py:161} INFO - Started process (PID=4288) to work on /opt/airflow/dags/transform_covid.py
[2025-07-16T17:25:05.857+0000] {processor.py:830} INFO - Processing file /opt/airflow/dags/transform_covid.py for tasks to queue
[2025-07-16T17:25:05.900+0000] {logging_mixin.py:188} INFO - [2025-07-16T17:25:05.899+0000] {dagbag.py:538} INFO - Filling up the DagBag from /opt/airflow/dags/transform_covid.py
[2025-07-16T17:25:11.780+0000] {processor.py:842} WARNING - No viable dags retrieved from /opt/airflow/dags/transform_covid.py
[2025-07-16T17:25:11.893+0000] {processor.py:183} INFO - Processing /opt/airflow/dags/transform_covid.py took 6.084 seconds
[2025-07-16T17:25:42.908+0000] {processor.py:161} INFO - Started process (PID=4362) to work on /opt/airflow/dags/transform_covid.py
[2025-07-16T17:25:42.914+0000] {processor.py:830} INFO - Processing file /opt/airflow/dags/transform_covid.py for tasks to queue
[2025-07-16T17:25:42.919+0000] {logging_mixin.py:188} INFO - [2025-07-16T17:25:42.918+0000] {dagbag.py:538} INFO - Filling up the DagBag from /opt/airflow/dags/transform_covid.py
[2025-07-16T17:25:44.644+0000] {processor.py:842} WARNING - No viable dags retrieved from /opt/airflow/dags/transform_covid.py
[2025-07-16T17:25:44.678+0000] {processor.py:183} INFO - Processing /opt/airflow/dags/transform_covid.py took 1.785 seconds
[2025-07-16T17:26:14.987+0000] {processor.py:161} INFO - Started process (PID=4432) to work on /opt/airflow/dags/transform_covid.py
[2025-07-16T17:26:14.990+0000] {processor.py:830} INFO - Processing file /opt/airflow/dags/transform_covid.py for tasks to queue
[2025-07-16T17:26:14.993+0000] {logging_mixin.py:188} INFO - [2025-07-16T17:26:14.992+0000] {dagbag.py:538} INFO - Filling up the DagBag from /opt/airflow/dags/transform_covid.py
[2025-07-16T17:26:16.059+0000] {processor.py:842} WARNING - No viable dags retrieved from /opt/airflow/dags/transform_covid.py
[2025-07-16T17:26:16.096+0000] {processor.py:183} INFO - Processing /opt/airflow/dags/transform_covid.py took 1.116 seconds
[2025-07-16T17:26:47.345+0000] {processor.py:161} INFO - Started process (PID=4502) to work on /opt/airflow/dags/transform_covid.py
[2025-07-16T17:26:47.349+0000] {processor.py:830} INFO - Processing file /opt/airflow/dags/transform_covid.py for tasks to queue
[2025-07-16T17:26:47.351+0000] {logging_mixin.py:188} INFO - [2025-07-16T17:26:47.351+0000] {dagbag.py:538} INFO - Filling up the DagBag from /opt/airflow/dags/transform_covid.py
[2025-07-16T17:26:48.504+0000] {processor.py:842} WARNING - No viable dags retrieved from /opt/airflow/dags/transform_covid.py
[2025-07-16T17:26:48.532+0000] {processor.py:183} INFO - Processing /opt/airflow/dags/transform_covid.py took 1.194 seconds
[2025-07-16T17:27:18.701+0000] {processor.py:161} INFO - Started process (PID=4565) to work on /opt/airflow/dags/transform_covid.py
[2025-07-16T17:27:18.705+0000] {processor.py:830} INFO - Processing file /opt/airflow/dags/transform_covid.py for tasks to queue
[2025-07-16T17:27:18.709+0000] {logging_mixin.py:188} INFO - [2025-07-16T17:27:18.708+0000] {dagbag.py:538} INFO - Filling up the DagBag from /opt/airflow/dags/transform_covid.py
[2025-07-16T17:27:19.927+0000] {processor.py:842} WARNING - No viable dags retrieved from /opt/airflow/dags/transform_covid.py
[2025-07-16T17:27:19.954+0000] {processor.py:183} INFO - Processing /opt/airflow/dags/transform_covid.py took 1.263 seconds
[2025-07-16T17:27:50.283+0000] {processor.py:161} INFO - Started process (PID=4633) to work on /opt/airflow/dags/transform_covid.py
[2025-07-16T17:27:50.286+0000] {processor.py:830} INFO - Processing file /opt/airflow/dags/transform_covid.py for tasks to queue
[2025-07-16T17:27:50.291+0000] {logging_mixin.py:188} INFO - [2025-07-16T17:27:50.289+0000] {dagbag.py:538} INFO - Filling up the DagBag from /opt/airflow/dags/transform_covid.py
[2025-07-16T17:27:51.733+0000] {processor.py:842} WARNING - No viable dags retrieved from /opt/airflow/dags/transform_covid.py
[2025-07-16T17:27:51.763+0000] {processor.py:183} INFO - Processing /opt/airflow/dags/transform_covid.py took 1.493 seconds
[2025-07-16T17:28:22.051+0000] {processor.py:161} INFO - Started process (PID=4696) to work on /opt/airflow/dags/transform_covid.py
[2025-07-16T17:28:22.055+0000] {processor.py:830} INFO - Processing file /opt/airflow/dags/transform_covid.py for tasks to queue
[2025-07-16T17:28:22.058+0000] {logging_mixin.py:188} INFO - [2025-07-16T17:28:22.057+0000] {dagbag.py:538} INFO - Filling up the DagBag from /opt/airflow/dags/transform_covid.py
[2025-07-16T17:28:23.650+0000] {processor.py:842} WARNING - No viable dags retrieved from /opt/airflow/dags/transform_covid.py
[2025-07-16T17:28:23.701+0000] {processor.py:183} INFO - Processing /opt/airflow/dags/transform_covid.py took 1.660 seconds
[2025-07-16T17:28:54.419+0000] {processor.py:161} INFO - Started process (PID=4758) to work on /opt/airflow/dags/transform_covid.py
[2025-07-16T17:28:54.423+0000] {processor.py:830} INFO - Processing file /opt/airflow/dags/transform_covid.py for tasks to queue
[2025-07-16T17:28:54.426+0000] {logging_mixin.py:188} INFO - [2025-07-16T17:28:54.425+0000] {dagbag.py:538} INFO - Filling up the DagBag from /opt/airflow/dags/transform_covid.py
[2025-07-16T17:28:55.731+0000] {processor.py:842} WARNING - No viable dags retrieved from /opt/airflow/dags/transform_covid.py
[2025-07-16T17:28:55.766+0000] {processor.py:183} INFO - Processing /opt/airflow/dags/transform_covid.py took 1.358 seconds
[2025-07-16T17:29:26.658+0000] {processor.py:161} INFO - Started process (PID=4820) to work on /opt/airflow/dags/transform_covid.py
[2025-07-16T17:29:26.662+0000] {processor.py:830} INFO - Processing file /opt/airflow/dags/transform_covid.py for tasks to queue
[2025-07-16T17:29:26.668+0000] {logging_mixin.py:188} INFO - [2025-07-16T17:29:26.667+0000] {dagbag.py:538} INFO - Filling up the DagBag from /opt/airflow/dags/transform_covid.py
[2025-07-16T17:29:28.122+0000] {processor.py:842} WARNING - No viable dags retrieved from /opt/airflow/dags/transform_covid.py
[2025-07-16T17:29:28.163+0000] {processor.py:183} INFO - Processing /opt/airflow/dags/transform_covid.py took 1.524 seconds
[2025-07-16T17:29:58.966+0000] {processor.py:161} INFO - Started process (PID=4882) to work on /opt/airflow/dags/transform_covid.py
[2025-07-16T17:29:58.969+0000] {processor.py:830} INFO - Processing file /opt/airflow/dags/transform_covid.py for tasks to queue
[2025-07-16T17:29:58.972+0000] {logging_mixin.py:188} INFO - [2025-07-16T17:29:58.971+0000] {dagbag.py:538} INFO - Filling up the DagBag from /opt/airflow/dags/transform_covid.py
[2025-07-16T17:30:00.228+0000] {processor.py:842} WARNING - No viable dags retrieved from /opt/airflow/dags/transform_covid.py
[2025-07-16T17:30:00.301+0000] {processor.py:183} INFO - Processing /opt/airflow/dags/transform_covid.py took 1.344 seconds
[2025-07-16T17:30:31.516+0000] {processor.py:161} INFO - Started process (PID=4945) to work on /opt/airflow/dags/transform_covid.py
[2025-07-16T17:30:31.525+0000] {processor.py:830} INFO - Processing file /opt/airflow/dags/transform_covid.py for tasks to queue
[2025-07-16T17:30:31.540+0000] {logging_mixin.py:188} INFO - [2025-07-16T17:30:31.539+0000] {dagbag.py:538} INFO - Filling up the DagBag from /opt/airflow/dags/transform_covid.py
[2025-07-16T17:30:33.595+0000] {processor.py:842} WARNING - No viable dags retrieved from /opt/airflow/dags/transform_covid.py
[2025-07-16T17:30:33.630+0000] {processor.py:183} INFO - Processing /opt/airflow/dags/transform_covid.py took 2.136 seconds
[2025-07-16T17:31:04.272+0000] {processor.py:161} INFO - Started process (PID=5013) to work on /opt/airflow/dags/transform_covid.py
[2025-07-16T17:31:04.275+0000] {processor.py:830} INFO - Processing file /opt/airflow/dags/transform_covid.py for tasks to queue
[2025-07-16T17:31:04.278+0000] {logging_mixin.py:188} INFO - [2025-07-16T17:31:04.277+0000] {dagbag.py:538} INFO - Filling up the DagBag from /opt/airflow/dags/transform_covid.py
[2025-07-16T17:31:05.362+0000] {processor.py:842} WARNING - No viable dags retrieved from /opt/airflow/dags/transform_covid.py
[2025-07-16T17:31:05.388+0000] {processor.py:183} INFO - Processing /opt/airflow/dags/transform_covid.py took 1.123 seconds
[2025-07-16T17:31:35.720+0000] {processor.py:161} INFO - Started process (PID=5076) to work on /opt/airflow/dags/transform_covid.py
[2025-07-16T17:31:35.727+0000] {processor.py:830} INFO - Processing file /opt/airflow/dags/transform_covid.py for tasks to queue
[2025-07-16T17:31:35.731+0000] {logging_mixin.py:188} INFO - [2025-07-16T17:31:35.730+0000] {dagbag.py:538} INFO - Filling up the DagBag from /opt/airflow/dags/transform_covid.py
[2025-07-16T17:31:37.283+0000] {processor.py:842} WARNING - No viable dags retrieved from /opt/airflow/dags/transform_covid.py
[2025-07-16T17:31:37.311+0000] {processor.py:183} INFO - Processing /opt/airflow/dags/transform_covid.py took 1.603 seconds
[2025-07-16T17:32:07.948+0000] {processor.py:161} INFO - Started process (PID=5138) to work on /opt/airflow/dags/transform_covid.py
[2025-07-16T17:32:07.953+0000] {processor.py:830} INFO - Processing file /opt/airflow/dags/transform_covid.py for tasks to queue
[2025-07-16T17:32:07.958+0000] {logging_mixin.py:188} INFO - [2025-07-16T17:32:07.956+0000] {dagbag.py:538} INFO - Filling up the DagBag from /opt/airflow/dags/transform_covid.py
[2025-07-16T17:32:09.234+0000] {processor.py:842} WARNING - No viable dags retrieved from /opt/airflow/dags/transform_covid.py
[2025-07-16T17:32:09.265+0000] {processor.py:183} INFO - Processing /opt/airflow/dags/transform_covid.py took 1.332 seconds
[2025-07-16T17:32:40.172+0000] {processor.py:161} INFO - Started process (PID=5202) to work on /opt/airflow/dags/transform_covid.py
[2025-07-16T17:32:40.175+0000] {processor.py:830} INFO - Processing file /opt/airflow/dags/transform_covid.py for tasks to queue
[2025-07-16T17:32:40.178+0000] {logging_mixin.py:188} INFO - [2025-07-16T17:32:40.177+0000] {dagbag.py:538} INFO - Filling up the DagBag from /opt/airflow/dags/transform_covid.py
[2025-07-16T17:32:41.278+0000] {processor.py:842} WARNING - No viable dags retrieved from /opt/airflow/dags/transform_covid.py
[2025-07-16T17:32:41.306+0000] {processor.py:183} INFO - Processing /opt/airflow/dags/transform_covid.py took 1.144 seconds
[2025-07-16T17:33:11.501+0000] {processor.py:161} INFO - Started process (PID=5265) to work on /opt/airflow/dags/transform_covid.py
[2025-07-16T17:33:11.504+0000] {processor.py:830} INFO - Processing file /opt/airflow/dags/transform_covid.py for tasks to queue
[2025-07-16T17:33:11.508+0000] {logging_mixin.py:188} INFO - [2025-07-16T17:33:11.507+0000] {dagbag.py:538} INFO - Filling up the DagBag from /opt/airflow/dags/transform_covid.py
[2025-07-16T17:33:12.805+0000] {processor.py:842} WARNING - No viable dags retrieved from /opt/airflow/dags/transform_covid.py
[2025-07-16T17:33:12.834+0000] {processor.py:183} INFO - Processing /opt/airflow/dags/transform_covid.py took 1.341 seconds
[2025-07-16T17:33:43.233+0000] {processor.py:161} INFO - Started process (PID=5328) to work on /opt/airflow/dags/transform_covid.py
[2025-07-16T17:33:43.236+0000] {processor.py:830} INFO - Processing file /opt/airflow/dags/transform_covid.py for tasks to queue
[2025-07-16T17:33:43.239+0000] {logging_mixin.py:188} INFO - [2025-07-16T17:33:43.238+0000] {dagbag.py:538} INFO - Filling up the DagBag from /opt/airflow/dags/transform_covid.py
[2025-07-16T17:33:44.624+0000] {processor.py:842} WARNING - No viable dags retrieved from /opt/airflow/dags/transform_covid.py
[2025-07-16T17:33:44.652+0000] {processor.py:183} INFO - Processing /opt/airflow/dags/transform_covid.py took 1.426 seconds
[2025-07-16T17:34:15.215+0000] {processor.py:161} INFO - Started process (PID=5396) to work on /opt/airflow/dags/transform_covid.py
[2025-07-16T17:34:15.219+0000] {processor.py:830} INFO - Processing file /opt/airflow/dags/transform_covid.py for tasks to queue
[2025-07-16T17:34:15.223+0000] {logging_mixin.py:188} INFO - [2025-07-16T17:34:15.222+0000] {dagbag.py:538} INFO - Filling up the DagBag from /opt/airflow/dags/transform_covid.py
[2025-07-16T17:34:16.460+0000] {processor.py:842} WARNING - No viable dags retrieved from /opt/airflow/dags/transform_covid.py
[2025-07-16T17:34:16.498+0000] {processor.py:183} INFO - Processing /opt/airflow/dags/transform_covid.py took 1.294 seconds
[2025-07-16T17:34:46.753+0000] {processor.py:161} INFO - Started process (PID=5459) to work on /opt/airflow/dags/transform_covid.py
[2025-07-16T17:34:46.756+0000] {processor.py:830} INFO - Processing file /opt/airflow/dags/transform_covid.py for tasks to queue
[2025-07-16T17:34:46.759+0000] {logging_mixin.py:188} INFO - [2025-07-16T17:34:46.758+0000] {dagbag.py:538} INFO - Filling up the DagBag from /opt/airflow/dags/transform_covid.py
[2025-07-16T17:34:48.214+0000] {processor.py:842} WARNING - No viable dags retrieved from /opt/airflow/dags/transform_covid.py
[2025-07-16T17:34:48.267+0000] {processor.py:183} INFO - Processing /opt/airflow/dags/transform_covid.py took 1.521 seconds
[2025-07-16T17:35:18.578+0000] {processor.py:161} INFO - Started process (PID=5521) to work on /opt/airflow/dags/transform_covid.py
[2025-07-16T17:35:18.593+0000] {processor.py:830} INFO - Processing file /opt/airflow/dags/transform_covid.py for tasks to queue
[2025-07-16T17:35:18.599+0000] {logging_mixin.py:188} INFO - [2025-07-16T17:35:18.597+0000] {dagbag.py:538} INFO - Filling up the DagBag from /opt/airflow/dags/transform_covid.py
[2025-07-16T17:39:59.079+0000] {processor.py:842} WARNING - No viable dags retrieved from /opt/airflow/dags/transform_covid.py
[2025-07-16T17:39:59.184+0000] {processor.py:183} INFO - Processing /opt/airflow/dags/transform_covid.py took 14.207 seconds
[2025-07-16T17:40:34.100+0000] {processor.py:161} INFO - Started process (PID=5591) to work on /opt/airflow/dags/transform_covid.py
[2025-07-16T17:40:34.120+0000] {processor.py:830} INFO - Processing file /opt/airflow/dags/transform_covid.py for tasks to queue
[2025-07-16T17:40:34.141+0000] {logging_mixin.py:188} INFO - [2025-07-16T17:40:34.139+0000] {dagbag.py:538} INFO - Filling up the DagBag from /opt/airflow/dags/transform_covid.py
[2025-07-16T17:40:41.147+0000] {processor.py:842} WARNING - No viable dags retrieved from /opt/airflow/dags/transform_covid.py
[2025-07-16T17:40:41.289+0000] {processor.py:183} INFO - Processing /opt/airflow/dags/transform_covid.py took 7.208 seconds
[2025-07-16T17:41:12.680+0000] {processor.py:161} INFO - Started process (PID=5660) to work on /opt/airflow/dags/transform_covid.py
[2025-07-16T17:41:12.684+0000] {processor.py:830} INFO - Processing file /opt/airflow/dags/transform_covid.py for tasks to queue
[2025-07-16T17:41:12.686+0000] {logging_mixin.py:188} INFO - [2025-07-16T17:41:12.686+0000] {dagbag.py:538} INFO - Filling up the DagBag from /opt/airflow/dags/transform_covid.py
[2025-07-16T17:41:13.762+0000] {processor.py:842} WARNING - No viable dags retrieved from /opt/airflow/dags/transform_covid.py
[2025-07-16T17:41:13.789+0000] {processor.py:183} INFO - Processing /opt/airflow/dags/transform_covid.py took 1.123 seconds
[2025-07-16T17:41:44.848+0000] {processor.py:161} INFO - Started process (PID=5729) to work on /opt/airflow/dags/transform_covid.py
[2025-07-16T17:41:44.851+0000] {processor.py:830} INFO - Processing file /opt/airflow/dags/transform_covid.py for tasks to queue
[2025-07-16T17:41:44.854+0000] {logging_mixin.py:188} INFO - [2025-07-16T17:41:44.853+0000] {dagbag.py:538} INFO - Filling up the DagBag from /opt/airflow/dags/transform_covid.py
[2025-07-16T17:41:47.750+0000] {processor.py:842} WARNING - No viable dags retrieved from /opt/airflow/dags/transform_covid.py
[2025-07-16T17:41:47.798+0000] {processor.py:183} INFO - Processing /opt/airflow/dags/transform_covid.py took 2.958 seconds
[2025-07-16T17:42:18.264+0000] {processor.py:161} INFO - Started process (PID=5797) to work on /opt/airflow/dags/transform_covid.py
[2025-07-16T17:42:18.268+0000] {processor.py:830} INFO - Processing file /opt/airflow/dags/transform_covid.py for tasks to queue
[2025-07-16T17:42:18.274+0000] {logging_mixin.py:188} INFO - [2025-07-16T17:42:18.272+0000] {dagbag.py:538} INFO - Filling up the DagBag from /opt/airflow/dags/transform_covid.py
[2025-07-16T17:42:19.678+0000] {processor.py:842} WARNING - No viable dags retrieved from /opt/airflow/dags/transform_covid.py
[2025-07-16T17:42:19.713+0000] {processor.py:183} INFO - Processing /opt/airflow/dags/transform_covid.py took 1.457 seconds
[2025-07-16T17:42:50.345+0000] {processor.py:161} INFO - Started process (PID=5865) to work on /opt/airflow/dags/transform_covid.py
[2025-07-16T17:42:50.348+0000] {processor.py:830} INFO - Processing file /opt/airflow/dags/transform_covid.py for tasks to queue
[2025-07-16T17:42:50.351+0000] {logging_mixin.py:188} INFO - [2025-07-16T17:42:50.350+0000] {dagbag.py:538} INFO - Filling up the DagBag from /opt/airflow/dags/transform_covid.py
[2025-07-16T17:42:52.494+0000] {processor.py:842} WARNING - No viable dags retrieved from /opt/airflow/dags/transform_covid.py
[2025-07-16T17:42:52.559+0000] {processor.py:183} INFO - Processing /opt/airflow/dags/transform_covid.py took 2.223 seconds
[2025-07-16T17:43:23.281+0000] {processor.py:161} INFO - Started process (PID=5929) to work on /opt/airflow/dags/transform_covid.py
[2025-07-16T17:43:23.284+0000] {processor.py:830} INFO - Processing file /opt/airflow/dags/transform_covid.py for tasks to queue
[2025-07-16T17:43:23.287+0000] {logging_mixin.py:188} INFO - [2025-07-16T17:43:23.286+0000] {dagbag.py:538} INFO - Filling up the DagBag from /opt/airflow/dags/transform_covid.py
[2025-07-16T17:43:24.737+0000] {processor.py:842} WARNING - No viable dags retrieved from /opt/airflow/dags/transform_covid.py
[2025-07-16T17:43:24.768+0000] {processor.py:183} INFO - Processing /opt/airflow/dags/transform_covid.py took 1.498 seconds
[2025-07-16T17:43:55.167+0000] {processor.py:161} INFO - Started process (PID=5991) to work on /opt/airflow/dags/transform_covid.py
[2025-07-16T17:43:55.170+0000] {processor.py:830} INFO - Processing file /opt/airflow/dags/transform_covid.py for tasks to queue
[2025-07-16T17:43:55.175+0000] {logging_mixin.py:188} INFO - [2025-07-16T17:43:55.174+0000] {dagbag.py:538} INFO - Filling up the DagBag from /opt/airflow/dags/transform_covid.py
[2025-07-16T17:43:56.872+0000] {processor.py:842} WARNING - No viable dags retrieved from /opt/airflow/dags/transform_covid.py
[2025-07-16T17:43:56.950+0000] {processor.py:183} INFO - Processing /opt/airflow/dags/transform_covid.py took 1.791 seconds
[2025-07-16T17:44:31.181+0000] {processor.py:161} INFO - Started process (PID=6052) to work on /opt/airflow/dags/transform_covid.py
[2025-07-16T17:44:31.191+0000] {processor.py:830} INFO - Processing file /opt/airflow/dags/transform_covid.py for tasks to queue
[2025-07-16T17:44:31.195+0000] {logging_mixin.py:188} INFO - [2025-07-16T17:44:31.194+0000] {dagbag.py:538} INFO - Filling up the DagBag from /opt/airflow/dags/transform_covid.py
[2025-07-16T17:44:36.595+0000] {processor.py:842} WARNING - No viable dags retrieved from /opt/airflow/dags/transform_covid.py
[2025-07-16T17:44:36.706+0000] {processor.py:183} INFO - Processing /opt/airflow/dags/transform_covid.py took 5.552 seconds
[2025-07-16T17:45:12.019+0000] {processor.py:161} INFO - Started process (PID=6120) to work on /opt/airflow/dags/transform_covid.py
[2025-07-16T17:45:12.034+0000] {processor.py:830} INFO - Processing file /opt/airflow/dags/transform_covid.py for tasks to queue
[2025-07-16T17:45:12.043+0000] {logging_mixin.py:188} INFO - [2025-07-16T17:45:12.042+0000] {dagbag.py:538} INFO - Filling up the DagBag from /opt/airflow/dags/transform_covid.py
[2025-07-16T17:45:19.527+0000] {processor.py:842} WARNING - No viable dags retrieved from /opt/airflow/dags/transform_covid.py
[2025-07-16T17:45:19.667+0000] {processor.py:183} INFO - Processing /opt/airflow/dags/transform_covid.py took 7.631 seconds
[2025-07-16T17:45:50.123+0000] {processor.py:161} INFO - Started process (PID=6197) to work on /opt/airflow/dags/transform_covid.py
[2025-07-16T17:45:50.127+0000] {processor.py:830} INFO - Processing file /opt/airflow/dags/transform_covid.py for tasks to queue
[2025-07-16T17:45:50.131+0000] {logging_mixin.py:188} INFO - [2025-07-16T17:45:50.130+0000] {dagbag.py:538} INFO - Filling up the DagBag from /opt/airflow/dags/transform_covid.py
[2025-07-16T17:45:51.286+0000] {processor.py:842} WARNING - No viable dags retrieved from /opt/airflow/dags/transform_covid.py
[2025-07-16T17:45:51.319+0000] {processor.py:183} INFO - Processing /opt/airflow/dags/transform_covid.py took 1.204 seconds
[2025-07-16T17:46:21.719+0000] {processor.py:161} INFO - Started process (PID=6258) to work on /opt/airflow/dags/transform_covid.py
[2025-07-16T17:46:21.723+0000] {processor.py:830} INFO - Processing file /opt/airflow/dags/transform_covid.py for tasks to queue
[2025-07-16T17:46:21.726+0000] {logging_mixin.py:188} INFO - [2025-07-16T17:46:21.725+0000] {dagbag.py:538} INFO - Filling up the DagBag from /opt/airflow/dags/transform_covid.py
[2025-07-16T17:46:22.823+0000] {processor.py:842} WARNING - No viable dags retrieved from /opt/airflow/dags/transform_covid.py
[2025-07-16T17:46:22.854+0000] {processor.py:183} INFO - Processing /opt/airflow/dags/transform_covid.py took 1.145 seconds
[2025-07-16T17:46:53.691+0000] {processor.py:161} INFO - Started process (PID=6320) to work on /opt/airflow/dags/transform_covid.py
[2025-07-16T17:46:53.694+0000] {processor.py:830} INFO - Processing file /opt/airflow/dags/transform_covid.py for tasks to queue
[2025-07-16T17:46:53.700+0000] {logging_mixin.py:188} INFO - [2025-07-16T17:46:53.699+0000] {dagbag.py:538} INFO - Filling up the DagBag from /opt/airflow/dags/transform_covid.py
[2025-07-16T17:46:55.671+0000] {processor.py:842} WARNING - No viable dags retrieved from /opt/airflow/dags/transform_covid.py
[2025-07-16T17:46:55.702+0000] {processor.py:183} INFO - Processing /opt/airflow/dags/transform_covid.py took 2.032 seconds
[2025-07-16T17:47:26.183+0000] {processor.py:161} INFO - Started process (PID=6382) to work on /opt/airflow/dags/transform_covid.py
[2025-07-16T17:47:26.187+0000] {processor.py:830} INFO - Processing file /opt/airflow/dags/transform_covid.py for tasks to queue
[2025-07-16T17:47:26.190+0000] {logging_mixin.py:188} INFO - [2025-07-16T17:47:26.189+0000] {dagbag.py:538} INFO - Filling up the DagBag from /opt/airflow/dags/transform_covid.py
[2025-07-16T17:47:27.296+0000] {processor.py:842} WARNING - No viable dags retrieved from /opt/airflow/dags/transform_covid.py
[2025-07-16T17:47:27.341+0000] {processor.py:183} INFO - Processing /opt/airflow/dags/transform_covid.py took 1.170 seconds
[2025-07-16T17:47:58.012+0000] {processor.py:161} INFO - Started process (PID=6450) to work on /opt/airflow/dags/transform_covid.py
[2025-07-16T17:47:58.015+0000] {processor.py:830} INFO - Processing file /opt/airflow/dags/transform_covid.py for tasks to queue
[2025-07-16T17:47:58.017+0000] {logging_mixin.py:188} INFO - [2025-07-16T17:47:58.016+0000] {dagbag.py:538} INFO - Filling up the DagBag from /opt/airflow/dags/transform_covid.py
[2025-07-16T17:47:59.099+0000] {processor.py:842} WARNING - No viable dags retrieved from /opt/airflow/dags/transform_covid.py
[2025-07-16T17:47:59.131+0000] {processor.py:183} INFO - Processing /opt/airflow/dags/transform_covid.py took 1.126 seconds
[2025-07-16T17:48:29.504+0000] {processor.py:161} INFO - Started process (PID=6512) to work on /opt/airflow/dags/transform_covid.py
[2025-07-16T17:48:29.507+0000] {processor.py:830} INFO - Processing file /opt/airflow/dags/transform_covid.py for tasks to queue
[2025-07-16T17:48:29.510+0000] {logging_mixin.py:188} INFO - [2025-07-16T17:48:29.509+0000] {dagbag.py:538} INFO - Filling up the DagBag from /opt/airflow/dags/transform_covid.py
[2025-07-16T17:48:30.702+0000] {processor.py:842} WARNING - No viable dags retrieved from /opt/airflow/dags/transform_covid.py
[2025-07-16T17:48:30.733+0000] {processor.py:183} INFO - Processing /opt/airflow/dags/transform_covid.py took 1.239 seconds
