[2025-07-13T06:09:47.936+0000] {taskinstance.py:1956} INFO - Dependencies all met for dep_context=non-requeueable deps ti=<TaskInstance: main_etl_pipeline.transform_coinmarketcap_data manual__2025-07-13T05:56:33.722446+00:00 [queued]>
[2025-07-13T06:09:47.993+0000] {taskinstance.py:1956} INFO - Dependencies all met for dep_context=requeueable deps ti=<TaskInstance: main_etl_pipeline.transform_coinmarketcap_data manual__2025-07-13T05:56:33.722446+00:00 [queued]>
[2025-07-13T06:09:47.995+0000] {taskinstance.py:2170} INFO - Starting attempt 2 of 2
[2025-07-13T06:09:48.116+0000] {taskinstance.py:2191} INFO - Executing <Task(PythonOperator): transform_coinmarketcap_data> on 2025-07-13 05:56:33.722446+00:00
[2025-07-13T06:09:48.137+0000] {standard_task_runner.py:60} INFO - Started process 611 to run task
[2025-07-13T06:09:48.163+0000] {standard_task_runner.py:87} INFO - Running: ['***', 'tasks', 'run', 'main_etl_pipeline', 'transform_coinmarketcap_data', 'manual__2025-07-13T05:56:33.722446+00:00', '--job-id', '57', '--raw', '--subdir', 'DAGS_FOLDER/main_pipeline.py', '--cfg-path', '/tmp/tmp24wb5gr6']
[2025-07-13T06:09:48.175+0000] {standard_task_runner.py:88} INFO - Job 57: Subtask transform_coinmarketcap_data
[2025-07-13T06:09:48.365+0000] {task_command.py:423} INFO - Running <TaskInstance: main_etl_pipeline.transform_coinmarketcap_data manual__2025-07-13T05:56:33.722446+00:00 [running]> on host 23913323947a
[2025-07-13T06:09:48.945+0000] {taskinstance.py:2480} INFO - Exporting env vars: AIRFLOW_CTX_DAG_OWNER='***' AIRFLOW_CTX_DAG_ID='main_etl_pipeline' AIRFLOW_CTX_TASK_ID='transform_coinmarketcap_data' AIRFLOW_CTX_EXECUTION_DATE='2025-07-13T05:56:33.722446+00:00' AIRFLOW_CTX_TRY_NUMBER='2' AIRFLOW_CTX_DAG_RUN_ID='manual__2025-07-13T05:56:33.722446+00:00'
[2025-07-13T06:09:49.044+0000] {logging_mixin.py:188} INFO - DEBUG: Contenido de raw_listings recibido en transform_coinmarketcap_data: [{'id': 1, 'name': 'Bitcoin', 'symbol': 'BTC', 'slug': 'bitcoin', 'num_market_pairs': 12253, 'date_added': '2010-07-13T00:00:00.000Z', 'tags': ['mineable', 'pow', 'sha-256', 'store-of-value', 'state-channel', 'coinbase-ventures-portfolio', 'three-arrows-capital-portfolio', 'polychain-capital-portfolio', 'binance-labs-portfolio', 'blockchain-capital-portfolio', 'boostvc-portfolio', 'cms-holdings-portfolio', 'dcg-portfolio', 'dragonfly-capital-portfolio', 'electric-capital-portfolio', 'fabric-ventures-portfolio', 'framework-ventures-portfolio', 'galaxy-digital-portfolio', 'huobi-capital-portfolio', 'alameda-research-portfolio', 'a16z-portfolio', '1confirmation-portfolio', 'winklevoss-capital-portfolio', 'usv-portfolio', 'placeholder-ventures-portfolio', 'pantera-capital-portfolio', 'multicoin-capital-portfolio', 'paradigm-portfolio', 'bitcoin-ecosystem', 'layer-1', 'ftx-bankruptcy-estate', '2017-2018-alt-season', 'us-strategic-crypto-reserve', 'binance-ecosystem', 'binance-listing'], 'max_supply': 21000000, 'circulating_supply': 19891615, 'total_supply': 19891615, 'infinite_supply': False, 'platform': None, 'cmc_rank': 1, 'self_reported_circulating_supply': None, 'self_reported_market_cap': None, 'tvl_ratio': None, 'last_updated': '2025-07-13T06:08:00.000Z', 'quote': {'USD': {'price': 117795.94323517592, 'volume_24h': 45341106763.71804, 'volume_change_24h': -39.3837, 'percent_change_1h': -0.11865756, 'percent_change_24h': 0.02922385, 'percent_change_7d': 9.0345205, 'percent_change_30d': 13.10690859, 'percent_change_60d': 13.4771798, 'percent_change_90d': 39.79323633, 'market_cap': 2343151551395.9736, 'market_cap_dominance': 63.7626, 'fully_diluted_market_cap': 2473714807938.69, 'tvl': None, 'last_updated': '2025-07-13T06:08:00.000Z'}}}, {'id': 1027, 'name': 'Ethereum', 'symbol': 'ETH', 'slug': 'ethereum', 'num_market_pairs': 10386, 'date_added': '2015-08-07T00:00:00.000Z', 'tags': ['pos', 'smart-contracts', 'ethereum-ecosystem', 'coinbase-ventures-portfolio', 'three-arrows-capital-portfolio', 'polychain-capital-portfolio', 'binance-labs-portfolio', 'blockchain-capital-portfolio', 'boostvc-portfolio', 'cms-holdings-portfolio', 'dcg-portfolio', 'dragonfly-capital-portfolio', 'electric-capital-portfolio', 'fabric-ventures-portfolio', 'framework-ventures-portfolio', 'hashkey-capital-portfolio', 'kenetic-capital-portfolio', 'huobi-capital-portfolio', 'alameda-research-portfolio', 'a16z-portfolio', '1confirmation-portfolio', 'winklevoss-capital-portfolio', 'usv-portfolio', 'placeholder-ventures-portfolio', 'pantera-capital-portfolio', 'multicoin-capital-portfolio', 'paradigm-portfolio', 'ethereum-pow-ecosystem', 'layer-1', 'ftx-bankruptcy-estate', 'sora-ecosystem', 'rsk-rbtc-ecosystem', 'world-liberty-financial-portfolio', 'us-strategic-crypto-reserve', 'binance-ecosystem', 'binance-listing'], 'max_supply': None, 'circulating_supply': 120715090.58012477, 'total_supply': 120715090.58012477, 'infinite_supply': True, 'platform': None, 'cmc_rank': 2, 'self_reported_circulating_supply': None, 'self_reported_market_cap': None, 'tvl_ratio': None, 'last_updated': '2025-07-13T06:08:00.000Z', 'quote': {'USD': {'price': 2953.6559148103347, 'volume_24h': 16369747151.965487, 'volume_change_24h': -48.159, 'percent_change_1h': -0.26556777, 'percent_change_24h': -0.03009104, 'percent_change_7d': 17.57820449, 'percent_change_30d': 17.82331157, 'percent_change_60d': 10.72002232, 'percent_change_90d': 82.84693446, 'market_cap': 356550841298.8508, 'market_cap_dominance': 9.7026, 'fully_diluted_market_cap': 356550841298.85, 'tvl': None, 'last_updated': '2025-07-13T06:08:00.000Z'}}}]
[2025-07-13T06:09:49.045+0000] {logging_mixin.py:188} INFO - DEBUG: Tipo de raw_listings: <class 'list'>
[2025-07-13T06:09:49.047+0000] {logging_mixin.py:188} INFO - Iniciando transformación de datos de CoinMarketCap...
[2025-07-13T06:09:51.470+0000] {logging_mixin.py:188} INFO - Datos procesados de CoinMarketCap cargados exitosamente en crypto_data.processed_coinmarketcap_data.
[2025-07-13T06:09:51.491+0000] {xcom.py:664} ERROR - Object of type ObjectId is not JSON serializable. If you are using pickle instead of JSON for XCom, then you need to enable pickle support for XCom in your *** config or make sure to decorate your object with attr.
[2025-07-13T06:09:51.498+0000] {logging_mixin.py:188} INFO - Error inesperado en la carga de procesados de CoinMarketCap: Object of type ObjectId is not JSON serializable
[2025-07-13T06:09:51.566+0000] {taskinstance.py:2698} ERROR - Task failed with exception
Traceback (most recent call last):
  File "/home/airflow/.local/lib/python3.10/site-packages/airflow/utils/json.py", line 91, in default
    return serialize(o)
  File "/home/airflow/.local/lib/python3.10/site-packages/airflow/serialization/serde.py", line 180, in serialize
    raise TypeError(f"cannot serialize object of type {cls}")
TypeError: cannot serialize object of type <class 'bson.objectid.ObjectId'>

During handling of the above exception, another exception occurred:

Traceback (most recent call last):
  File "/home/airflow/.local/lib/python3.10/site-packages/airflow/models/taskinstance.py", line 433, in _execute_task
    result = execute_callable(context=context, **execute_callable_kwargs)
  File "/home/airflow/.local/lib/python3.10/site-packages/airflow/operators/python.py", line 199, in execute
    return_value = self.execute_callable()
  File "/home/airflow/.local/lib/python3.10/site-packages/airflow/operators/python.py", line 216, in execute_callable
    return self.python_callable(*self.op_args, **self.op_kwargs)
  File "/opt/airflow/dags/transform_coinmarketcap.py", line 99, in transform_coinmarketcap_data
    ti.xcom_push(key="processed_coinmarketcap_data_for_load", value=processed_records)
  File "/home/airflow/.local/lib/python3.10/site-packages/airflow/utils/session.py", line 79, in wrapper
    return func(*args, session=session, **kwargs)
  File "/home/airflow/.local/lib/python3.10/site-packages/airflow/models/taskinstance.py", line 2980, in xcom_push
    XCom.set(
  File "/home/airflow/.local/lib/python3.10/site-packages/airflow/utils/session.py", line 76, in wrapper
    return func(*args, **kwargs)
  File "/home/airflow/.local/lib/python3.10/site-packages/airflow/models/xcom.py", line 247, in set
    value = cls.serialize_value(
  File "/home/airflow/.local/lib/python3.10/site-packages/airflow/models/xcom.py", line 662, in serialize_value
    return json.dumps(value, cls=XComEncoder).encode("UTF-8")
  File "/usr/local/lib/python3.10/json/__init__.py", line 238, in dumps
    **kw).encode(obj)
  File "/home/airflow/.local/lib/python3.10/site-packages/airflow/utils/json.py", line 104, in encode
    return super().encode(o)
  File "/usr/local/lib/python3.10/json/encoder.py", line 199, in encode
    chunks = self.iterencode(o, _one_shot=True)
  File "/usr/local/lib/python3.10/json/encoder.py", line 257, in iterencode
    return _iterencode(o, 0)
  File "/home/airflow/.local/lib/python3.10/site-packages/airflow/utils/json.py", line 93, in default
    return super().default(o)
  File "/usr/local/lib/python3.10/json/encoder.py", line 179, in default
    raise TypeError(f'Object of type {o.__class__.__name__} '
TypeError: Object of type ObjectId is not JSON serializable
[2025-07-13T06:09:51.590+0000] {taskinstance.py:1138} INFO - Marking task as FAILED. dag_id=main_etl_pipeline, task_id=transform_coinmarketcap_data, execution_date=20250713T055633, start_date=20250713T060947, end_date=20250713T060951
[2025-07-13T06:09:51.628+0000] {standard_task_runner.py:107} ERROR - Failed to execute job 57 for task transform_coinmarketcap_data (Object of type ObjectId is not JSON serializable; 611)
[2025-07-13T06:09:51.716+0000] {local_task_job_runner.py:234} INFO - Task exited with return code 1
[2025-07-13T06:09:51.763+0000] {taskinstance.py:3280} INFO - 0 downstream tasks scheduled from follow-on schedule check
