[2025-07-13T16:50:22.014+0000] {taskinstance.py:1956} INFO - Dependencies all met for dep_context=non-requeueable deps ti=<TaskInstance: main_etl_pipeline.load_processed_worldbank_data manual__2025-07-13T16:49:36.639235+00:00 [queued]>
[2025-07-13T16:50:22.090+0000] {taskinstance.py:1956} INFO - Dependencies all met for dep_context=requeueable deps ti=<TaskInstance: main_etl_pipeline.load_processed_worldbank_data manual__2025-07-13T16:49:36.639235+00:00 [queued]>
[2025-07-13T16:50:22.093+0000] {taskinstance.py:2170} INFO - Starting attempt 1 of 1
[2025-07-13T16:50:22.159+0000] {taskinstance.py:2191} INFO - Executing <Task(PythonOperator): load_processed_worldbank_data> on 2025-07-13 16:49:36.639235+00:00
[2025-07-13T16:50:22.185+0000] {standard_task_runner.py:60} INFO - Started process 442 to run task
[2025-07-13T16:50:22.205+0000] {standard_task_runner.py:87} INFO - Running: ['***', 'tasks', 'run', 'main_etl_pipeline', 'load_processed_worldbank_data', 'manual__2025-07-13T16:49:36.639235+00:00', '--job-id', '104', '--raw', '--subdir', 'DAGS_FOLDER/main_pipeline.py', '--cfg-path', '/tmp/tmp_9xpx39f']
[2025-07-13T16:50:22.218+0000] {standard_task_runner.py:88} INFO - Job 104: Subtask load_processed_worldbank_data
[2025-07-13T16:50:22.398+0000] {task_command.py:423} INFO - Running <TaskInstance: main_etl_pipeline.load_processed_worldbank_data manual__2025-07-13T16:49:36.639235+00:00 [running]> on host b687abb17bb2
[2025-07-13T16:50:22.870+0000] {taskinstance.py:2480} INFO - Exporting env vars: AIRFLOW_CTX_DAG_OWNER='***' AIRFLOW_CTX_DAG_ID='main_etl_pipeline' AIRFLOW_CTX_TASK_ID='load_processed_worldbank_data' AIRFLOW_CTX_EXECUTION_DATE='2025-07-13T16:49:36.639235+00:00' AIRFLOW_CTX_TRY_NUMBER='1' AIRFLOW_CTX_DAG_RUN_ID='manual__2025-07-13T16:49:36.639235+00:00'
[2025-07-13T16:50:22.922+0000] {logging_mixin.py:188} INFO - DEBUG: Contenido de processed_data recibido para carga en 'processed_worldbank_population': {'country_name': 'Mexico', 'country_iso3code': 'MEX', 'indicator_name': 'Population, total', 'indicator_id': 'SP.POP.TOTL', 'year': 2023, 'population_total': 129739759, 'last_updated_api': '', 'population_category': 'Large Population (>100M)', 'transformation_timestamp': '2025-07-13T16:50:16.854366'}
[2025-07-13T16:50:22.925+0000] {logging_mixin.py:188} INFO - DEBUG: Tipo de processed_data: <class 'dict'>
[2025-07-13T16:50:22.929+0000] {logging_mixin.py:188} INFO - Iniciando carga de datos procesados en MongoDB en la colección: processed_worldbank_population...
[2025-07-13T16:50:24.350+0000] {logging_mixin.py:188} INFO - Limpiando la colección processed_worldbank_population antes de insertar nuevos datos...
[2025-07-13T16:50:26.355+0000] {logging_mixin.py:188} INFO - Colección limpiada exitosamente.
[2025-07-13T16:50:26.526+0000] {logging_mixin.py:188} INFO - Datos cargados exitosamente en MongoDB en population_data.processed_worldbank_population.
[2025-07-13T16:50:26.543+0000] {logging_mixin.py:188} INFO - Registros cargados (procesados): 1 en processed_worldbank_population
[2025-07-13T16:50:26.754+0000] {python.py:201} INFO - Done. Returned value was: None
[2025-07-13T16:50:26.929+0000] {taskinstance.py:1138} INFO - Marking task as SUCCESS. dag_id=main_etl_pipeline, task_id=load_processed_worldbank_data, execution_date=20250713T164936, start_date=20250713T165022, end_date=20250713T165026
[2025-07-13T16:50:27.455+0000] {local_task_job_runner.py:234} INFO - Task exited with return code 0
[2025-07-13T16:50:27.661+0000] {taskinstance.py:3280} INFO - 0 downstream tasks scheduled from follow-on schedule check
